   1              		.file	"datalink.c"
   2              		.global	__floatsisf
   3              		.global	__divsf3
   4              		.global	__extendsfdf2
   5              		.global	__divdf3
   6              		.global	__muldf3
   7              		.global	__truncdfsf2
   8              		.global	__addsf3
   9              		.global	__subsf3
  10              		.global	__fixunssfsi
  11              		.text
  12              		.align	2
  13              		.global	dl_parse_msg
  15              	dl_parse_msg:
  16              		@ Function supports interworking.
  17              		@ args = 0, pretend = 0, frame = 20
  18              		@ frame_needed = 1, uses_anonymous_args = 0
  19 0000 0DC0A0E1 		mov	ip, sp
  20 0004 F0DF2DE9 		stmfd	sp!, {r4, r5, r6, r7, r8, r9, sl, fp, ip, lr, pc}
  21 0008 04B04CE2 		sub	fp, ip, #4
  22 000c 14D04DE2 		sub	sp, sp, #20
  23 0010 58549FE5 		ldr	r5, .L67+24
  24 0014 0130D5E5 		ldrb	r3, [r5, #1]	@ zero_extendqisi2
  25 0018 010053E3 		cmp	r3, #1
  26 001c 3F00001A 		bne	.L2
  27 0020 040095E5 		ldr	r0, [r5, #4]
  28 0024 FEFFFFEB 		bl	__floatsisf
  29 0028 44149FE5 		ldr	r1, .L67+28
  30 002c FEFFFFEB 		bl	__divsf3
  31 0030 0080A0E1 		mov	r8, r0
  32 0034 080095E5 		ldr	r0, [r5, #8]
  33 0038 FEFFFFEB 		bl	__floatsisf
  34 003c 30149FE5 		ldr	r1, .L67+28
  35 0040 FEFFFFEB 		bl	__divsf3
  36 0044 00A0A0E1 		mov	sl, r0
  37 0048 0C0095E5 		ldr	r0, [r5, #12]
  38 004c FEFFFFEB 		bl	__floatsisf
  39 0050 1C149FE5 		ldr	r1, .L67+28
  40 0054 FEFFFFEB 		bl	__divsf3
  41 0058 0090A0E1 		mov	r9, r0
  42 005c F200D5E1 		ldrsh	r0, [r5, #2]
  43 0060 FEFFFFEB 		bl	__floatsisf
  44 0064 FEFFFFEB 		bl	__extendsfdf2
  45 0068 FA2F8FE2 		adr	r2, .L67
  46 006c 0C0092E8 		ldmia	r2, {r2-r3}
  47 0070 FEFFFFEB 		bl	__divdf3
  48 0074 F92F8FE2 		adr	r2, .L67+8
  49 0078 0C0092E8 		ldmia	r2, {r2-r3}
  50 007c FEFFFFEB 		bl	__divdf3
  51 0080 3E2E8FE2 		adr	r2, .L67+16
  52 0084 0C0092E8 		ldmia	r2, {r2-r3}
  53 0088 FEFFFFEB 		bl	__muldf3
  54 008c FEFFFFEB 		bl	__truncdfsf2
  55 0090 F441D5E1 		ldrsh	r4, [r5, #20]
  56 0094 0070A0E1 		mov	r7, r0
  57 0098 0400A0E1 		mov	r0, r4
  58 009c FEFFFFEB 		bl	__floatsisf
  59 00a0 000054E3 		cmp	r4, #0
  60 00a4 1840D5E5 		ldrb	r4, [r5, #24]	@ zero_extendqisi2
  61 00a8 C8139FB5 		ldrlt	r1, .L67+32
  62 00ac FEFFFFBB 		bllt	__addsf3
  63              	.L3:
  64 00b0 BC139FE5 		ldr	r1, .L67+28
  65 00b4 FEFFFFEB 		bl	__divsf3
  66 00b8 170054E3 		cmp	r4, #23
  67 00bc 0060A0E1 		mov	r6, r0
  68 00c0 0E02008A 		bhi	.L1
  69 00c4 B0139FE5 		ldr	r1, .L67+36
  70 00c8 0800A0E1 		mov	r0, r8
  71 00cc FEFFFFEB 		bl	__subsf3
  72 00d0 A8539FE5 		ldr	r5, .L67+40
  73 00d4 044184E0 		add	r4, r4, r4, asl #2
  74 00d8 0441A0E1 		mov	r4, r4, asl #2
  75 00dc 050084E7 		str	r0, [r4, r5]	@ float
  76 00e0 9C139FE5 		ldr	r1, .L67+44
  77 00e4 0A00A0E1 		mov	r0, sl
  78 00e8 FEFFFFEB 		bl	__subsf3
  79 00ec 054084E0 		add	r4, r4, r5
  80 00f0 106084E5 		str	r6, [r4, #16]	@ float
  81 00f4 040084E5 		str	r0, [r4, #4]	@ float
  82 00f8 087084E5 		str	r7, [r4, #8]	@ float
  83 00fc 0C9084E5 		str	r9, [r4, #12]	@ float
  84 0100 0E0200EA 		b	.L1
  85              	.L2:
  86 0104 020053E3 		cmp	r3, #2
  87 0108 CA00001A 		bne	.L6
  88 010c 0230D5E5 		ldrb	r3, [r5, #2]	@ zero_extendqisi2
  89 0110 040095E5 		ldr	r0, [r5, #4]
  90 0114 29304BE5 		strb	r3, [fp, #-41]
  91 0118 FEFFFFEB 		bl	__floatsisf
  92 011c 50139FE5 		ldr	r1, .L67+28
  93 0120 FEFFFFEB 		bl	__divsf3
  94 0124 0060A0E1 		mov	r6, r0
  95 0128 080095E5 		ldr	r0, [r5, #8]
  96 012c 30600BE5 		str	r6, [fp, #-48]	@ float
  97 0130 FEFFFFEB 		bl	__floatsisf
  98 0134 38139FE5 		ldr	r1, .L67+28
  99 0138 FEFFFFEB 		bl	__divsf3
 100 013c 0080A0E1 		mov	r8, r0
 101 0140 0C0095E5 		ldr	r0, [r5, #12]
 102 0144 34800BE5 		str	r8, [fp, #-52]	@ float
 103 0148 FEFFFFEB 		bl	__floatsisf
 104 014c 20139FE5 		ldr	r1, .L67+28
 105 0150 FEFFFFEB 		bl	__divsf3
 106 0154 2C339FE5 		ldr	r3, .L67+48
 107 0158 29205BE5 		ldrb	r2, [fp, #-41]	@ zero_extendqisi2
 108 015c 0030D3E5 		ldrb	r3, [r3, #0]	@ zero_extendqisi2
 109 0160 030052E1 		cmp	r2, r3
 110 0164 0070A0E1 		mov	r7, r0
 111 0168 38000BE5 		str	r0, [fp, #-56]	@ float
 112 016c 6D00002A 		bcs	.L7
 113 0170 14339FE5 		ldr	r3, .L67+52
 114 0174 000093E5 		ldr	r0, [r3, #0]
 115 0178 824082E0 		add	r4, r2, r2, asl #1
 116 017c FEFFFFEB 		bl	__floatsisf
 117 0180 0010A0E1 		mov	r1, r0
 118 0184 0600A0E1 		mov	r0, r6
 119 0188 FEFFFFEB 		bl	__subsf3
 120 018c FC529FE5 		ldr	r5, .L67+56
 121 0190 FC329FE5 		ldr	r3, .L67+60
 122 0194 0441A0E1 		mov	r4, r4, asl #2
 123 0198 050084E7 		str	r0, [r4, r5]	@ float
 124 019c 000093E5 		ldr	r0, [r3, #0]
 125 01a0 FEFFFFEB 		bl	__floatsisf
 126 01a4 0010A0E1 		mov	r1, r0
 127 01a8 0800A0E1 		mov	r0, r8
 128 01ac FEFFFFEB 		bl	__subsf3
 129 01b0 054084E0 		add	r4, r4, r5
 130 01b4 087084E5 		str	r7, [r4, #8]	@ float
 131 01b8 040084E5 		str	r0, [r4, #4]	@ float
 132              	.L7:
 133 01bc 1400A0E3 		mov	r0, #20
 134 01c0 FEFFFFEB 		bl	uart0_check_free_space
 135 01c4 FF0010E3 		tst	r0, #255
 136 01c8 0A02000A 		beq	.L62
 137 01cc 70439FE5 		ldr	r4, .L67+236
 138 01d0 0030A0E3 		mov	r3, #0
 139 01d4 0F00A0E3 		mov	r0, #15
 140 01d8 0030C4E5 		strb	r3, [r4, #0]
 141 01dc FEFFFFEB 		bl	uart0_transmit
 142 01e0 0030D4E5 		ldrb	r3, [r4, #0]	@ zero_extendqisi2
 143 01e4 223083E2 		add	r3, r3, #34
 144 01e8 2200A0E3 		mov	r0, #34
 145 01ec 0030C4E5 		strb	r3, [r4, #0]
 146 01f0 FEFFFFEB 		bl	uart0_transmit
 147 01f4 0030D4E5 		ldrb	r3, [r4, #0]	@ zero_extendqisi2
 148 01f8 233083E2 		add	r3, r3, #35
 149 01fc 2300A0E3 		mov	r0, #35
 150 0200 0030C4E5 		strb	r3, [r4, #0]
 151 0204 FEFFFFEB 		bl	uart0_transmit
 152 0208 29305BE5 		ldrb	r3, [fp, #-41]	@ zero_extendqisi2
 153 020c 0020D4E5 		ldrb	r2, [r4, #0]	@ zero_extendqisi2
 154 0210 0300A0E1 		mov	r0, r3
 155 0214 023083E0 		add	r3, r3, r2
 156 0218 0030C4E5 		strb	r3, [r4, #0]
 157 021c FEFFFFEB 		bl	uart0_transmit
 158 0220 30305BE5 		ldrb	r3, [fp, #-48]	@ zero_extendqisi2
 159 0224 0020D4E5 		ldrb	r2, [r4, #0]	@ zero_extendqisi2
 160 0228 0300A0E1 		mov	r0, r3
 161 022c 023083E0 		add	r3, r3, r2
 162 0230 0030C4E5 		strb	r3, [r4, #0]
 163 0234 FEFFFFEB 		bl	uart0_transmit
 164 0238 2F305BE5 		ldrb	r3, [fp, #-47]	@ zero_extendqisi2
 165 023c 0020D4E5 		ldrb	r2, [r4, #0]	@ zero_extendqisi2
 166 0240 0300A0E1 		mov	r0, r3
 167 0244 023083E0 		add	r3, r3, r2
 168 0248 0030C4E5 		strb	r3, [r4, #0]
 169 024c FEFFFFEB 		bl	uart0_transmit
 170 0250 2E305BE5 		ldrb	r3, [fp, #-46]	@ zero_extendqisi2
 171 0254 0020D4E5 		ldrb	r2, [r4, #0]	@ zero_extendqisi2
 172 0258 0300A0E1 		mov	r0, r3
 173 025c 023083E0 		add	r3, r3, r2
 174 0260 0030C4E5 		strb	r3, [r4, #0]
 175 0264 FEFFFFEB 		bl	uart0_transmit
 176 0268 2D305BE5 		ldrb	r3, [fp, #-45]	@ zero_extendqisi2
 177 026c 0020D4E5 		ldrb	r2, [r4, #0]	@ zero_extendqisi2
 178 0270 0300A0E1 		mov	r0, r3
 179 0274 023083E0 		add	r3, r3, r2
 180 0278 0030C4E5 		strb	r3, [r4, #0]
 181 027c FEFFFFEB 		bl	uart0_transmit
 182 0280 34305BE5 		ldrb	r3, [fp, #-52]	@ zero_extendqisi2
 183 0284 0020D4E5 		ldrb	r2, [r4, #0]	@ zero_extendqisi2
 184 0288 0300A0E1 		mov	r0, r3
 185 028c 023083E0 		add	r3, r3, r2
 186 0290 0030C4E5 		strb	r3, [r4, #0]
 187 0294 FEFFFFEB 		bl	uart0_transmit
 188 0298 33305BE5 		ldrb	r3, [fp, #-51]	@ zero_extendqisi2
 189 029c 0020D4E5 		ldrb	r2, [r4, #0]	@ zero_extendqisi2
 190 02a0 0300A0E1 		mov	r0, r3
 191 02a4 023083E0 		add	r3, r3, r2
 192 02a8 0030C4E5 		strb	r3, [r4, #0]
 193 02ac FEFFFFEB 		bl	uart0_transmit
 194 02b0 32305BE5 		ldrb	r3, [fp, #-50]	@ zero_extendqisi2
 195 02b4 0020D4E5 		ldrb	r2, [r4, #0]	@ zero_extendqisi2
 196 02b8 0300A0E1 		mov	r0, r3
 197 02bc 023083E0 		add	r3, r3, r2
 198 02c0 0030C4E5 		strb	r3, [r4, #0]
 199 02c4 FEFFFFEB 		bl	uart0_transmit
 200 02c8 31305BE5 		ldrb	r3, [fp, #-49]	@ zero_extendqisi2
 201 02cc 0020D4E5 		ldrb	r2, [r4, #0]	@ zero_extendqisi2
 202 02d0 0300A0E1 		mov	r0, r3
 203 02d4 023083E0 		add	r3, r3, r2
 204 02d8 0030C4E5 		strb	r3, [r4, #0]
 205 02dc FEFFFFEB 		bl	uart0_transmit
 206 02e0 38305BE5 		ldrb	r3, [fp, #-56]	@ zero_extendqisi2
 207 02e4 0020D4E5 		ldrb	r2, [r4, #0]	@ zero_extendqisi2
 208 02e8 0300A0E1 		mov	r0, r3
 209 02ec 023083E0 		add	r3, r3, r2
 210 02f0 0030C4E5 		strb	r3, [r4, #0]
 211 02f4 FEFFFFEB 		bl	uart0_transmit
 212 02f8 37305BE5 		ldrb	r3, [fp, #-55]	@ zero_extendqisi2
 213 02fc 0020D4E5 		ldrb	r2, [r4, #0]	@ zero_extendqisi2
 214 0300 0300A0E1 		mov	r0, r3
 215 0304 023083E0 		add	r3, r3, r2
 216 0308 0030C4E5 		strb	r3, [r4, #0]
 217 030c FEFFFFEB 		bl	uart0_transmit
 218 0310 36305BE5 		ldrb	r3, [fp, #-54]	@ zero_extendqisi2
 219 0314 0020D4E5 		ldrb	r2, [r4, #0]	@ zero_extendqisi2
 220 0318 0300A0E1 		mov	r0, r3
 221 031c 023083E0 		add	r3, r3, r2
 222 0320 0030C4E5 		strb	r3, [r4, #0]
 223 0324 FEFFFFEB 		bl	uart0_transmit
 224 0328 35305BE5 		ldrb	r3, [fp, #-53]	@ zero_extendqisi2
 225 032c 020200EA 		b	.L66
 226              	.L6:
 227 0330 050053E3 		cmp	r3, #5
 228 0334 CF00001A 		bne	.L11
 229 0338 0200D5E5 		ldrb	r0, [r5, #2]	@ zero_extendqisi2
 230 033c FEFFFFEB 		bl	nav_goto_block
 231 0340 0E0200EA 		b	.L1
 232              	.L11:
 233 0344 030053E3 		cmp	r3, #3
 234 0348 D800001A 		bne	.L13
 235 034c 042095E5 		ldr	r2, [r5, #4]	@ float
 236 0350 4C319FE5 		ldr	r3, .L67+76
 237 0354 081095E5 		ldr	r1, [r5, #8]	@ float
 238 0358 002083E5 		str	r2, [r3, #0]	@ float
 239 035c 44319FE5 		ldr	r3, .L67+80
 240 0360 001083E5 		str	r1, [r3, #0]	@ float
 241 0364 0E0200EA 		b	.L1
 242              	.L13:
 243 0368 080053E3 		cmp	r3, #8
 244 036c 0220D505 		ldreqb	r2, [r5, #2]	@ zero_extendqisi2
 245 0370 20319F05 		ldreq	r3, .L67+64
 246 0374 0020C305 		streqb	r2, [r3, #0]
 247 0378 0E02000A 		beq	.L1
 248 037c 040053E3 		cmp	r3, #4
 249 0380 0E02001A 		bne	.L1
 250 0384 0230D5E5 		ldrb	r3, [r5, #2]	@ zero_extendqisi2
 251 0388 2A304BE5 		strb	r3, [fp, #-42]
 252 038c 042095E5 		ldr	r2, [r5, #4]	@ float
 253 0390 2A305BE5 		ldrb	r3, [fp, #-42]	@ zero_extendqisi2
 254 0394 3C200BE5 		str	r2, [fp, #-60]	@ float
 255 0398 290053E3 		cmp	r3, #41
 256 039c 03F19F97 		ldrls	pc, [pc, r3, asl #2]
 257 03a0 D60100EA 		b	.L18
 258              		.p2align 2
 259              	.L61:
 260 03a4 4C040000 		.word	.L19
 261 03a8 4C050000 		.word	.L20
 262 03ac 5C050000 		.word	.L21
 263 03b0 68050000 		.word	.L22
 264 03b4 74050000 		.word	.L23
 265 03b8 84050000 		.word	.L24
 266 03bc 98050000 		.word	.L25
 267 03c0 A8050000 		.word	.L26
 268 03c4 B8050000 		.word	.L27
 269 03c8 C4050000 		.word	.L28
 270 03cc D0050000 		.word	.L29
 271 03d0 E0050000 		.word	.L30
 272 03d4 F0050000 		.word	.L31
 273 03d8 04060000 		.word	.L32
 274 03dc 10060000 		.word	.L33
 275 03e0 1C060000 		.word	.L34
 276 03e4 28060000 		.word	.L35
 277 03e8 34060000 		.word	.L36
 278 03ec 40060000 		.word	.L37
 279 03f0 4C060000 		.word	.L38
 280 03f4 58060000 		.word	.L39
 281 03f8 64060000 		.word	.L40
 282 03fc 70060000 		.word	.L41
 283 0400 7C060000 		.word	.L42
 284 0404 88060000 		.word	.L43
 285 0408 94060000 		.word	.L44
 286 040c A0060000 		.word	.L45
 287 0410 AC060000 		.word	.L46
 288 0414 B8060000 		.word	.L47
 289 0418 C4060000 		.word	.L48
 290 041c D0060000 		.word	.L49
 291 0420 DC060000 		.word	.L50
 292 0424 E8060000 		.word	.L51
 293 0428 F4060000 		.word	.L52
 294 042c 00070000 		.word	.L53
 295 0430 0C070000 		.word	.L54
 296 0434 18070000 		.word	.L55
 297 0438 24070000 		.word	.L56
 298 043c 30070000 		.word	.L57
 299 0440 3C070000 		.word	.L58
 300 0444 48070000 		.word	.L59
 301 0448 54070000 		.word	.L60
 302              	.L19:
 303 044c 3C201BE5 		ldr	r2, [fp, #-60]	@ float
 304 0450 44309FE5 		ldr	r3, .L67+68
 305 0454 D50100EA 		b	.L64
 306              	.L68:
 307              		.align	2
 308              	.L67:
 309 0458 00002440 		.word	1076101120
 310 045c 00000000 		.word	0
 311 0460 00806640 		.word	1080459264
 312 0464 00000000 		.word	0
 313 0468 FB210940 		.word	1074340347
 314 046c 182D4454 		.word	1413754136
 315 0470 00000000 		.word	dl_buffer
 316 0474 0000C842 		.word	1120403456
 317 0478 00008047 		.word	1199570944
 318 047c 00C50649 		.word	1225180416
 319 0480 00000000 		.word	the_acs
 320 0484 D00E4E4A 		.word	1246629584
 321 0488 00000000 		.word	nb_waypoint
 322 048c 00000000 		.word	nav_utm_east0
 323 0490 00000000 		.word	waypoints
 324 0494 00000000 		.word	nav_utm_north0
 325 0498 00000000 		.word	telemetry_mode_Ap
 326 049c 00000000 		.word	flight_altitude
 327 04a0 00000000 		.word	light_mode
 328 04a4 00000000 		.word	wind_east
 329 04a8 00000000 		.word	wind_north
 330 04ac 00000000 		.word	pprz_mode
 331 04b0 00000000 		.word	estimator_flight_time
 332 04b4 00000000 		.word	launch
 333 04b8 00000000 		.word	kill_throttle
 334 04bc 00000000 		.word	ir_roll_neutral
 335 04c0 00000000 		.word	ir_pitch_neutral
 336 04c4 00000000 		.word	ir_estim_mode
 337 04c8 00000000 		.word	h_ctl_attitude_enabled
 338 04cc 00000000 		.word	transition_mode
 339 04d0 00000000 		.word	gyro_roll_adc
 340 04d4 00000000 		.word	gyro_pitch_adc
 341 04d8 00000000 		.word	gyro_yaw_adc
 342 04dc 00000000 		.word	h_ctl_mid_aoa_roll_rate_pgain
 343 04e0 00000000 		.word	h_ctl_mid_aoa_pitch_rate_pgain
 344 04e4 00000000 		.word	h_ctl_mid_aoa_yaw_rate_pgain
 345 04e8 00000000 		.word	h_ctl_mid_aoa_elevator_of_roll
 346 04ec 00000000 		.word	h_ctl_hi_aoa_roll_rate_pgain
 347 04f0 00000000 		.word	h_ctl_hi_aoa_pitch_rate_pgain
 348 04f4 00000000 		.word	h_ctl_hi_aoa_yaw_rate_pgain
 349 04f8 00000000 		.word	h_ctl_hi_aoa_elevator_of_roll
 350 04fc 00000000 		.word	h_ctl_lo_aoa_roll_rate_pgain
 351 0500 00000000 		.word	h_ctl_lo_aoa_pitch_rate_pgain
 352 0504 00000000 		.word	h_ctl_lo_aoa_yaw_rate_pgain
 353 0508 00000000 		.word	h_ctl_lo_aoa_elevator_of_roll
 354 050c 00000000 		.word	v_ctl_altitude_pgain
 355 0510 00000000 		.word	v_ctl_auto_throttle_cruise_throttle
 356 0514 00000000 		.word	v_ctl_auto_throttle_cruise_throttle_pgain
 357 0518 00000000 		.word	v_ctl_auto_throttle_pgain
 358 051c 00000000 		.word	v_ctl_auto_throttle_igain
 359 0520 00000000 		.word	v_ctl_auto_throttle_climb_throttle_increment
 360 0524 00000000 		.word	v_ctl_throttle_slew_
 361 0528 00000000 		.word	climb_throttle
 362 052c 00000000 		.word	desc_throttle
 363 0530 00000000 		.word	v_ctl_auto_pitch_pgain
 364 0534 00000000 		.word	v_ctl_auto_pitch_igain
 365 0538 00000000 		.word	h_ctl_course_pgain
 366 053c 00000000 		.word	h_ctl_course_pre_bank_correction
 367 0540 00000000 		.word	nav_glide_pitch_trim
 368 0544 00000000 		.word	aerocomm_cs
 369 0548 00000000 		.word	downlink_nb_ovrn
 370              	.L20:
 371 054c 3C001BE5 		ldr	r0, [fp, #-60]	@ float
 372 0550 FEFFFFEB 		bl	__fixunssfsi
 373 0554 BC301FE5 		ldr	r3, .L67+72
 374 0558 7D0100EA 		b	.L65
 375              	.L21:
 376 055c 3C201BE5 		ldr	r2, [fp, #-60]	@ float
 377 0560 C4301FE5 		ldr	r3, .L67+76
 378 0564 D50100EA 		b	.L64
 379              	.L22:
 380 0568 3C201BE5 		ldr	r2, [fp, #-60]	@ float
 381 056c CC301FE5 		ldr	r3, .L67+80
 382 0570 D50100EA 		b	.L64
 383              	.L23:
 384 0574 3C001BE5 		ldr	r0, [fp, #-60]	@ float
 385 0578 FEFFFFEB 		bl	__fixunssfsi
 386 057c D8301FE5 		ldr	r3, .L67+84
 387 0580 7D0100EA 		b	.L65
 388              	.L24:
 389 0584 3C001BE5 		ldr	r0, [fp, #-60]	@ float
 390 0588 FEFFFFEB 		bl	__fixunssfsi
 391 058c E4301FE5 		ldr	r3, .L67+88
 392 0590 B000C3E1 		strh	r0, [r3, #0]	@ movhi 
 393 0594 D60100EA 		b	.L18
 394              	.L25:
 395 0598 3C001BE5 		ldr	r0, [fp, #-60]	@ float
 396 059c FEFFFFEB 		bl	__fixunssfsi
 397 05a0 F4301FE5 		ldr	r3, .L67+92
 398 05a4 7D0100EA 		b	.L65
 399              	.L26:
 400 05a8 3C001BE5 		ldr	r0, [fp, #-60]	@ float
 401 05ac FEFFFFEB 		bl	__fixunssfsi
 402 05b0 00311FE5 		ldr	r3, .L67+96
 403 05b4 7D0100EA 		b	.L65
 404              	.L27:
 405 05b8 3C201BE5 		ldr	r2, [fp, #-60]	@ float
 406 05bc 08311FE5 		ldr	r3, .L67+100
 407 05c0 D50100EA 		b	.L64
 408              	.L28:
 409 05c4 3C201BE5 		ldr	r2, [fp, #-60]	@ float
 410 05c8 10311FE5 		ldr	r3, .L67+104
 411 05cc D50100EA 		b	.L64
 412              	.L29:
 413 05d0 3C001BE5 		ldr	r0, [fp, #-60]	@ float
 414 05d4 FEFFFFEB 		bl	__fixunssfsi
 415 05d8 1C311FE5 		ldr	r3, .L67+108
 416 05dc 7D0100EA 		b	.L65
 417              	.L30:
 418 05e0 3C001BE5 		ldr	r0, [fp, #-60]	@ float
 419 05e4 FEFFFFEB 		bl	__fixunssfsi
 420 05e8 28311FE5 		ldr	r3, .L67+112
 421 05ec 7D0100EA 		b	.L65
 422              	.L31:
 423 05f0 3C001BE5 		ldr	r0, [fp, #-60]	@ float
 424 05f4 FEFFFFEB 		bl	__fixunssfsi
 425 05f8 34311FE5 		ldr	r3, .L67+116
 426              	.L65:
 427 05fc 0000C3E5 		strb	r0, [r3, #0]
 428 0600 D60100EA 		b	.L18
 429              	.L32:
 430 0604 3C201BE5 		ldr	r2, [fp, #-60]	@ float
 431 0608 40311FE5 		ldr	r3, .L67+120
 432 060c D50100EA 		b	.L64
 433              	.L33:
 434 0610 3C201BE5 		ldr	r2, [fp, #-60]	@ float
 435 0614 48311FE5 		ldr	r3, .L67+124
 436 0618 D50100EA 		b	.L64
 437              	.L34:
 438 061c 3C201BE5 		ldr	r2, [fp, #-60]	@ float
 439 0620 50311FE5 		ldr	r3, .L67+128
 440 0624 D50100EA 		b	.L64
 441              	.L35:
 442 0628 3C201BE5 		ldr	r2, [fp, #-60]	@ float
 443 062c 58311FE5 		ldr	r3, .L67+132
 444 0630 D50100EA 		b	.L64
 445              	.L36:
 446 0634 3C201BE5 		ldr	r2, [fp, #-60]	@ float
 447 0638 60311FE5 		ldr	r3, .L67+136
 448 063c D50100EA 		b	.L64
 449              	.L37:
 450 0640 3C201BE5 		ldr	r2, [fp, #-60]	@ float
 451 0644 68311FE5 		ldr	r3, .L67+140
 452 0648 D50100EA 		b	.L64
 453              	.L38:
 454 064c 3C201BE5 		ldr	r2, [fp, #-60]	@ float
 455 0650 70311FE5 		ldr	r3, .L67+144
 456 0654 D50100EA 		b	.L64
 457              	.L39:
 458 0658 3C201BE5 		ldr	r2, [fp, #-60]	@ float
 459 065c 78311FE5 		ldr	r3, .L67+148
 460 0660 D50100EA 		b	.L64
 461              	.L40:
 462 0664 3C201BE5 		ldr	r2, [fp, #-60]	@ float
 463 0668 80311FE5 		ldr	r3, .L67+152
 464 066c D50100EA 		b	.L64
 465              	.L41:
 466 0670 3C201BE5 		ldr	r2, [fp, #-60]	@ float
 467 0674 88311FE5 		ldr	r3, .L67+156
 468 0678 D50100EA 		b	.L64
 469              	.L42:
 470 067c 3C201BE5 		ldr	r2, [fp, #-60]	@ float
 471 0680 90311FE5 		ldr	r3, .L67+160
 472 0684 D50100EA 		b	.L64
 473              	.L43:
 474 0688 3C201BE5 		ldr	r2, [fp, #-60]	@ float
 475 068c 98311FE5 		ldr	r3, .L67+164
 476 0690 D50100EA 		b	.L64
 477              	.L44:
 478 0694 3C201BE5 		ldr	r2, [fp, #-60]	@ float
 479 0698 A0311FE5 		ldr	r3, .L67+168
 480 069c D50100EA 		b	.L64
 481              	.L45:
 482 06a0 3C201BE5 		ldr	r2, [fp, #-60]	@ float
 483 06a4 A8311FE5 		ldr	r3, .L67+172
 484 06a8 D50100EA 		b	.L64
 485              	.L46:
 486 06ac 3C201BE5 		ldr	r2, [fp, #-60]	@ float
 487 06b0 B0311FE5 		ldr	r3, .L67+176
 488 06b4 D50100EA 		b	.L64
 489              	.L47:
 490 06b8 3C201BE5 		ldr	r2, [fp, #-60]	@ float
 491 06bc B8311FE5 		ldr	r3, .L67+180
 492 06c0 D50100EA 		b	.L64
 493              	.L48:
 494 06c4 3C201BE5 		ldr	r2, [fp, #-60]	@ float
 495 06c8 C0311FE5 		ldr	r3, .L67+184
 496 06cc D50100EA 		b	.L64
 497              	.L49:
 498 06d0 3C201BE5 		ldr	r2, [fp, #-60]	@ float
 499 06d4 C8311FE5 		ldr	r3, .L67+188
 500 06d8 D50100EA 		b	.L64
 501              	.L50:
 502 06dc 3C201BE5 		ldr	r2, [fp, #-60]	@ float
 503 06e0 D0311FE5 		ldr	r3, .L67+192
 504 06e4 D50100EA 		b	.L64
 505              	.L51:
 506 06e8 3C201BE5 		ldr	r2, [fp, #-60]	@ float
 507 06ec D8311FE5 		ldr	r3, .L67+196
 508 06f0 D50100EA 		b	.L64
 509              	.L52:
 510 06f4 3C201BE5 		ldr	r2, [fp, #-60]	@ float
 511 06f8 E0311FE5 		ldr	r3, .L67+200
 512 06fc D50100EA 		b	.L64
 513              	.L53:
 514 0700 3C201BE5 		ldr	r2, [fp, #-60]	@ float
 515 0704 E8311FE5 		ldr	r3, .L67+204
 516 0708 D50100EA 		b	.L64
 517              	.L54:
 518 070c 3C201BE5 		ldr	r2, [fp, #-60]	@ float
 519 0710 F0311FE5 		ldr	r3, .L67+208
 520 0714 D50100EA 		b	.L64
 521              	.L55:
 522 0718 3C201BE5 		ldr	r2, [fp, #-60]	@ float
 523 071c F8311FE5 		ldr	r3, .L67+212
 524 0720 D50100EA 		b	.L64
 525              	.L56:
 526 0724 3C201BE5 		ldr	r2, [fp, #-60]	@ float
 527 0728 00321FE5 		ldr	r3, .L67+216
 528 072c D50100EA 		b	.L64
 529              	.L57:
 530 0730 3C201BE5 		ldr	r2, [fp, #-60]	@ float
 531 0734 08321FE5 		ldr	r3, .L67+220
 532 0738 D50100EA 		b	.L64
 533              	.L58:
 534 073c 3C201BE5 		ldr	r2, [fp, #-60]	@ float
 535 0740 10321FE5 		ldr	r3, .L67+224
 536 0744 D50100EA 		b	.L64
 537              	.L59:
 538 0748 3C201BE5 		ldr	r2, [fp, #-60]	@ float
 539 074c 18321FE5 		ldr	r3, .L67+228
 540 0750 D50100EA 		b	.L64
 541              	.L60:
 542 0754 3C201BE5 		ldr	r2, [fp, #-60]	@ float
 543 0758 20321FE5 		ldr	r3, .L67+232
 544              	.L64:
 545 075c 002083E5 		str	r2, [r3, #0]	@ float
 546              	.L18:
 547 0760 0C00A0E3 		mov	r0, #12
 548 0764 FEFFFFEB 		bl	uart0_check_free_space
 549 0768 FF0010E3 		tst	r0, #255
 550 076c 0A02000A 		beq	.L62
 551 0770 34421FE5 		ldr	r4, .L67+236
 552 0774 0030A0E3 		mov	r3, #0
 553 0778 0700A0E3 		mov	r0, #7
 554 077c 0030C4E5 		strb	r3, [r4, #0]
 555 0780 FEFFFFEB 		bl	uart0_transmit
 556 0784 0030D4E5 		ldrb	r3, [r4, #0]	@ zero_extendqisi2
 557 0788 223083E2 		add	r3, r3, #34
 558 078c 2200A0E3 		mov	r0, #34
 559 0790 0030C4E5 		strb	r3, [r4, #0]
 560 0794 FEFFFFEB 		bl	uart0_transmit
 561 0798 0030D4E5 		ldrb	r3, [r4, #0]	@ zero_extendqisi2
 562 079c 1F3083E2 		add	r3, r3, #31
 563 07a0 1F00A0E3 		mov	r0, #31
 564 07a4 0030C4E5 		strb	r3, [r4, #0]
 565 07a8 FEFFFFEB 		bl	uart0_transmit
 566 07ac 2A305BE5 		ldrb	r3, [fp, #-42]	@ zero_extendqisi2
 567 07b0 0020D4E5 		ldrb	r2, [r4, #0]	@ zero_extendqisi2
 568 07b4 0300A0E1 		mov	r0, r3
 569 07b8 023083E0 		add	r3, r3, r2
 570 07bc 0030C4E5 		strb	r3, [r4, #0]
 571 07c0 FEFFFFEB 		bl	uart0_transmit
 572 07c4 3C305BE5 		ldrb	r3, [fp, #-60]	@ zero_extendqisi2
 573 07c8 0020D4E5 		ldrb	r2, [r4, #0]	@ zero_extendqisi2
 574 07cc 0300A0E1 		mov	r0, r3
 575 07d0 023083E0 		add	r3, r3, r2
 576 07d4 0030C4E5 		strb	r3, [r4, #0]
 577 07d8 FEFFFFEB 		bl	uart0_transmit
 578 07dc 3B305BE5 		ldrb	r3, [fp, #-59]	@ zero_extendqisi2
 579 07e0 0020D4E5 		ldrb	r2, [r4, #0]	@ zero_extendqisi2
 580 07e4 0300A0E1 		mov	r0, r3
 581 07e8 023083E0 		add	r3, r3, r2
 582 07ec 0030C4E5 		strb	r3, [r4, #0]
 583 07f0 FEFFFFEB 		bl	uart0_transmit
 584 07f4 3A305BE5 		ldrb	r3, [fp, #-58]	@ zero_extendqisi2
 585 07f8 0020D4E5 		ldrb	r2, [r4, #0]	@ zero_extendqisi2
 586 07fc 0300A0E1 		mov	r0, r3
 587 0800 023083E0 		add	r3, r3, r2
 588 0804 0030C4E5 		strb	r3, [r4, #0]
 589 0808 FEFFFFEB 		bl	uart0_transmit
 590 080c 39305BE5 		ldrb	r3, [fp, #-57]	@ zero_extendqisi2
 591              	.L66:
 592 0810 0020D4E5 		ldrb	r2, [r4, #0]	@ zero_extendqisi2
 593 0814 0300A0E1 		mov	r0, r3
 594 0818 023083E0 		add	r3, r3, r2
 595 081c 0030C4E5 		strb	r3, [r4, #0]
 596 0820 FEFFFFEB 		bl	uart0_transmit
 597 0824 FF00A0E3 		mov	r0, #255
 598 0828 FEFFFFEB 		bl	uart0_transmit
 599 082c 0E0200EA 		b	.L1
 600              	.L62:
 601 0830 F0221FE5 		ldr	r2, .L67+240
 602 0834 0030D2E5 		ldrb	r3, [r2, #0]	@ zero_extendqisi2
 603 0838 013083E2 		add	r3, r3, #1
 604 083c 0030C2E5 		strb	r3, [r2, #0]
 605              	.L1:
 606 0840 28D04BE2 		sub	sp, fp, #40
 607 0844 F06F9DE8 		ldmfd	sp, {r4, r5, r6, r7, r8, r9, sl, fp, sp, lr}
 608 0848 1EFF2FE1 		bx	lr
 610              		.comm	the_acs,480,4
 611              		.comm	dl_msg_available,1,1
 612              		.comm	dl_buffer,128,4
 613              		.bss
 614              		.align	2
 615              	last_periodic_event:
 616 0000 00000000 		.space	4
 617              		.comm	accel_ax_scale,4,4
 618              		.comm	accel_ay_scale,4,4
 619              		.comm	accel_az_scale,4,4
 620              		.comm	accel_ax_neutral,4,4
 621              		.comm	accel_ay_neutral,4,4
 622              		.comm	accel_az_neutral,4,4
 623              		.comm	estimator_kalman_phi,4,4
 624              		.comm	estimator_kalman_theta,4,4
 625              		.comm	estimator_kalman_q_angle,4,4
 626              		.comm	estimator_kalman_q_gyro,4,4
 627              		.comm	estimator_kalman_r_angle,4,4
 628              		.ident	"GCC: (GNU) 3.4.4"
DEFINED SYMBOLS
                            *ABS*:00000000 datalink.c
     /tmp/ccHqu1Dp.s:15     .text:00000000 dl_parse_msg
     /tmp/ccHqu1Dp.s:19     .text:00000000 $a
     /tmp/ccHqu1Dp.s:260    .text:000003a4 $d
     /tmp/ccHqu1Dp.s:303    .text:0000044c $a
     /tmp/ccHqu1Dp.s:309    .text:00000458 $d
                            *COM*:00000080 dl_buffer
                            *COM*:000001e0 the_acs
     /tmp/ccHqu1Dp.s:371    .text:0000054c $a
                            *COM*:00000001 dl_msg_available
                             .bss:00000000 $d
     /tmp/ccHqu1Dp.s:615    .bss:00000000 last_periodic_event
                            *COM*:00000004 accel_ax_scale
                            *COM*:00000004 accel_ay_scale
                            *COM*:00000004 accel_az_scale
                            *COM*:00000004 accel_ax_neutral
                            *COM*:00000004 accel_ay_neutral
                            *COM*:00000004 accel_az_neutral
                            *COM*:00000004 estimator_kalman_phi
                            *COM*:00000004 estimator_kalman_theta
                            *COM*:00000004 estimator_kalman_q_angle
                            *COM*:00000004 estimator_kalman_q_gyro
                            *COM*:00000004 estimator_kalman_r_angle

UNDEFINED SYMBOLS
__floatsisf
__divsf3
__extendsfdf2
__divdf3
__muldf3
__truncdfsf2
__addsf3
__subsf3
__fixunssfsi
uart0_check_free_space
uart0_transmit
nav_goto_block
nb_waypoint
nav_utm_east0
waypoints
nav_utm_north0
telemetry_mode_Ap
flight_altitude
light_mode
wind_east
wind_north
pprz_mode
estimator_flight_time
launch
kill_throttle
ir_roll_neutral
ir_pitch_neutral
ir_estim_mode
h_ctl_attitude_enabled
transition_mode
gyro_roll_adc
gyro_pitch_adc
gyro_yaw_adc
h_ctl_mid_aoa_roll_rate_pgain
h_ctl_mid_aoa_pitch_rate_pgain
h_ctl_mid_aoa_yaw_rate_pgain
h_ctl_mid_aoa_elevator_of_roll
h_ctl_hi_aoa_roll_rate_pgain
h_ctl_hi_aoa_pitch_rate_pgain
h_ctl_hi_aoa_yaw_rate_pgain
h_ctl_hi_aoa_elevator_of_roll
h_ctl_lo_aoa_roll_rate_pgain
h_ctl_lo_aoa_pitch_rate_pgain
h_ctl_lo_aoa_yaw_rate_pgain
h_ctl_lo_aoa_elevator_of_roll
v_ctl_altitude_pgain
v_ctl_auto_throttle_cruise_throttle
v_ctl_auto_throttle_cruise_throttle_pgain
v_ctl_auto_throttle_pgain
v_ctl_auto_throttle_igain
v_ctl_auto_throttle_climb_throttle_increment
v_ctl_throttle_slew_
climb_throttle
desc_throttle
v_ctl_auto_pitch_pgain
v_ctl_auto_pitch_igain
h_ctl_course_pgain
h_ctl_course_pre_bank_correction
nav_glide_pitch_trim
aerocomm_cs
downlink_nb_ovrn
