   1              		.file	"fw_v_ctl.c"
   2              		.text
   3              		.align	2
   4              		.global	v_ctl_init
   6              	v_ctl_init:
   7              		@ Function supports interworking.
   8              		@ args = 0, pretend = 0, frame = 0
   9              		@ frame_needed = 0, uses_anonymous_args = 0
  10              		@ link register save eliminated.
  11 0000 EC309FE5 		ldr	r3, .L2
  12 0004 FA25A0E3 		mov	r2, #1048576000
  13 0008 002083E5 		str	r2, [r3, #0]	@ float
  14 000c E4209FE5 		ldr	r2, .L2+4
  15 0010 E4309FE5 		ldr	r3, .L2+8
  16 0014 002083E5 		str	r2, [r3, #0]	@ float
  17 0018 E0209FE5 		ldr	r2, .L2+12
  18 001c E0309FE5 		ldr	r3, .L2+16
  19 0020 002083E5 		str	r2, [r3, #0]	@ float
  20 0024 DC209FE5 		ldr	r2, .L2+20
  21 0028 DC309FE5 		ldr	r3, .L2+24
  22 002c DCC09FE5 		ldr	ip, .L2+28
  23 0030 002083E5 		str	r2, [r3, #0]	@ float
  24 0034 D8309FE5 		ldr	r3, .L2+32
  25 0038 D8209FE5 		ldr	r2, .L2+36
  26 003c 00C083E5 		str	ip, [r3, #0]	@ float
  27 0040 D4309FE5 		ldr	r3, .L2+40
  28 0044 002083E5 		str	r2, [r3, #0]	@ float
  29 0048 D0209FE5 		ldr	r2, .L2+44
  30 004c D0309FE5 		ldr	r3, .L2+48
  31 0050 002083E5 		str	r2, [r3, #0]	@ float
  32 0054 CC209FE5 		ldr	r2, .L2+52
  33 0058 CC309FE5 		ldr	r3, .L2+56
  34 005c 002083E5 		str	r2, [r3, #0]	@ float
  35 0060 C8209FE5 		ldr	r2, .L2+60
  36 0064 C8309FE5 		ldr	r3, .L2+64
  37 0068 002083E5 		str	r2, [r3, #0]	@ float
  38 006c C4309FE5 		ldr	r3, .L2+68
  39 0070 0010A0E3 		mov	r1, #0
  40 0074 001083E5 		str	r1, [r3, #0]	@ float
  41 0078 BC309FE5 		ldr	r3, .L2+72
  42 007c FE25A0E3 		mov	r2, #1065353216
  43 0080 002083E5 		str	r2, [r3, #0]	@ float
  44 0084 B4309FE5 		ldr	r3, .L2+76
  45 0088 0000A0E3 		mov	r0, #0
  46 008c B000C3E1 		strh	r0, [r3, #0]	@ movhi 
  47 0090 AC309FE5 		ldr	r3, .L2+80
  48 0094 0000C3E5 		strb	r0, [r3, #0]
  49 0098 A8309FE5 		ldr	r3, .L2+84
  50 009c 001083E5 		str	r1, [r3, #0]	@ float
  51 00a0 A4309FE5 		ldr	r3, .L2+88
  52 00a4 001083E5 		str	r1, [r3, #0]	@ float
  53 00a8 A0309FE5 		ldr	r3, .L2+92
  54 00ac 001083E5 		str	r1, [r3, #0]	@ float
  55 00b0 9C309FE5 		ldr	r3, .L2+96
  56 00b4 001083E5 		str	r1, [r3, #0]	@ float
  57 00b8 98309FE5 		ldr	r3, .L2+100
  58 00bc 001083E5 		str	r1, [r3, #0]	@ float
  59 00c0 94309FE5 		ldr	r3, .L2+104
  60 00c4 0000C3E5 		strb	r0, [r3, #0]
  61 00c8 90309FE5 		ldr	r3, .L2+108
  62 00cc 0000C3E5 		strb	r0, [r3, #0]
  63 00d0 8C309FE5 		ldr	r3, .L2+112
  64 00d4 00C083E5 		str	ip, [r3, #0]	@ float
  65 00d8 88309FE5 		ldr	r3, .L2+116
  66 00dc 001083E5 		str	r1, [r3, #0]	@ float
  67 00e0 84309FE5 		ldr	r3, .L2+120
  68 00e4 001083E5 		str	r1, [r3, #0]	@ float
  69 00e8 80309FE5 		ldr	r3, .L2+124
  70              		@ lr needed for prologue
  71 00ec B000C3E1 		strh	r0, [r3, #0]	@ movhi 
  72 00f0 1EFF2FE1 		bx	lr
  73              	.L3:
  74              		.align	2
  75              	.L2:
  76 00f4 00000000 		.word	v_ctl_altitude_pgain
  77 00f8 3333333F 		.word	1060320051
  78 00fc 00000000 		.word	climb_throttle
  79 0100 CDCCCC3E 		.word	1053609165
  80 0104 00000000 		.word	desc_throttle
  81 0108 0AD7A33B 		.word	1000593162
  82 010c 00000000 		.word	v_ctl_auto_throttle_cruise_throttle_pgain
  83 0110 CDCC0C3F 		.word	1057803469
  84 0114 00000000 		.word	v_ctl_auto_throttle_cruise_throttle
  85 0118 60E5503D 		.word	1028711776
  86 011c 00000000 		.word	v_ctl_auto_throttle_climb_throttle_increment
  87 0120 508D173D 		.word	1024953680
  88 0124 00000000 		.word	v_ctl_auto_throttle_pgain
  89 0128 6F12833A 		.word	981668463
  90 012c 00000000 		.word	v_ctl_auto_throttle_igain
  91 0130 CDCCCC3D 		.word	1036831949
  92 0134 00000000 		.word	v_ctl_auto_pitch_pgain
  93 0138 00000000 		.word	v_ctl_auto_pitch_sum_err
  94 013c 00000000 		.word	v_ctl_throttle_slew_
  95 0140 00000000 		.word	v_ctl_throttle_slewed
  96 0144 00000000 		.word	v_ctl_mode
  97 0148 00000000 		.word	v_ctl_altitude_setpoint
  98 014c 00000000 		.word	v_ctl_altitude_pre_climb
  99 0150 00000000 		.word	v_ctl_altitude_error
 100 0154 00000000 		.word	v_ctl_alt_sum_err
 101 0158 00000000 		.word	v_ctl_climb_setpoint
 102 015c 00000000 		.word	v_ctl_climb_mode
 103 0160 00000000 		.word	v_ctl_auto_throttle_submode
 104 0164 00000000 		.word	v_ctl_auto_throttle_nominal_cruise_throttle
 105 0168 00000000 		.word	v_ctl_auto_throttle_pitch_of_vz_pgain
 106 016c 00000000 		.word	v_ctl_auto_pitch_igain
 107 0170 00000000 		.word	v_ctl_throttle_setpoint
 109              		.global	__subsf3
 110              		.global	__mulsf3
 111              		.global	__addsf3
 112              		.global	__gtsf2
 113              		.global	__ltsf2
 114              		.bss
 115              	alt_err_sum_idx.0:
 116 0000 00       		.space	1
 117 0001 000000   		.align	2
 118              	alt_err_sum_values.1:
 119 0004 00000000 		.space	80
 119      00000000 
 119      00000000 
 119      00000000 
 119      00000000 
 120              		.global	__divsf3
 121              		.text
 122              		.align	2
 123              		.global	v_ctl_altitude_loop
 125              	v_ctl_altitude_loop:
 126              		@ Function supports interworking.
 127              		@ args = 0, pretend = 0, frame = 0
 128              		@ frame_needed = 1, uses_anonymous_args = 0
 129 0174 0DC0A0E1 		mov	ip, sp
 130 0178 F0DF2DE9 		stmfd	sp!, {r4, r5, r6, r7, r8, r9, sl, fp, ip, lr, pc}
 131 017c 5C319FE5 		ldr	r3, .L20
 132 0180 000093E5 		ldr	r0, [r3, #0]	@ float
 133 0184 58319FE5 		ldr	r3, .L20+4
 134 0188 04B04CE2 		sub	fp, ip, #4
 135 018c 001093E5 		ldr	r1, [r3, #0]	@ float
 136 0190 FEFFFFEB 		bl	__subsf3
 137 0194 4C319FE5 		ldr	r3, .L20+8
 138 0198 4C919FE5 		ldr	r9, .L20+12
 139 019c 0020A0E1 		mov	r2, r0
 140 01a0 0010A0E1 		mov	r1, r0
 141 01a4 000093E5 		ldr	r0, [r3, #0]	@ float
 142 01a8 002089E5 		str	r2, [r9, #0]	@ float
 143 01ac FEFFFFEB 		bl	__mulsf3
 144 01b0 38319FE5 		ldr	r3, .L20+16
 145 01b4 001093E5 		ldr	r1, [r3, #0]	@ float
 146 01b8 FEFFFFEB 		bl	__addsf3
 147 01bc 30519FE5 		ldr	r5, .L20+20
 148 01c0 0040A0E1 		mov	r4, r0
 149 01c4 0111A0E3 		mov	r1, #1073741824
 150 01c8 004085E5 		str	r4, [r5, #0]	@ float
 151 01cc FEFFFFEB 		bl	__gtsf2
 152 01d0 000050E3 		cmp	r0, #0
 153 01d4 0131A0C3 		movgt	r3, #1073741824
 154 01d8 7B0000CA 		bgt	.L18
 155 01dc 0400A0E1 		mov	r0, r4
 156 01e0 0311A0E3 		mov	r1, #-1073741824
 157 01e4 FEFFFFEB 		bl	__ltsf2
 158 01e8 000050E3 		cmp	r0, #0
 159 01ec 7C0000AA 		bge	.L7
 160 01f0 0331A0E3 		mov	r3, #-1073741824
 161              	.L18:
 162 01f4 003085E5 		str	r3, [r5, #0]	@ float
 163              	.L7:
 164 01f8 F8A09FE5 		ldr	sl, .L20+24
 165 01fc 0040DAE5 		ldrb	r4, [sl, #0]	@ zero_extendqisi2
 166 0200 F4809FE5 		ldr	r8, .L20+28
 167 0204 F4709FE5 		ldr	r7, .L20+32
 168 0208 FF6004E2 		and	r6, r4, #255
 169 020c 061197E7 		ldr	r1, [r7, r6, asl #2]	@ float
 170 0210 000098E5 		ldr	r0, [r8, #0]	@ float
 171 0214 FEFFFFEB 		bl	__subsf3
 172 0218 E4109FE5 		ldr	r1, .L20+36
 173 021c 0050A0E1 		mov	r5, r0
 174 0220 000099E5 		ldr	r0, [r9, #0]	@ float
 175 0224 FEFFFFEB 		bl	__divsf3
 176 0228 0030A0E1 		mov	r3, r0
 177 022c 0010A0E1 		mov	r1, r0
 178 0230 0500A0E1 		mov	r0, r5
 179 0234 063187E7 		str	r3, [r7, r6, asl #2]	@ float
 180 0238 FEFFFFEB 		bl	__addsf3
 181 023c 014084E2 		add	r4, r4, #1
 182 0240 0040CAE5 		strb	r4, [sl, #0]
 183 0244 0030DAE5 		ldrb	r3, [sl, #0]	@ zero_extendqisi2
 184 0248 130053E3 		cmp	r3, #19
 185 024c 000088E5 		str	r0, [r8, #0]	@ float
 186 0250 9E00009A 		bls	.L10
 187 0254 AC309FE5 		ldr	r3, .L20+40
 188 0258 0010A0E1 		mov	r1, r0
 189 025c 000093E5 		ldr	r0, [r3, #0]	@ float
 190 0260 0030A0E3 		mov	r3, #0
 191 0264 0030CAE5 		strb	r3, [sl, #0]
 192 0268 FEFFFFEB 		bl	__mulsf3
 193 026c 98409FE5 		ldr	r4, .L20+44
 194 0270 0010A0E1 		mov	r1, r0
 195 0274 000094E5 		ldr	r0, [r4, #0]	@ float
 196 0278 FEFFFFEB 		bl	__addsf3
 197 027c 000084E5 		str	r0, [r4, #0]	@ float
 198              	.L10:
 199 0280 88309FE5 		ldr	r3, .L20+48
 200 0284 0050D3E5 		ldrb	r5, [r3, #0]	@ zero_extendqisi2
 201 0288 000055E3 		cmp	r5, #0
 202 028c B400001A 		bne	.L4
 203 0290 54309FE5 		ldr	r3, .L20+12
 204 0294 003093E5 		ldr	r3, [r3, #0]
 205 0298 0241C3E3 		bic	r4, r3, #-2147483648
 206 029c 0400A0E1 		mov	r0, r4
 207 02a0 6C109FE5 		ldr	r1, .L20+52
 208 02a4 FEFFFFEB 		bl	__ltsf2
 209 02a8 000050E3 		cmp	r0, #0
 210 02ac 64309FB5 		ldrlt	r3, .L20+56
 211 02b0 0050C3B5 		strltb	r5, [r3, #0]
 212 02b4 B40000BA 		blt	.L4
 213 02b8 0400A0E1 		mov	r0, r4
 214 02bc 58109FE5 		ldr	r1, .L20+60
 215 02c0 FEFFFFEB 		bl	__gtsf2
 216 02c4 4C209FE5 		ldr	r2, .L20+56
 217 02c8 000050E3 		cmp	r0, #0
 218 02cc 0130A0C3 		movgt	r3, #1
 219 02d0 0230A0D3 		movle	r3, #2
 220 02d4 0030C2E5 		strb	r3, [r2, #0]
 221              	.L4:
 222 02d8 F06F9DE8 		ldmfd	sp, {r4, r5, r6, r7, r8, r9, sl, fp, sp, lr}
 223 02dc 1EFF2FE1 		bx	lr
 224              	.L21:
 225              		.align	2
 226              	.L20:
 227 02e0 00000000 		.word	v_ctl_altitude_setpoint
 228 02e4 00000000 		.word	estimator_z
 229 02e8 00000000 		.word	v_ctl_altitude_pgain
 230 02ec 00000000 		.word	v_ctl_altitude_error
 231 02f0 00000000 		.word	v_ctl_altitude_pre_climb
 232 02f4 00000000 		.word	v_ctl_climb_setpoint
 233 02f8 00000000 		.word	alt_err_sum_idx.0
 234 02fc 00000000 		.word	v_ctl_alt_sum_err
 235 0300 04000000 		.word	alt_err_sum_values.1
 236 0304 0000A041 		.word	1101004800
 237 0308 00000000 		.word	v_ctl_auto_throttle_cruise_throttle_pgain
 238 030c 00000000 		.word	v_ctl_auto_throttle_cruise_throttle
 239 0310 00000000 		.word	v_ctl_climb_mode
 240 0314 00004040 		.word	1077936128
 241 0318 00000000 		.word	v_ctl_auto_throttle_submode
 242 031c 00002041 		.word	1092616192
 244              		.global	__extendsfdf2
 245              		.global	__subdf3
 246              		.global	__divdf3
 247              		.global	__truncdfsf2
 248              		.global	__muldf3
 249              		.global	__adddf3
 250              		.global	__fixsfsi
 251              		.global	__gtdf2
 252              		.global	__ltdf2
 253              		.align	2
 254              		.global	v_ctl_climb_loop
 256              	v_ctl_climb_loop:
 257              		@ Function supports interworking.
 258              		@ args = 0, pretend = 0, frame = 0
 259              		@ frame_needed = 1, uses_anonymous_args = 0
 260 0320 0DC0A0E1 		mov	ip, sp
 261 0324 F0DD2DE9 		stmfd	sp!, {r4, r5, r6, r7, r8, sl, fp, ip, lr, pc}
 262 0328 6C339FE5 		ldr	r3, .L59+40
 263 032c 0030D3E5 		ldrb	r3, [r3, #0]	@ zero_extendqisi2
 264 0330 000053E3 		cmp	r3, #0
 265 0334 04B04CE2 		sub	fp, ip, #4
 266 0338 D000000A 		beq	.L24
 267 033c 010053E3 		cmp	r3, #1
 268 0340 5D01000A 		beq	.L43
 269 0344 990100EA 		b	.L22
 270              	.L24:
 271 0348 50339FE5 		ldr	r3, .L59+44
 272 034c 006093E5 		ldr	r6, [r3, #0]	@ float
 273 0350 4C339FE5 		ldr	r3, .L59+48
 274 0354 0600A0E1 		mov	r0, r6
 275 0358 001093E5 		ldr	r1, [r3, #0]	@ float
 276 035c FEFFFFEB 		bl	__subsf3
 277 0360 40339FE5 		ldr	r3, .L59+52
 278 0364 0050A0E1 		mov	r5, r0
 279 0368 0610A0E1 		mov	r1, r6
 280 036c 000093E5 		ldr	r0, [r3, #0]	@ float
 281 0370 FEFFFFEB 		bl	__mulsf3
 282 0374 30339FE5 		ldr	r3, .L59+56
 283 0378 0010A0E1 		mov	r1, r0
 284 037c 000093E5 		ldr	r0, [r3, #0]	@ float
 285 0380 FEFFFFEB 		bl	__addsf3
 286 0384 24339FE5 		ldr	r3, .L59+60
 287 0388 0040A0E1 		mov	r4, r0
 288 038c 0510A0E1 		mov	r1, r5
 289 0390 000093E5 		ldr	r0, [r3, #0]	@ float
 290 0394 FEFFFFEB 		bl	__mulsf3
 291 0398 0010A0E1 		mov	r1, r0
 292 039c 0400A0E1 		mov	r0, r4
 293 03a0 FEFFFFEB 		bl	__addsf3
 294 03a4 08339FE5 		ldr	r3, .L59+64
 295 03a8 0040A0E1 		mov	r4, r0
 296 03ac 000093E5 		ldr	r0, [r3, #0]	@ float
 297 03b0 00339FE5 		ldr	r3, .L59+68
 298 03b4 001093E5 		ldr	r1, [r3, #0]	@ float
 299 03b8 FEFFFFEB 		bl	__mulsf3
 300 03bc 0010A0E1 		mov	r1, r0
 301 03c0 0400A0E1 		mov	r0, r4
 302 03c4 FEFFFFEB 		bl	__addsf3
 303 03c8 EC329FE5 		ldr	r3, .L59+72
 304 03cc 00A0A0E1 		mov	sl, r0
 305 03d0 001093E5 		ldr	r1, [r3, #0]	@ float
 306 03d4 0600A0E1 		mov	r0, r6
 307 03d8 FEFFFFEB 		bl	__mulsf3
 308 03dc DC329FE5 		ldr	r3, .L59+76
 309 03e0 0030D3E5 		ldrb	r3, [r3, #0]	@ zero_extendqisi2
 310 03e4 010053E3 		cmp	r3, #1
 311 03e8 0080A0E1 		mov	r8, r0
 312 03ec 0070A0E3 		mov	r7, #0
 313 03f0 0201000A 		beq	.L26
 314 03f4 FF0000CA 		bgt	.L35
 315 03f8 000053E3 		cmp	r3, #0
 316 03fc 4401000A 		beq	.L34
 317 0400 4A0100EA 		b	.L25
 318              	.L35:
 319 0404 020053E3 		cmp	r3, #2
 320 0408 0D01000A 		beq	.L30
 321 040c 4A0100EA 		b	.L25
 322              	.L26:
 323 0410 0710A0E1 		mov	r1, r7
 324 0414 0600A0E1 		mov	r0, r6
 325 0418 FEFFFFEB 		bl	__gtsf2
 326 041c 000050E3 		cmp	r0, #0
 327 0420 9C329FC5 		ldrgt	r3, .L59+80
 328 0424 9C329FD5 		ldrle	r3, .L59+84
 329 0428 9C229FE5 		ldr	r2, .L59+88
 330 042c 007093E5 		ldr	r7, [r3, #0]	@ float
 331 0430 0030A0E3 		mov	r3, #0
 332 0434 003082E5 		str	r3, [r2, #0]	@ float
 333 0438 4A0100EA 		b	.L25
 334              	.L30:
 335 043c 8C529FE5 		ldr	r5, .L59+92
 336 0440 003095E5 		ldr	r3, [r5, #0]
 337 0444 0201C3E3 		bic	r0, r3, #-2147483648
 338 0448 FEFFFFEB 		bl	__extendsfdf2
 339 044c 222E8FE2 		adr	r2, .L59
 340 0450 0C0092E8 		ldmia	r2, {r2-r3}
 341 0454 FEFFFFEB 		bl	__subdf3
 342 0458 872F8FE2 		adr	r2, .L59+8
 343 045c 0C0092E8 		ldmia	r2, {r2-r3}
 344 0460 FEFFFFEB 		bl	__divdf3
 345 0464 FEFFFFEB 		bl	__truncdfsf2
 346 0468 0060A0E1 		mov	r6, r0
 347 046c 0010A0E1 		mov	r1, r0
 348 0470 FE05A0E3 		mov	r0, #1065353216
 349 0474 FEFFFFEB 		bl	__subsf3
 350 0478 0A10A0E1 		mov	r1, sl
 351 047c 0040A0E1 		mov	r4, r0
 352 0480 FEFFFFEB 		bl	__mulsf3
 353 0484 0810A0E1 		mov	r1, r8
 354 0488 0070A0E1 		mov	r7, r0
 355 048c 0400A0E1 		mov	r0, r4
 356 0490 FEFFFFEB 		bl	__mulsf3
 357 0494 30829FE5 		ldr	r8, .L59+88
 358 0498 0040A0E1 		mov	r4, r0
 359 049c 0010A0E3 		mov	r1, #0
 360 04a0 000095E5 		ldr	r0, [r5, #0]	@ float
 361 04a4 004088E5 		str	r4, [r8, #0]	@ float
 362 04a8 FEFFFFEB 		bl	__ltsf2
 363 04ac 000050E3 		cmp	r0, #0
 364 04b0 0C329FB5 		ldrlt	r3, .L59+80
 365 04b4 0C329FA5 		ldrge	r3, .L59+84
 366 04b8 0600A0E1 		mov	r0, r6
 367 04bc 001093E5 		ldr	r1, [r3, #0]	@ float
 368 04c0 FEFFFFEB 		bl	__mulsf3
 369 04c4 0010A0E1 		mov	r1, r0
 370 04c8 0700A0E1 		mov	r0, r7
 371 04cc FEFFFFEB 		bl	__addsf3
 372 04d0 0070A0E1 		mov	r7, r0
 373 04d4 0400A0E1 		mov	r0, r4
 374 04d8 FEFFFFEB 		bl	__extendsfdf2
 375 04dc 0150A0E1 		mov	r5, r1
 376 04e0 0040A0E1 		mov	r4, r0
 377 04e4 0600A0E1 		mov	r0, r6
 378 04e8 FEFFFFEB 		bl	__extendsfdf2
 379 04ec 192E8FE2 		adr	r2, .L59+16
 380 04f0 0C0092E8 		ldmia	r2, {r2-r3}
 381 04f4 FEFFFFEB 		bl	__muldf3
 382 04f8 0130A0E1 		mov	r3, r1
 383 04fc 0020A0E1 		mov	r2, r0
 384 0500 0510A0E1 		mov	r1, r5
 385 0504 0400A0E1 		mov	r0, r4
 386 0508 FEFFFFEB 		bl	__adddf3
 387 050c FEFFFFEB 		bl	__truncdfsf2
 388 0510 000088E5 		str	r0, [r8, #0]	@ float
 389 0514 4A0100EA 		b	.L25
 390              	.L34:
 391 0518 AC419FE5 		ldr	r4, .L59+88
 392 051c 0010A0E1 		mov	r1, r0
 393 0520 000094E5 		ldr	r0, [r4, #0]	@ float
 394 0524 FEFFFFEB 		bl	__addsf3
 395 0528 000084E5 		str	r0, [r4, #0]	@ float
 396 052c 0A70A0E1 		mov	r7, sl
 397              	.L25:
 398 0530 9C119FE5 		ldr	r1, .L59+96
 399 0534 0700A0E1 		mov	r0, r7
 400 0538 FEFFFFEB 		bl	__mulsf3
 401 053c 0010A0E3 		mov	r1, #0
 402 0540 0040A0E1 		mov	r4, r0
 403 0544 FEFFFFEB 		bl	__ltsf2
 404 0548 000050E3 		cmp	r0, #0
 405 054c 0000A0B3 		movlt	r0, #0	@ movhi
 406 0550 5A0100BA 		blt	.L37
 407 0554 0400A0E1 		mov	r0, r4
 408 0558 74119FE5 		ldr	r1, .L59+96
 409 055c FEFFFFEB 		bl	__gtsf2
 410 0560 000050E3 		cmp	r0, #0
 411 0564 960DA0C3 		movgt	r0, #9600	@ movhi
 412 0568 0400A0D1 		movle	r0, r4
 413 056c FEFFFFDB 		blle	__fixsfsi
 414              	.L37:
 415 0570 60319FE5 		ldr	r3, .L59+100
 416 0574 B000C3E1 		strh	r0, [r3, #0]	@ movhi 
 417 0578 990100EA 		b	.L22
 418              	.L43:
 419 057c 1C319FE5 		ldr	r3, .L59+44
 420 0580 000093E5 		ldr	r0, [r3, #0]	@ float
 421 0584 18319FE5 		ldr	r3, .L59+48
 422 0588 001093E5 		ldr	r1, [r3, #0]	@ float
 423 058c FEFFFFEB 		bl	__subsf3
 424 0590 44219FE5 		ldr	r2, .L59+104
 425 0594 3C319FE5 		ldr	r3, .L59+100
 426 0598 B020D2E1 		ldrh	r2, [r2, #0]
 427 059c 3C519FE5 		ldr	r5, .L59+108
 428 05a0 0070A0E1 		mov	r7, r0
 429 05a4 0710A0E1 		mov	r1, r7
 430 05a8 000095E5 		ldr	r0, [r5, #0]	@ float
 431 05ac B020C3E1 		strh	r2, [r3, #0]	@ movhi 
 432 05b0 FEFFFFEB 		bl	__addsf3
 433 05b4 28619FE5 		ldr	r6, .L59+112
 434 05b8 0040A0E1 		mov	r4, r0
 435 05bc 0610A0E1 		mov	r1, r6
 436 05c0 004085E5 		str	r4, [r5, #0]	@ float
 437 05c4 FEFFFFEB 		bl	__gtsf2
 438 05c8 000050E3 		cmp	r0, #0
 439 05cc 780100CA 		bgt	.L57
 440 05d0 10619FE5 		ldr	r6, .L59+116
 441 05d4 0400A0E1 		mov	r0, r4
 442 05d8 0610A0E1 		mov	r1, r6
 443 05dc FEFFFFEB 		bl	__ltsf2
 444 05e0 000050E3 		cmp	r0, #0
 445 05e4 790100AA 		bge	.L46
 446              	.L57:
 447 05e8 006085E5 		str	r6, [r5, #0]	@ float
 448              	.L46:
 449 05ec F8309FE5 		ldr	r3, .L59+120
 450 05f0 001095E5 		ldr	r1, [r5, #0]	@ float
 451 05f4 000093E5 		ldr	r0, [r3, #0]	@ float
 452 05f8 FEFFFFEB 		bl	__mulsf3
 453 05fc 0010A0E1 		mov	r1, r0
 454 0600 0700A0E1 		mov	r0, r7
 455 0604 FEFFFFEB 		bl	__addsf3
 456 0608 E0309FE5 		ldr	r3, .L59+124
 457 060c 0010A0E1 		mov	r1, r0
 458 0610 000093E5 		ldr	r0, [r3, #0]	@ float
 459 0614 FEFFFFEB 		bl	__mulsf3
 460 0618 AC609FE5 		ldr	r6, .L59+88
 461 061c 0030A0E1 		mov	r3, r0
 462 0620 003086E5 		str	r3, [r6, #0]	@ float
 463 0624 FEFFFFEB 		bl	__extendsfdf2
 464 0628 5C208FE2 		adr	r2, .L59+24
 465 062c 0C0092E8 		ldmia	r2, {r2-r3}
 466 0630 0150A0E1 		mov	r5, r1
 467 0634 0040A0E1 		mov	r4, r0
 468 0638 FEFFFFEB 		bl	__gtdf2
 469 063c 000050E3 		cmp	r0, #0
 470 0640 AC309FC5 		ldrgt	r3, .L59+128
 471 0644 980100CA 		bgt	.L58
 472 0648 0510A0E1 		mov	r1, r5
 473 064c 0400A0E1 		mov	r0, r4
 474 0650 3C208FE2 		adr	r2, .L59+32
 475 0654 0C0092E8 		ldmia	r2, {r2-r3}
 476 0658 FEFFFFEB 		bl	__ltdf2
 477 065c 000050E3 		cmp	r0, #0
 478 0660 990100AA 		bge	.L22
 479 0664 8C309FE5 		ldr	r3, .L59+132
 480              	.L58:
 481 0668 003086E5 		str	r3, [r6, #0]	@ float
 482              	.L22:
 483 066c F06D9DE8 		ldmfd	sp, {r4, r5, r6, r7, r8, sl, fp, sp, lr}
 484 0670 1EFF2FE1 		bx	lr
 485              	.L60:
 486              		.align	2
 487              	.L59:
 488 0674 00000840 		.word	1074266112
 489 0678 00000000 		.word	0
 490 067c 00001C40 		.word	1075576832
 491 0680 00000000 		.word	0
 492 0684 00000000 		.word	0
 493 0688 00000000 		.word	0
 494 068c 6666D63F 		.word	1071015526
 495 0690 66666666 		.word	1717986918
 496 0694 6666D6BF 		.word	-1076468122
 497 0698 66666666 		.word	1717986918
 498 069c 00000000 		.word	v_ctl_climb_mode
 499 06a0 00000000 		.word	v_ctl_climb_setpoint
 500 06a4 00000000 		.word	estimator_z_dot
 501 06a8 00000000 		.word	v_ctl_auto_throttle_climb_throttle_increment
 502 06ac 00000000 		.word	v_ctl_auto_throttle_cruise_throttle
 503 06b0 00000000 		.word	v_ctl_auto_throttle_pgain
 504 06b4 00000000 		.word	v_ctl_auto_throttle_igain
 505 06b8 00000000 		.word	v_ctl_alt_sum_err
 506 06bc 00000000 		.word	v_ctl_auto_throttle_pitch_of_vz_pgain
 507 06c0 00000000 		.word	v_ctl_auto_throttle_submode
 508 06c4 00000000 		.word	climb_throttle
 509 06c8 00000000 		.word	desc_throttle
 510 06cc 00000000 		.word	nav_pitch
 511 06d0 00000000 		.word	v_ctl_altitude_error
 512 06d4 00001646 		.word	1175846912
 513 06d8 00000000 		.word	v_ctl_throttle_setpoint
 514 06dc 00000000 		.word	nav_throttle_setpoint
 515 06e0 00000000 		.word	v_ctl_auto_pitch_sum_err
 516 06e4 0000C842 		.word	1120403456
 517 06e8 0000C8C2 		.word	-1027080192
 518 06ec 00000000 		.word	v_ctl_auto_pitch_igain
 519 06f0 00000000 		.word	v_ctl_auto_pitch_pgain
 520 06f4 3333B33E 		.word	1051931443
 521 06f8 3333B3BE 		.word	-1095552205
 523              		.global	__floatsisf
 524              		.align	2
 525              		.global	v_ctl_throttle_slew
 527              	v_ctl_throttle_slew:
 528              		@ Function supports interworking.
 529              		@ args = 0, pretend = 0, frame = 0
 530              		@ frame_needed = 1, uses_anonymous_args = 0
 531 06fc 0DC0A0E1 		mov	ip, sp
 532 0700 F0DD2DE9 		stmfd	sp!, {r4, r5, r6, r7, r8, sl, fp, ip, lr, pc}
 533 0704 A4319FE5 		ldr	r3, .L94
 534 0708 A4A19FE5 		ldr	sl, .L94+4
 535 070c B030D3E1 		ldrh	r3, [r3, #0]
 536 0710 B020DAE1 		ldrh	r2, [sl, #0]
 537 0714 033062E0 		rsb	r3, r2, r3
 538 0718 0338A0E1 		mov	r3, r3, asl #16
 539 071c 2368A0E1 		mov	r6, r3, lsr #16
 540 0720 0678A0E1 		mov	r7, r6, asl #16
 541 0724 04B04CE2 		sub	fp, ip, #4
 542 0728 4708A0E1 		mov	r0, r7, asr #16
 543 072c FEFFFFEB 		bl	__floatsisf
 544 0730 80819FE5 		ldr	r8, .L94+8
 545 0734 0050A0E1 		mov	r5, r0
 546 0738 7C119FE5 		ldr	r1, .L94+12
 547 073c 000098E5 		ldr	r0, [r8, #0]	@ float
 548 0740 FEFFFFEB 		bl	__mulsf3
 549 0744 74119FE5 		ldr	r1, .L94+16
 550 0748 0040A0E1 		mov	r4, r0
 551 074c FEFFFFEB 		bl	__ltsf2
 552 0750 000050E3 		cmp	r0, #0
 553 0754 0500A0B1 		movlt	r0, r5
 554 0758 60119FB5 		ldrlt	r1, .L94+16
 555 075c DE0100BA 		blt	.L89
 556 0760 54119FE5 		ldr	r1, .L94+12
 557 0764 0400A0E1 		mov	r0, r4
 558 0768 FEFFFFEB 		bl	__gtsf2
 559 076c 000050E3 		cmp	r0, #0
 560 0770 44119FC5 		ldrgt	r1, .L94+12
 561 0774 0500A0C1 		movgt	r0, r5
 562 0778 0500A0D1 		movle	r0, r5
 563 077c 0410A0D1 		movle	r1, r4
 564              	.L89:
 565 0780 FEFFFFEB 		bl	__gtsf2
 566 0784 000050E3 		cmp	r0, #0
 567 0788 F00100DA 		ble	.L62
 568 078c 28119FE5 		ldr	r1, .L94+12
 569 0790 000098E5 		ldr	r0, [r8, #0]	@ float
 570 0794 FEFFFFEB 		bl	__mulsf3
 571 0798 20119FE5 		ldr	r1, .L94+16
 572 079c 0040A0E1 		mov	r4, r0
 573 07a0 FEFFFFEB 		bl	__ltsf2
 574 07a4 000050E3 		cmp	r0, #0
 575 07a8 1D0200BA 		blt	.L93
 576 07ac 0400A0E1 		mov	r0, r4
 577 07b0 04119FE5 		ldr	r1, .L94+12
 578 07b4 FEFFFFEB 		bl	__gtsf2
 579 07b8 000050E3 		cmp	r0, #0
 580 07bc 0400A0D1 		movle	r0, r4
 581 07c0 220200DA 		ble	.L91
 582 07c4 160200EA 		b	.L92
 583              	.L62:
 584 07c8 4708A0E1 		mov	r0, r7, asr #16
 585 07cc FEFFFFEB 		bl	__floatsisf
 586 07d0 007098E5 		ldr	r7, [r8, #0]	@ float
 587 07d4 0050A0E1 		mov	r5, r0
 588 07d8 DC109FE5 		ldr	r1, .L94+12
 589 07dc 0700A0E1 		mov	r0, r7
 590 07e0 FEFFFFEB 		bl	__mulsf3
 591 07e4 D4109FE5 		ldr	r1, .L94+16
 592 07e8 0040A0E1 		mov	r4, r0
 593 07ec FEFFFFEB 		bl	__ltsf2
 594 07f0 000050E3 		cmp	r0, #0
 595 07f4 0500A0B1 		movlt	r0, r5
 596 07f8 BC109FB5 		ldrlt	r1, .L94+12
 597 07fc 0A0200BA 		blt	.L90
 598 0800 B4109FE5 		ldr	r1, .L94+12
 599 0804 0400A0E1 		mov	r0, r4
 600 0808 FEFFFFEB 		bl	__gtsf2
 601 080c 000050E3 		cmp	r0, #0
 602 0810 0500A0C1 		movgt	r0, r5
 603 0814 A4109FC5 		ldrgt	r1, .L94+16
 604 0818 0A0200CA 		bgt	.L90
 605 081c 9C109FE5 		ldr	r1, .L94+16
 606 0820 0700A0E1 		mov	r0, r7
 607 0824 FEFFFFEB 		bl	__mulsf3
 608 0828 0010A0E1 		mov	r1, r0
 609 082c 0500A0E1 		mov	r0, r5
 610              	.L90:
 611 0830 FEFFFFEB 		bl	__ltsf2
 612 0834 000050E3 		cmp	r0, #0
 613 0838 250200AA 		bge	.L75
 614 083c 005098E5 		ldr	r5, [r8, #0]	@ float
 615 0840 74109FE5 		ldr	r1, .L94+12
 616 0844 0500A0E1 		mov	r0, r5
 617 0848 FEFFFFEB 		bl	__mulsf3
 618 084c 6C109FE5 		ldr	r1, .L94+16
 619 0850 0040A0E1 		mov	r4, r0
 620 0854 FEFFFFEB 		bl	__ltsf2
 621 0858 000050E3 		cmp	r0, #0
 622 085c 180200AA 		bge	.L83
 623              	.L92:
 624 0860 966DA0E3 		mov	r6, #9600
 625 0864 250200EA 		b	.L75
 626              	.L83:
 627 0868 0400A0E1 		mov	r0, r4
 628 086c 48109FE5 		ldr	r1, .L94+12
 629 0870 FEFFFFEB 		bl	__gtsf2
 630 0874 000050E3 		cmp	r0, #0
 631 0878 1F0200DA 		ble	.L86
 632              	.L93:
 633 087c 40609FE5 		ldr	r6, .L94+20
 634 0880 250200EA 		b	.L75
 635              	.L86:
 636 0884 0500A0E1 		mov	r0, r5
 637 0888 30109FE5 		ldr	r1, .L94+16
 638 088c FEFFFFEB 		bl	__mulsf3
 639              	.L91:
 640 0890 FEFFFFEB 		bl	__fixsfsi
 641 0894 0008A0E1 		mov	r0, r0, asl #16
 642 0898 2068A0E1 		mov	r6, r0, lsr #16
 643              	.L75:
 644 089c B030DAE1 		ldrh	r3, [sl, #0]
 645 08a0 063083E0 		add	r3, r3, r6
 646 08a4 B030CAE1 		strh	r3, [sl, #0]	@ movhi 
 647 08a8 F06D9DE8 		ldmfd	sp, {r4, r5, r6, r7, r8, sl, fp, sp, lr}
 648 08ac 1EFF2FE1 		bx	lr
 649              	.L95:
 650              		.align	2
 651              	.L94:
 652 08b0 00000000 		.word	v_ctl_throttle_setpoint
 653 08b4 00000000 		.word	v_ctl_throttle_slewed
 654 08b8 00000000 		.word	v_ctl_throttle_slew_
 655 08bc 00001646 		.word	1175846912
 656 08c0 000016C6 		.word	-971636736
 657 08c4 80DA0000 		.word	55936
 659              		.bss
 660              		.align	2
 661              	last_periodic_event:
 662 0054 00000000 		.space	4
 663              		.comm	v_ctl_mode,1,1
 664              		.comm	v_ctl_altitude_setpoint,4,4
 665              		.comm	v_ctl_altitude_pre_climb,4,4
 666              		.comm	v_ctl_altitude_pgain,4,4
 667              		.comm	v_ctl_alt_sum_err,4,4
 668              		.comm	v_ctl_climb_setpoint,4,4
 669              		.comm	v_ctl_climb_mode,1,1
 670              		.comm	v_ctl_auto_throttle_submode,1,1
 671              		.comm	v_ctl_auto_throttle_nominal_cruise_throttle,4,4
 672              		.comm	v_ctl_auto_throttle_cruise_throttle_pgain,4,4
 673              		.comm	v_ctl_auto_throttle_cruise_throttle,4,4
 674              		.comm	v_ctl_auto_throttle_climb_throttle_increment,4,4
 675              		.comm	v_ctl_auto_throttle_pgain,4,4
 676              		.comm	v_ctl_auto_throttle_igain,4,4
 677              		.comm	v_ctl_auto_throttle_pitch_of_vz_pgain,4,4
 678              		.comm	v_ctl_throttle_slew_,4,4
 679              		.comm	v_ctl_auto_pitch_pgain,4,4
 680              		.comm	v_ctl_auto_pitch_igain,4,4
 681              		.comm	v_ctl_auto_pitch_sum_err,4,4
 682              		.comm	v_ctl_throttle_setpoint,2,2
 683              		.comm	v_ctl_throttle_slewed,2,2
 684              		.comm	climb_throttle,4,4
 685              		.comm	desc_throttle,4,4
 686              		.comm	v_ctl_altitude_error,4,4
 687              		.ident	"GCC: (GNU) 3.4.4"
DEFINED SYMBOLS
                            *ABS*:00000000 fw_v_ctl.c
     /tmp/ccPbOZxr.s:6      .text:00000000 v_ctl_init
     /tmp/ccPbOZxr.s:11     .text:00000000 $a
     /tmp/ccPbOZxr.s:76     .text:000000f4 $d
                            *COM*:00000004 v_ctl_altitude_pgain
                            *COM*:00000004 climb_throttle
                            *COM*:00000004 desc_throttle
                            *COM*:00000004 v_ctl_auto_throttle_cruise_throttle_pgain
                            *COM*:00000004 v_ctl_auto_throttle_cruise_throttle
                            *COM*:00000004 v_ctl_auto_throttle_climb_throttle_increment
                            *COM*:00000004 v_ctl_auto_throttle_pgain
                            *COM*:00000004 v_ctl_auto_throttle_igain
                            *COM*:00000004 v_ctl_auto_pitch_pgain
                            *COM*:00000004 v_ctl_auto_pitch_sum_err
                            *COM*:00000004 v_ctl_throttle_slew_
                            *COM*:00000002 v_ctl_throttle_slewed
                            *COM*:00000001 v_ctl_mode
                            *COM*:00000004 v_ctl_altitude_setpoint
                            *COM*:00000004 v_ctl_altitude_pre_climb
                            *COM*:00000004 v_ctl_altitude_error
                            *COM*:00000004 v_ctl_alt_sum_err
                            *COM*:00000004 v_ctl_climb_setpoint
                            *COM*:00000001 v_ctl_climb_mode
                            *COM*:00000001 v_ctl_auto_throttle_submode
                            *COM*:00000004 v_ctl_auto_throttle_nominal_cruise_throttle
                            *COM*:00000004 v_ctl_auto_throttle_pitch_of_vz_pgain
                            *COM*:00000004 v_ctl_auto_pitch_igain
                            *COM*:00000002 v_ctl_throttle_setpoint
     /tmp/ccPbOZxr.s:115    .bss:00000000 alt_err_sum_idx.0
     /tmp/ccPbOZxr.s:118    .bss:00000004 alt_err_sum_values.1
     /tmp/ccPbOZxr.s:125    .text:00000174 v_ctl_altitude_loop
     /tmp/ccPbOZxr.s:129    .text:00000174 $a
     /tmp/ccPbOZxr.s:227    .text:000002e0 $d
     /tmp/ccPbOZxr.s:256    .text:00000320 v_ctl_climb_loop
     /tmp/ccPbOZxr.s:260    .text:00000320 $a
     /tmp/ccPbOZxr.s:488    .text:00000674 $d
     /tmp/ccPbOZxr.s:527    .text:000006fc v_ctl_throttle_slew
     /tmp/ccPbOZxr.s:531    .text:000006fc $a
     /tmp/ccPbOZxr.s:652    .text:000008b0 $d
     /tmp/ccPbOZxr.s:661    .bss:00000054 last_periodic_event

UNDEFINED SYMBOLS
__subsf3
__mulsf3
__addsf3
__gtsf2
__ltsf2
__divsf3
estimator_z
__extendsfdf2
__subdf3
__divdf3
__truncdfsf2
__muldf3
__adddf3
__fixsfsi
__gtdf2
__ltdf2
estimator_z_dot
nav_pitch
nav_throttle_setpoint
__floatsisf
