   1              		.file	"fw_h_ctl.c"
   2              		.global	h_ctl_attitude_enabled
   3              		.bss
   6              	h_ctl_attitude_enabled:
   7 0000 00       		.space	1
   8              		.text
   9              		.align	2
  10              		.global	h_ctl_init
  12              	h_ctl_init:
  13              		@ Function supports interworking.
  14              		@ args = 0, pretend = 0, frame = 0
  15              		@ frame_needed = 0, uses_anonymous_args = 0
  16 0000 7C319FE5 		ldr	r3, .L2
  17 0004 3F24A0E3 		mov	r2, #1056964608
  18 0008 F0452DE9 		stmfd	sp!, {r4, r5, r6, r7, r8, sl, lr}
  19 000c 002083E5 		str	r2, [r3, #0]	@ float
  20 0010 70219FE5 		ldr	r2, .L2+4
  21 0014 70319FE5 		ldr	r3, .L2+8
  22 0018 002083E5 		str	r2, [r3, #0]	@ float
  23 001c 6C219FE5 		ldr	r2, .L2+12
  24 0020 6C319FE5 		ldr	r3, .L2+16
  25 0024 6C419FE5 		ldr	r4, .L2+20
  26 0028 002083E5 		str	r2, [r3, #0]	@ float
  27 002c 68319FE5 		ldr	r3, .L2+24
  28 0030 68219FE5 		ldr	r2, .L2+28
  29 0034 004083E5 		str	r4, [r3, #0]	@ float
  30 0038 64319FE5 		ldr	r3, .L2+32
  31 003c 64519FE5 		ldr	r5, .L2+36
  32 0040 002083E5 		str	r2, [r3, #0]	@ float
  33 0044 60319FE5 		ldr	r3, .L2+40
  34 0048 005083E5 		str	r5, [r3, #0]	@ float
  35 004c 5C319FE5 		ldr	r3, .L2+44
  36 0050 0000A0E3 		mov	r0, #0
  37 0054 58619FE5 		ldr	r6, .L2+48
  38 0058 B000C3E1 		strh	r0, [r3, #0]	@ movhi 
  39 005c 54319FE5 		ldr	r3, .L2+52
  40 0060 54719FE5 		ldr	r7, .L2+56
  41 0064 006083E5 		str	r6, [r3, #0]	@ float
  42 0068 50319FE5 		ldr	r3, .L2+60
  43 006c 007083E5 		str	r7, [r3, #0]	@ float
  44 0070 4C319FE5 		ldr	r3, .L2+64
  45 0074 0010A0E3 		mov	r1, #0
  46 0078 001083E5 		str	r1, [r3, #0]	@ float
  47 007c 44319FE5 		ldr	r3, .L2+68
  48 0080 001083E5 		str	r1, [r3, #0]	@ float
  49 0084 40319FE5 		ldr	r3, .L2+72
  50 0088 FEC5A0E3 		mov	ip, #1065353216
  51 008c 00C083E5 		str	ip, [r3, #0]	@ float
  52 0090 38319FE5 		ldr	r3, .L2+76
  53 0094 004083E5 		str	r4, [r3, #0]	@ float
  54 0098 34319FE5 		ldr	r3, .L2+80
  55 009c 0000C3E5 		strb	r0, [r3, #0]
  56 00a0 30319FE5 		ldr	r3, .L2+84
  57 00a4 001083E5 		str	r1, [r3, #0]	@ float
  58 00a8 2C319FE5 		ldr	r3, .L2+88
  59 00ac B000C3E1 		strh	r0, [r3, #0]	@ movhi 
  60 00b0 28319FE5 		ldr	r3, .L2+92
  61 00b4 001083E5 		str	r1, [r3, #0]	@ float
  62 00b8 24319FE5 		ldr	r3, .L2+96
  63 00bc 001083E5 		str	r1, [r3, #0]	@ float
  64 00c0 20319FE5 		ldr	r3, .L2+100
  65 00c4 005083E5 		str	r5, [r3, #0]	@ float
  66 00c8 1C319FE5 		ldr	r3, .L2+104
  67 00cc 001083E5 		str	r1, [r3, #0]	@ float
  68 00d0 18319FE5 		ldr	r3, .L2+108
  69 00d4 B000C3E1 		strh	r0, [r3, #0]	@ movhi 
  70 00d8 14319FE5 		ldr	r3, .L2+112
  71 00dc 001083E5 		str	r1, [r3, #0]	@ float
  72 00e0 10319FE5 		ldr	r3, .L2+116
  73 00e4 001083E5 		str	r1, [r3, #0]	@ float
  74 00e8 0C319FE5 		ldr	r3, .L2+120
  75 00ec 00C083E5 		str	ip, [r3, #0]	@ float
  76 00f0 08319FE5 		ldr	r3, .L2+124
  77 00f4 FDE5A0E3 		mov	lr, #1061158912
  78 00f8 00E083E5 		str	lr, [r3, #0]	@ float
  79 00fc 00319FE5 		ldr	r3, .L2+128
  80 0100 001083E5 		str	r1, [r3, #0]	@ float
  81 0104 FC309FE5 		ldr	r3, .L2+132
  82 0108 001083E5 		str	r1, [r3, #0]	@ float
  83 010c F8309FE5 		ldr	r3, .L2+136
  84 0110 006083E5 		str	r6, [r3, #0]	@ float
  85 0114 F4309FE5 		ldr	r3, .L2+140
  86 0118 00C083E5 		str	ip, [r3, #0]	@ float
  87 011c F0309FE5 		ldr	r3, .L2+144
  88 0120 00E083E5 		str	lr, [r3, #0]	@ float
  89 0124 EC309FE5 		ldr	r3, .L2+148
  90 0128 001083E5 		str	r1, [r3, #0]	@ float
  91 012c E8309FE5 		ldr	r3, .L2+152
  92 0130 001083E5 		str	r1, [r3, #0]	@ float
  93 0134 E4309FE5 		ldr	r3, .L2+156
  94 0138 007083E5 		str	r7, [r3, #0]	@ float
  95 013c E0309FE5 		ldr	r3, .L2+160
  96 0140 00C083E5 		str	ip, [r3, #0]	@ float
  97 0144 DC309FE5 		ldr	r3, .L2+164
  98 0148 00E083E5 		str	lr, [r3, #0]	@ float
  99 014c D8309FE5 		ldr	r3, .L2+168
 100 0150 D8809FE5 		ldr	r8, .L2+172
 101 0154 001083E5 		str	r1, [r3, #0]	@ float
 102 0158 D4309FE5 		ldr	r3, .L2+176
 103 015c 008083E5 		str	r8, [r3, #0]	@ float
 104 0160 D0309FE5 		ldr	r3, .L2+180
 105 0164 0000C3E5 		strb	r0, [r3, #0]
 106 0168 CC309FE5 		ldr	r3, .L2+184
 107 016c 001083E5 		str	r1, [r3, #0]	@ float
 108 0170 C8309FE5 		ldr	r3, .L2+188
 109 0174 00A0A0E1 		mov	sl, r0	@ movhi
 110 0178 008083E5 		str	r8, [r3, #0]	@ float
 111 017c F045BDE8 		ldmfd	sp!, {r4, r5, r6, r7, r8, sl, lr}
 112 0180 1EFF2FE1 		bx	lr
 113              	.L3:
 114              		.align	2
 115              	.L2:
 116 0184 00000000 		.word	h_ctl_course_pgain
 117 0188 DB0F493F 		.word	1061752795
 118 018c 00000000 		.word	h_ctl_roll_max_setpoint
 119 0190 C2B8B2BE 		.word	-1095583550
 120 0194 00000000 		.word	h_ctl_pitch_min_setpoint
 121 0198 920A063F 		.word	1057360530
 122 019c 00000000 		.word	h_ctl_yaw_max_setpoint
 123 01a0 00803BC6 		.word	-969179136
 124 01a4 00000000 		.word	h_ctl_roll_pgain
 125 01a8 00B83A46 		.word	1178253312
 126 01ac 00000000 		.word	h_ctl_yaw_pgain
 127 01b0 00000000 		.word	h_ctl_rudder_setpoint
 128 01b4 00400347 		.word	1191395328
 129 01b8 00000000 		.word	h_ctl_lo_throttle_roll_rate_pgain
 130 01bc 00F8A746 		.word	1185413120
 131 01c0 00000000 		.word	h_ctl_lo_throttle_pitch_rate_pgain
 132 01c4 00000000 		.word	h_ctl_course_setpoint
 133 01c8 00000000 		.word	h_ctl_course_pre_bank
 134 01cc 00000000 		.word	h_ctl_course_pre_bank_correction
 135 01d0 00000000 		.word	h_ctl_pitch_max_setpoint
 136 01d4 00000000 		.word	h_ctl_disabled
 137 01d8 00000000 		.word	h_ctl_roll_setpoint
 138 01dc 00000000 		.word	h_ctl_aileron_setpoint
 139 01e0 00000000 		.word	h_ctl_aileron_of_throttle
 140 01e4 00000000 		.word	h_ctl_pitch_setpoint
 141 01e8 00000000 		.word	h_ctl_pitch_pgain
 142 01ec 00000000 		.word	h_ctl_pitch_dgain
 143 01f0 00000000 		.word	h_ctl_elevator_setpoint
 144 01f4 00000000 		.word	h_ctl_elevator_of_roll
 145 01f8 00000000 		.word	h_ctl_yaw_setpoint
 146 01fc 00000000 		.word	h_ctl_roll_rate_mode
 147 0200 00000000 		.word	h_ctl_roll_rate_setpoint_pgain
 148 0204 00000000 		.word	h_ctl_roll_rate_igain
 149 0208 00000000 		.word	h_ctl_roll_rate_dgain
 150 020c 00000000 		.word	h_ctl_hi_throttle_roll_rate_pgain
 151 0210 00000000 		.word	h_ctl_pitch_rate_mode
 152 0214 00000000 		.word	h_ctl_pitch_rate_setpoint_pgain
 153 0218 00000000 		.word	h_ctl_pitch_rate_igain
 154 021c 00000000 		.word	h_ctl_pitch_rate_dgain
 155 0220 00000000 		.word	h_ctl_hi_throttle_pitch_rate_pgain
 156 0224 00000000 		.word	h_ctl_yaw_rate_mode
 157 0228 00000000 		.word	h_ctl_yaw_rate_setpoint_pgain
 158 022c 00000000 		.word	h_ctl_yaw_rate_dgain
 159 0230 00609F46 		.word	1184849920
 160 0234 00000000 		.word	h_ctl_lo_throttle_yaw_rate_pgain
 161 0238 00000000 		.word	h_ctl_attitude_enabled
 162 023c 00000000 		.word	h_ctl_yaw_rate_igain
 163 0240 00000000 		.word	h_ctl_hi_throttle_yaw_rate_pgain
 165              		.global	__subsf3
 166              		.global	__extendsfdf2
 167              		.global	__gtdf2
 168              		.global	__subdf3
 169              		.global	__truncdfsf2
 170              		.global	__ltdf2
 171              		.global	__adddf3
 172              		.global	__divsf3
 173              		.global	__gtsf2
 174              		.global	__mulsf3
 175              		.global	__ltsf2
 176              		.align	2
 177              		.global	h_ctl_course_loop
 179              	h_ctl_course_loop:
 180              		@ Function supports interworking.
 181              		@ args = 0, pretend = 0, frame = 0
 182              		@ frame_needed = 1, uses_anonymous_args = 0
 183 0244 0DC0A0E1 		mov	ip, sp
 184 0248 F0D92DE9 		stmfd	sp!, {r4, r5, r6, r7, r8, fp, ip, lr, pc}
 185 024c E8319FE5 		ldr	r3, .L30+32
 186 0250 000093E5 		ldr	r0, [r3, #0]	@ float
 187 0254 E4319FE5 		ldr	r3, .L30+36
 188 0258 04B04CE2 		sub	fp, ip, #4
 189 025c 001093E5 		ldr	r1, [r3, #0]	@ float
 190 0260 FEFFFFEB 		bl	__subsf3
 191 0264 9A0000EA 		b	.L28
 192              	.L8:
 193 0268 FEFFFFEB 		bl	__subdf3
 194 026c FEFFFFEB 		bl	__truncdfsf2
 195              	.L28:
 196 0270 0060A0E1 		mov	r6, r0
 197 0274 FEFFFFEB 		bl	__extendsfdf2
 198 0278 672F8FE2 		adr	r2, .L30
 199 027c 0C0092E8 		ldmia	r2, {r2-r3}
 200 0280 0150A0E1 		mov	r5, r1
 201 0284 0040A0E1 		mov	r4, r0
 202 0288 FEFFFFEB 		bl	__gtdf2
 203 028c 000050E3 		cmp	r0, #0
 204 0290 632F8FE2 		adr	r2, .L30+8
 205 0294 0C0092E8 		ldmia	r2, {r2-r3}
 206 0298 0510A0E1 		mov	r1, r5
 207 029c 0400A0E1 		mov	r0, r4
 208 02a0 980000CA 		bgt	.L8
 209 02a4 AB0000EA 		b	.L9
 210              	.L12:
 211 02a8 FEFFFFEB 		bl	__adddf3
 212 02ac FEFFFFEB 		bl	__truncdfsf2
 213 02b0 0060A0E1 		mov	r6, r0
 214              	.L9:
 215 02b4 0600A0E1 		mov	r0, r6
 216 02b8 FEFFFFEB 		bl	__extendsfdf2
 217 02bc 5A2F8FE2 		adr	r2, .L30+16
 218 02c0 0C0092E8 		ldmia	r2, {r2-r3}
 219 02c4 0150A0E1 		mov	r5, r1
 220 02c8 0040A0E1 		mov	r4, r0
 221 02cc FEFFFFEB 		bl	__ltdf2
 222 02d0 000050E3 		cmp	r0, #0
 223 02d4 522F8FE2 		adr	r2, .L30+8
 224 02d8 0C0092E8 		ldmia	r2, {r2-r3}
 225 02dc 0510A0E1 		mov	r1, r5
 226 02e0 0400A0E1 		mov	r0, r4
 227 02e4 A80000BA 		blt	.L12
 228 02e8 54319FE5 		ldr	r3, .L30+40
 229 02ec 54119FE5 		ldr	r1, .L30+44
 230 02f0 000093E5 		ldr	r0, [r3, #0]	@ float
 231 02f4 FEFFFFEB 		bl	__divsf3
 232 02f8 FF15A0E3 		mov	r1, #1069547520
 233 02fc 0040A0E1 		mov	r4, r0
 234 0300 FEFFFFEB 		bl	__gtsf2
 235 0304 000050E3 		cmp	r0, #0
 236 0308 FF45A0C3 		movgt	r4, #1069547520
 237 030c CA0000CA 		bgt	.L15
 238 0310 0400A0E1 		mov	r0, r4
 239 0314 FEFFFFEB 		bl	__extendsfdf2
 240 0318 452F8FE2 		adr	r2, .L30+24
 241 031c 0C0092E8 		ldmia	r2, {r2-r3}
 242 0320 FEFFFFEB 		bl	__ltdf2
 243 0324 20319FE5 		ldr	r3, .L30+48
 244 0328 000050E3 		cmp	r0, #0
 245 032c 0340A0B1 		movlt	r4, r3
 246              	.L15:
 247 0330 18319FE5 		ldr	r3, .L30+52
 248 0334 0610A0E1 		mov	r1, r6
 249 0338 000093E5 		ldr	r0, [r3, #0]	@ float
 250 033c FEFFFFEB 		bl	__mulsf3
 251 0340 0C319FE5 		ldr	r3, .L30+56
 252 0344 0C819FE5 		ldr	r8, .L30+60
 253 0348 007093E5 		ldr	r7, [r3, #0]	@ float
 254 034c 0060A0E1 		mov	r6, r0
 255 0350 0410A0E1 		mov	r1, r4
 256 0354 0700A0E1 		mov	r0, r7
 257 0358 006088E5 		str	r6, [r8, #0]	@ float
 258 035c FEFFFFEB 		bl	__mulsf3
 259 0360 0050A0E1 		mov	r5, r0
 260 0364 0510A0E1 		mov	r1, r5
 261 0368 0600A0E1 		mov	r0, r6
 262 036c FEFFFFEB 		bl	__gtsf2
 263 0370 000050E3 		cmp	r0, #0
 264 0374 E50000CA 		bgt	.L29
 265 0378 0410A0E1 		mov	r1, r4
 266 037c 020127E2 		eor	r0, r7, #-2147483648
 267 0380 FEFFFFEB 		bl	__mulsf3
 268 0384 0050A0E1 		mov	r5, r0
 269 0388 0510A0E1 		mov	r1, r5
 270 038c 0600A0E1 		mov	r0, r6
 271 0390 FEFFFFEB 		bl	__ltsf2
 272 0394 000050E3 		cmp	r0, #0
 273 0398 E60000AA 		bge	.L20
 274              	.L29:
 275 039c 005088E5 		str	r5, [r8, #0]	@ float
 276              	.L20:
 277 03a0 B4309FE5 		ldr	r3, .L30+64
 278 03a4 000093E5 		ldr	r0, [r3, #0]	@ float
 279 03a8 B0309FE5 		ldr	r3, .L30+68
 280 03ac 001093E5 		ldr	r1, [r3, #0]	@ float
 281 03b0 FEFFFFEB 		bl	__mulsf3
 282 03b4 A8309FE5 		ldr	r3, .L30+72
 283 03b8 A8809FE5 		ldr	r8, .L30+76
 284 03bc 007093E5 		ldr	r7, [r3, #0]	@ float
 285 03c0 0060A0E1 		mov	r6, r0
 286 03c4 0410A0E1 		mov	r1, r4
 287 03c8 0700A0E1 		mov	r0, r7
 288 03cc 006088E5 		str	r6, [r8, #0]	@ float
 289 03d0 FEFFFFEB 		bl	__mulsf3
 290 03d4 0050A0E1 		mov	r5, r0
 291 03d8 0510A0E1 		mov	r1, r5
 292 03dc 0600A0E1 		mov	r0, r6
 293 03e0 FEFFFFEB 		bl	__gtsf2
 294 03e4 000050E3 		cmp	r0, #0
 295 03e8 005088C5 		strgt	r5, [r8, #0]	@ float
 296 03ec 030100CA 		bgt	.L4
 297 03f0 0410A0E1 		mov	r1, r4
 298 03f4 020127E2 		eor	r0, r7, #-2147483648
 299 03f8 FEFFFFEB 		bl	__mulsf3
 300 03fc 0040A0E1 		mov	r4, r0
 301 0400 0410A0E1 		mov	r1, r4
 302 0404 0600A0E1 		mov	r0, r6
 303 0408 FEFFFFEB 		bl	__ltsf2
 304 040c 000050E3 		cmp	r0, #0
 305 0410 004088B5 		strlt	r4, [r8, #0]	@ float
 306              	.L4:
 307 0414 F0699DE8 		ldmfd	sp, {r4, r5, r6, r7, r8, fp, sp, lr}
 308 0418 1EFF2FE1 		bx	lr
 309              	.L31:
 310              		.align	2
 311              	.L30:
 312 041c FB210940 		.word	1074340347
 313 0420 182D4454 		.word	1413754136
 314 0424 FB211940 		.word	1075388923
 315 0428 182D4454 		.word	1413754136
 316 042c FB2109C0 		.word	-1073143301
 317 0430 182D4454 		.word	1413754136
 318 0434 B81EE53F 		.word	1071980216
 319 0438 1F85EB51 		.word	1374389535
 320 043c 00000000 		.word	estimator_hspeed_dir
 321 0440 00000000 		.word	h_ctl_course_setpoint
 322 0444 00000000 		.word	estimator_hspeed_mod
 323 0448 00004040 		.word	1077936128
 324 044c C3F5283F 		.word	1059648963
 325 0450 00000000 		.word	h_ctl_course_pgain
 326 0454 00000000 		.word	h_ctl_yaw_max_setpoint
 327 0458 00000000 		.word	h_ctl_yaw_setpoint
 328 045c 00000000 		.word	h_ctl_course_pre_bank_correction
 329 0460 00000000 		.word	h_ctl_course_pre_bank
 330 0464 00000000 		.word	h_ctl_roll_max_setpoint
 331 0468 00000000 		.word	h_ctl_roll_setpoint
 333              		.global	__floatsisf
 334              		.global	__addsf3
 335              		.global	__divdf3
 336              		.global	__muldf3
 337              		.global	__fixsfsi
 338              		.bss
 339 0001 000000   		.align	2
 340              	roll_rate_sum_err.0:
 341 0004 00000000 		.space	4
 342              	roll_rate_sum_idx.1:
 343 0008 00       		.space	1
 344 0009 000000   		.align	2
 345              	roll_rate_sum_values.2:
 346 000c 00000000 		.space	64
 346      00000000 
 346      00000000 
 346      00000000 
 346      00000000 
 347              		.align	2
 348              	last_err.3:
 349 004c 00000000 		.space	4
 350              		.align	2
 351              	last_err.4:
 352 0050 00000000 		.space	4
 353              		.align	2
 354              	last_err.5:
 355 0054 00000000 		.space	4
 356              		.text
 357              		.align	2
 358              		.global	h_ctl_attitude_loop
 360              	h_ctl_attitude_loop:
 361              		@ Function supports interworking.
 362              		@ args = 0, pretend = 0, frame = 4
 363              		@ frame_needed = 1, uses_anonymous_args = 0
 364 046c 0DC0A0E1 		mov	ip, sp
 365 0470 F0DF2DE9 		stmfd	sp!, {r4, r5, r6, r7, r8, r9, sl, fp, ip, lr, pc}
 366 0474 34319FE5 		ldr	r3, .L108+8
 367 0478 04B04CE2 		sub	fp, ip, #4
 368 047c 04D04DE2 		sub	sp, sp, #4
 369 0480 0030D3E5 		ldrb	r3, [r3, #0]	@ zero_extendqisi2
 370 0484 000053E3 		cmp	r3, #0
 371 0488 4603001A 		bne	.L32
 372 048c 90219FE5 		ldr	r2, .L108+124
 373 0490 F000D2E1 		ldrsh	r0, [r2, #0]
 374 0494 FEFFFFEB 		bl	__floatsisf
 375 0498 94119FE5 		ldr	r1, .L108+140
 376 049c FEFFFFEB 		bl	__divsf3
 377 04a0 28319FE5 		ldr	r3, .L108+40
 378 04a4 001093E5 		ldr	r1, [r3, #0]	@ float
 379 04a8 0040A0E1 		mov	r4, r0
 380 04ac FEFFFFEB 		bl	__mulsf3
 381 04b0 0410A0E1 		mov	r1, r4
 382 04b4 0050A0E1 		mov	r5, r0
 383 04b8 FE05A0E3 		mov	r0, #1065353216
 384 04bc FEFFFFEB 		bl	__subsf3
 385 04c0 0C219FE5 		ldr	r2, .L108+44
 386 04c4 001092E5 		ldr	r1, [r2, #0]	@ float
 387 04c8 FEFFFFEB 		bl	__mulsf3
 388 04cc 0010A0E1 		mov	r1, r0
 389 04d0 0500A0E1 		mov	r0, r5
 390 04d4 FEFFFFEB 		bl	__addsf3
 391 04d8 18219FE5 		ldr	r2, .L108+80
 392 04dc 0030D2E5 		ldrb	r3, [r2, #0]	@ zero_extendqisi2
 393 04e0 000053E3 		cmp	r3, #0
 394 04e4 0040A0E1 		mov	r4, r0
 395 04e8 4301000A 		beq	.L34
 396 04ec 0C319FE5 		ldr	r3, .L108+88
 397 04f0 000093E5 		ldr	r0, [r3, #0]	@ float
 398 04f4 F8309FE5 		ldr	r3, .L108+76
 399 04f8 001093E5 		ldr	r1, [r3, #0]	@ float
 400 04fc FEFFFFEB 		bl	__subsf3
 401 0500 0050A0E1 		mov	r5, r0
 402 0504 0510A0E1 		mov	r1, r5
 403 0508 0400A0E1 		mov	r0, r4
 404 050c FEFFFFEB 		bl	__mulsf3
 405 0510 4E0100EA 		b	.L102
 406              	.L34:
 407 0514 E4209FE5 		ldr	r2, .L108+88
 408 0518 005092E5 		ldr	r5, [r2, #0]	@ float
 409 051c 0500A0E1 		mov	r0, r5
 410 0520 FEFFFFEB 		bl	__extendsfdf2
 411 0524 452F8FE2 		adr	r2, .L108+152
 412 0528 0C0092E8 		ldmia	r2, {r2-r3}
 413 052c FEFFFFEB 		bl	__divdf3
 414 0530 70208FE2 		adr	r2, .L108
 415 0534 0C0092E8 		ldmia	r2, {r2-r3}
 416 0538 FEFFFFEB 		bl	__muldf3
 417 053c FEFFFFEB 		bl	__truncdfsf2
 418              	.L102:
 419 0540 E4109FE5 		ldr	r1, .L108+132
 420 0544 0040A0E1 		mov	r4, r0
 421 0548 FEFFFFEB 		bl	__ltsf2
 422 054c 000050E3 		cmp	r0, #0
 423 0550 D8309FB5 		ldrlt	r3, .L108+136
 424 0554 7C909FE5 		ldr	r9, .L108+48
 425 0558 0300A0B1 		movlt	r0, r3	@ movhi
 426 055c 5D0100BA 		blt	.L37
 427 0560 0400A0E1 		mov	r0, r4
 428 0564 C8109FE5 		ldr	r1, .L108+140
 429 0568 FEFFFFEB 		bl	__gtsf2
 430 056c 000050E3 		cmp	r0, #0
 431 0570 960DA0C3 		movgt	r0, #9600	@ movhi
 432 0574 0400A0D1 		movle	r0, r4
 433 0578 FEFFFFDB 		blle	__fixsfsi
 434              	.L37:
 435 057c 74209FE5 		ldr	r2, .L108+80
 436 0580 0030D2E5 		ldrb	r3, [r2, #0]	@ zero_extendqisi2
 437 0584 000053E3 		cmp	r3, #0
 438 0588 B000C9E1 		strh	r0, [r9, #0]	@ movhi 
 439 058c 24709FE5 		ldr	r7, .L108+16
 440 0590 1C609FE5 		ldr	r6, .L108+12
 441 0594 9201000A 		beq	.L42
 442 0598 000096E5 		ldr	r0, [r6, #0]	@ float
 443 059c 0510A0E1 		mov	r1, r5
 444 05a0 FEFFFFEB 		bl	__mulsf3
 445 05a4 A20100EA 		b	.L103
 446              	.L109:
 447              		.align	2
 448              	.L108:
 449 05a8 00C0C240 		.word	1086504960
 450 05ac 00000000 		.word	0
 451 05b0 00000000 		.word	h_ctl_disabled
 452 05b4 00000000 		.word	h_ctl_roll_rate_setpoint_pgain
 453 05b8 00000000 		.word	h_ctl_roll_rate_setpoint
 454 05bc 00000000 		.word	estimator_p
 455 05c0 08000000 		.word	roll_rate_sum_idx.1
 456 05c4 04000000 		.word	roll_rate_sum_err.0
 457 05c8 0C000000 		.word	roll_rate_sum_values.2
 458 05cc 4C000000 		.word	last_err.3
 459 05d0 00000000 		.word	h_ctl_hi_throttle_roll_rate_pgain
 460 05d4 00000000 		.word	h_ctl_lo_throttle_roll_rate_pgain
 461 05d8 00000000 		.word	h_ctl_aileron_setpoint
 462 05dc 00000000 		.word	h_ctl_roll_rate_mode
 463 05e0 00000000 		.word	h_ctl_elevator_of_roll
 464 05e4 00000000 		.word	h_ctl_hi_throttle_pitch_rate_pgain
 465 05e8 00000000 		.word	estimator_theta
 466 05ec 50000000 		.word	last_err.4
 467 05f0 00000000 		.word	h_ctl_pitch_dgain
 468 05f4 00000000 		.word	estimator_phi
 469 05f8 00000000 		.word	h_ctl_attitude_enabled
 470 05fc 00000000 		.word	h_ctl_pitch_setpoint
 471 0600 00000000 		.word	h_ctl_roll_setpoint
 472 0604 00000000 		.word	desired_roll
 473 0608 00000000 		.word	desired_pitch
 474 060c 00000000 		.word	h_ctl_pitch_rate_setpoint_pgain
 475 0610 00000000 		.word	h_ctl_pitch_rate_setpoint
 476 0614 00002041 		.word	1092616192
 477 0618 000020C1 		.word	-1054867456
 478 061c 00000000 		.word	h_ctl_elevator_setpoint
 479 0620 00000000 		.word	estimator_q
 480 0624 00000000 		.word	v_ctl_throttle_setpoint
 481 0628 00000000 		.word	h_ctl_lo_throttle_pitch_rate_pgain
 482 062c 000016C6 		.word	-971636736
 483 0630 80DAFFFF 		.word	-9600
 484 0634 00001646 		.word	1175846912
 485 0638 00000000 		.word	h_ctl_pitch_rate_mode
 486 063c 00000000 		.word	h_ctl_yaw_setpoint
 487 0640 52C1E03F 		.word	1071694162
 488 0644 65732D38 		.word	942502757
 489 0648 FB21E93F 		.word	1072243195
 490 064c 182D4454 		.word	1413754136
 491              	.L42:
 492 0650 58301FE5 		ldr	r3, .L108+88
 493 0654 000093E5 		ldr	r0, [r3, #0]	@ float
 494 0658 FEFFFFEB 		bl	__extendsfdf2
 495 065c 24204FE2 		adr	r2, .L108+152
 496 0660 0C0092E8 		ldmia	r2, {r2-r3}
 497 0664 FEFFFFEB 		bl	__divdf3
 498 0668 0150A0E1 		mov	r5, r1
 499 066c 0040A0E1 		mov	r4, r0
 500 0670 000096E5 		ldr	r0, [r6, #0]	@ float
 501 0674 FEFFFFEB 		bl	__extendsfdf2
 502 0678 0130A0E1 		mov	r3, r1
 503 067c 0020A0E1 		mov	r2, r0
 504 0680 0510A0E1 		mov	r1, r5
 505 0684 0400A0E1 		mov	r0, r4
 506 0688 FEFFFFEB 		bl	__muldf3
 507 068c FEFFFFEB 		bl	__truncdfsf2
 508              	.L103:
 509 0690 000087E5 		str	r0, [r7, #0]	@ float
 510 0694 E4501FE5 		ldr	r5, .L108+16
 511 0698 004095E5 		ldr	r4, [r5, #0]	@ float
 512 069c 90101FE5 		ldr	r1, .L108+108
 513 06a0 0400A0E1 		mov	r0, r4
 514 06a4 FEFFFFEB 		bl	__gtsf2
 515 06a8 000050E3 		cmp	r0, #0
 516 06ac A0301FC5 		ldrgt	r3, .L108+108
 517 06b0 B10100CA 		bgt	.L104
 518 06b4 0400A0E1 		mov	r0, r4
 519 06b8 A8101FE5 		ldr	r1, .L108+112
 520 06bc FEFFFFEB 		bl	__ltsf2
 521 06c0 000050E3 		cmp	r0, #0
 522 06c4 B20100AA 		bge	.L46
 523 06c8 B8301FE5 		ldr	r3, .L108+112
 524              	.L104:
 525 06cc 003085E5 		str	r3, [r5, #0]	@ float
 526              	.L46:
 527 06d0 F000D9E1 		ldrsh	r0, [r9, #0]
 528 06d4 FEFFFFEB 		bl	__floatsisf
 529 06d8 24311FE5 		ldr	r3, .L108+20
 530 06dc 2C000BE5 		str	r0, [fp, #-44]	@ float
 531 06e0 001093E5 		ldr	r1, [r3, #0]	@ float
 532 06e4 000095E5 		ldr	r0, [r5, #0]	@ float
 533 06e8 FEFFFFEB 		bl	__subsf3
 534 06ec 34811FE5 		ldr	r8, .L108+24
 535 06f0 0040D8E5 		ldrb	r4, [r8, #0]	@ zero_extendqisi2
 536 06f4 38711FE5 		ldr	r7, .L108+28
 537 06f8 38611FE5 		ldr	r6, .L108+32
 538 06fc FF5004E2 		and	r5, r4, #255
 539 0700 00A0A0E1 		mov	sl, r0
 540 0704 051196E7 		ldr	r1, [r6, r5, asl #2]	@ float
 541 0708 000097E5 		ldr	r0, [r7, #0]	@ float
 542 070c FEFFFFEB 		bl	__subsf3
 543 0710 0A10A0E1 		mov	r1, sl
 544 0714 05A186E7 		str	sl, [r6, r5, asl #2]	@ float
 545 0718 FEFFFFEB 		bl	__addsf3
 546 071c 014084E2 		add	r4, r4, #1
 547 0720 0040C8E5 		strb	r4, [r8, #0]
 548 0724 0030D8E5 		ldrb	r3, [r8, #0]	@ zero_extendqisi2
 549 0728 0F0053E3 		cmp	r3, #15
 550 072c 0030A083 		movhi	r3, #0
 551 0730 0030C885 		strhib	r3, [r8, #0]
 552 0734 18211FE5 		ldr	r2, .L108+124
 553 0738 74311FE5 		ldr	r3, .L108+36
 554 073c 000087E5 		str	r0, [r7, #0]	@ float
 555 0740 00A083E5 		str	sl, [r3, #0]	@ float
 556 0744 F000D2E1 		ldrsh	r0, [r2, #0]
 557 0748 FEFFFFEB 		bl	__floatsisf
 558 074c 20111FE5 		ldr	r1, .L108+140
 559 0750 FEFFFFEB 		bl	__divsf3
 560 0754 8C311FE5 		ldr	r3, .L108+40
 561 0758 001093E5 		ldr	r1, [r3, #0]	@ float
 562 075c 0040A0E1 		mov	r4, r0
 563 0760 FEFFFFEB 		bl	__mulsf3
 564 0764 0410A0E1 		mov	r1, r4
 565 0768 0050A0E1 		mov	r5, r0
 566 076c FE05A0E3 		mov	r0, #1065353216
 567 0770 FEFFFFEB 		bl	__subsf3
 568 0774 A8211FE5 		ldr	r2, .L108+44
 569 0778 001092E5 		ldr	r1, [r2, #0]	@ float
 570 077c FEFFFFEB 		bl	__mulsf3
 571 0780 0010A0E1 		mov	r1, r0
 572 0784 0500A0E1 		mov	r0, r5
 573 0788 FEFFFFEB 		bl	__addsf3
 574 078c 0A10A0E1 		mov	r1, sl
 575 0790 FEFFFFEB 		bl	__mulsf3
 576 0794 70111FE5 		ldr	r1, .L108+132
 577 0798 0040A0E1 		mov	r4, r0
 578 079c FEFFFFEB 		bl	__ltsf2
 579 07a0 000050E3 		cmp	r0, #0
 580 07a4 7C311FB5 		ldrlt	r3, .L108+136
 581 07a8 0300A0B1 		movlt	r0, r3	@ movhi
 582 07ac F10100BA 		blt	.L51
 583 07b0 0400A0E1 		mov	r0, r4
 584 07b4 88111FE5 		ldr	r1, .L108+140
 585 07b8 FEFFFFEB 		bl	__gtsf2
 586 07bc 000050E3 		cmp	r0, #0
 587 07c0 960DA0C3 		movgt	r0, #9600	@ movhi
 588 07c4 0400A0D1 		movle	r0, r4
 589 07c8 FEFFFFDB 		blle	__fixsfsi
 590              	.L51:
 591 07cc FC311FE5 		ldr	r3, .L108+48
 592 07d0 B000C3E1 		strh	r0, [r3, #0]	@ movhi 
 593 07d4 F000D9E1 		ldrsh	r0, [r9, #0]
 594 07d8 FEFFFFEB 		bl	__floatsisf
 595 07dc 08321FE5 		ldr	r3, .L108+52
 596 07e0 004093E5 		ldr	r4, [r3, #0]	@ float
 597 07e4 0010A0E1 		mov	r1, r0
 598 07e8 0400A0E1 		mov	r0, r4
 599 07ec FEFFFFEB 		bl	__mulsf3
 600 07f0 0410A0E1 		mov	r1, r4
 601 07f4 0050A0E1 		mov	r5, r0
 602 07f8 FE05A0E3 		mov	r0, #1065353216
 603 07fc FEFFFFEB 		bl	__subsf3
 604 0800 2C101BE5 		ldr	r1, [fp, #-44]	@ float
 605 0804 FEFFFFEB 		bl	__mulsf3
 606 0808 0010A0E1 		mov	r1, r0
 607 080c 0500A0E1 		mov	r0, r5
 608 0810 FEFFFFEB 		bl	__addsf3
 609 0814 FEFFFFEB 		bl	__fixsfsi
 610 0818 40A21FE5 		ldr	sl, .L108+56
 611 081c B000C9E1 		strh	r0, [r9, #0]	@ movhi 
 612 0820 0010A0E3 		mov	r1, #0
 613 0824 00009AE5 		ldr	r0, [sl, #0]	@ float
 614 0828 FEFFFFEB 		bl	__ltsf2
 615 082c 000050E3 		cmp	r0, #0
 616 0830 0030A0B3 		movlt	r3, #0
 617 0834 00308AB5 		strlt	r3, [sl, #0]	@ float
 618 0838 1C321FE5 		ldr	r3, .L108+124
 619 083c F000D3E1 		ldrsh	r0, [r3, #0]
 620 0840 FEFFFFEB 		bl	__floatsisf
 621 0844 18121FE5 		ldr	r1, .L108+140
 622 0848 FEFFFFEB 		bl	__divsf3
 623 084c 70921FE5 		ldr	r9, .L108+60
 624 0850 001099E5 		ldr	r1, [r9, #0]	@ float
 625 0854 0040A0E1 		mov	r4, r0
 626 0858 FEFFFFEB 		bl	__mulsf3
 627 085c 0410A0E1 		mov	r1, r4
 628 0860 0050A0E1 		mov	r5, r0
 629 0864 FE05A0E3 		mov	r0, #1065353216
 630 0868 FEFFFFEB 		bl	__subsf3
 631 086c 4C221FE5 		ldr	r2, .L108+128
 632 0870 001092E5 		ldr	r1, [r2, #0]	@ float
 633 0874 FEFFFFEB 		bl	__mulsf3
 634 0878 0010A0E1 		mov	r1, r0
 635 087c 0500A0E1 		mov	r0, r5
 636 0880 FEFFFFEB 		bl	__addsf3
 637 0884 94221FE5 		ldr	r2, .L108+80
 638 0888 0030D2E5 		ldrb	r3, [r2, #0]	@ zero_extendqisi2
 639 088c 0050A0E1 		mov	r5, r0
 640 0890 9C021FE5 		ldr	r0, .L108+84
 641 0894 000053E3 		cmp	r3, #0
 642 0898 00809005 		ldreq	r8, [r0, #0]	@ float
 643 089c 5F02000A 		beq	.L67
 644 08a0 C0321FE5 		ldr	r3, .L108+64
 645 08a4 000090E5 		ldr	r0, [r0, #0]	@ float
 646 08a8 001093E5 		ldr	r1, [r3, #0]	@ float
 647 08ac FEFFFFEB 		bl	__subsf3
 648 08b0 CC421FE5 		ldr	r4, .L108+68
 649 08b4 001094E5 		ldr	r1, [r4, #0]	@ float
 650 08b8 0080A0E1 		mov	r8, r0
 651 08bc FEFFFFEB 		bl	__subsf3
 652 08c0 D8321FE5 		ldr	r3, .L108+72
 653 08c4 0010A0E1 		mov	r1, r0
 654 08c8 008084E5 		str	r8, [r4, #0]	@ float
 655 08cc 000093E5 		ldr	r0, [r3, #0]	@ float
 656 08d0 FEFFFFEB 		bl	__mulsf3
 657 08d4 0010A0E1 		mov	r1, r0
 658 08d8 0800A0E1 		mov	r0, r8
 659 08dc FEFFFFEB 		bl	__addsf3
 660 08e0 0010A0E1 		mov	r1, r0
 661 08e4 0500A0E1 		mov	r0, r5
 662 08e8 FEFFFFEB 		bl	__mulsf3
 663 08ec FEFFFFEB 		bl	__extendsfdf2
 664 08f0 0170A0E1 		mov	r7, r1
 665 08f4 0060A0E1 		mov	r6, r0
 666 08f8 00009AE5 		ldr	r0, [sl, #0]	@ float
 667 08fc FEFFFFEB 		bl	__extendsfdf2
 668 0900 14331FE5 		ldr	r3, .L108+76
 669 0904 003093E5 		ldr	r3, [r3, #0]
 670 0908 0150A0E1 		mov	r5, r1
 671 090c 0040A0E1 		mov	r4, r0
 672 0910 0201C3E3 		bic	r0, r3, #-2147483648
 673 0914 FEFFFFEB 		bl	__extendsfdf2
 674 0918 0130A0E1 		mov	r3, r1
 675 091c 0020A0E1 		mov	r2, r0
 676 0920 0510A0E1 		mov	r1, r5
 677 0924 0400A0E1 		mov	r0, r4
 678 0928 FEFFFFEB 		bl	__muldf3
 679 092c 0130A0E1 		mov	r3, r1
 680 0930 0020A0E1 		mov	r2, r0
 681 0934 0710A0E1 		mov	r1, r7
 682 0938 0600A0E1 		mov	r0, r6
 683 093c FEFFFFEB 		bl	__adddf3
 684 0940 FEFFFFEB 		bl	__truncdfsf2
 685 0944 20131FE5 		ldr	r1, .L108+132
 686 0948 0040A0E1 		mov	r4, r0
 687 094c FEFFFFEB 		bl	__ltsf2
 688 0950 000050E3 		cmp	r0, #0
 689 0954 2C331FB5 		ldrlt	r3, .L108+136
 690 0958 0300A0B1 		movlt	r0, r3	@ movhi
 691 095c 5D0200BA 		blt	.L62
 692 0960 0400A0E1 		mov	r0, r4
 693 0964 38131FE5 		ldr	r1, .L108+140
 694 0968 FEFFFFEB 		bl	__gtsf2
 695 096c 000050E3 		cmp	r0, #0
 696 0970 960DA0C3 		movgt	r0, #9600	@ movhi
 697 0974 0400A0D1 		movle	r0, r4
 698 0978 FEFFFFDB 		blle	__fixsfsi
 699              	.L62:
 700 097c 68331FE5 		ldr	r3, .L108+116
 701 0980 B000C3E1 		strh	r0, [r3, #0]	@ movhi 
 702              	.L67:
 703 0984 94331FE5 		ldr	r3, .L108+80
 704 0988 0010D3E5 		ldrb	r1, [r3, #0]	@ zero_extendqisi2
 705 098c 98331FE5 		ldr	r3, .L108+84
 706 0990 000093E5 		ldr	r0, [r3, #0]	@ float
 707 0994 9C331FE5 		ldr	r3, .L108+88
 708 0998 002093E5 		ldr	r2, [r3, #0]	@ float
 709 099c A0331FE5 		ldr	r3, .L108+92
 710 09a0 002083E5 		str	r2, [r3, #0]	@ float
 711 09a4 A4331FE5 		ldr	r3, .L108+96
 712 09a8 000051E3 		cmp	r1, #0
 713 09ac 000083E5 		str	r0, [r3, #0]	@ float
 714 09b0 A8731FE5 		ldr	r7, .L108+104
 715 09b4 B0631FE5 		ldr	r6, .L108+100
 716 09b8 7102000A 		beq	.L68
 717 09bc 000096E5 		ldr	r0, [r6, #0]	@ float
 718 09c0 0810A0E1 		mov	r1, r8
 719 09c4 FEFFFFEB 		bl	__mulsf3
 720 09c8 7F0200EA 		b	.L105
 721              	.L68:
 722 09cc FEFFFFEB 		bl	__extendsfdf2
 723 09d0 392E4FE2 		adr	r2, .L108+160
 724 09d4 0C0092E8 		ldmia	r2, {r2-r3}
 725 09d8 FEFFFFEB 		bl	__divdf3
 726 09dc 0150A0E1 		mov	r5, r1
 727 09e0 0040A0E1 		mov	r4, r0
 728 09e4 000096E5 		ldr	r0, [r6, #0]	@ float
 729 09e8 FEFFFFEB 		bl	__extendsfdf2
 730 09ec 0130A0E1 		mov	r3, r1
 731 09f0 0020A0E1 		mov	r2, r0
 732 09f4 0510A0E1 		mov	r1, r5
 733 09f8 0400A0E1 		mov	r0, r4
 734 09fc FEFFFFEB 		bl	__muldf3
 735 0a00 FEFFFFEB 		bl	__truncdfsf2
 736              	.L105:
 737 0a04 000087E5 		str	r0, [r7, #0]	@ float
 738 0a08 00541FE5 		ldr	r5, .L108+104
 739 0a0c 004095E5 		ldr	r4, [r5, #0]	@ float
 740 0a10 04141FE5 		ldr	r1, .L108+108
 741 0a14 0400A0E1 		mov	r0, r4
 742 0a18 FEFFFFEB 		bl	__gtsf2
 743 0a1c 000050E3 		cmp	r0, #0
 744 0a20 14341FC5 		ldrgt	r3, .L108+108
 745 0a24 8E0200CA 		bgt	.L106
 746 0a28 0400A0E1 		mov	r0, r4
 747 0a2c 1C141FE5 		ldr	r1, .L108+112
 748 0a30 FEFFFFEB 		bl	__ltsf2
 749 0a34 000050E3 		cmp	r0, #0
 750 0a38 8F0200AA 		bge	.L72
 751 0a3c 2C341FE5 		ldr	r3, .L108+112
 752              	.L106:
 753 0a40 003085E5 		str	r3, [r5, #0]	@ float
 754              	.L72:
 755 0a44 30741FE5 		ldr	r7, .L108+116
 756 0a48 F000D7E1 		ldrsh	r0, [r7, #0]
 757 0a4c FEFFFFEB 		bl	__floatsisf
 758 0a50 38341FE5 		ldr	r3, .L108+120
 759 0a54 0080A0E1 		mov	r8, r0
 760 0a58 001093E5 		ldr	r1, [r3, #0]	@ float
 761 0a5c 000095E5 		ldr	r0, [r5, #0]	@ float
 762 0a60 FEFFFFEB 		bl	__subsf3
 763 0a64 48241FE5 		ldr	r2, .L108+124
 764 0a68 0060A0E1 		mov	r6, r0
 765 0a6c F000D2E1 		ldrsh	r0, [r2, #0]
 766 0a70 FEFFFFEB 		bl	__floatsisf
 767 0a74 48141FE5 		ldr	r1, .L108+140
 768 0a78 FEFFFFEB 		bl	__divsf3
 769 0a7c 001099E5 		ldr	r1, [r9, #0]	@ float
 770 0a80 0040A0E1 		mov	r4, r0
 771 0a84 FEFFFFEB 		bl	__mulsf3
 772 0a88 0410A0E1 		mov	r1, r4
 773 0a8c 0050A0E1 		mov	r5, r0
 774 0a90 FE05A0E3 		mov	r0, #1065353216
 775 0a94 FEFFFFEB 		bl	__subsf3
 776 0a98 78341FE5 		ldr	r3, .L108+128
 777 0a9c 001093E5 		ldr	r1, [r3, #0]	@ float
 778 0aa0 FEFFFFEB 		bl	__mulsf3
 779 0aa4 0010A0E1 		mov	r1, r0
 780 0aa8 0500A0E1 		mov	r0, r5
 781 0aac FEFFFFEB 		bl	__addsf3
 782 0ab0 0610A0E1 		mov	r1, r6
 783 0ab4 FEFFFFEB 		bl	__mulsf3
 784 0ab8 94141FE5 		ldr	r1, .L108+132
 785 0abc 0040A0E1 		mov	r4, r0
 786 0ac0 FEFFFFEB 		bl	__ltsf2
 787 0ac4 000050E3 		cmp	r0, #0
 788 0ac8 A0341FB5 		ldrlt	r3, .L108+136
 789 0acc 0300A0B1 		movlt	r0, r3	@ movhi
 790 0ad0 BA0200BA 		blt	.L76
 791 0ad4 0400A0E1 		mov	r0, r4
 792 0ad8 AC141FE5 		ldr	r1, .L108+140
 793 0adc FEFFFFEB 		bl	__gtsf2
 794 0ae0 000050E3 		cmp	r0, #0
 795 0ae4 960DA0C3 		movgt	r0, #9600	@ movhi
 796 0ae8 0400A0D1 		movle	r0, r4
 797 0aec FEFFFFDB 		blle	__fixsfsi
 798              	.L76:
 799 0af0 B000C7E1 		strh	r0, [r7, #0]	@ movhi 
 800 0af4 F000D7E1 		ldrsh	r0, [r7, #0]
 801 0af8 FEFFFFEB 		bl	__floatsisf
 802 0afc CC341FE5 		ldr	r3, .L108+144
 803 0b00 004093E5 		ldr	r4, [r3, #0]	@ float
 804 0b04 0010A0E1 		mov	r1, r0
 805 0b08 0400A0E1 		mov	r0, r4
 806 0b0c FEFFFFEB 		bl	__mulsf3
 807 0b10 0410A0E1 		mov	r1, r4
 808 0b14 0050A0E1 		mov	r5, r0
 809 0b18 FE05A0E3 		mov	r0, #1065353216
 810 0b1c FEFFFFEB 		bl	__subsf3
 811 0b20 0810A0E1 		mov	r1, r8
 812 0b24 FEFFFFEB 		bl	__mulsf3
 813 0b28 0010A0E1 		mov	r1, r0
 814 0b2c 0500A0E1 		mov	r0, r5
 815 0b30 FEFFFFEB 		bl	__addsf3
 816 0b34 FEFFFFEB 		bl	__fixsfsi
 817 0b38 04551FE5 		ldr	r5, .L108+148
 818 0b3c B000C7E1 		strh	r0, [r7, #0]	@ movhi 
 819 0b40 000095E5 		ldr	r0, [r5, #0]	@ float
 820 0b44 FEFFFFEB 		bl	__extendsfdf2
 821 0b48 772F8FE2 		adr	r2, .L110
 822 0b4c 0C0092E8 		ldmia	r2, {r2-r3}
 823 0b50 FEFFFFEB 		bl	__divdf3
 824 0b54 762F8FE2 		adr	r2, .L110+8
 825 0b58 0C0092E8 		ldmia	r2, {r2-r3}
 826 0b5c FEFFFFEB 		bl	__muldf3
 827 0b60 FEFFFFEB 		bl	__truncdfsf2
 828 0b64 D0119FE5 		ldr	r1, .L110+16
 829 0b68 0040A0E1 		mov	r4, r0
 830 0b6c FEFFFFEB 		bl	__ltsf2
 831 0b70 000050E3 		cmp	r0, #0
 832 0b74 C4719FE5 		ldr	r7, .L110+20
 833 0b78 C4319FB5 		ldrlt	r3, .L110+24
 834 0b7c E70200BA 		blt	.L84
 835 0b80 0400A0E1 		mov	r0, r4
 836 0b84 BC119FE5 		ldr	r1, .L110+28
 837 0b88 FEFFFFEB 		bl	__gtsf2
 838 0b8c 000050E3 		cmp	r0, #0
 839 0b90 963DA0C3 		movgt	r3, #9600	@ movhi
 840 0b94 E70200CA 		bgt	.L84
 841 0b98 0400A0E1 		mov	r0, r4
 842 0b9c FEFFFFEB 		bl	__fixsfsi
 843 0ba0 0030A0E1 		mov	r3, r0	@ movhi
 844              	.L84:
 845 0ba4 000095E5 		ldr	r0, [r5, #0]	@ float
 846 0ba8 B030C7E1 		strh	r3, [r7, #0]	@ movhi 
 847 0bac FEFFFFEB 		bl	__extendsfdf2
 848 0bb0 5D2F8FE2 		adr	r2, .L110
 849 0bb4 0C0092E8 		ldmia	r2, {r2-r3}
 850 0bb8 FEFFFFEB 		bl	__divdf3
 851 0bbc 88319FE5 		ldr	r3, .L110+32
 852 0bc0 0150A0E1 		mov	r5, r1
 853 0bc4 0040A0E1 		mov	r4, r0
 854 0bc8 000093E5 		ldr	r0, [r3, #0]	@ float
 855 0bcc FEFFFFEB 		bl	__extendsfdf2
 856 0bd0 0130A0E1 		mov	r3, r1
 857 0bd4 0020A0E1 		mov	r2, r0
 858 0bd8 0510A0E1 		mov	r1, r5
 859 0bdc 0400A0E1 		mov	r0, r4
 860 0be0 FEFFFFEB 		bl	__muldf3
 861 0be4 FEFFFFEB 		bl	__truncdfsf2
 862 0be8 60519FE5 		ldr	r5, .L110+36
 863 0bec 0040A0E1 		mov	r4, r0
 864 0bf0 5C119FE5 		ldr	r1, .L110+40
 865 0bf4 004085E5 		str	r4, [r5, #0]	@ float
 866 0bf8 FEFFFFEB 		bl	__gtsf2
 867 0bfc 000050E3 		cmp	r0, #0
 868 0c00 4C319FC5 		ldrgt	r3, .L110+40
 869 0c04 060300CA 		bgt	.L107
 870 0c08 0400A0E1 		mov	r0, r4
 871 0c0c 44119FE5 		ldr	r1, .L110+44
 872 0c10 FEFFFFEB 		bl	__ltsf2
 873 0c14 000050E3 		cmp	r0, #0
 874 0c18 070300AA 		bge	.L91
 875 0c1c 34319FE5 		ldr	r3, .L110+44
 876              	.L107:
 877 0c20 003085E5 		str	r3, [r5, #0]	@ float
 878              	.L91:
 879 0c24 F000D7E1 		ldrsh	r0, [r7, #0]
 880 0c28 FEFFFFEB 		bl	__floatsisf
 881 0c2c 28319FE5 		ldr	r3, .L110+48
 882 0c30 0080A0E1 		mov	r8, r0
 883 0c34 001093E5 		ldr	r1, [r3, #0]	@ float
 884 0c38 000095E5 		ldr	r0, [r5, #0]	@ float
 885 0c3c FEFFFFEB 		bl	__subsf3
 886 0c40 18219FE5 		ldr	r2, .L110+52
 887 0c44 0060A0E1 		mov	r6, r0
 888 0c48 F000D2E1 		ldrsh	r0, [r2, #0]
 889 0c4c FEFFFFEB 		bl	__floatsisf
 890 0c50 F0109FE5 		ldr	r1, .L110+28
 891 0c54 FEFFFFEB 		bl	__divsf3
 892 0c58 04319FE5 		ldr	r3, .L110+56
 893 0c5c 001093E5 		ldr	r1, [r3, #0]	@ float
 894 0c60 0040A0E1 		mov	r4, r0
 895 0c64 FEFFFFEB 		bl	__mulsf3
 896 0c68 0410A0E1 		mov	r1, r4
 897 0c6c 0050A0E1 		mov	r5, r0
 898 0c70 FE05A0E3 		mov	r0, #1065353216
 899 0c74 FEFFFFEB 		bl	__subsf3
 900 0c78 E8309FE5 		ldr	r3, .L110+60
 901 0c7c 001093E5 		ldr	r1, [r3, #0]	@ float
 902 0c80 FEFFFFEB 		bl	__mulsf3
 903 0c84 0010A0E1 		mov	r1, r0
 904 0c88 0500A0E1 		mov	r0, r5
 905 0c8c FEFFFFEB 		bl	__addsf3
 906 0c90 0610A0E1 		mov	r1, r6
 907 0c94 FEFFFFEB 		bl	__mulsf3
 908 0c98 9C109FE5 		ldr	r1, .L110+16
 909 0c9c 0040A0E1 		mov	r4, r0
 910 0ca0 FEFFFFEB 		bl	__ltsf2
 911 0ca4 000050E3 		cmp	r0, #0
 912 0ca8 94309FB5 		ldrlt	r3, .L110+24
 913 0cac 0300A0B1 		movlt	r0, r3	@ movhi
 914 0cb0 320300BA 		blt	.L95
 915 0cb4 0400A0E1 		mov	r0, r4
 916 0cb8 88109FE5 		ldr	r1, .L110+28
 917 0cbc FEFFFFEB 		bl	__gtsf2
 918 0cc0 000050E3 		cmp	r0, #0
 919 0cc4 960DA0C3 		movgt	r0, #9600	@ movhi
 920 0cc8 0400A0D1 		movle	r0, r4
 921 0ccc FEFFFFDB 		blle	__fixsfsi
 922              	.L95:
 923 0cd0 68309FE5 		ldr	r3, .L110+20
 924 0cd4 B000C3E1 		strh	r0, [r3, #0]	@ movhi 
 925 0cd8 F000D7E1 		ldrsh	r0, [r7, #0]
 926 0cdc FEFFFFEB 		bl	__floatsisf
 927 0ce0 84309FE5 		ldr	r3, .L110+64
 928 0ce4 004093E5 		ldr	r4, [r3, #0]	@ float
 929 0ce8 0010A0E1 		mov	r1, r0
 930 0cec 0400A0E1 		mov	r0, r4
 931 0cf0 FEFFFFEB 		bl	__mulsf3
 932 0cf4 0410A0E1 		mov	r1, r4
 933 0cf8 0050A0E1 		mov	r5, r0
 934 0cfc FE05A0E3 		mov	r0, #1065353216
 935 0d00 FEFFFFEB 		bl	__subsf3
 936 0d04 0810A0E1 		mov	r1, r8
 937 0d08 FEFFFFEB 		bl	__mulsf3
 938 0d0c 0010A0E1 		mov	r1, r0
 939 0d10 0500A0E1 		mov	r0, r5
 940 0d14 FEFFFFEB 		bl	__addsf3
 941 0d18 FEFFFFEB 		bl	__fixsfsi
 942 0d1c B000C7E1 		strh	r0, [r7, #0]	@ movhi 
 943              	.L32:
 944 0d20 28D04BE2 		sub	sp, fp, #40
 945 0d24 F06F9DE8 		ldmfd	sp, {r4, r5, r6, r7, r8, r9, sl, fp, sp, lr}
 946 0d28 1EFF2FE1 		bx	lr
 947              	.L111:
 948              		.align	2
 949              	.L110:
 950 0d2c 52C1E03F 		.word	1071694162
 951 0d30 65732D38 		.word	942502757
 952 0d34 00C0C240 		.word	1086504960
 953 0d38 00000000 		.word	0
 954 0d3c 000016C6 		.word	-971636736
 955 0d40 00000000 		.word	h_ctl_rudder_setpoint
 956 0d44 80DAFFFF 		.word	-9600
 957 0d48 00001646 		.word	1175846912
 958 0d4c 00000000 		.word	h_ctl_yaw_rate_setpoint_pgain
 959 0d50 00000000 		.word	h_ctl_yaw_rate_setpoint
 960 0d54 00002041 		.word	1092616192
 961 0d58 000020C1 		.word	-1054867456
 962 0d5c 00000000 		.word	estimator_r
 963 0d60 00000000 		.word	v_ctl_throttle_setpoint
 964 0d64 00000000 		.word	h_ctl_hi_throttle_yaw_rate_pgain
 965 0d68 00000000 		.word	h_ctl_lo_throttle_yaw_rate_pgain
 966 0d6c 00000000 		.word	h_ctl_yaw_rate_mode
 968              		.comm	h_ctl_course_setpoint,4,4
 969              		.comm	h_ctl_course_pre_bank,4,4
 970              		.comm	h_ctl_course_pre_bank_correction,4,4
 971              		.comm	h_ctl_course_pgain,4,4
 972              		.comm	h_ctl_roll_max_setpoint,4,4
 973              		.comm	h_ctl_pitch_max_setpoint,4,4
 974              		.comm	h_ctl_pitch_min_setpoint,4,4
 975              		.comm	h_ctl_yaw_max_setpoint,4,4
 976              		.comm	h_ctl_disabled,1,1
 977              		.comm	h_ctl_auto1_rate,1,1
 978              		.comm	h_ctl_roll_setpoint,4,4
 979              		.comm	h_ctl_roll_pgain,4,4
 980              		.comm	h_ctl_aileron_setpoint,2,2
 981              		.comm	h_ctl_pitch_setpoint,4,4
 982              		.comm	desired_pitch,4,4
 983              		.comm	desired_roll,4,4
 984              		.comm	h_ctl_pitch_pgain,4,4
 985              		.comm	h_ctl_pitch_dgain,4,4
 986              		.comm	h_ctl_elevator_setpoint,2,2
 987              		.comm	h_ctl_yaw_setpoint,4,4
 988              		.comm	h_ctl_yaw_pgain,4,4
 989              		.comm	h_ctl_yaw_dgain,4,4
 990              		.comm	h_ctl_rudder_setpoint,2,2
 991              		.comm	h_ctl_aileron_of_throttle,4,4
 992              		.comm	h_ctl_elevator_of_roll,4,4
 993              		.comm	h_ctl_roll_rate_setpoint,4,4
 994              		.comm	h_ctl_roll_rate_mode,4,4
 995              		.comm	h_ctl_roll_rate_setpoint_pgain,4,4
 996              		.comm	h_ctl_hi_throttle_roll_rate_pgain,4,4
 997              		.comm	h_ctl_lo_throttle_roll_rate_pgain,4,4
 998              		.comm	h_ctl_roll_rate_igain,4,4
 999              		.comm	h_ctl_roll_rate_dgain,4,4
 1000              		.comm	h_ctl_pitch_rate_setpoint,4,4
 1001              		.comm	h_ctl_pitch_rate_mode,4,4
 1002              		.comm	h_ctl_pitch_rate_setpoint_pgain,4,4
 1003              		.comm	h_ctl_hi_throttle_pitch_rate_pgain,4,4
 1004              		.comm	h_ctl_lo_throttle_pitch_rate_pgain,4,4
 1005              		.comm	h_ctl_pitch_rate_igain,4,4
 1006              		.comm	h_ctl_pitch_rate_dgain,4,4
 1007              		.comm	h_ctl_yaw_rate_setpoint,4,4
 1008              		.comm	h_ctl_yaw_rate_mode,4,4
 1009              		.comm	h_ctl_yaw_rate_setpoint_pgain,4,4
 1010              		.comm	h_ctl_hi_throttle_yaw_rate_pgain,4,4
 1011              		.comm	h_ctl_lo_throttle_yaw_rate_pgain,4,4
 1012              		.comm	h_ctl_yaw_rate_igain,4,4
 1013              		.comm	h_ctl_yaw_rate_dgain,4,4
 1014              		.ident	"GCC: (GNU) 3.4.4"
DEFINED SYMBOLS
                            *ABS*:00000000 fw_h_ctl.c
     /tmp/ccnEIt99.s:6      .bss:00000000 h_ctl_attitude_enabled
                             .bss:00000000 $d
     /tmp/ccnEIt99.s:12     .text:00000000 h_ctl_init
     /tmp/ccnEIt99.s:16     .text:00000000 $a
     /tmp/ccnEIt99.s:116    .text:00000184 $d
                            *COM*:00000004 h_ctl_course_pgain
                            *COM*:00000004 h_ctl_roll_max_setpoint
                            *COM*:00000004 h_ctl_pitch_min_setpoint
                            *COM*:00000004 h_ctl_yaw_max_setpoint
                            *COM*:00000004 h_ctl_roll_pgain
                            *COM*:00000004 h_ctl_yaw_pgain
                            *COM*:00000002 h_ctl_rudder_setpoint
                            *COM*:00000004 h_ctl_lo_throttle_roll_rate_pgain
                            *COM*:00000004 h_ctl_lo_throttle_pitch_rate_pgain
                            *COM*:00000004 h_ctl_course_setpoint
                            *COM*:00000004 h_ctl_course_pre_bank
                            *COM*:00000004 h_ctl_course_pre_bank_correction
                            *COM*:00000004 h_ctl_pitch_max_setpoint
                            *COM*:00000001 h_ctl_disabled
                            *COM*:00000004 h_ctl_roll_setpoint
                            *COM*:00000002 h_ctl_aileron_setpoint
                            *COM*:00000004 h_ctl_aileron_of_throttle
                            *COM*:00000004 h_ctl_pitch_setpoint
                            *COM*:00000004 h_ctl_pitch_pgain
                            *COM*:00000004 h_ctl_pitch_dgain
                            *COM*:00000002 h_ctl_elevator_setpoint
                            *COM*:00000004 h_ctl_elevator_of_roll
                            *COM*:00000004 h_ctl_yaw_setpoint
                            *COM*:00000004 h_ctl_roll_rate_mode
                            *COM*:00000004 h_ctl_roll_rate_setpoint_pgain
                            *COM*:00000004 h_ctl_roll_rate_igain
                            *COM*:00000004 h_ctl_roll_rate_dgain
                            *COM*:00000004 h_ctl_hi_throttle_roll_rate_pgain
                            *COM*:00000004 h_ctl_pitch_rate_mode
                            *COM*:00000004 h_ctl_pitch_rate_setpoint_pgain
                            *COM*:00000004 h_ctl_pitch_rate_igain
                            *COM*:00000004 h_ctl_pitch_rate_dgain
                            *COM*:00000004 h_ctl_hi_throttle_pitch_rate_pgain
                            *COM*:00000004 h_ctl_yaw_rate_mode
                            *COM*:00000004 h_ctl_yaw_rate_setpoint_pgain
                            *COM*:00000004 h_ctl_yaw_rate_dgain
                            *COM*:00000004 h_ctl_lo_throttle_yaw_rate_pgain
                            *COM*:00000004 h_ctl_yaw_rate_igain
                            *COM*:00000004 h_ctl_hi_throttle_yaw_rate_pgain
     /tmp/ccnEIt99.s:179    .text:00000244 h_ctl_course_loop
     /tmp/ccnEIt99.s:183    .text:00000244 $a
     /tmp/ccnEIt99.s:312    .text:0000041c $d
     /tmp/ccnEIt99.s:340    .bss:00000004 roll_rate_sum_err.0
     /tmp/ccnEIt99.s:342    .bss:00000008 roll_rate_sum_idx.1
     /tmp/ccnEIt99.s:345    .bss:0000000c roll_rate_sum_values.2
     /tmp/ccnEIt99.s:348    .bss:0000004c last_err.3
     /tmp/ccnEIt99.s:351    .bss:00000050 last_err.4
     /tmp/ccnEIt99.s:354    .bss:00000054 last_err.5
     /tmp/ccnEIt99.s:360    .text:0000046c h_ctl_attitude_loop
     /tmp/ccnEIt99.s:364    .text:0000046c $a
     /tmp/ccnEIt99.s:449    .text:000005a8 $d
                            *COM*:00000004 h_ctl_roll_rate_setpoint
                            *COM*:00000004 desired_roll
                            *COM*:00000004 desired_pitch
                            *COM*:00000004 h_ctl_pitch_rate_setpoint
     /tmp/ccnEIt99.s:492    .text:00000650 $a
     /tmp/ccnEIt99.s:950    .text:00000d2c $d
                            *COM*:00000004 h_ctl_yaw_rate_setpoint
                            *COM*:00000001 h_ctl_auto1_rate
                            *COM*:00000004 h_ctl_yaw_dgain

UNDEFINED SYMBOLS
__subsf3
__extendsfdf2
__gtdf2
__subdf3
__truncdfsf2
__ltdf2
__adddf3
__divsf3
__gtsf2
__mulsf3
__ltsf2
estimator_hspeed_dir
estimator_hspeed_mod
__floatsisf
__addsf3
__divdf3
__muldf3
__fixsfsi
estimator_p
estimator_theta
estimator_phi
estimator_q
v_ctl_throttle_setpoint
estimator_r
