   1              		.file	"infrared.c"
   2              		.global	calib_status
   3              		.bss
   6              	calib_status:
   7 0000 00       		.space	1
   8              		.text
   9              		.align	2
  10              		.global	ir_init
  12              	ir_init:
  13              		@ Function supports interworking.
  14              		@ args = 0, pretend = 0, frame = 0
  15              		@ frame_needed = 1, uses_anonymous_args = 0
  16 0000 0DC0A0E1 		mov	ip, sp
  17 0004 30D82DE9 		stmfd	sp!, {r4, r5, fp, ip, lr, pc}
  18 0008 C4409FE5 		ldr	r4, .L2
  19 000c C4509FE5 		ldr	r5, .L2+4
  20 0010 04B04CE2 		sub	fp, ip, #4
  21 0014 0100A0E3 		mov	r0, #1
  22 0018 BC109FE5 		ldr	r1, .L2+8
  23 001c 1020A0E3 		mov	r2, #16
  24 0020 005084E5 		str	r5, [r4, #0]	@ float
  25 0024 FEFFFFEB 		bl	adc_buf_channel
  26 0028 0000A0E3 		mov	r0, #0
  27 002c AC109FE5 		ldr	r1, .L2+12
  28 0030 1020A0E3 		mov	r2, #16
  29 0034 FEFFFFEB 		bl	adc_buf_channel
  30 0038 A4309FE5 		ldr	r3, .L2+16
  31 003c 0020A0E3 		mov	r2, #0
  32 0040 002083E5 		str	r2, [r3, #0]	@ float
  33 0044 9C209FE5 		ldr	r2, .L2+20
  34 0048 9C309FE5 		ldr	r3, .L2+24
  35 004c 002083E5 		str	r2, [r3, #0]	@ float
  36 0050 98209FE5 		ldr	r2, .L2+28
  37 0054 98309FE5 		ldr	r3, .L2+32
  38 0058 00C094E5 		ldr	ip, [r4, #0]	@ float
  39 005c 002083E5 		str	r2, [r3, #0]	@ float
  40 0060 90309FE5 		ldr	r3, .L2+36
  41 0064 00C083E5 		str	ip, [r3, #0]	@ float
  42 0068 8C309FE5 		ldr	r3, .L2+40
  43 006c FE15A0E3 		mov	r1, #1065353216
  44 0070 001083E5 		str	r1, [r3, #0]	@ float
  45 0074 84309FE5 		ldr	r3, .L2+44
  46 0078 0120A0E3 		mov	r2, #1
  47 007c 80009FE5 		ldr	r0, .L2+48
  48 0080 0020C3E5 		strb	r2, [r3, #0]
  49 0084 7C309FE5 		ldr	r3, .L2+52
  50 0088 000083E5 		str	r0, [r3, #0]	@ float
  51 008c 78309FE5 		ldr	r3, .L2+56
  52 0090 001083E5 		str	r1, [r3, #0]	@ float
  53 0094 74309FE5 		ldr	r3, .L2+60
  54 0098 001083E5 		str	r1, [r3, #0]	@ float
  55 009c 70309FE5 		ldr	r3, .L2+64
  56 00a0 001083E5 		str	r1, [r3, #0]	@ float
  57 00a4 6C309FE5 		ldr	r3, .L2+68
  58 00a8 000083E5 		str	r0, [r3, #0]	@ float
  59 00ac 68309FE5 		ldr	r3, .L2+72
  60 00b0 000083E5 		str	r0, [r3, #0]	@ float
  61 00b4 64309FE5 		ldr	r3, .L2+76
  62 00b8 000083E5 		str	r0, [r3, #0]	@ float
  63 00bc 60309FE5 		ldr	r3, .L2+80
  64 00c0 E12FA0E3 		mov	r2, #900	@ movhi
  65 00c4 005084E5 		str	r5, [r4, #0]	@ float
  66 00c8 B020C3E1 		strh	r2, [r3, #0]	@ movhi 
  67 00cc 30689DE8 		ldmfd	sp, {r4, r5, fp, sp, lr}
  68 00d0 1EFF2FE1 		bx	lr
  69              	.L3:
  70              		.align	2
  71              	.L2:
  72 00d4 00000000 		.word	ir_rad_of_ir
  73 00d8 9894F73A 		.word	989303960
  74 00dc 1C000000 		.word	buf_ir1
  75 00e0 60000000 		.word	buf_ir2
  76 00e4 00000000 		.word	z_contrast_mode
  77 00e8 7A30E13D 		.word	1038168186
  78 00ec 00000000 		.word	ir_roll_neutral
  79 00f0 7B4688BF 		.word	-1081588101
  80 00f4 00000000 		.word	ir_pitch_neutral
  81 00f8 00000000 		.word	estimator_rad_of_ir
  82 00fc 00000000 		.word	ir_correction_down
  83 0100 00000000 		.word	ir_360
  84 0104 DB0F493F 		.word	1061752795
  85 0108 00000000 		.word	ir_estimated_theta_minus_pi_4
  86 010c 00000000 		.word	ir_correction_left
  87 0110 00000000 		.word	ir_correction_right
  88 0114 00000000 		.word	ir_correction_up
  89 0118 00000000 		.word	ir_estimated_phi_pi_4
  90 011c 00000000 		.word	ir_estimated_phi_minus_pi_4
  91 0120 00000000 		.word	ir_estimated_theta_pi_4
  92 0124 00000000 		.word	ir_contrast
  94              		.global	__divsi3
  95              		.global	__floatsidf
  96              		.global	__muldf3
  97              		.global	__adddf3
  98              		.global	__fixdfsi
  99              		.align	2
 100              		.global	ir_update
 102              	ir_update:
 103              		@ Function supports interworking.
 104              		@ args = 0, pretend = 0, frame = 8
 105              		@ frame_needed = 1, uses_anonymous_args = 0
 106 0128 0DC0A0E1 		mov	ip, sp
 107 012c F0DB2DE9 		stmfd	sp!, {r4, r5, r6, r7, r8, r9, fp, ip, lr, pc}
 108 0130 E8309FE5 		ldr	r3, .L5+16
 109 0134 04B04CE2 		sub	fp, ip, #4
 110 0138 08D04DE2 		sub	sp, sp, #8
 111 013c 4310D3E5 		ldrb	r1, [r3, #67]	@ zero_extendqisi2
 112 0140 B000D3E1 		ldrh	r0, [r3, #0]
 113 0144 FEFFFFEB 		bl	__divsi3
 114 0148 D4309FE5 		ldr	r3, .L5+20
 115 014c 0048A0E1 		mov	r4, r0, asl #16
 116 0150 4310D3E5 		ldrb	r1, [r3, #67]	@ zero_extendqisi2
 117 0154 B000D3E1 		ldrh	r0, [r3, #0]
 118 0158 FEFFFFEB 		bl	__divsi3
 119 015c 2448A0E1 		mov	r4, r4, lsr #16
 120 0160 0448A0E1 		mov	r4, r4, asl #16
 121 0164 0058A0E1 		mov	r5, r0, asl #16
 122 0168 4408A0E1 		mov	r0, r4, asr #16
 123 016c FEFFFFEB 		bl	__floatsidf
 124 0170 30304BE2 		sub	r3, fp, #48
 125 0174 030083E9 		stmib	r3, {r0-r1}
 126 0178 90208FE2 		adr	r2, .L5
 127 017c 0C0092E8 		ldmia	r2, {r2-r3}
 128 0180 FEFFFFEB 		bl	__muldf3
 129 0184 2558A0E1 		mov	r5, r5, lsr #16
 130 0188 0558A0E1 		mov	r5, r5, asl #16
 131 018c 84808FE2 		adr	r8, .L5+8
 132 0190 000398E8 		ldmia	r8, {r8-r9}
 133 0194 0170A0E1 		mov	r7, r1
 134 0198 0060A0E1 		mov	r6, r0
 135 019c 4508A0E1 		mov	r0, r5, asr #16
 136 01a0 FEFFFFEB 		bl	__floatsidf
 137 01a4 0930A0E1 		mov	r3, r9
 138 01a8 0820A0E1 		mov	r2, r8
 139 01ac FEFFFFEB 		bl	__muldf3
 140 01b0 0150A0E1 		mov	r5, r1
 141 01b4 0040A0E1 		mov	r4, r0
 142 01b8 0530A0E1 		mov	r3, r5
 143 01bc 0420A0E1 		mov	r2, r4
 144 01c0 0710A0E1 		mov	r1, r7
 145 01c4 0600A0E1 		mov	r0, r6
 146 01c8 FEFFFFEB 		bl	__adddf3
 147 01cc FEFFFFEB 		bl	__fixdfsi
 148 01d0 50309FE5 		ldr	r3, .L5+24
 149 01d4 30C04BE2 		sub	ip, fp, #48
 150 01d8 B000C3E1 		strh	r0, [r3, #0]	@ movhi 
 151 01dc 03009CE9 		ldmib	ip, {r0-r1}
 152 01e0 0930A0E1 		mov	r3, r9
 153 01e4 0820A0E1 		mov	r2, r8
 154 01e8 FEFFFFEB 		bl	__muldf3
 155 01ec 0530A0E1 		mov	r3, r5
 156 01f0 0420A0E1 		mov	r2, r4
 157 01f4 FEFFFFEB 		bl	__adddf3
 158 01f8 FEFFFFEB 		bl	__fixdfsi
 159 01fc 28309FE5 		ldr	r3, .L5+28
 160 0200 B000C3E1 		strh	r0, [r3, #0]	@ movhi 
 161 0204 24D04BE2 		sub	sp, fp, #36
 162 0208 F06B9DE8 		ldmfd	sp, {r4, r5, r6, r7, r8, r9, fp, sp, lr}
 163 020c 1EFF2FE1 		bx	lr
 164              	.L6:
 165              		.align	2
 166              	.L5:
 167 0210 6666E63F 		.word	1072064102
 168 0214 66666666 		.word	1717986918
 169 0218 6666E6BF 		.word	-1075419546
 170 021c 66666666 		.word	1717986918
 171 0220 1C000000 		.word	buf_ir1
 172 0224 60000000 		.word	buf_ir2
 173 0228 00000000 		.word	ir_roll
 174 022c 00000000 		.word	ir_pitch
 176              		.global	__divdf3
 177              		.global	__truncdfsf2
 178              		.align	2
 179              		.global	ground_calibrate
 181              	ground_calibrate:
 182              		@ Function supports interworking.
 183              		@ args = 0, pretend = 0, frame = 0
 184              		@ frame_needed = 1, uses_anonymous_args = 0
 185 0230 0DC0A0E1 		mov	ip, sp
 186 0234 F0D82DE9 		stmfd	sp!, {r4, r5, r6, r7, fp, ip, lr, pc}
 187 0238 1C429FE5 		ldr	r4, .L20+8
 188 023c 0060D4E5 		ldrb	r6, [r4, #0]	@ zero_extendqisi2
 189 0240 000056E3 		cmp	r6, #0
 190 0244 04B04CE2 		sub	fp, ip, #4
 191 0248 FF0000E2 		and	r0, r0, #255
 192 024c 9500000A 		beq	.L9
 193 0250 010056E3 		cmp	r6, #1
 194 0254 C000000A 		beq	.L13
 195 0258 110100EA 		b	.L7
 196              	.L9:
 197 025c FC319FE5 		ldr	r3, .L20+12
 198 0260 B030D3E1 		ldrh	r3, [r3, #0]
 199 0264 090053E3 		cmp	r3, #9
 200 0268 1101008A 		bhi	.L7
 201 026c F0319FE5 		ldr	r3, .L20+16
 202 0270 0050D3E5 		ldrb	r5, [r3, #0]	@ zero_extendqisi2
 203 0274 010055E3 		cmp	r5, #1
 204 0278 1101001A 		bne	.L7
 205 027c 0500A0E3 		mov	r0, #5
 206 0280 0050C4E5 		strb	r5, [r4, #0]
 207 0284 FEFFFFEB 		bl	uart0_check_free_space
 208 0288 FF0010E3 		tst	r0, #255
 209 028c 0D01000A 		beq	.L16
 210 0290 7E00A0E3 		mov	r0, #126
 211 0294 CC419FE5 		ldr	r4, .L20+20
 212 0298 FEFFFFEB 		bl	uart0_transmit
 213 029c 0600A0E1 		mov	r0, r6
 214 02a0 FEFFFFEB 		bl	uart0_transmit
 215 02a4 0700A0E3 		mov	r0, #7
 216 02a8 FEFFFFEB 		bl	uart0_transmit
 217 02ac 0500A0E1 		mov	r0, r5
 218 02b0 0050C4E5 		strb	r5, [r4, #0]
 219 02b4 FEFFFFEB 		bl	uart0_transmit
 220 02b8 0600A0E1 		mov	r0, r6
 221 02bc FEFFFFEB 		bl	uart0_transmit
 222 02c0 0030D4E5 		ldrb	r3, [r4, #0]	@ zero_extendqisi2
 223 02c4 013083E2 		add	r3, r3, #1
 224 02c8 0030C4E5 		strb	r3, [r4, #0]
 225 02cc 0500A0E1 		mov	r0, r5
 226 02d0 FEFFFFEB 		bl	uart0_transmit
 227 02d4 0600A0E1 		mov	r0, r6
 228 02d8 FEFFFFEB 		bl	uart0_transmit
 229 02dc 0600A0E1 		mov	r0, r6
 230 02e0 FEFFFFEB 		bl	uart0_transmit
 231 02e4 0030D4E5 		ldrb	r3, [r4, #0]	@ zero_extendqisi2
 232 02e8 2B3083E2 		add	r3, r3, #43
 233 02ec 2B00A0E3 		mov	r0, #43
 234 02f0 0030C4E5 		strb	r3, [r4, #0]
 235 02f4 FEFFFFEB 		bl	uart0_transmit
 236 02f8 0030D4E5 		ldrb	r3, [r4, #0]	@ zero_extendqisi2
 237 02fc 0200A0E3 		mov	r0, #2
 238 0300 023083E2 		add	r3, r3, #2
 239 0304 050100EA 		b	.L19
 240              	.L13:
 241 0308 000050E3 		cmp	r0, #0
 242 030c 1101000A 		beq	.L7
 243 0310 54319FE5 		ldr	r3, .L20+24
 244 0314 F030D3E1 		ldrsh	r3, [r3, #0]
 245 0318 50719FE5 		ldr	r7, .L20+28
 246 031c 000053E3 		cmp	r3, #0
 247 0320 003063B2 		rsblt	r3, r3, #0
 248 0324 B030C7E1 		strh	r3, [r7, #0]	@ movhi 
 249 0328 F000D7E1 		ldrsh	r0, [r7, #0]
 250 032c FEFFFFEB 		bl	__floatsidf
 251 0330 0130A0E1 		mov	r3, r1
 252 0334 0020A0E1 		mov	r2, r0
 253 0338 450F8FE2 		adr	r0, .L20
 254 033c 030090E8 		ldmia	r0, {r0-r1}
 255 0340 FEFFFFEB 		bl	__divdf3
 256 0344 FEFFFFEB 		bl	__truncdfsf2
 257 0348 24319FE5 		ldr	r3, .L20+32
 258 034c 0020A0E1 		mov	r2, r0
 259 0350 002083E5 		str	r2, [r3, #0]	@ float
 260 0354 0230A0E3 		mov	r3, #2
 261 0358 0030C4E5 		strb	r3, [r4, #0]
 262 035c 14319FE5 		ldr	r3, .L20+36
 263 0360 0700A0E3 		mov	r0, #7
 264 0364 002083E5 		str	r2, [r3, #0]	@ float
 265 0368 FEFFFFEB 		bl	uart0_check_free_space
 266 036c FF0010E3 		tst	r0, #255
 267 0370 0D01000A 		beq	.L16
 268 0374 0050A0E3 		mov	r5, #0
 269 0378 7E00A0E3 		mov	r0, #126
 270 037c E4409FE5 		ldr	r4, .L20+20
 271 0380 FEFFFFEB 		bl	uart0_transmit
 272 0384 0500A0E1 		mov	r0, r5
 273 0388 FEFFFFEB 		bl	uart0_transmit
 274 038c 0900A0E3 		mov	r0, #9
 275 0390 FEFFFFEB 		bl	uart0_transmit
 276 0394 0600A0E1 		mov	r0, r6
 277 0398 0060C4E5 		strb	r6, [r4, #0]
 278 039c FEFFFFEB 		bl	uart0_transmit
 279 03a0 0500A0E1 		mov	r0, r5
 280 03a4 FEFFFFEB 		bl	uart0_transmit
 281 03a8 0030D4E5 		ldrb	r3, [r4, #0]	@ zero_extendqisi2
 282 03ac 013083E2 		add	r3, r3, #1
 283 03b0 0030C4E5 		strb	r3, [r4, #0]
 284 03b4 0600A0E1 		mov	r0, r6
 285 03b8 FEFFFFEB 		bl	uart0_transmit
 286 03bc 0500A0E1 		mov	r0, r5
 287 03c0 FEFFFFEB 		bl	uart0_transmit
 288 03c4 0500A0E1 		mov	r0, r5
 289 03c8 FEFFFFEB 		bl	uart0_transmit
 290 03cc 0030D4E5 		ldrb	r3, [r4, #0]	@ zero_extendqisi2
 291 03d0 2B3083E2 		add	r3, r3, #43
 292 03d4 2B00A0E3 		mov	r0, #43
 293 03d8 0030C4E5 		strb	r3, [r4, #0]
 294 03dc FEFFFFEB 		bl	uart0_transmit
 295 03e0 0030D4E5 		ldrb	r3, [r4, #0]	@ zero_extendqisi2
 296 03e4 033083E2 		add	r3, r3, #3
 297 03e8 0300A0E3 		mov	r0, #3
 298 03ec 0030C4E5 		strb	r3, [r4, #0]
 299 03f0 FEFFFFEB 		bl	uart0_transmit
 300 03f4 0030D7E5 		ldrb	r3, [r7, #0]	@ zero_extendqisi2
 301 03f8 0020D4E5 		ldrb	r2, [r4, #0]	@ zero_extendqisi2
 302 03fc 0300A0E1 		mov	r0, r3
 303 0400 023083E0 		add	r3, r3, r2
 304 0404 0030C4E5 		strb	r3, [r4, #0]
 305 0408 FEFFFFEB 		bl	uart0_transmit
 306 040c 0130D7E5 		ldrb	r3, [r7, #1]	@ zero_extendqisi2
 307 0410 0020D4E5 		ldrb	r2, [r4, #0]	@ zero_extendqisi2
 308 0414 0300A0E1 		mov	r0, r3
 309 0418 023083E0 		add	r3, r3, r2
 310              	.L19:
 311 041c 0030C4E5 		strb	r3, [r4, #0]
 312 0420 FEFFFFEB 		bl	uart0_transmit
 313 0424 0030D4E5 		ldrb	r3, [r4, #0]	@ zero_extendqisi2
 314 0428 0330E0E1 		mvn	r3, r3
 315 042c 0030C4E5 		strb	r3, [r4, #0]
 316 0430 0000D4E5 		ldrb	r0, [r4, #0]	@ zero_extendqisi2
 317 0434 FEFFFFEB 		bl	uart0_transmit
 318 0438 110100EA 		b	.L7
 319              	.L16:
 320 043c 38209FE5 		ldr	r2, .L20+40
 321 0440 0030D2E5 		ldrb	r3, [r2, #0]	@ zero_extendqisi2
 322 0444 013083E2 		add	r3, r3, #1
 323 0448 0030C2E5 		strb	r3, [r2, #0]
 324              	.L7:
 325 044c F0689DE8 		ldmfd	sp, {r4, r5, r6, r7, fp, sp, lr}
 326 0450 1EFF2FE1 		bx	lr
 327              	.L21:
 328              		.align	2
 329              	.L20:
 330 0454 3333FB3F 		.word	1073427251
 331 0458 33333333 		.word	858993459
 332 045c 00000000 		.word	calib_status
 333 0460 00000000 		.word	cpu_time_sec
 334 0464 00000000 		.word	pprz_mode
 335 0468 00000000 		.word	xbee_cs
 336 046c 00000000 		.word	ir_pitch
 337 0470 00000000 		.word	ir_contrast
 338 0474 00000000 		.word	estimator_rad_of_ir
 339 0478 00000000 		.word	ir_rad_of_ir
 340 047c 00000000 		.word	downlink_nb_ovrn
 342              		.bss
 343 0001 000000   		.align	2
 344              	last_hspeed_dir.0:
 345 0004 00000000 		.space	4
 346              		.align	2
 347              	last_t.1:
 348 0008 00000000 		.space	4
 349              	initialized.2:
 350 000c 00       		.space	1
 351 000d 000000   		.align	2
 352              	sum_xy.3:
 353 0010 00000000 		.space	4
 354              		.align	2
 355              	sum_xx.4:
 356 0014 00000000 		.space	4
 357              		.global	__floatsisf
 358              		.global	__addsf3
 359              		.global	__divsf3
 360              		.global	__extendsfdf2
 361              		.global	__gtdf2
 362              		.global	__subsf3
 363              		.global	__subdf3
 364              		.global	__ltdf2
 365              		.global	__ltsf2
 366              		.global	__mulsf3
 367              		.text
 368              		.align	2
 369              		.global	estimator_update_ir_estim
 371              	estimator_update_ir_estim:
 372              		@ Function supports interworking.
 373              		@ args = 0, pretend = 0, frame = 0
 374              		@ frame_needed = 1, uses_anonymous_args = 0
 375 0480 0DC0A0E1 		mov	ip, sp
 376 0484 F0D92DE9 		stmfd	sp!, {r4, r5, r6, r7, r8, fp, ip, lr, pc}
 377 0488 48249FE5 		ldr	r2, .L55+88
 378 048c 0030D2E5 		ldrb	r3, [r2, #0]	@ zero_extendqisi2
 379 0490 000053E3 		cmp	r3, #0
 380 0494 04B04CE2 		sub	fp, ip, #4
 381 0498 F501000A 		beq	.L23
 382 049c 38349FE5 		ldr	r3, .L55+92
 383 04a0 002093E5 		ldr	r2, [r3, #0]
 384 04a4 34349FE5 		ldr	r3, .L55+96
 385 04a8 003093E5 		ldr	r3, [r3, #0]
 386 04ac 032052E0 		subs	r2, r2, r3
 387 04b0 2E01004A 		bmi	.L25
 388 04b4 0200A0E1 		mov	r0, r2
 389 04b8 FEFFFFEB 		bl	__floatsisf
 390 04bc 330100EA 		b	.L24
 391              	.L25:
 392 04c0 010002E2 		and	r0, r2, #1
 393 04c4 A20080E1 		orr	r0, r0, r2, lsr #1
 394 04c8 FEFFFFEB 		bl	__floatsisf
 395 04cc 0010A0E1 		mov	r1, r0
 396 04d0 FEFFFFEB 		bl	__addsf3
 397              	.L24:
 398 04d4 08149FE5 		ldr	r1, .L55+100
 399 04d8 FEFFFFEB 		bl	__divsf3
 400 04dc 0070A0E1 		mov	r7, r0
 401 04e0 FEFFFFEB 		bl	__extendsfdf2
 402 04e4 E52F8FE2 		adr	r2, .L55
 403 04e8 0C0092E8 		ldmia	r2, {r2-r3}
 404 04ec FEFFFFEB 		bl	__gtdf2
 405 04f0 000050E3 		cmp	r0, #0
 406 04f4 140200DA 		ble	.L53
 407 04f8 E8339FE5 		ldr	r3, .L55+104
 408 04fc 000093E5 		ldr	r0, [r3, #0]	@ float
 409 0500 E4339FE5 		ldr	r3, .L55+108
 410 0504 001093E5 		ldr	r1, [r3, #0]	@ float
 411 0508 FEFFFFEB 		bl	__subsf3
 412 050c 440100EA 		b	.L54
 413              	.L31:
 414 0510 FEFFFFEB 		bl	__subdf3
 415 0514 FEFFFFEB 		bl	__truncdfsf2
 416              	.L54:
 417 0518 0060A0E1 		mov	r6, r0
 418 051c FEFFFFEB 		bl	__extendsfdf2
 419 0520 362E8FE2 		adr	r2, .L55+8
 420 0524 0C0092E8 		ldmia	r2, {r2-r3}
 421 0528 0150A0E1 		mov	r5, r1
 422 052c 0040A0E1 		mov	r4, r0
 423 0530 FEFFFFEB 		bl	__gtdf2
 424 0534 000050E3 		cmp	r0, #0
 425 0538 352E8FE2 		adr	r2, .L55+16
 426 053c 0C0092E8 		ldmia	r2, {r2-r3}
 427 0540 0510A0E1 		mov	r1, r5
 428 0544 0400A0E1 		mov	r0, r4
 429 0548 420100CA 		bgt	.L31
 430 054c 550100EA 		b	.L32
 431              	.L35:
 432 0550 FEFFFFEB 		bl	__adddf3
 433 0554 FEFFFFEB 		bl	__truncdfsf2
 434 0558 0060A0E1 		mov	r6, r0
 435              	.L32:
 436 055c 0600A0E1 		mov	r0, r6
 437 0560 FEFFFFEB 		bl	__extendsfdf2
 438 0564 CB2F8FE2 		adr	r2, .L55+24
 439 0568 0C0092E8 		ldmia	r2, {r2-r3}
 440 056c 0150A0E1 		mov	r5, r1
 441 0570 0040A0E1 		mov	r4, r0
 442 0574 FEFFFFEB 		bl	__ltdf2
 443 0578 000050E3 		cmp	r0, #0
 444 057c C32F8FE2 		adr	r2, .L55+16
 445 0580 0C0092E8 		ldmia	r2, {r2-r3}
 446 0584 0510A0E1 		mov	r1, r5
 447 0588 0400A0E1 		mov	r0, r4
 448 058c 520100BA 		blt	.L35
 449 0590 0710A0E1 		mov	r1, r7
 450 0594 0600A0E1 		mov	r0, r6
 451 0598 FEFFFFEB 		bl	__divsf3
 452 059c FEFFFFEB 		bl	__extendsfdf2
 453 05a0 BE2F8FE2 		adr	r2, .L55+32
 454 05a4 0C0092E8 		ldmia	r2, {r2-r3}
 455 05a8 FEFFFFEB 		bl	__muldf3
 456 05ac BD2F8FE2 		adr	r2, .L55+40
 457 05b0 0C0092E8 		ldmia	r2, {r2-r3}
 458 05b4 FEFFFFEB 		bl	__divdf3
 459 05b8 FEFFFFEB 		bl	__truncdfsf2
 460 05bc 2C739FE5 		ldr	r7, .L55+112
 461 05c0 000087E5 		str	r0, [r7, #0]	@ float
 462 05c4 740100EA 		b	.L36
 463              	.L39:
 464 05c8 FEFFFFEB 		bl	__subdf3
 465 05cc FEFFFFEB 		bl	__truncdfsf2
 466 05d0 18339FE5 		ldr	r3, .L55+112
 467 05d4 000083E5 		str	r0, [r3, #0]	@ float
 468              	.L36:
 469 05d8 000097E5 		ldr	r0, [r7, #0]	@ float
 470 05dc FEFFFFEB 		bl	__extendsfdf2
 471 05e0 2A2E8FE2 		adr	r2, .L55+8
 472 05e4 0C0092E8 		ldmia	r2, {r2-r3}
 473 05e8 0150A0E1 		mov	r5, r1
 474 05ec 0040A0E1 		mov	r4, r0
 475 05f0 FEFFFFEB 		bl	__gtdf2
 476 05f4 000050E3 		cmp	r0, #0
 477 05f8 292E8FE2 		adr	r2, .L55+16
 478 05fc 0C0092E8 		ldmia	r2, {r2-r3}
 479 0600 0510A0E1 		mov	r1, r5
 480 0604 0400A0E1 		mov	r0, r4
 481 0608 700100CA 		bgt	.L39
 482 060c 850100EA 		b	.L40
 483              	.L43:
 484 0610 FEFFFFEB 		bl	__adddf3
 485 0614 FEFFFFEB 		bl	__truncdfsf2
 486 0618 000085E5 		str	r0, [r5, #0]	@ float
 487              	.L40:
 488 061c 000097E5 		ldr	r0, [r7, #0]	@ float
 489 0620 FEFFFFEB 		bl	__extendsfdf2
 490 0624 9B2F8FE2 		adr	r2, .L55+24
 491 0628 0C0092E8 		ldmia	r2, {r2-r3}
 492 062c 0150A0E1 		mov	r5, r1
 493 0630 0040A0E1 		mov	r4, r0
 494 0634 FEFFFFEB 		bl	__ltdf2
 495 0638 000050E3 		cmp	r0, #0
 496 063c 932F8FE2 		adr	r2, .L55+16
 497 0640 0C0092E8 		ldmia	r2, {r2-r3}
 498 0644 0510A0E1 		mov	r1, r5
 499 0648 0400A0E1 		mov	r0, r4
 500 064c 9C529FE5 		ldr	r5, .L55+112
 501 0650 820100BA 		blt	.L43
 502 0654 98329FE5 		ldr	r3, .L55+116
 503 0658 F060D3E1 		ldrsh	r6, [r3, #0]
 504 065c 0600A0E1 		mov	r0, r6
 505 0660 FEFFFFEB 		bl	__floatsisf
 506 0664 003097E5 		ldr	r3, [r7, #0]
 507 0668 0241C3E3 		bic	r4, r3, #-2147483648
 508 066c 84329FE5 		ldr	r3, .L55+120
 509 0670 0080A0E1 		mov	r8, r0
 510 0674 FE15A0E3 		mov	r1, #1065353216
 511 0678 0400A0E1 		mov	r0, r4
 512 067c 008083E5 		str	r8, [r3, #0]	@ float
 513 0680 FEFFFFEB 		bl	__ltsf2
 514 0684 000050E3 		cmp	r0, #0
 515 0688 140200AA 		bge	.L53
 516 068c 0400A0E1 		mov	r0, r4
 517 0690 FEFFFFEB 		bl	__extendsfdf2
 518 0694 852F8FE2 		adr	r2, .L55+48
 519 0698 0C0092E8 		ldmia	r2, {r2-r3}
 520 069c FEFFFFEB 		bl	__gtdf2
 521 06a0 000050E3 		cmp	r0, #0
 522 06a4 140200DA 		ble	.L53
 523 06a8 4C329FE5 		ldr	r3, .L55+124
 524 06ac B030D3E1 		ldrh	r3, [r3, #0]
 525 06b0 0318A0E1 		mov	r1, r3, asl #16
 526 06b4 4128A0E1 		mov	r2, r1, asr #16
 527 06b8 003062E2 		rsb	r3, r2, #0
 528 06bc A33F83E0 		add	r3, r3, r3, lsr #31
 529 06c0 C30056E1 		cmp	r6, r3, asr #1
 530 06c4 140200DA 		ble	.L53
 531 06c8 A13F82E0 		add	r3, r2, r1, lsr #31
 532 06cc C30056E1 		cmp	r6, r3, asr #1
 533 06d0 140200AA 		bge	.L53
 534 06d4 000095E5 		ldr	r0, [r5, #0]	@ float
 535 06d8 0810A0E1 		mov	r1, r8
 536 06dc FEFFFFEB 		bl	__mulsf3
 537 06e0 FEFFFFEB 		bl	__extendsfdf2
 538 06e4 14629FE5 		ldr	r6, .L55+128
 539 06e8 0150A0E1 		mov	r5, r1
 540 06ec 0040A0E1 		mov	r4, r0
 541 06f0 000096E5 		ldr	r0, [r6, #0]	@ float
 542 06f4 FEFFFFEB 		bl	__extendsfdf2
 543 06f8 6E2F8FE2 		adr	r2, .L55+56
 544 06fc 0C0092E8 		ldmia	r2, {r2-r3}
 545 0700 FEFFFFEB 		bl	__muldf3
 546 0704 0130A0E1 		mov	r3, r1
 547 0708 0020A0E1 		mov	r2, r0
 548 070c 0510A0E1 		mov	r1, r5
 549 0710 0400A0E1 		mov	r0, r4
 550 0714 FEFFFFEB 		bl	__adddf3
 551 0718 FEFFFFEB 		bl	__truncdfsf2
 552 071c 0070A0E1 		mov	r7, r0
 553 0720 007086E5 		str	r7, [r6, #0]	@ float
 554 0724 0810A0E1 		mov	r1, r8
 555 0728 0800A0E1 		mov	r0, r8
 556 072c FEFFFFEB 		bl	__mulsf3
 557 0730 FEFFFFEB 		bl	__extendsfdf2
 558 0734 C8619FE5 		ldr	r6, .L55+132
 559 0738 0150A0E1 		mov	r5, r1
 560 073c 0040A0E1 		mov	r4, r0
 561 0740 000096E5 		ldr	r0, [r6, #0]	@ float
 562 0744 FEFFFFEB 		bl	__extendsfdf2
 563 0748 5A2F8FE2 		adr	r2, .L55+56
 564 074c 0C0092E8 		ldmia	r2, {r2-r3}
 565 0750 FEFFFFEB 		bl	__muldf3
 566 0754 0130A0E1 		mov	r3, r1
 567 0758 0020A0E1 		mov	r2, r0
 568 075c 0510A0E1 		mov	r1, r5
 569 0760 0400A0E1 		mov	r0, r4
 570 0764 FEFFFFEB 		bl	__adddf3
 571 0768 FEFFFFEB 		bl	__truncdfsf2
 572 076c 0030A0E1 		mov	r3, r0
 573 0770 003086E5 		str	r3, [r6, #0]	@ float
 574 0774 0010A0E1 		mov	r1, r0
 575 0778 0700A0E1 		mov	r0, r7
 576 077c FEFFFFEB 		bl	__divsf3
 577 0780 0040A0E1 		mov	r4, r0
 578 0784 FEFFFFEB 		bl	__extendsfdf2
 579 0788 132E8FE2 		adr	r2, .L55+64
 580 078c 0C0092E8 		ldmia	r2, {r2-r3}
 581 0790 0170A0E1 		mov	r7, r1
 582 0794 0060A0E1 		mov	r6, r0
 583 0798 FEFFFFEB 		bl	__ltdf2
 584 079c 000050E3 		cmp	r0, #0
 585 07a0 60219FB5 		ldrlt	r2, .L55+136
 586 07a4 60319FB5 		ldrlt	r3, .L55+140
 587 07a8 002083B5 		strlt	r2, [r3, #0]	@ float
 588 07ac 140200BA 		blt	.L53
 589 07b0 112E8FE2 		adr	r2, .L55+72
 590 07b4 0C0092E8 		ldmia	r2, {r2-r3}
 591 07b8 0710A0E1 		mov	r1, r7
 592 07bc 0600A0E1 		mov	r0, r6
 593 07c0 FEFFFFEB 		bl	__gtdf2
 594 07c4 000050E3 		cmp	r0, #0
 595 07c8 3C219FE5 		ldr	r2, .L55+140
 596 07cc 3C319FC5 		ldrgt	r3, .L55+144
 597 07d0 004082D5 		strle	r4, [r2, #0]	@ float
 598 07d4 003082C5 		strgt	r3, [r2, #0]	@ float
 599 07d8 140200EA 		b	.L53
 600              	.L23:
 601 07dc 18319FE5 		ldr	r3, .L55+124
 602 07e0 F000D3E1 		ldrsh	r0, [r3, #0]
 603 07e4 0130A0E3 		mov	r3, #1
 604 07e8 0030C2E5 		strb	r3, [r2, #0]
 605 07ec FEFFFFEB 		bl	__floatsisf
 606 07f0 0010A0E1 		mov	r1, r0
 607 07f4 FEFFFFEB 		bl	__mulsf3
 608 07f8 0C319FE5 		ldr	r3, .L55+140
 609 07fc 0060A0E1 		mov	r6, r0
 610 0800 000093E5 		ldr	r0, [r3, #0]	@ float
 611 0804 FEFFFFEB 		bl	__extendsfdf2
 612 0808 C0208FE2 		adr	r2, .L55+80
 613 080c 0C0092E8 		ldmia	r2, {r2-r3}
 614 0810 FEFFFFEB 		bl	__muldf3
 615 0814 0150A0E1 		mov	r5, r1
 616 0818 0040A0E1 		mov	r4, r0
 617 081c 0600A0E1 		mov	r0, r6
 618 0820 FEFFFFEB 		bl	__extendsfdf2
 619 0824 0130A0E1 		mov	r3, r1
 620 0828 0020A0E1 		mov	r2, r0
 621 082c 0510A0E1 		mov	r1, r5
 622 0830 0400A0E1 		mov	r0, r4
 623 0834 FEFFFFEB 		bl	__muldf3
 624 0838 FEFFFFEB 		bl	__truncdfsf2
 625 083c BC309FE5 		ldr	r3, .L55+128
 626 0840 CC109FE5 		ldr	r1, .L55+148
 627 0844 000083E5 		str	r0, [r3, #0]	@ float
 628 0848 0600A0E1 		mov	r0, r6
 629 084c FEFFFFEB 		bl	__mulsf3
 630 0850 AC309FE5 		ldr	r3, .L55+132
 631 0854 000083E5 		str	r0, [r3, #0]	@ float
 632              	.L53:
 633 0858 88309FE5 		ldr	r3, .L55+104
 634 085c 002093E5 		ldr	r2, [r3, #0]	@ float
 635 0860 74309FE5 		ldr	r3, .L55+92
 636 0864 001093E5 		ldr	r1, [r3, #0]
 637 0868 7C309FE5 		ldr	r3, .L55+108
 638 086c 002083E5 		str	r2, [r3, #0]	@ float
 639 0870 68309FE5 		ldr	r3, .L55+96
 640 0874 001083E5 		str	r1, [r3, #0]
 641 0878 F0699DE8 		ldmfd	sp, {r4, r5, r6, r7, r8, fp, sp, lr}
 642 087c 1EFF2FE1 		bx	lr
 643              	.L56:
 644              		.align	2
 645              	.L55:
 646 0880 9999B93F 		.word	1069128089
 647 0884 9A999999 		.word	-1717986918
 648 0888 FB210940 		.word	1074340347
 649 088c 182D4454 		.word	1413754136
 650 0890 FB211940 		.word	1075388923
 651 0894 182D4454 		.word	1413754136
 652 0898 FB2109C0 		.word	-1073143301
 653 089c 182D4454 		.word	1413754136
 654 08a0 00002440 		.word	1076101120
 655 08a4 00000000 		.word	0
 656 08a8 B89E2340 		.word	1076076216
 657 08ac 1F85EB51 		.word	1374389535
 658 08b0 9999A93F 		.word	1068079513
 659 08b4 9A999999 		.word	-1717986918
 660 08b8 0AD7EF3F 		.word	1072682762
 661 08bc D7A3703D 		.word	1030792151
 662 08c0 7493483F 		.word	1061720948
 663 08c4 FA7E6ABC 		.word	-1133871366
 664 08c8 976E723F 		.word	1064464023
 665 08cc 3BDF4F8D 		.word	-1924145349
 666 08d0 00005940 		.word	1079574528
 667 08d4 00000000 		.word	0
 668 08d8 0C000000 		.word	initialized.2
 669 08dc 00000000 		.word	gps_itow
 670 08e0 08000000 		.word	last_t.1
 671 08e4 00007A44 		.word	1148846080
 672 08e8 00000000 		.word	estimator_hspeed_dir
 673 08ec 04000000 		.word	last_hspeed_dir.0
 674 08f0 00000000 		.word	estimator_rad
 675 08f4 00000000 		.word	ir_roll
 676 08f8 00000000 		.word	estimator_ir
 677 08fc 00000000 		.word	ir_contrast
 678 0900 10000000 		.word	sum_xy.3
 679 0904 14000000 		.word	sum_xx.4
 680 0908 A69B443A 		.word	977574822
 681 090c 00000000 		.word	estimator_rad_of_ir
 682 0910 BC74933B 		.word	999519420
 683 0914 0000C842 		.word	1120403456
 685              		.global	__gesf2
 686              		.align	2
 687              		.global	estimator_update_state_infrared
 689              	estimator_update_state_infrared:
 690              		@ Function supports interworking.
 691              		@ args = 0, pretend = 0, frame = 0
 692              		@ frame_needed = 1, uses_anonymous_args = 0
 693 0918 0DC0A0E1 		mov	ip, sp
 694 091c F0DF2DE9 		stmfd	sp!, {r4, r5, r6, r7, r8, r9, sl, fp, ip, lr, pc}
 695 0920 58329FE5 		ldr	r3, .L78+32
 696 0924 0030D3E5 		ldrb	r3, [r3, #0]	@ zero_extendqisi2
 697 0928 010053E3 		cmp	r3, #1
 698 092c 50329F05 		ldreq	r3, .L78+36
 699 0930 50329F15 		ldrne	r3, .L78+40
 700 0934 50429FE5 		ldr	r4, .L78+44
 701 0938 007093E5 		ldr	r7, [r3, #0]	@ float
 702 093c 4C329FE5 		ldr	r3, .L78+48
 703 0940 005093E5 		ldr	r5, [r3, #0]	@ float
 704 0944 F030D4E1 		ldrsh	r3, [r4, #0]
 705 0948 010053E3 		cmp	r3, #1
 706 094c 0130A0B3 		movlt	r3, #1
 707 0950 04B04CE2 		sub	fp, ip, #4
 708 0954 B030C4E1 		strh	r3, [r4, #0]	@ movhi 
 709 0958 0510A0E1 		mov	r1, r5
 710 095c FE05A0E3 		mov	r0, #1065353216
 711 0960 FEFFFFEB 		bl	__subsf3
 712 0964 0010A0E1 		mov	r1, r0
 713 0968 0700A0E1 		mov	r0, r7
 714 096c FEFFFFEB 		bl	__mulsf3
 715 0970 FEFFFFEB 		bl	__extendsfdf2
 716 0974 0180A0E1 		mov	r8, r1
 717 0978 0070A0E1 		mov	r7, r0
 718 097c 0500A0E1 		mov	r0, r5
 719 0980 FEFFFFEB 		bl	__extendsfdf2
 720 0984 0160A0E1 		mov	r6, r1
 721 0988 0050A0E1 		mov	r5, r0
 722 098c F000D4E1 		ldrsh	r0, [r4, #0]
 723 0990 FEFFFFEB 		bl	__floatsidf
 724 0994 713F8FE2 		adr	r3, .L78
 725 0998 180093E8 		ldmia	r3, {r3-r4}
 726 099c 04A001E0 		and	sl, r1, r4
 727 09a0 039000E0 		and	r9, r0, r3
 728 09a4 0A30A0E1 		mov	r3, sl
 729 09a8 0920A0E1 		mov	r2, r9
 730 09ac 6D0F8FE2 		adr	r0, .L78+8
 731 09b0 030090E8 		ldmia	r0, {r0-r1}
 732 09b4 FEFFFFEB 		bl	__divdf3
 733 09b8 0130A0E1 		mov	r3, r1
 734 09bc 0020A0E1 		mov	r2, r0
 735 09c0 0610A0E1 		mov	r1, r6
 736 09c4 0500A0E1 		mov	r0, r5
 737 09c8 FEFFFFEB 		bl	__muldf3
 738 09cc 0130A0E1 		mov	r3, r1
 739 09d0 0020A0E1 		mov	r2, r0
 740 09d4 0810A0E1 		mov	r1, r8
 741 09d8 0700A0E1 		mov	r0, r7
 742 09dc FEFFFFEB 		bl	__adddf3
 743 09e0 FEFFFFEB 		bl	__truncdfsf2
 744 09e4 A8319FE5 		ldr	r3, .L78+52
 745 09e8 0040A0E1 		mov	r4, r0
 746 09ec F000D3E1 		ldrsh	r0, [r3, #0]
 747 09f0 FEFFFFEB 		bl	__floatsisf
 748 09f4 0010A0E1 		mov	r1, r0
 749 09f8 0400A0E1 		mov	r0, r4
 750 09fc FEFFFFEB 		bl	__mulsf3
 751 0a00 90319FE5 		ldr	r3, .L78+56
 752 0a04 001093E5 		ldr	r1, [r3, #0]	@ float
 753 0a08 FEFFFFEB 		bl	__subsf3
 754 0a0c 88719FE5 		ldr	r7, .L78+60
 755 0a10 88319FE5 		ldr	r3, .L78+64
 756 0a14 0050A0E1 		mov	r5, r0
 757 0a18 005087E5 		str	r5, [r7, #0]	@ float
 758 0a1c F000D3E1 		ldrsh	r0, [r3, #0]
 759 0a20 FEFFFFEB 		bl	__floatsisf
 760 0a24 0010A0E1 		mov	r1, r0
 761 0a28 0400A0E1 		mov	r0, r4
 762 0a2c FEFFFFEB 		bl	__mulsf3
 763 0a30 6C319FE5 		ldr	r3, .L78+68
 764 0a34 001093E5 		ldr	r1, [r3, #0]	@ float
 765 0a38 FEFFFFEB 		bl	__subsf3
 766 0a3c 64619FE5 		ldr	r6, .L78+72
 767 0a40 0010A0E3 		mov	r1, #0
 768 0a44 000086E5 		str	r0, [r6, #0]	@ float
 769 0a48 0500A0E1 		mov	r0, r5
 770 0a4c FEFFFFEB 		bl	__gesf2
 771 0a50 000050E3 		cmp	r0, #0
 772 0a54 50319FA5 		ldrge	r3, .L78+76
 773 0a58 50319FB5 		ldrlt	r3, .L78+80
 774 0a5c 0500A0A1 		movge	r0, r5
 775 0a60 001093E5 		ldr	r1, [r3, #0]	@ float
 776 0a64 0500A0B1 		movlt	r0, r5
 777 0a68 FEFFFFEB 		bl	__mulsf3
 778 0a6c 004096E5 		ldr	r4, [r6, #0]	@ float
 779 0a70 000087E5 		str	r0, [r7, #0]	@ float
 780 0a74 0010A0E3 		mov	r1, #0
 781 0a78 0400A0E1 		mov	r0, r4
 782 0a7c FEFFFFEB 		bl	__gesf2
 783 0a80 000050E3 		cmp	r0, #0
 784 0a84 A60200BA 		blt	.L63
 785 0a88 24319FE5 		ldr	r3, .L78+84
 786 0a8c 0400A0E1 		mov	r0, r4
 787 0a90 001093E5 		ldr	r1, [r3, #0]	@ float
 788 0a94 FEFFFFEB 		bl	__mulsf3
 789 0a98 000086E5 		str	r0, [r6, #0]	@ float
 790 0a9c AC0200EA 		b	.L65
 791              	.L63:
 792 0aa0 10319FE5 		ldr	r3, .L78+88
 793 0aa4 0400A0E1 		mov	r0, r4
 794 0aa8 001093E5 		ldr	r1, [r3, #0]	@ float
 795 0aac FEFFFFEB 		bl	__mulsf3
 796 0ab0 F0309FE5 		ldr	r3, .L78+72
 797 0ab4 000083E5 		str	r0, [r3, #0]	@ float
 798              	.L65:
 799 0ab8 000097E5 		ldr	r0, [r7, #0]	@ float
 800 0abc FEFFFFEB 		bl	__extendsfdf2
 801 0ac0 A8208FE2 		adr	r2, .L78+16
 802 0ac4 0C0092E8 		ldmia	r2, {r2-r3}
 803 0ac8 0150A0E1 		mov	r5, r1
 804 0acc 0040A0E1 		mov	r4, r0
 805 0ad0 FEFFFFEB 		bl	__gtdf2
 806 0ad4 000050E3 		cmp	r0, #0
 807 0ad8 DC309FC5 		ldrgt	r3, .L78+92
 808 0adc 003087C5 		strgt	r3, [r7, #0]	@ float
 809 0ae0 C00200CA 		bgt	.L68
 810 0ae4 8C208FE2 		adr	r2, .L78+24
 811 0ae8 0C0092E8 		ldmia	r2, {r2-r3}
 812 0aec 0510A0E1 		mov	r1, r5
 813 0af0 0400A0E1 		mov	r0, r4
 814 0af4 FEFFFFEB 		bl	__ltdf2
 815 0af8 000050E3 		cmp	r0, #0
 816 0afc BC209FB5 		ldrlt	r2, .L78+96
 817 0b00 94309FB5 		ldrlt	r3, .L78+60
 818 0b04 002083B5 		strlt	r2, [r3, #0]	@ float
 819              	.L68:
 820 0b08 000096E5 		ldr	r0, [r6, #0]	@ float
 821 0b0c FEFFFFEB 		bl	__extendsfdf2
 822 0b10 58208FE2 		adr	r2, .L78+16
 823 0b14 0C0092E8 		ldmia	r2, {r2-r3}
 824 0b18 0150A0E1 		mov	r5, r1
 825 0b1c 0040A0E1 		mov	r4, r0
 826 0b20 FEFFFFEB 		bl	__gtdf2
 827 0b24 000050E3 		cmp	r0, #0
 828 0b28 8C309FC5 		ldrgt	r3, .L78+92
 829 0b2c 003086C5 		strgt	r3, [r6, #0]	@ float
 830 0b30 D40200CA 		bgt	.L57
 831 0b34 3C208FE2 		adr	r2, .L78+24
 832 0b38 0C0092E8 		ldmia	r2, {r2-r3}
 833 0b3c 0510A0E1 		mov	r1, r5
 834 0b40 0400A0E1 		mov	r0, r4
 835 0b44 FEFFFFEB 		bl	__ltdf2
 836 0b48 000050E3 		cmp	r0, #0
 837 0b4c 6C209FB5 		ldrlt	r2, .L78+96
 838 0b50 50309FB5 		ldrlt	r3, .L78+72
 839 0b54 002083B5 		strlt	r2, [r3, #0]	@ float
 840              	.L57:
 841 0b58 F06F9DE8 		ldmfd	sp, {r4, r5, r6, r7, r8, r9, sl, fp, sp, lr}
 842 0b5c 1EFF2FE1 		bx	lr
 843              	.L79:
 844              		.align	2
 845              	.L78:
 846 0b60 FFFFFF7F 		.word	2147483647
 847 0b64 FFFFFFFF 		.word	-1
 848 0b68 3333FB3F 		.word	1073427251
 849 0b6c 00000040 		.word	1073741824
 850 0b70 FB21F93F 		.word	1073291771
 851 0b74 182D4454 		.word	1413754136
 852 0b78 FB21F9BF 		.word	-1074191877
 853 0b7c 182D4454 		.word	1413754136
 854 0b80 00000000 		.word	ir_estim_mode
 855 0b84 00000000 		.word	estimator_rad_of_ir
 856 0b88 00000000 		.word	ir_rad_of_ir
 857 0b8c 00000000 		.word	ir_top
 858 0b90 00000000 		.word	z_contrast_mode
 859 0b94 00000000 		.word	ir_roll
 860 0b98 00000000 		.word	ir_roll_neutral
 861 0b9c 00000000 		.word	estimator_phi
 862 0ba0 00000000 		.word	ir_pitch
 863 0ba4 00000000 		.word	ir_pitch_neutral
 864 0ba8 00000000 		.word	estimator_theta
 865 0bac 00000000 		.word	ir_correction_right
 866 0bb0 00000000 		.word	ir_correction_left
 867 0bb4 00000000 		.word	ir_correction_up
 868 0bb8 00000000 		.word	ir_correction_down
 869 0bbc DB0FC93F 		.word	1070141403
 870 0bc0 DB0FC9BF 		.word	-1077342245
 872              		.comm	ir_roll,2,2
 873              		.comm	ir_pitch,2,2
 874              		.comm	ir_top,2,2
 875              		.comm	x1_dbg,2,2
 876              		.comm	x2_dbg,2,2
 877              		.comm	ir_rad_of_ir,4,4
 878              		.comm	ir_contrast,2,2
 879              		.comm	z_contrast_mode,4,4
 880              		.comm	ir_360,1,1
 881              		.comm	ir_estimated_phi_pi_4,4,4
 882              		.comm	ir_estimated_phi_minus_pi_4,4,4
 883              		.comm	ir_estimated_theta_pi_4,4,4
 884              		.comm	ir_estimated_theta_minus_pi_4,4,4
 885              		.comm	ir_correction_left,4,4
 886              		.comm	ir_correction_right,4,4
 887              		.comm	ir_correction_up,4,4
 888              		.comm	ir_correction_down,4,4
 889              		.comm	estimator_rad_of_ir,4,4
 890              		.comm	estimator_ir,4,4
 891              		.comm	estimator_rad,4,4
 892              		.bss
 893              		.align	2
 894              	last_periodic_event:
 895 0018 00000000 		.space	4
 896              		.comm	ir_roll_neutral,4,4
 897              		.comm	ir_pitch_neutral,4,4
 898              		.comm	gyro_roll_scale,4,4
 899              		.comm	gyro_pitch_scale,4,4
 900              		.comm	gyro_roll_adc,4,4
 901              		.comm	gyro_pitch_adc,4,4
 902              		.comm	accel_ax_scale,4,4
 903              		.comm	accel_ay_scale,4,4
 904              		.comm	accel_az_scale,4,4
 905              		.comm	accel_ax_neutral,4,4
 906              		.comm	accel_ay_neutral,4,4
 907              		.comm	accel_az_neutral,4,4
 908              		.align	2
 909              	buf_ir1:
 910 001c 00000000 		.space	68
 910      00000000 
 910      00000000 
 910      00000000 
 910      00000000 
 911              		.align	2
 912              	buf_ir2:
 913 0060 00000000 		.space	68
 913      00000000 
 913      00000000 
 913      00000000 
 913      00000000 
 914              		.ident	"GCC: (GNU) 3.4.4"
DEFINED SYMBOLS
                            *ABS*:00000000 infrared.c
     /tmp/cc0TmTbc.s:6      .bss:00000000 calib_status
                             .bss:00000000 $d
     /tmp/cc0TmTbc.s:12     .text:00000000 ir_init
     /tmp/cc0TmTbc.s:16     .text:00000000 $a
     /tmp/cc0TmTbc.s:72     .text:000000d4 $d
                            *COM*:00000004 ir_rad_of_ir
     /tmp/cc0TmTbc.s:909    .bss:0000001c buf_ir1
     /tmp/cc0TmTbc.s:912    .bss:00000060 buf_ir2
                            *COM*:00000004 z_contrast_mode
                            *COM*:00000004 ir_roll_neutral
                            *COM*:00000004 ir_pitch_neutral
                            *COM*:00000004 estimator_rad_of_ir
                            *COM*:00000004 ir_correction_down
                            *COM*:00000001 ir_360
                            *COM*:00000004 ir_estimated_theta_minus_pi_4
                            *COM*:00000004 ir_correction_left
                            *COM*:00000004 ir_correction_right
                            *COM*:00000004 ir_correction_up
                            *COM*:00000004 ir_estimated_phi_pi_4
                            *COM*:00000004 ir_estimated_phi_minus_pi_4
                            *COM*:00000004 ir_estimated_theta_pi_4
                            *COM*:00000002 ir_contrast
     /tmp/cc0TmTbc.s:102    .text:00000128 ir_update
     /tmp/cc0TmTbc.s:106    .text:00000128 $a
     /tmp/cc0TmTbc.s:167    .text:00000210 $d
                            *COM*:00000002 ir_roll
                            *COM*:00000002 ir_pitch
     /tmp/cc0TmTbc.s:181    .text:00000230 ground_calibrate
     /tmp/cc0TmTbc.s:185    .text:00000230 $a
     /tmp/cc0TmTbc.s:330    .text:00000454 $d
     /tmp/cc0TmTbc.s:344    .bss:00000004 last_hspeed_dir.0
     /tmp/cc0TmTbc.s:347    .bss:00000008 last_t.1
     /tmp/cc0TmTbc.s:349    .bss:0000000c initialized.2
     /tmp/cc0TmTbc.s:352    .bss:00000010 sum_xy.3
     /tmp/cc0TmTbc.s:355    .bss:00000014 sum_xx.4
     /tmp/cc0TmTbc.s:371    .text:00000480 estimator_update_ir_estim
     /tmp/cc0TmTbc.s:375    .text:00000480 $a
     /tmp/cc0TmTbc.s:646    .text:00000880 $d
                            *COM*:00000004 estimator_rad
                            *COM*:00000004 estimator_ir
     /tmp/cc0TmTbc.s:689    .text:00000918 estimator_update_state_infrared
     /tmp/cc0TmTbc.s:693    .text:00000918 $a
     /tmp/cc0TmTbc.s:846    .text:00000b60 $d
                            *COM*:00000002 ir_top
                            *COM*:00000002 x1_dbg
                            *COM*:00000002 x2_dbg
     /tmp/cc0TmTbc.s:894    .bss:00000018 last_periodic_event
                            *COM*:00000004 gyro_roll_scale
                            *COM*:00000004 gyro_pitch_scale
                            *COM*:00000004 gyro_roll_adc
                            *COM*:00000004 gyro_pitch_adc
                            *COM*:00000004 accel_ax_scale
                            *COM*:00000004 accel_ay_scale
                            *COM*:00000004 accel_az_scale
                            *COM*:00000004 accel_ax_neutral
                            *COM*:00000004 accel_ay_neutral
                            *COM*:00000004 accel_az_neutral

UNDEFINED SYMBOLS
adc_buf_channel
__divsi3
__floatsidf
__muldf3
__adddf3
__fixdfsi
__divdf3
__truncdfsf2
uart0_check_free_space
uart0_transmit
cpu_time_sec
pprz_mode
xbee_cs
downlink_nb_ovrn
__floatsisf
__addsf3
__divsf3
__extendsfdf2
__gtdf2
__subsf3
__subdf3
__ltdf2
__ltsf2
__mulsf3
gps_itow
estimator_hspeed_dir
__gesf2
ir_estim_mode
estimator_phi
estimator_theta
