   1              		.file	"main_fbw.c"
   2              		.text
   3              		.align	2
   4              		.global	init_fbw
   6              	init_fbw:
   7              		@ Function supports interworking.
   8              		@ args = 0, pretend = 0, frame = 0
   9              		@ frame_needed = 1, uses_anonymous_args = 0
  10 0000 90219FE5 		ldr	r2, .L16
  11 0004 0DC0A0E1 		mov	ip, sp
  12 0008 2430A0E3 		mov	r3, #36
  13 000c 30D82DE9 		stmfd	sp!, {r4, r5, fp, ip, lr, pc}
  14 0010 8430C2E5 		strb	r3, [r2, #132]
  15 0014 233043E2 		sub	r3, r3, #35
  16 0018 8030C2E5 		strb	r3, [r2, #128]
  17 001c 573043E2 		sub	r3, r3, #87
  18 0020 8C30C2E5 		strb	r3, [r2, #140]
  19 0024 AB3083E2 		add	r3, r3, #171
  20 0028 8C30C2E5 		strb	r3, [r2, #140]
  21 002c 04B04CE2 		sub	fp, ip, #4
  22              	.L2:
  23 0030 60519FE5 		ldr	r5, .L16
  24 0034 B838D5E1 		ldrh	r3, [r5, #136]
  25 0038 010B13E3 		tst	r3, #1024
  26 003c 0A00000A 		beq	.L2
  27 0040 0320A0E3 		mov	r2, #3
  28 0044 5530E0E3 		mvn	r3, #85
  29 0048 8020C5E5 		strb	r2, [r5, #128]
  30 004c 8C30C5E5 		strb	r3, [r5, #140]
  31 0050 AB3083E2 		add	r3, r3, #171
  32 0054 8C30C5E5 		strb	r3, [r5, #140]
  33 0058 3C119FE5 		ldr	r1, .L16+4
  34 005c 0040A0E3 		mov	r4, #0
  35 0060 02C0A0E3 		mov	ip, #2
  36 0064 AB3083E2 		add	r3, r3, #171
  37 0068 0420C5E5 		strb	r2, [r5, #4]
  38 006c 01E0A0E3 		mov	lr, #1
  39 0070 00C0C5E5 		strb	ip, [r5, #0]
  40 0074 0420C5E5 		strb	r2, [r5, #4]
  41 0078 00C0C5E5 		strb	ip, [r5, #0]
  42 007c 0340C5E7 		strb	r4, [r5, r3]
  43 0080 0030E0E3 		mvn	r3, #0
  44 0084 40E0C5E5 		strb	lr, [r5, #64]
  45 0088 10019FE5 		ldr	r0, .L16+8
  46 008c 143081E5 		str	r3, [r1, #20]
  47 0090 0C319FE5 		ldr	r3, .L16+12
  48 0094 0C4081E5 		str	r4, [r1, #12]
  49 0098 343081E5 		str	r3, [r1, #52]
  50 009c 04C080E5 		str	ip, [r0, #4]
  51 00a0 0C4080E5 		str	r4, [r0, #12]
  52 00a4 144080E5 		str	r4, [r0, #20]
  53 00a8 284080E5 		str	r4, [r0, #40]
  54 00ac 3C4080E5 		str	r4, [r0, #60]
  55 00b0 04E080E5 		str	lr, [r0, #4]
  56 00b4 0C3091E5 		ldr	r3, [r1, #12]
  57 00b8 1030C3E3 		bic	r3, r3, #16
  58 00bc 0C3081E5 		str	r3, [r1, #12]
  59 00c0 1030A0E3 		mov	r3, #16
  60 00c4 103081E5 		str	r3, [r1, #16]
  61 00c8 143083E2 		add	r3, r3, #20
  62 00cc 043281E5 		str	r3, [r1, #516]
  63 00d0 D0309FE5 		ldr	r3, .L16+16
  64 00d4 D0209FE5 		ldr	r2, .L16+20
  65 00d8 043181E5 		str	r3, [r1, #260]
  66 00dc 183092E5 		ldr	r3, [r2, #24]
  67 00e0 013283E3 		orr	r3, r3, #268435456
  68 00e4 183082E5 		str	r3, [r2, #24]
  69 00e8 0132A0E3 		mov	r3, #268435456
  70 00ec 143082E5 		str	r3, [r2, #20]
  71 00f0 183092E5 		ldr	r3, [r2, #24]
  72 00f4 023783E3 		orr	r3, r3, #524288
  73 00f8 183082E5 		str	r3, [r2, #24]
  74 00fc 0237A0E3 		mov	r3, #524288
  75 0100 143082E5 		str	r3, [r2, #20]
  76 0104 A4309FE5 		ldr	r3, .L16+24
  77 0108 B040C3E1 		strh	r4, [r3, #0]	@ movhi 
  78 010c A0309FE5 		ldr	r3, .L16+28
  79 0110 004083E5 		str	r4, [r3, #0]
  80 0114 FEFFFFEB 		bl	uart0_init_tx
  81 0118 FEFFFFEB 		bl	uart1_init_tx
  82 011c FEFFFFEB 		bl	adc_init
  83 0120 0E00A0E3 		mov	r0, #14
  84 0124 8C109FE5 		ldr	r1, .L16+32
  85 0128 2020A0E3 		mov	r2, #32
  86 012c FEFFFFEB 		bl	adc_buf_channel
  87 0130 FEFFFFEB 		bl	actuators_init
  88              	.L11:
  89 0134 80209FE5 		ldr	r2, .L16+36
  90 0138 8410A0E1 		mov	r1, r4, asl #1
  91 013c 7C309FE5 		ldr	r3, .L16+40
  92 0140 014084E2 		add	r4, r4, #1
  93 0144 B22091E1 		ldrh	r2, [r1, r2]
  94 0148 030054E3 		cmp	r4, #3
  95 014c B32081E1 		strh	r2, [r1, r3]	@ movhi 
  96 0150 4B0000DA 		ble	.L11
  97 0154 68209FE5 		ldr	r2, .L16+44
  98 0158 003092E5 		ldr	r3, [r2, #0]
  99 015c 023A83E3 		orr	r3, r3, #8192
 100 0160 003082E5 		str	r3, [r2, #0]
 101 0164 5C009FE5 		ldr	r0, .L16+48
 102 0168 30309FE5 		ldr	r3, .L16+8
 103 016c 062DA0E3 		mov	r2, #384
 104 0170 282083E5 		str	r2, [r3, #40]
 105 0174 00C090E5 		ldr	ip, [r0, #0]
 106 0178 4C309FE5 		ldr	r3, .L16+52
 107 017c 0010A0E3 		mov	r1, #0
 108 0180 0010C3E5 		strb	r1, [r3, #0]
 109 0184 1110CCE5 		strb	r1, [ip, #17]
 110 0188 003090E5 		ldr	r3, [r0, #0]
 111 018c 1210C3E5 		strb	r1, [r3, #18]
 112 0190 30689DE8 		ldmfd	sp, {r4, r5, fp, sp, lr}
 113 0194 1EFF2FE1 		bx	lr
 114              	.L17:
 115              		.align	2
 116              	.L16:
 117 0198 00C01FE0 		.word	-534790144
 118 019c 00F0FFFF 		.word	-4096
 119 01a0 004000E0 		.word	-536854528
 120 01a4 00000000 		.word	reset
 121 01a8 00000000 		.word	TIMER0_ISR
 122 01ac 008002E0 		.word	-536707072
 123 01b0 00000000 		.word	cpu_time_sec
 124 01b4 00000000 		.word	cpu_time_ticks
 125 01b8 00000000 		.word	vsupply_adc_buf
 126 01bc 00000000 		.word	commands_failsafe
 127 01c0 00000000 		.word	commands
 128 01c4 00C002E0 		.word	-536690688
 129 01c8 00000000 		.word	fbw_state
 130 01cc 00000000 		.word	ppm_valid
 132              		.bss
 133              	avg_cpt.7:
 134 0000 00       		.space	1
 135              		.global	__floatsisf
 136              		.global	__mulsf3
 137              		.global	__fixsfsi
 138              		.text
 139              		.align	2
 140              		.global	event_task_fbw
 142              	event_task_fbw:
 143              		@ Function supports interworking.
 144              		@ args = 0, pretend = 0, frame = 0
 145              		@ frame_needed = 1, uses_anonymous_args = 0
 146 01d0 0DC0A0E1 		mov	ip, sp
 147 01d4 F0D82DE9 		stmfd	sp!, {r4, r5, r6, r7, fp, ip, lr, pc}
 148 01d8 04B04CE2 		sub	fp, ip, #4
 149 01dc 40C59FE5 		ldr	ip, .L91
 150 01e0 0030DCE5 		ldrb	r3, [ip, #0]	@ zero_extendqisi2
 151 01e4 000053E3 		cmp	r3, #0
 152 01e8 7901000A 		beq	.L19
 153 01ec 34159FE5 		ldr	r1, .L91+4
 154 01f0 34759FE5 		ldr	r7, .L91+8
 155 01f4 0030D1E5 		ldrb	r3, [r1, #0]	@ zero_extendqisi2
 156 01f8 B040D7E1 		ldrh	r4, [r7, #0]
 157 01fc 013083E2 		add	r3, r3, #1
 158 0200 0030C1E5 		strb	r3, [r1, #0]
 159 0204 594C44E2 		sub	r4, r4, #22784
 160 0208 20359FE5 		ldr	r3, .L91+12
 161 020c 0020A0E3 		mov	r2, #0
 162 0210 5B4044E2 		sub	r4, r4, #91
 163 0214 0020C3E5 		strb	r2, [r3, #0]
 164 0218 0448A0E1 		mov	r4, r4, asl #16
 165 021c 10359FE5 		ldr	r3, .L91+16
 166 0220 4448A0E1 		mov	r4, r4, asr #16
 167 0224 0020C3E5 		strb	r2, [r3, #0]
 168 0228 0020CCE5 		strb	r2, [ip, #0]
 169 022c 0400A0E1 		mov	r0, r4
 170 0230 FEFFFFEB 		bl	__floatsisf
 171 0234 000054E3 		cmp	r4, #0
 172 0238 F8149FA5 		ldrge	r1, .L91+20
 173 023c F8149FB5 		ldrlt	r1, .L91+24
 174 0240 FEFFFFEB 		bl	__mulsf3
 175 0244 FEFFFFEB 		bl	__fixsfsi
 176 0248 F0549FE5 		ldr	r5, .L91+28
 177 024c B000C5E1 		strh	r0, [r5, #0]	@ movhi 
 178 0250 F030D5E1 		ldrsh	r3, [r5, #0]
 179 0254 960D53E3 		cmp	r3, #9600
 180 0258 961DA0C3 		movgt	r1, #9600	@ movhi
 181 025c B010C5C1 		strgth	r1, [r5, #0]	@ movhi 
 182 0260 9B0000CA 		bgt	.L23
 183 0264 960D73E3 		cmn	r3, #9600
 184 0268 D4249FB5 		ldrlt	r2, .L91+32
 185 026c CC349FB5 		ldrlt	r3, .L91+28
 186 0270 B020C3B1 		strlth	r2, [r3, #0]	@ movhi 
 187              	.L23:
 188 0274 B240D7E1 		ldrh	r4, [r7, #2]
 189 0278 164B44E2 		sub	r4, r4, #22528
 190 027c F24044E2 		sub	r4, r4, #242
 191 0280 0448A0E1 		mov	r4, r4, asl #16
 192 0284 4448A0E1 		mov	r4, r4, asr #16
 193 0288 0400A0E1 		mov	r0, r4
 194 028c FEFFFFEB 		bl	__floatsisf
 195 0290 000054E3 		cmp	r4, #0
 196 0294 AC149FA5 		ldrge	r1, .L91+36
 197 0298 AC149FB5 		ldrlt	r1, .L91+40
 198 029c FEFFFFEB 		bl	__mulsf3
 199 02a0 FEFFFFEB 		bl	__fixsfsi
 200 02a4 94349FE5 		ldr	r3, .L91+28
 201 02a8 B200C3E1 		strh	r0, [r3, #2]	@ movhi 
 202 02ac F230D5E1 		ldrsh	r3, [r5, #2]
 203 02b0 960D53E3 		cmp	r3, #9600
 204 02b4 962DA0C3 		movgt	r2, #9600	@ movhi
 205 02b8 B220C5C1 		strgth	r2, [r5, #2]	@ movhi 
 206 02bc B20000CA 		bgt	.L28
 207 02c0 960D73E3 		cmn	r3, #9600
 208 02c4 78249FB5 		ldrlt	r2, .L91+32
 209 02c8 70349FB5 		ldrlt	r3, .L91+28
 210 02cc B220C3B1 		strlth	r2, [r3, #2]	@ movhi 
 211              	.L28:
 212 02d0 B400D7E1 		ldrh	r0, [r7, #4]
 213 02d4 710C40E2 		sub	r0, r0, #28928
 214 02d8 AC0040E2 		sub	r0, r0, #172
 215 02dc 0008A0E1 		mov	r0, r0, asl #16
 216 02e0 4008A0E1 		mov	r0, r0, asr #16
 217 02e4 FEFFFFEB 		bl	__floatsisf
 218 02e8 60149FE5 		ldr	r1, .L91+44
 219 02ec FEFFFFEB 		bl	__mulsf3
 220 02f0 FEFFFFEB 		bl	__fixsfsi
 221 02f4 B400C5E1 		strh	r0, [r5, #4]	@ movhi 
 222 02f8 F430D5E1 		ldrsh	r3, [r5, #4]
 223 02fc 960D53E3 		cmp	r3, #9600
 224 0300 963DA0C3 		movgt	r3, #9600	@ movhi
 225 0304 B430C5C1 		strgth	r3, [r5, #4]	@ movhi 
 226 0308 C50000CA 		bgt	.L31
 227 030c 000053E3 		cmp	r3, #0
 228 0310 28349FB5 		ldrlt	r3, .L91+28
 229 0314 0010A0B3 		movlt	r1, #0	@ movhi
 230 0318 B410C3B1 		strlth	r1, [r3, #4]	@ movhi 
 231              	.L31:
 232 031c B640D7E1 		ldrh	r4, [r7, #6]
 233 0320 574C44E2 		sub	r4, r4, #22272
 234 0324 C64044E2 		sub	r4, r4, #198
 235 0328 0448A0E1 		mov	r4, r4, asl #16
 236 032c 4448A0E1 		mov	r4, r4, asr #16
 237 0330 0400A0E1 		mov	r0, r4
 238 0334 FEFFFFEB 		bl	__floatsisf
 239 0338 000054E3 		cmp	r4, #0
 240 033c 10149FA5 		ldrge	r1, .L91+48
 241 0340 10149FB5 		ldrlt	r1, .L91+52
 242 0344 FEFFFFEB 		bl	__mulsf3
 243 0348 FEFFFFEB 		bl	__fixsfsi
 244 034c EC339FE5 		ldr	r3, .L91+28
 245 0350 B600C3E1 		strh	r0, [r3, #6]	@ movhi 
 246 0354 F630D5E1 		ldrsh	r3, [r5, #6]
 247 0358 960D53E3 		cmp	r3, #9600
 248 035c 962DA0C3 		movgt	r2, #9600	@ movhi
 249 0360 B620C5C1 		strgth	r2, [r5, #6]	@ movhi 
 250 0364 DC0000CA 		bgt	.L36
 251 0368 960D73E3 		cmn	r3, #9600
 252 036c D0239FB5 		ldrlt	r2, .L91+32
 253 0370 C8339FB5 		ldrlt	r3, .L91+28
 254 0374 B620C3B1 		strlth	r2, [r3, #6]	@ movhi 
 255              	.L36:
 256 0378 BA40D7E1 		ldrh	r4, [r7, #10]
 257 037c D8639FE5 		ldr	r6, .L91+56
 258 0380 574C44E2 		sub	r4, r4, #22272
 259 0384 C64044E2 		sub	r4, r4, #198
 260 0388 B820D7E1 		ldrh	r2, [r7, #8]
 261 038c 103096E5 		ldr	r3, [r6, #16]
 262 0390 0448A0E1 		mov	r4, r4, asl #16
 263 0394 4448A0E1 		mov	r4, r4, asr #16
 264 0398 023083E0 		add	r3, r3, r2
 265 039c 0400A0E1 		mov	r0, r4
 266 03a0 103086E5 		str	r3, [r6, #16]
 267 03a4 FEFFFFEB 		bl	__floatsisf
 268 03a8 000054E3 		cmp	r4, #0
 269 03ac A0139FA5 		ldrge	r1, .L91+48
 270 03b0 A0139FB5 		ldrlt	r1, .L91+52
 271 03b4 FEFFFFEB 		bl	__mulsf3
 272 03b8 FEFFFFEB 		bl	__fixsfsi
 273 03bc 7C339FE5 		ldr	r3, .L91+28
 274 03c0 BA00C3E1 		strh	r0, [r3, #10]	@ movhi 
 275 03c4 FA30D5E1 		ldrsh	r3, [r5, #10]
 276 03c8 960D53E3 		cmp	r3, #9600
 277 03cc 963DA0C3 		movgt	r3, #9600	@ movhi
 278 03d0 BA30C5C1 		strgth	r3, [r5, #10]	@ movhi 
 279 03d4 F80000CA 		bgt	.L41
 280 03d8 960D73E3 		cmn	r3, #9600
 281 03dc 60239FB5 		ldrlt	r2, .L91+32
 282 03e0 58339FB5 		ldrlt	r3, .L91+28
 283 03e4 BA20C3B1 		strlth	r2, [r3, #10]	@ movhi 
 284              	.L41:
 285 03e8 70E39FE5 		ldr	lr, .L91+60
 286 03ec 0030DEE5 		ldrb	r3, [lr, #0]	@ zero_extendqisi2
 287 03f0 013083E2 		add	r3, r3, #1
 288 03f4 0030CEE5 		strb	r3, [lr, #0]
 289 03f8 1C2096E5 		ldr	r2, [r6, #28]
 290 03fc 183096E5 		ldr	r3, [r6, #24]
 291 0400 BEC0D7E1 		ldrh	ip, [r7, #14]
 292 0404 BC10D7E1 		ldrh	r1, [r7, #12]
 293 0408 0000DEE5 		ldrb	r0, [lr, #0]	@ zero_extendqisi2
 294 040c 013083E0 		add	r3, r3, r1
 295 0410 0C2082E0 		add	r2, r2, ip
 296 0414 080050E3 		cmp	r0, #8
 297 0418 183086E5 		str	r3, [r6, #24]
 298 041c 1C2086E5 		str	r2, [r6, #28]
 299 0420 6001001A 		bne	.L59
 300 0424 104096E5 		ldr	r4, [r6, #16]
 301 0428 C43FA0E1 		mov	r3, r4, asr #31
 302 042c A34E84E0 		add	r4, r4, r3, lsr #29
 303 0430 C441A0E1 		mov	r4, r4, asr #3
 304 0434 594C44E2 		sub	r4, r4, #22784
 305 0438 5B4044E2 		sub	r4, r4, #91
 306 043c 0448A0E1 		mov	r4, r4, asl #16
 307 0440 0030A0E3 		mov	r3, #0
 308 0444 4448A0E1 		mov	r4, r4, asr #16
 309 0448 0030CEE5 		strb	r3, [lr, #0]
 310 044c 0400A0E1 		mov	r0, r4
 311 0450 FEFFFFEB 		bl	__floatsisf
 312 0454 000054E3 		cmp	r4, #0
 313 0458 04139FA5 		ldrge	r1, .L91+64
 314 045c 04139FB5 		ldrlt	r1, .L91+68
 315 0460 FEFFFFEB 		bl	__mulsf3
 316 0464 FEFFFFEB 		bl	__fixsfsi
 317 0468 D0329FE5 		ldr	r3, .L91+28
 318 046c B800C3E1 		strh	r0, [r3, #8]	@ movhi 
 319 0470 F820D5E1 		ldrsh	r2, [r5, #8]
 320 0474 960D52E3 		cmp	r2, #9600
 321 0478 0030A0E3 		mov	r3, #0
 322 047c 961DA0C3 		movgt	r1, #9600	@ movhi
 323 0480 103086E5 		str	r3, [r6, #16]
 324 0484 B810C5C1 		strgth	r1, [r5, #8]	@ movhi 
 325 0488 250100CA 		bgt	.L47
 326 048c 960D72E3 		cmn	r2, #9600
 327 0490 AC229FB5 		ldrlt	r2, .L91+32
 328 0494 A4329FB5 		ldrlt	r3, .L91+28
 329 0498 B820C3B1 		strlth	r2, [r3, #8]	@ movhi 
 330              	.L47:
 331 049c 184096E5 		ldr	r4, [r6, #24]
 332 04a0 C43FA0E1 		mov	r3, r4, asr #31
 333 04a4 A34E84E0 		add	r4, r4, r3, lsr #29
 334 04a8 C441A0E1 		mov	r4, r4, asr #3
 335 04ac 164B44E2 		sub	r4, r4, #22528
 336 04b0 F24044E2 		sub	r4, r4, #242
 337 04b4 0448A0E1 		mov	r4, r4, asl #16
 338 04b8 4448A0E1 		mov	r4, r4, asr #16
 339 04bc 0400A0E1 		mov	r0, r4
 340 04c0 FEFFFFEB 		bl	__floatsisf
 341 04c4 000054E3 		cmp	r4, #0
 342 04c8 9C129FA5 		ldrge	r1, .L91+72
 343 04cc 9C129FB5 		ldrlt	r1, .L91+76
 344 04d0 FEFFFFEB 		bl	__mulsf3
 345 04d4 FEFFFFEB 		bl	__fixsfsi
 346 04d8 60329FE5 		ldr	r3, .L91+28
 347 04dc BC00C3E1 		strh	r0, [r3, #12]	@ movhi 
 348 04e0 FC20D5E1 		ldrsh	r2, [r5, #12]
 349 04e4 960D52E3 		cmp	r2, #9600
 350 04e8 0030A0E3 		mov	r3, #0
 351 04ec 962DA0C3 		movgt	r2, #9600	@ movhi
 352 04f0 183086E5 		str	r3, [r6, #24]
 353 04f4 BC20C5C1 		strgth	r2, [r5, #12]	@ movhi 
 354 04f8 410100CA 		bgt	.L52
 355 04fc 960D72E3 		cmn	r2, #9600
 356 0500 3C229FB5 		ldrlt	r2, .L91+32
 357 0504 34329FB5 		ldrlt	r3, .L91+28
 358 0508 BC20C3B1 		strlth	r2, [r3, #12]	@ movhi 
 359              	.L52:
 360 050c 1C4096E5 		ldr	r4, [r6, #28]
 361 0510 C43FA0E1 		mov	r3, r4, asr #31
 362 0514 A34E84E0 		add	r4, r4, r3, lsr #29
 363 0518 C441A0E1 		mov	r4, r4, asr #3
 364 051c 594C44E2 		sub	r4, r4, #22784
 365 0520 6A4044E2 		sub	r4, r4, #106
 366 0524 0448A0E1 		mov	r4, r4, asl #16
 367 0528 4448A0E1 		mov	r4, r4, asr #16
 368 052c 0400A0E1 		mov	r0, r4
 369 0530 FEFFFFEB 		bl	__floatsisf
 370 0534 000054E3 		cmp	r4, #0
 371 0538 34129FA5 		ldrge	r1, .L91+80
 372 053c 34129FB5 		ldrlt	r1, .L91+84
 373 0540 FEFFFFEB 		bl	__mulsf3
 374 0544 FEFFFFEB 		bl	__fixsfsi
 375 0548 F0319FE5 		ldr	r3, .L91+28
 376 054c BE00C3E1 		strh	r0, [r3, #14]	@ movhi 
 377 0550 FE20D5E1 		ldrsh	r2, [r5, #14]
 378 0554 0030A0E3 		mov	r3, #0
 379 0558 960D52E3 		cmp	r2, #9600
 380 055c 1C3086E5 		str	r3, [r6, #28]
 381 0560 963DA0C3 		movgt	r3, #9600	@ movhi
 382 0564 BE30C5C1 		strgth	r3, [r5, #14]	@ movhi 
 383 0568 5D0100CA 		bgt	.L57
 384 056c 960D72E3 		cmn	r2, #9600
 385 0570 CC219FB5 		ldrlt	r2, .L91+32
 386 0574 C4319FB5 		ldrlt	r3, .L91+28
 387 0578 BE20C3B1 		strlth	r2, [r3, #14]	@ movhi 
 388              	.L57:
 389 057c F8319FE5 		ldr	r3, .L91+88
 390 0580 0120A0E3 		mov	r2, #1
 391 0584 0020C3E5 		strb	r2, [r3, #0]
 392              	.L59:
 393 0588 EC319FE5 		ldr	r3, .L91+88
 394 058c 0030D3E5 		ldrb	r3, [r3, #0]	@ zero_extendqisi2
 395 0590 000053E3 		cmp	r3, #0
 396 0594 6B01000A 		beq	.L60
 397 0598 A0319FE5 		ldr	r3, .L91+28
 398 059c FE30D3E1 		ldrsh	r3, [r3, #14]
 399 05a0 D8219FE5 		ldr	r2, .L91+92
 400 05a4 4B0D73E3 		cmn	r3, #4800
 401 05a8 0030A0B3 		movlt	r3, #0
 402 05ac 0130A0A3 		movge	r3, #1
 403 05b0 0030C2E5 		strb	r3, [r2, #0]
 404              	.L60:
 405 05b4 C4319FE5 		ldr	r3, .L91+92
 406 05b8 0030D3E5 		ldrb	r3, [r3, #0]	@ zero_extendqisi2
 407 05bc 000053E3 		cmp	r3, #0
 408 05c0 7901001A 		bne	.L19
 409 05c4 74319FE5 		ldr	r3, .L91+28
 410 05c8 B4219FE5 		ldr	r2, .L91+96
 411 05cc B610D3E1 		ldrh	r1, [r3, #6]
 412 05d0 B610C2E1 		strh	r1, [r2, #6]	@ movhi 
 413 05d4 B410D3E1 		ldrh	r1, [r3, #4]
 414 05d8 B010C2E1 		strh	r1, [r2, #0]	@ movhi 
 415 05dc B010D3E1 		ldrh	r1, [r3, #0]
 416 05e0 B230D3E1 		ldrh	r3, [r3, #2]
 417 05e4 B210C2E1 		strh	r1, [r2, #2]	@ movhi 
 418 05e8 B430C2E1 		strh	r3, [r2, #4]	@ movhi 
 419              	.L19:
 420 05ec 94019FE5 		ldr	r0, .L91+100
 421 05f0 0030D0E5 		ldrb	r3, [r0, #0]	@ zero_extendqisi2
 422 05f4 000053E3 		cmp	r3, #0
 423 05f8 C501000A 		beq	.L18
 424 05fc 7CE19FE5 		ldr	lr, .L91+92
 425 0600 0030DEE5 		ldrb	r3, [lr, #0]	@ zero_extendqisi2
 426 0604 010053E3 		cmp	r3, #1
 427 0608 7C319FE5 		ldr	r3, .L91+104
 428 060c 0010A0E3 		mov	r1, #0
 429 0610 0120A0E3 		mov	r2, #1
 430 0614 0010C0E5 		strb	r1, [r0, #0]
 431 0618 0020C3E5 		strb	r2, [r3, #0]
 432 061c 6C319FE5 		ldr	r3, .L91+108
 433 0620 0010C3E5 		strb	r1, [r3, #0]
 434 0624 68319FE5 		ldr	r3, .L91+112
 435 0628 0020C3E5 		strb	r2, [r3, #0]
 436 062c 9401001A 		bne	.L64
 437 0630 0100A0E1 		mov	r0, r1
 438              	.L68:
 439 0634 5C319FE5 		ldr	r3, .L91+116
 440 0638 001093E5 		ldr	r1, [r3, #0]
 441 063c 8020A0E1 		mov	r2, r0, asl #1
 442 0640 3C319FE5 		ldr	r3, .L91+96
 443 0644 010080E2 		add	r0, r0, #1
 444 0648 B11092E1 		ldrh	r1, [r2, r1]
 445 064c 030050E3 		cmp	r0, #3
 446 0650 B31082E1 		strh	r1, [r2, r3]	@ movhi 
 447 0654 8B0100DA 		ble	.L68
 448              	.L64:
 449 0658 0010A0E3 		mov	r1, #0
 450              	.L72:
 451 065c 013081E2 		add	r3, r1, #1
 452 0660 8120A0E1 		mov	r2, r1, asl #1
 453 0664 30C19FE5 		ldr	ip, .L91+120
 454 0668 FF1003E2 		and	r1, r3, #255
 455 066c CC309FE5 		ldr	r3, .L91+28
 456 0670 00009CE5 		ldr	r0, [ip, #0]
 457 0674 B33092E1 		ldrh	r3, [r2, r3]
 458 0678 070051E3 		cmp	r1, #7
 459 067c B03082E1 		strh	r3, [r2, r0]	@ movhi 
 460 0680 9501009A 		bls	.L72
 461 0684 14319FE5 		ldr	r3, .L91+124
 462 0688 0030D3E5 		ldrb	r3, [r3, #0]	@ zero_extendqisi2
 463 068c 1030C0E5 		strb	r3, [r0, #16]
 464 0690 98309FE5 		ldr	r3, .L91+12
 465 0694 0030D3E5 		ldrb	r3, [r3, #0]	@ zero_extendqisi2
 466 0698 012073E2 		rsbs	r2, r3, #1
 467 069c 0020A033 		movcc	r2, #0
 468 06a0 020053E3 		cmp	r3, #2
 469 06a4 FF200212 		andne	r2, r2, #255
 470 06a8 AC01001A 		bne	.L74
 471 06ac 000052E3 		cmp	r2, #0
 472 06b0 0320A013 		movne	r2, #3
 473 06b4 0220A003 		moveq	r2, #2
 474              	.L74:
 475 06b8 0030DEE5 		ldrb	r3, [lr, #0]	@ zero_extendqisi2
 476 06bc 010053E3 		cmp	r3, #1
 477 06c0 0030DEE5 		ldrb	r3, [lr, #0]	@ zero_extendqisi2
 478 06c4 04208203 		orreq	r2, r2, #4
 479 06c8 FF200212 		andne	r2, r2, #255
 480 06cc 020053E3 		cmp	r3, #2
 481 06d0 00309CE5 		ldr	r3, [ip, #0]
 482 06d4 08208203 		orreq	r2, r2, #8
 483 06d8 FF200212 		andne	r2, r2, #255
 484 06dc 1120C3E5 		strb	r2, [r3, #17]
 485 06e0 94109FE5 		ldr	r1, .L91+88
 486 06e4 0030D1E5 		ldrb	r3, [r1, #0]	@ zero_extendqisi2
 487 06e8 000053E3 		cmp	r3, #0
 488 06ec C001000A 		beq	.L79
 489 06f0 00309CE5 		ldr	r3, [ip, #0]
 490 06f4 1120D3E5 		ldrb	r2, [r3, #17]	@ zero_extendqisi2
 491 06f8 102082E3 		orr	r2, r2, #16
 492 06fc 1120C3E5 		strb	r2, [r3, #17]
 493 0700 0030A0E3 		mov	r3, #0
 494 0704 0030C1E5 		strb	r3, [r1, #0]
 495              	.L79:
 496 0708 8C309FE5 		ldr	r3, .L91+120
 497 070c 002093E5 		ldr	r2, [r3, #0]
 498 0710 8C309FE5 		ldr	r3, .L91+128
 499 0714 0030D3E5 		ldrb	r3, [r3, #0]	@ zero_extendqisi2
 500 0718 1330C2E5 		strb	r3, [r2, #19]
 501              	.L18:
 502 071c F0689DE8 		ldmfd	sp, {r4, r5, r6, r7, fp, sp, lr}
 503 0720 1EFF2FE1 		bx	lr
 504              	.L92:
 505              		.align	2
 506              	.L91:
 507 0724 00000000 		.word	ppm_valid
 508 0728 00000000 		.word	ppm_cpt
 509 072c 00000000 		.word	ppm_pulses
 510 0730 00000000 		.word	rc_status
 511 0734 00000000 		.word	time_since_last_ppm
 512 0738 E059C7BF 		.word	-1077454368
 513 073c D8DFC5BF 		.word	-1077551144
 514 0740 00000000 		.word	rc_values
 515 0744 80DAFFFF 		.word	-9600
 516 0748 5C83C33F 		.word	1069777756
 517 074c 79CEC93F 		.word	1070190201
 518 0750 289C46BF 		.word	-1085891544
 519 0754 76EDD5BF 		.word	-1076499082
 520 0758 E156B9BF 		.word	-1078372639
 521 075c 00000000 		.word	avg_rc_values
 522 0760 00000000 		.word	avg_cpt.7
 523 0764 165B93BF 		.word	-1080861930
 524 0768 869A93BF 		.word	-1080845690
 525 076c 238C923F 		.word	1066568739
 526 0770 DA81953F 		.word	1066762714
 527 0774 9A4D92BF 		.word	-1080930918
 528 0778 2F2394BF 		.word	-1080810705
 529 077c 00000000 		.word	rc_values_contains_avg_channels
 530 0780 00000000 		.word	fbw_mode
 531 0784 00000000 		.word	commands
 532 0788 00000000 		.word	inter_mcu_received_ap
 533 078c 00000000 		.word	inter_mcu_received_fbw
 534 0790 00000000 		.word	time_since_last_ap
 535 0794 00000000 		.word	ap_ok
 536 0798 00000000 		.word	ap_state
 537 079c 00000000 		.word	fbw_state
 538 07a0 00000000 		.word	last_ppm_cpt
 539 07a4 00000000 		.word	fbw_vsupply_decivolt
 541              		.bss
 542              	_10Hz.0:
 543 0001 00       		.space	1
 544              	_1Hz.1:
 545 0002 00       		.space	1
 546              	i60.2:
 547 0003 00       		.space	1
 548              		.align	1
 549              	i300.3:
 550 0004 0000     		.space	2
 551              	i30.4:
 552 0006 00       		.space	1
 553              	i60.5:
 554 0007 00       		.space	1
 555              		.align	1
 556              	i300.6:
 557 0008 0000     		.space	2
 558              		.global	__divsi3
 559              		.global	__floatsidf
 560              		.global	__muldf3
 561              		.global	__fixunsdfsi
 562              		.global	__subsf3
 563              		.global	__extendsfdf2
 564              		.global	__gtsf2
 565              		.global	__truncdfsf2
 566              		.global	__adddf3
 567              		.global	__fixdfsi
 568              		.text
 569              		.align	2
 570              		.global	periodic_task_fbw
 572              	periodic_task_fbw:
 573              		@ Function supports interworking.
 574              		@ args = 0, pretend = 0, frame = 0
 575              		@ frame_needed = 1, uses_anonymous_args = 0
 576 07a8 0DC0A0E1 		mov	ip, sp
 577 07ac F0DD2DE9 		stmfd	sp!, {r4, r5, r6, r7, r8, sl, fp, ip, lr, pc}
 578 07b0 2CAB9FE5 		ldr	sl, .L197+64
 579 07b4 0030DAE5 		ldrb	r3, [sl, #0]	@ zero_extendqisi2
 580 07b8 013083E2 		add	r3, r3, #1
 581 07bc 0030CAE5 		strb	r3, [sl, #0]
 582 07c0 0030DAE5 		ldrb	r3, [sl, #0]	@ zero_extendqisi2
 583 07c4 04B04CE2 		sub	fp, ip, #4
 584 07c8 050053E3 		cmp	r3, #5
 585 07cc 14CB9FE5 		ldr	ip, .L197+68
 586 07d0 0030A083 		movhi	r3, #0
 587 07d4 0030CA85 		strhib	r3, [sl, #0]
 588 07d8 0030DCE5 		ldrb	r3, [ip, #0]	@ zero_extendqisi2
 589 07dc 013083E2 		add	r3, r3, #1
 590 07e0 0030CCE5 		strb	r3, [ip, #0]
 591 07e4 0030DCE5 		ldrb	r3, [ip, #0]	@ zero_extendqisi2
 592 07e8 3B0053E3 		cmp	r3, #59
 593 07ec 0102009A 		bls	.L95
 594 07f0 F40A9FE5 		ldr	r0, .L197+72
 595 07f4 F43A9FE5 		ldr	r3, .L197+76
 596 07f8 0010D0E5 		ldrb	r1, [r0, #0]	@ zero_extendqisi2
 597 07fc 0020A0E3 		mov	r2, #0
 598 0800 0010C3E5 		strb	r1, [r3, #0]
 599 0804 0020C0E5 		strb	r2, [r0, #0]
 600 0808 0020CCE5 		strb	r2, [ip, #0]
 601              	.L95:
 602 080c E00A9FE5 		ldr	r0, .L197+80
 603 0810 0010D0E5 		ldrb	r1, [r0, #0]	@ zero_extendqisi2
 604 0814 FF3001E2 		and	r3, r1, #255
 605 0818 3B0053E3 		cmp	r3, #59
 606 081c D43A9F85 		ldrhi	r3, .L197+84
 607 0820 0220A083 		movhi	r2, #2
 608 0824 0020C385 		strhib	r2, [r3, #0]
 609 0828 0F02008A 		bhi	.L99
 610 082c 1D0053E3 		cmp	r3, #29
 611 0830 C03A9F85 		ldrhi	r3, .L197+84
 612 0834 0120A083 		movhi	r2, #1
 613 0838 0020C385 		strhib	r2, [r3, #0]
 614 083c 013081E2 		add	r3, r1, #1
 615 0840 0030C0E5 		strb	r3, [r0, #0]
 616              	.L99:
 617 0844 B05A9FE5 		ldr	r5, .L197+88
 618 0848 0030D5E5 		ldrb	r3, [r5, #0]	@ zero_extendqisi2
 619 084c 000053E3 		cmp	r3, #0
 620 0850 1802001A 		bne	.L100
 621 0854 9C3A9FE5 		ldr	r3, .L197+84
 622 0858 0030D3E5 		ldrb	r3, [r3, #0]	@ zero_extendqisi2
 623 085c 020053E3 		cmp	r3, #2
 624 0860 01304302 		subeq	r3, r3, #1
 625 0864 0030C505 		streqb	r3, [r5, #0]
 626              	.L100:
 627 0868 902A9FE5 		ldr	r2, .L197+92
 628 086c 0030D2E5 		ldrb	r3, [r2, #0]	@ zero_extendqisi2
 629 0870 1D0053E3 		cmp	r3, #29
 630 0874 883A9F85 		ldrhi	r3, .L197+96
 631 0878 01308392 		addls	r3, r3, #1
 632 087c 0020A083 		movhi	r2, #0
 633 0880 0020C385 		strhib	r2, [r3, #0]
 634 0884 0030C295 		strlsb	r3, [r2, #0]
 635 0888 0030D5E5 		ldrb	r3, [r5, #0]	@ zero_extendqisi2
 636 088c 010053E3 		cmp	r3, #1
 637 0890 3202001A 		bne	.L104
 638 0894 683A9FE5 		ldr	r3, .L197+96
 639 0898 0010D3E5 		ldrb	r1, [r3, #0]	@ zero_extendqisi2
 640 089c 000051E3 		cmp	r1, #0
 641 08a0 3202001A 		bne	.L104
 642 08a4 0230A0E3 		mov	r3, #2
 643 08a8 0030C5E5 		strb	r3, [r5, #0]
 644 08ac 0100A0E1 		mov	r0, r1
 645              	.L108:
 646 08b0 502A9FE5 		ldr	r2, .L197+100
 647 08b4 8010A0E1 		mov	r1, r0, asl #1
 648 08b8 4C3A9FE5 		ldr	r3, .L197+104
 649 08bc 010080E2 		add	r0, r0, #1
 650 08c0 B22091E1 		ldrh	r2, [r1, r2]
 651 08c4 030050E3 		cmp	r0, #3
 652 08c8 B32081E1 		strh	r2, [r1, r3]	@ movhi 
 653 08cc 2A0200DA 		ble	.L108
 654              	.L104:
 655 08d0 388A9FE5 		ldr	r8, .L197+108
 656 08d4 0060D8E5 		ldrb	r6, [r8, #0]	@ zero_extendqisi2
 657 08d8 000056E3 		cmp	r6, #0
 658 08dc D202001A 		bne	.L110
 659 08e0 2C2A9FE5 		ldr	r2, .L197+112
 660 08e4 0030D2E5 		ldrb	r3, [r2, #0]	@ zero_extendqisi2
 661 08e8 013083E2 		add	r3, r3, #1
 662 08ec 0030C2E5 		strb	r3, [r2, #0]
 663 08f0 207A9FE5 		ldr	r7, .L197+116
 664 08f4 0030D2E5 		ldrb	r3, [r2, #0]	@ zero_extendqisi2
 665 08f8 3B0053E3 		cmp	r3, #59
 666 08fc B030D7E1 		ldrh	r3, [r7, #0]
 667 0900 013083E2 		add	r3, r3, #1
 668 0904 B030C7E1 		strh	r3, [r7, #0]	@ movhi 
 669 0908 0060C285 		strhib	r6, [r2, #0]
 670 090c B030D7E1 		ldrh	r3, [r7, #0]
 671 0910 4B0F53E3 		cmp	r3, #300
 672 0914 0030D2E5 		ldrb	r3, [r2, #0]	@ zero_extendqisi2
 673 0918 B060C721 		strcsh	r6, [r7, #0]	@ movhi 
 674 091c 000053E3 		cmp	r3, #0
 675 0920 7002001A 		bne	.L113
 676 0924 1000A0E3 		mov	r0, #16
 677 0928 FEFFFFEB 		bl	uart0_check_free_space
 678 092c FF0010E3 		tst	r0, #255
 679 0930 9B02000A 		beq	.L122
 680 0934 E0599FE5 		ldr	r5, .L197+120
 681 0938 0B00A0E3 		mov	r0, #11
 682 093c 0060C5E5 		strb	r6, [r5, #0]
 683 0940 FEFFFFEB 		bl	uart0_transmit
 684 0944 0030D5E5 		ldrb	r3, [r5, #0]	@ zero_extendqisi2
 685 0948 2C3083E2 		add	r3, r3, #44
 686 094c 2C00A0E3 		mov	r0, #44
 687 0950 0030C5E5 		strb	r3, [r5, #0]
 688 0954 FEFFFFEB 		bl	uart0_transmit
 689 0958 0030D5E5 		ldrb	r3, [r5, #0]	@ zero_extendqisi2
 690 095c 663083E2 		add	r3, r3, #102
 691 0960 6600A0E3 		mov	r0, #102
 692 0964 0030C5E5 		strb	r3, [r5, #0]
 693 0968 FEFFFFEB 		bl	uart0_transmit
 694 096c 0030D5E5 		ldrb	r3, [r5, #0]	@ zero_extendqisi2
 695 0970 043083E2 		add	r3, r3, #4
 696 0974 0400A0E3 		mov	r0, #4
 697 0978 0030C5E5 		strb	r3, [r5, #0]
 698 097c FEFFFFEB 		bl	uart0_transmit
 699              	.L118:
 700 0980 84499FE5 		ldr	r4, .L197+104
 701 0984 0030D5E5 		ldrb	r3, [r5, #0]	@ zero_extendqisi2
 702 0988 8600D4E7 		ldrb	r0, [r4, r6, asl #1]	@ zero_extendqisi2
 703 098c 033080E0 		add	r3, r0, r3
 704 0990 0030C5E5 		strb	r3, [r5, #0]
 705 0994 014084E2 		add	r4, r4, #1
 706 0998 FEFFFFEB 		bl	uart0_transmit
 707 099c 8630D4E7 		ldrb	r3, [r4, r6, asl #1]	@ zero_extendqisi2
 708 09a0 0020D5E5 		ldrb	r2, [r5, #0]	@ zero_extendqisi2
 709 09a4 0300A0E1 		mov	r0, r3
 710 09a8 023083E0 		add	r3, r3, r2
 711 09ac 0030C5E5 		strb	r3, [r5, #0]
 712 09b0 FEFFFFEB 		bl	uart0_transmit
 713 09b4 013086E2 		add	r3, r6, #1
 714 09b8 FF6003E2 		and	r6, r3, #255
 715 09bc 030056E3 		cmp	r6, #3
 716 09c0 5E02009A 		bls	.L118
 717 09c4 980200EA 		b	.L194
 718              	.L113:
 719 09c8 060053E3 		cmp	r3, #6
 720 09cc 9F02001A 		bne	.L120
 721 09d0 0A00A0E3 		mov	r0, #10
 722 09d4 FEFFFFEB 		bl	uart0_check_free_space
 723 09d8 FF0010E3 		tst	r0, #255
 724 09dc 9B02000A 		beq	.L122
 725 09e0 34499FE5 		ldr	r4, .L197+120
 726 09e4 0500A0E3 		mov	r0, #5
 727 09e8 0060C4E5 		strb	r6, [r4, #0]
 728 09ec FEFFFFEB 		bl	uart0_transmit
 729 09f0 0030D4E5 		ldrb	r3, [r4, #0]	@ zero_extendqisi2
 730 09f4 2C3083E2 		add	r3, r3, #44
 731 09f8 2C00A0E3 		mov	r0, #44
 732 09fc 0030C4E5 		strb	r3, [r4, #0]
 733 0a00 FEFFFFEB 		bl	uart0_transmit
 734 0a04 0030D4E5 		ldrb	r3, [r4, #0]	@ zero_extendqisi2
 735 0a08 673083E2 		add	r3, r3, #103
 736 0a0c 6700A0E3 		mov	r0, #103
 737 0a10 0030C4E5 		strb	r3, [r4, #0]
 738 0a14 FEFFFFEB 		bl	uart0_transmit
 739 0a18 D8389FE5 		ldr	r3, .L197+84
 740 0a1c 0020D4E5 		ldrb	r2, [r4, #0]	@ zero_extendqisi2
 741 0a20 0030D3E5 		ldrb	r3, [r3, #0]	@ zero_extendqisi2
 742 0a24 0300A0E1 		mov	r0, r3
 743 0a28 023083E0 		add	r3, r3, r2
 744 0a2c 0030C4E5 		strb	r3, [r4, #0]
 745 0a30 FEFFFFEB 		bl	uart0_transmit
 746 0a34 0030D5E5 		ldrb	r3, [r5, #0]	@ zero_extendqisi2
 747 0a38 0020D4E5 		ldrb	r2, [r4, #0]	@ zero_extendqisi2
 748 0a3c 0300A0E1 		mov	r0, r3
 749 0a40 023083E0 		add	r3, r3, r2
 750 0a44 0030C4E5 		strb	r3, [r4, #0]
 751 0a48 FEFFFFEB 		bl	uart0_transmit
 752 0a4c CC389FE5 		ldr	r3, .L197+124
 753 0a50 0020D4E5 		ldrb	r2, [r4, #0]	@ zero_extendqisi2
 754 0a54 0030D3E5 		ldrb	r3, [r3, #0]	@ zero_extendqisi2
 755 0a58 0300A0E1 		mov	r0, r3
 756 0a5c 023083E0 		add	r3, r3, r2
 757 0a60 0030C4E5 		strb	r3, [r4, #0]
 758 0a64 FEFFFFEB 		bl	uart0_transmit
 759              	.L194:
 760 0a68 FF00A0E3 		mov	r0, #255
 761 0a6c FEFFFFEB 		bl	uart0_transmit
 762 0a70 9F0200EA 		b	.L120
 763              	.L122:
 764 0a74 A8289FE5 		ldr	r2, .L197+128
 765 0a78 0030D2E5 		ldrb	r3, [r2, #0]	@ zero_extendqisi2
 766 0a7c 013083E2 		add	r3, r3, #1
 767 0a80 0030C2E5 		strb	r3, [r2, #0]
 768              	.L120:
 769 0a84 B030D7E1 		ldrh	r3, [r7, #0]
 770 0a88 0C0053E3 		cmp	r3, #12
 771 0a8c D202001A 		bne	.L110
 772 0a90 1200A0E3 		mov	r0, #18
 773 0a94 FEFFFFEB 		bl	uart0_check_free_space
 774 0a98 FF0010E3 		tst	r0, #255
 775 0a9c 80289F05 		ldreq	r2, .L197+128
 776 0aa0 0030D205 		ldreqb	r3, [r2, #0]	@ zero_extendqisi2
 777 0aa4 01308302 		addeq	r3, r3, #1
 778 0aa8 0030C205 		streqb	r3, [r2, #0]
 779 0aac D202000A 		beq	.L110
 780 0ab0 64589FE5 		ldr	r5, .L197+120
 781 0ab4 0040A0E3 		mov	r4, #0
 782 0ab8 0D00A0E3 		mov	r0, #13
 783 0abc 0040C5E5 		strb	r4, [r5, #0]
 784 0ac0 FEFFFFEB 		bl	uart0_transmit
 785 0ac4 0030D5E5 		ldrb	r3, [r5, #0]	@ zero_extendqisi2
 786 0ac8 2C3083E2 		add	r3, r3, #44
 787 0acc 2C00A0E3 		mov	r0, #44
 788 0ad0 0030C5E5 		strb	r3, [r5, #0]
 789 0ad4 FEFFFFEB 		bl	uart0_transmit
 790 0ad8 0030D5E5 		ldrb	r3, [r5, #0]	@ zero_extendqisi2
 791 0adc 693083E2 		add	r3, r3, #105
 792 0ae0 6900A0E3 		mov	r0, #105
 793 0ae4 0030C5E5 		strb	r3, [r5, #0]
 794 0ae8 FEFFFFEB 		bl	uart0_transmit
 795 0aec 0030D5E5 		ldrb	r3, [r5, #0]	@ zero_extendqisi2
 796 0af0 053083E2 		add	r3, r3, #5
 797 0af4 0500A0E3 		mov	r0, #5
 798 0af8 0030C5E5 		strb	r3, [r5, #0]
 799 0afc FEFFFFEB 		bl	uart0_transmit
 800 0b00 0460A0E1 		mov	r6, r4
 801              	.L129:
 802 0b04 1C489FE5 		ldr	r4, .L197+132
 803 0b08 0030D5E5 		ldrb	r3, [r5, #0]	@ zero_extendqisi2
 804 0b0c 8600D4E7 		ldrb	r0, [r4, r6, asl #1]	@ zero_extendqisi2
 805 0b10 033080E0 		add	r3, r0, r3
 806 0b14 0030C5E5 		strb	r3, [r5, #0]
 807 0b18 014084E2 		add	r4, r4, #1
 808 0b1c FEFFFFEB 		bl	uart0_transmit
 809 0b20 8630D4E7 		ldrb	r3, [r4, r6, asl #1]	@ zero_extendqisi2
 810 0b24 0020D5E5 		ldrb	r2, [r5, #0]	@ zero_extendqisi2
 811 0b28 0300A0E1 		mov	r0, r3
 812 0b2c 023083E0 		add	r3, r3, r2
 813 0b30 0030C5E5 		strb	r3, [r5, #0]
 814 0b34 FEFFFFEB 		bl	uart0_transmit
 815 0b38 013086E2 		add	r3, r6, #1
 816 0b3c FF6003E2 		and	r6, r3, #255
 817 0b40 040056E3 		cmp	r6, #4
 818 0b44 BF02009A 		bls	.L129
 819 0b48 FF00A0E3 		mov	r0, #255
 820 0b4c FEFFFFEB 		bl	uart0_transmit
 821              	.L110:
 822 0b50 0030D8E5 		ldrb	r3, [r8, #0]	@ zero_extendqisi2
 823 0b54 010053E3 		cmp	r3, #1
 824 0b58 DE03001A 		bne	.L168
 825 0b5c C8279FE5 		ldr	r2, .L197+136
 826 0b60 0030D2E5 		ldrb	r3, [r2, #0]	@ zero_extendqisi2
 827 0b64 013083E2 		add	r3, r3, #1
 828 0b68 0030C2E5 		strb	r3, [r2, #0]
 829 0b6c 0030D2E5 		ldrb	r3, [r2, #0]	@ zero_extendqisi2
 830 0b70 B8779FE5 		ldr	r7, .L197+140
 831 0b74 1D0053E3 		cmp	r3, #29
 832 0b78 0030A083 		movhi	r3, #0
 833 0b7c 0030C285 		strhib	r3, [r2, #0]
 834 0b80 0030D7E5 		ldrb	r3, [r7, #0]	@ zero_extendqisi2
 835 0b84 013083E2 		add	r3, r3, #1
 836 0b88 0030C7E5 		strb	r3, [r7, #0]
 837 0b8c 0030D7E5 		ldrb	r3, [r7, #0]	@ zero_extendqisi2
 838 0b90 9C879FE5 		ldr	r8, .L197+144
 839 0b94 3B0053E3 		cmp	r3, #59
 840 0b98 0030A083 		movhi	r3, #0
 841 0b9c 0030C785 		strhib	r3, [r7, #0]
 842 0ba0 B030D8E1 		ldrh	r3, [r8, #0]
 843 0ba4 013083E2 		add	r3, r3, #1
 844 0ba8 B030C8E1 		strh	r3, [r8, #0]	@ movhi 
 845 0bac B030D8E1 		ldrh	r3, [r8, #0]
 846 0bb0 0040D2E5 		ldrb	r4, [r2, #0]	@ zero_extendqisi2
 847 0bb4 4B0F53E3 		cmp	r3, #300
 848 0bb8 0030A023 		movcs	r3, #0	@ movhi
 849 0bbc B030C821 		strcsh	r3, [r8, #0]	@ movhi 
 850 0bc0 000054E3 		cmp	r4, #0
 851 0bc4 1A03001A 		bne	.L135
 852 0bc8 1800A0E3 		mov	r0, #24
 853 0bcc FEFFFFEB 		bl	uart0_check_free_space
 854 0bd0 FF0010E3 		tst	r0, #255
 855 0bd4 7603000A 		beq	.L152
 856 0bd8 3C579FE5 		ldr	r5, .L197+120
 857 0bdc 1300A0E3 		mov	r0, #19
 858 0be0 0040C5E5 		strb	r4, [r5, #0]
 859 0be4 FEFFFFEB 		bl	uart0_transmit
 860 0be8 0030D5E5 		ldrb	r3, [r5, #0]	@ zero_extendqisi2
 861 0bec 2C3083E2 		add	r3, r3, #44
 862 0bf0 2C00A0E3 		mov	r0, #44
 863 0bf4 0030C5E5 		strb	r3, [r5, #0]
 864 0bf8 FEFFFFEB 		bl	uart0_transmit
 865 0bfc 0030D5E5 		ldrb	r3, [r5, #0]	@ zero_extendqisi2
 866 0c00 643083E2 		add	r3, r3, #100
 867 0c04 6400A0E3 		mov	r0, #100
 868 0c08 0030C5E5 		strb	r3, [r5, #0]
 869 0c0c FEFFFFEB 		bl	uart0_transmit
 870 0c10 0030D5E5 		ldrb	r3, [r5, #0]	@ zero_extendqisi2
 871 0c14 083083E2 		add	r3, r3, #8
 872 0c18 0800A0E3 		mov	r0, #8
 873 0c1c 0030C5E5 		strb	r3, [r5, #0]
 874 0c20 FEFFFFEB 		bl	uart0_transmit
 875 0c24 0460A0E1 		mov	r6, r4
 876              	.L140:
 877 0c28 08479FE5 		ldr	r4, .L197+148
 878 0c2c 0030D5E5 		ldrb	r3, [r5, #0]	@ zero_extendqisi2
 879 0c30 8600D4E7 		ldrb	r0, [r4, r6, asl #1]	@ zero_extendqisi2
 880 0c34 033080E0 		add	r3, r0, r3
 881 0c38 0030C5E5 		strb	r3, [r5, #0]
 882 0c3c 014084E2 		add	r4, r4, #1
 883 0c40 FEFFFFEB 		bl	uart0_transmit
 884 0c44 8630D4E7 		ldrb	r3, [r4, r6, asl #1]	@ zero_extendqisi2
 885 0c48 0020D5E5 		ldrb	r2, [r5, #0]	@ zero_extendqisi2
 886 0c4c 0300A0E1 		mov	r0, r3
 887 0c50 023083E0 		add	r3, r3, r2
 888 0c54 0030C5E5 		strb	r3, [r5, #0]
 889 0c58 FEFFFFEB 		bl	uart0_transmit
 890 0c5c 013086E2 		add	r3, r6, #1
 891 0c60 FF6003E2 		and	r6, r3, #255
 892 0c64 070056E3 		cmp	r6, #7
 893 0c68 0803009A 		bls	.L140
 894 0c6c 730300EA 		b	.L195
 895              	.L135:
 896 0c70 060054E3 		cmp	r4, #6
 897 0c74 4703001A 		bne	.L143
 898 0c78 1800A0E3 		mov	r0, #24
 899 0c7c FEFFFFEB 		bl	uart0_check_free_space
 900 0c80 FF0010E3 		tst	r0, #255
 901 0c84 7603000A 		beq	.L152
 902 0c88 8C569FE5 		ldr	r5, .L197+120
 903 0c8c 064044E2 		sub	r4, r4, #6
 904 0c90 1300A0E3 		mov	r0, #19
 905 0c94 0040C5E5 		strb	r4, [r5, #0]
 906 0c98 FEFFFFEB 		bl	uart0_transmit
 907 0c9c 0030D5E5 		ldrb	r3, [r5, #0]	@ zero_extendqisi2
 908 0ca0 2C3083E2 		add	r3, r3, #44
 909 0ca4 2C00A0E3 		mov	r0, #44
 910 0ca8 0030C5E5 		strb	r3, [r5, #0]
 911 0cac FEFFFFEB 		bl	uart0_transmit
 912 0cb0 0030D5E5 		ldrb	r3, [r5, #0]	@ zero_extendqisi2
 913 0cb4 653083E2 		add	r3, r3, #101
 914 0cb8 6500A0E3 		mov	r0, #101
 915 0cbc 0030C5E5 		strb	r3, [r5, #0]
 916 0cc0 FEFFFFEB 		bl	uart0_transmit
 917 0cc4 0030D5E5 		ldrb	r3, [r5, #0]	@ zero_extendqisi2
 918 0cc8 083083E2 		add	r3, r3, #8
 919 0ccc 0800A0E3 		mov	r0, #8
 920 0cd0 0030C5E5 		strb	r3, [r5, #0]
 921 0cd4 FEFFFFEB 		bl	uart0_transmit
 922 0cd8 0460A0E1 		mov	r6, r4
 923              	.L148:
 924 0cdc 58469FE5 		ldr	r4, .L197+152
 925 0ce0 0030D5E5 		ldrb	r3, [r5, #0]	@ zero_extendqisi2
 926 0ce4 8600D4E7 		ldrb	r0, [r4, r6, asl #1]	@ zero_extendqisi2
 927 0ce8 033080E0 		add	r3, r0, r3
 928 0cec 0030C5E5 		strb	r3, [r5, #0]
 929 0cf0 014084E2 		add	r4, r4, #1
 930 0cf4 FEFFFFEB 		bl	uart0_transmit
 931 0cf8 8630D4E7 		ldrb	r3, [r4, r6, asl #1]	@ zero_extendqisi2
 932 0cfc 0020D5E5 		ldrb	r2, [r5, #0]	@ zero_extendqisi2
 933 0d00 0300A0E1 		mov	r0, r3
 934 0d04 023083E0 		add	r3, r3, r2
 935 0d08 0030C5E5 		strb	r3, [r5, #0]
 936 0d0c FEFFFFEB 		bl	uart0_transmit
 937 0d10 013086E2 		add	r3, r6, #1
 938 0d14 FF6003E2 		and	r6, r3, #255
 939 0d18 070056E3 		cmp	r6, #7
 940 0d1c 3503009A 		bls	.L148
 941 0d20 730300EA 		b	.L195
 942              	.L143:
 943 0d24 0C0054E3 		cmp	r4, #12
 944 0d28 7A03001A 		bne	.L142
 945 0d2c 1000A0E3 		mov	r0, #16
 946 0d30 FEFFFFEB 		bl	uart0_check_free_space
 947 0d34 FF0010E3 		tst	r0, #255
 948 0d38 7603000A 		beq	.L152
 949 0d3c D8559FE5 		ldr	r5, .L197+120
 950 0d40 0C4044E2 		sub	r4, r4, #12
 951 0d44 0B00A0E3 		mov	r0, #11
 952 0d48 0040C5E5 		strb	r4, [r5, #0]
 953 0d4c FEFFFFEB 		bl	uart0_transmit
 954 0d50 0030D5E5 		ldrb	r3, [r5, #0]	@ zero_extendqisi2
 955 0d54 2C3083E2 		add	r3, r3, #44
 956 0d58 2C00A0E3 		mov	r0, #44
 957 0d5c 0030C5E5 		strb	r3, [r5, #0]
 958 0d60 FEFFFFEB 		bl	uart0_transmit
 959 0d64 0030D5E5 		ldrb	r3, [r5, #0]	@ zero_extendqisi2
 960 0d68 663083E2 		add	r3, r3, #102
 961 0d6c 6600A0E3 		mov	r0, #102
 962 0d70 0030C5E5 		strb	r3, [r5, #0]
 963 0d74 FEFFFFEB 		bl	uart0_transmit
 964 0d78 0030D5E5 		ldrb	r3, [r5, #0]	@ zero_extendqisi2
 965 0d7c 043083E2 		add	r3, r3, #4
 966 0d80 0400A0E3 		mov	r0, #4
 967 0d84 0030C5E5 		strb	r3, [r5, #0]
 968 0d88 FEFFFFEB 		bl	uart0_transmit
 969 0d8c 0460A0E1 		mov	r6, r4
 970              	.L156:
 971 0d90 74459FE5 		ldr	r4, .L197+104
 972 0d94 0030D5E5 		ldrb	r3, [r5, #0]	@ zero_extendqisi2
 973 0d98 8600D4E7 		ldrb	r0, [r4, r6, asl #1]	@ zero_extendqisi2
 974 0d9c 033080E0 		add	r3, r0, r3
 975 0da0 0030C5E5 		strb	r3, [r5, #0]
 976 0da4 014084E2 		add	r4, r4, #1
 977 0da8 FEFFFFEB 		bl	uart0_transmit
 978 0dac 8630D4E7 		ldrb	r3, [r4, r6, asl #1]	@ zero_extendqisi2
 979 0db0 0020D5E5 		ldrb	r2, [r5, #0]	@ zero_extendqisi2
 980 0db4 0300A0E1 		mov	r0, r3
 981 0db8 023083E0 		add	r3, r3, r2
 982 0dbc 0030C5E5 		strb	r3, [r5, #0]
 983 0dc0 FEFFFFEB 		bl	uart0_transmit
 984 0dc4 013086E2 		add	r3, r6, #1
 985 0dc8 FF6003E2 		and	r6, r3, #255
 986 0dcc 030056E3 		cmp	r6, #3
 987 0dd0 6203009A 		bls	.L156
 988              	.L195:
 989 0dd4 FF00A0E3 		mov	r0, #255
 990 0dd8 FEFFFFEB 		bl	uart0_transmit
 991 0ddc 7A0300EA 		b	.L142
 992              	.L152:
 993 0de0 3C259FE5 		ldr	r2, .L197+128
 994 0de4 0030D2E5 		ldrb	r3, [r2, #0]	@ zero_extendqisi2
 995 0de8 013083E2 		add	r3, r3, #1
 996 0dec 0030C2E5 		strb	r3, [r2, #0]
 997              	.L142:
 998 0df0 0030D7E5 		ldrb	r3, [r7, #0]	@ zero_extendqisi2
 999 0df4 120053E3 		cmp	r3, #18
 1000 0df8 AB03001A 		bne	.L158
 1001 0dfc 0A00A0E3 		mov	r0, #10
 1002 0e00 FEFFFFEB 		bl	uart0_check_free_space
 1003 0e04 FF0010E3 		tst	r0, #255
 1004 0e08 14259F05 		ldreq	r2, .L197+128
 1005 0e0c 0030D205 		ldreqb	r3, [r2, #0]	@ zero_extendqisi2
 1006 0e10 01308302 		addeq	r3, r3, #1
 1007 0e14 0030C205 		streqb	r3, [r2, #0]
 1008 0e18 AB03000A 		beq	.L158
 1009 0e1c F8449FE5 		ldr	r4, .L197+120
 1010 0e20 0030A0E3 		mov	r3, #0
 1011 0e24 0500A0E3 		mov	r0, #5
 1012 0e28 0030C4E5 		strb	r3, [r4, #0]
 1013 0e2c FEFFFFEB 		bl	uart0_transmit
 1014 0e30 0030D4E5 		ldrb	r3, [r4, #0]	@ zero_extendqisi2
 1015 0e34 2C3083E2 		add	r3, r3, #44
 1016 0e38 2C00A0E3 		mov	r0, #44
 1017 0e3c 0030C4E5 		strb	r3, [r4, #0]
 1018 0e40 FEFFFFEB 		bl	uart0_transmit
 1019 0e44 0030D4E5 		ldrb	r3, [r4, #0]	@ zero_extendqisi2
 1020 0e48 673083E2 		add	r3, r3, #103
 1021 0e4c 6700A0E3 		mov	r0, #103
 1022 0e50 0030C4E5 		strb	r3, [r4, #0]
 1023 0e54 FEFFFFEB 		bl	uart0_transmit
 1024 0e58 98349FE5 		ldr	r3, .L197+84
 1025 0e5c 0020D4E5 		ldrb	r2, [r4, #0]	@ zero_extendqisi2
 1026 0e60 0030D3E5 		ldrb	r3, [r3, #0]	@ zero_extendqisi2
 1027 0e64 0300A0E1 		mov	r0, r3
 1028 0e68 023083E0 		add	r3, r3, r2
 1029 0e6c 0030C4E5 		strb	r3, [r4, #0]
 1030 0e70 FEFFFFEB 		bl	uart0_transmit
 1031 0e74 80349FE5 		ldr	r3, .L197+88
 1032 0e78 0020D4E5 		ldrb	r2, [r4, #0]	@ zero_extendqisi2
 1033 0e7c 0030D3E5 		ldrb	r3, [r3, #0]	@ zero_extendqisi2
 1034 0e80 0300A0E1 		mov	r0, r3
 1035 0e84 023083E0 		add	r3, r3, r2
 1036 0e88 0030C4E5 		strb	r3, [r4, #0]
 1037 0e8c FEFFFFEB 		bl	uart0_transmit
 1038 0e90 88349FE5 		ldr	r3, .L197+124
 1039 0e94 0020D4E5 		ldrb	r2, [r4, #0]	@ zero_extendqisi2
 1040 0e98 0030D3E5 		ldrb	r3, [r3, #0]	@ zero_extendqisi2
 1041 0e9c 0300A0E1 		mov	r0, r3
 1042 0ea0 023083E0 		add	r3, r3, r2
 1043 0ea4 0030C4E5 		strb	r3, [r4, #0]
 1044 0ea8 FEFFFFEB 		bl	uart0_transmit
 1045 0eac FF00A0E3 		mov	r0, #255
 1046 0eb0 FEFFFFEB 		bl	uart0_transmit
 1047              	.L158:
 1048 0eb4 B030D8E1 		ldrh	r3, [r8, #0]
 1049 0eb8 180053E3 		cmp	r3, #24
 1050 0ebc DE03001A 		bne	.L168
 1051 0ec0 1200A0E3 		mov	r0, #18
 1052 0ec4 FEFFFFEB 		bl	uart0_check_free_space
 1053 0ec8 FF0010E3 		tst	r0, #255
 1054 0ecc 50249F05 		ldreq	r2, .L197+128
 1055 0ed0 0030D205 		ldreqb	r3, [r2, #0]	@ zero_extendqisi2
 1056 0ed4 01308302 		addeq	r3, r3, #1
 1057 0ed8 0030C205 		streqb	r3, [r2, #0]
 1058 0edc DE03000A 		beq	.L168
 1059 0ee0 34549FE5 		ldr	r5, .L197+120
 1060 0ee4 0040A0E3 		mov	r4, #0
 1061 0ee8 0D00A0E3 		mov	r0, #13
 1062 0eec 0040C5E5 		strb	r4, [r5, #0]
 1063 0ef0 FEFFFFEB 		bl	uart0_transmit
 1064 0ef4 0030D5E5 		ldrb	r3, [r5, #0]	@ zero_extendqisi2
 1065 0ef8 2C3083E2 		add	r3, r3, #44
 1066 0efc 2C00A0E3 		mov	r0, #44
 1067 0f00 0030C5E5 		strb	r3, [r5, #0]
 1068 0f04 FEFFFFEB 		bl	uart0_transmit
 1069 0f08 0030D5E5 		ldrb	r3, [r5, #0]	@ zero_extendqisi2
 1070 0f0c 693083E2 		add	r3, r3, #105
 1071 0f10 6900A0E3 		mov	r0, #105
 1072 0f14 0030C5E5 		strb	r3, [r5, #0]
 1073 0f18 FEFFFFEB 		bl	uart0_transmit
 1074 0f1c 0030D5E5 		ldrb	r3, [r5, #0]	@ zero_extendqisi2
 1075 0f20 053083E2 		add	r3, r3, #5
 1076 0f24 0500A0E3 		mov	r0, #5
 1077 0f28 0030C5E5 		strb	r3, [r5, #0]
 1078 0f2c FEFFFFEB 		bl	uart0_transmit
 1079 0f30 0460A0E1 		mov	r6, r4
 1080              	.L166:
 1081 0f34 EC439FE5 		ldr	r4, .L197+132
 1082 0f38 0030D5E5 		ldrb	r3, [r5, #0]	@ zero_extendqisi2
 1083 0f3c 8600D4E7 		ldrb	r0, [r4, r6, asl #1]	@ zero_extendqisi2
 1084 0f40 033080E0 		add	r3, r0, r3
 1085 0f44 0030C5E5 		strb	r3, [r5, #0]
 1086 0f48 014084E2 		add	r4, r4, #1
 1087 0f4c FEFFFFEB 		bl	uart0_transmit
 1088 0f50 8630D4E7 		ldrb	r3, [r4, r6, asl #1]	@ zero_extendqisi2
 1089 0f54 0020D5E5 		ldrb	r2, [r5, #0]	@ zero_extendqisi2
 1090 0f58 0300A0E1 		mov	r0, r3
 1091 0f5c 023083E0 		add	r3, r3, r2
 1092 0f60 0030C5E5 		strb	r3, [r5, #0]
 1093 0f64 FEFFFFEB 		bl	uart0_transmit
 1094 0f68 013086E2 		add	r3, r6, #1
 1095 0f6c FF6003E2 		and	r6, r3, #255
 1096 0f70 040056E3 		cmp	r6, #4
 1097 0f74 CB03009A 		bls	.L166
 1098 0f78 FF00A0E3 		mov	r0, #255
 1099 0f7c FEFFFFEB 		bl	uart0_transmit
 1100              	.L168:
 1101 0f80 0030DAE5 		ldrb	r3, [sl, #0]	@ zero_extendqisi2
 1102 0f84 000053E3 		cmp	r3, #0
 1103 0f88 EE03001A 		bne	.L169
 1104 0f8c AC339FE5 		ldr	r3, .L197+156
 1105 0f90 4310D3E5 		ldrb	r1, [r3, #67]	@ zero_extendqisi2
 1106 0f94 B000D3E1 		ldrh	r0, [r3, #0]
 1107 0f98 FEFFFFEB 		bl	__divsi3
 1108 0f9c 000180E0 		add	r0, r0, r0, asl #2
 1109 0fa0 8000A0E1 		mov	r0, r0, asl #1
 1110 0fa4 FEFFFFEB 		bl	__floatsidf
 1111 0fa8 BD2F8FE2 		adr	r2, .L197
 1112 0fac 0C0092E8 		ldmia	r2, {r2-r3}
 1113 0fb0 FEFFFFEB 		bl	__muldf3
 1114 0fb4 FEFFFFEB 		bl	__fixunsdfsi
 1115 0fb8 60339FE5 		ldr	r3, .L197+124
 1116 0fbc 0000C3E5 		strb	r0, [r3, #0]
 1117              	.L169:
 1118 0fc0 44A39FE5 		ldr	sl, .L197+104
 1119 0fc4 F000DAE1 		ldrsh	r0, [sl, #0]
 1120 0fc8 FEFFFFEB 		bl	__floatsisf
 1121 0fcc 70339FE5 		ldr	r3, .L197+160
 1122 0fd0 0050A0E1 		mov	r5, r0
 1123 0fd4 0000D3E5 		ldrb	r0, [r3, #0]	@ zero_extendqisi2
 1124 0fd8 FEFFFFEB 		bl	__floatsisf
 1125 0fdc 64139FE5 		ldr	r1, .L197+164
 1126 0fe0 FEFFFFEB 		bl	__subsf3
 1127 0fe4 60339FE5 		ldr	r3, .L197+168
 1128 0fe8 0040A0E1 		mov	r4, r0
 1129 0fec 0000D3E5 		ldrb	r0, [r3, #0]	@ zero_extendqisi2
 1130 0ff0 FEFFFFEB 		bl	__floatsisf
 1131 0ff4 0010A0E1 		mov	r1, r0
 1132 0ff8 0400A0E1 		mov	r0, r4
 1133 0ffc FEFFFFEB 		bl	__mulsf3
 1134 1000 0010A0E1 		mov	r1, r0
 1135 1004 0500A0E1 		mov	r0, r5
 1136 1008 FEFFFFEB 		bl	__subsf3
 1137 100c 0040A0E1 		mov	r4, r0
 1138 1010 FEFFFFEB 		bl	__extendsfdf2
 1139 1014 0160A0E1 		mov	r6, r1
 1140 1018 0050A0E1 		mov	r5, r0
 1141 101c 0400A0E1 		mov	r0, r4
 1142 1020 0010A0E3 		mov	r1, #0
 1143 1024 FEFFFFEB 		bl	__gtsf2
 1144 1028 000050E3 		cmp	r0, #0
 1145 102c 9E2F8FC2 		adrgt	r2, .L197+8
 1146 1030 0C0092C8 		ldmgtia	r2, {r2-r3}
 1147 1034 0610A0C1 		movgt	r1, r6
 1148 1038 0500A0C1 		movgt	r0, r5
 1149              	.L170:
 1150 103c 272E8FD2 		adrle	r2, .L197+16
 1151 1040 0C0092D8 		ldmleia	r2, {r2-r3}
 1152 1044 0610A0D1 		movle	r1, r6
 1153 1048 0500A0D1 		movle	r0, r5
 1154              	.L196:
 1155 104c FEFFFFEB 		bl	__muldf3
 1156 1050 FEFFFFEB 		bl	__truncdfsf2
 1157 1054 FEFFFFEB 		bl	__fixsfsi
 1158 1058 4B0E80E2 		add	r0, r0, #1200
 1159 105c EC329FE5 		ldr	r3, .L197+172
 1160 1060 0008A0E1 		mov	r0, r0, asl #16
 1161 1064 2008A0E1 		mov	r0, r0, lsr #16
 1162 1068 030050E1 		cmp	r0, r3
 1163 106c B4729FE5 		ldr	r7, .L197+132
 1164 1070 DC329F95 		ldrls	r3, .L197+176
 1165 1074 1F04009A 		bls	.L174
 1166 1078 7D0E50E3 		cmp	r0, #2000
 1167 107c 0030A031 		movcc	r3, r0
 1168 1080 7D3EA023 		movcs	r3, #2000
 1169              	.L174:
 1170 1084 B630C7E1 		strh	r3, [r7, #6]	@ movhi 
 1171 1088 B600D7E1 		ldrh	r0, [r7, #6]
 1172 108c FEFFFFEB 		bl	__floatsidf
 1173 1090 892F8FE2 		adr	r2, .L197+24
 1174 1094 0C0092E8 		ldmia	r2, {r2-r3}
 1175 1098 FEFFFFEB 		bl	__muldf3
 1176 109c 222E8FE2 		adr	r2, .L197+32
 1177 10a0 0C0092E8 		ldmia	r2, {r2-r3}
 1178 10a4 FEFFFFEB 		bl	__muldf3
 1179 10a8 872F8FE2 		adr	r2, .L197+40
 1180 10ac 0C0092E8 		ldmia	r2, {r2-r3}
 1181 10b0 FEFFFFEB 		bl	__adddf3
 1182 10b4 FEFFFFEB 		bl	__fixunsdfsi
 1183 10b8 B230DAE1 		ldrh	r3, [sl, #2]
 1184 10bc B420DAE1 		ldrh	r2, [sl, #4]
 1185 10c0 0368A0E1 		mov	r6, r3, asl #16
 1186 10c4 8C829FE5 		ldr	r8, .L197+180
 1187 10c8 4638A0E1 		mov	r3, r6, asr #16
 1188 10cc 003063E2 		rsb	r3, r3, #0
 1189 10d0 0248A0E1 		mov	r4, r2, asl #16
 1190 10d4 B600C8E1 		strh	r0, [r8, #6]	@ movhi 
 1191 10d8 440843E0 		sub	r0, r3, r4, asr #16
 1192 10dc FEFFFFEB 		bl	__floatsisf
 1193 10e0 FEFFFFEB 		bl	__extendsfdf2
 1194 10e4 7A2F8FE2 		adr	r2, .L197+48
 1195 10e8 0C0092E8 		ldmia	r2, {r2-r3}
 1196 10ec FEFFFFEB 		bl	__muldf3
 1197 10f0 FEFFFFEB 		bl	__truncdfsf2
 1198 10f4 FEFFFFEB 		bl	__fixsfsi
 1199 10f8 5D0E80E2 		add	r0, r0, #1488
 1200 10fc 0C0080E2 		add	r0, r0, #12
 1201 1100 0008A0E1 		mov	r0, r0, asl #16
 1202 1104 2008A0E1 		mov	r0, r0, lsr #16
 1203 1108 FA0F50E3 		cmp	r0, #1000
 1204 110c FA2FA033 		movcc	r2, #1000	@ movhi
 1205 1110 4604003A 		bcc	.L176
 1206 1114 7D0E50E3 		cmp	r0, #2000
 1207 1118 0020A031 		movcc	r2, r0
 1208 111c 7D2EA023 		movcs	r2, #2000
 1209              	.L176:
 1210 1120 00329FE5 		ldr	r3, .L197+132
 1211 1124 B020C3E1 		strh	r2, [r3, #0]	@ movhi 
 1212 1128 B000D7E1 		ldrh	r0, [r7, #0]
 1213 112c FEFFFFEB 		bl	__floatsidf
 1214 1130 612F8FE2 		adr	r2, .L197+24
 1215 1134 0C0092E8 		ldmia	r2, {r2-r3}
 1216 1138 FEFFFFEB 		bl	__muldf3
 1217 113c 062D8FE2 		adr	r2, .L197+32
 1218 1140 0C0092E8 		ldmia	r2, {r2-r3}
 1219 1144 FEFFFFEB 		bl	__muldf3
 1220 1148 5F2F8FE2 		adr	r2, .L197+40
 1221 114c 0C0092E8 		ldmia	r2, {r2-r3}
 1222 1150 FEFFFFEB 		bl	__adddf3
 1223 1154 FEFFFFEB 		bl	__fixunsdfsi
 1224 1158 4638A0E1 		mov	r3, r6, asr #16
 1225 115c B000C8E1 		strh	r0, [r8, #0]	@ movhi 
 1226 1160 440863E0 		rsb	r0, r3, r4, asr #16
 1227 1164 FEFFFFEB 		bl	__floatsisf
 1228 1168 FEFFFFEB 		bl	__extendsfdf2
 1229 116c 162E8FE2 		adr	r2, .L197+48
 1230 1170 0C0092E8 		ldmia	r2, {r2-r3}
 1231 1174 FEFFFFEB 		bl	__muldf3
 1232 1178 FEFFFFEB 		bl	__truncdfsf2
 1233 117c FEFFFFEB 		bl	__fixsfsi
 1234 1180 5D0E80E2 		add	r0, r0, #1488
 1235 1184 0C0080E2 		add	r0, r0, #12
 1236 1188 0008A0E1 		mov	r0, r0, asl #16
 1237 118c 2008A0E1 		mov	r0, r0, lsr #16
 1238 1190 FA0F50E3 		cmp	r0, #1000
 1239 1194 FA2FA033 		movcc	r2, #1000	@ movhi
 1240 1198 6804003A 		bcc	.L178
 1241 119c 7D0E50E3 		cmp	r0, #2000
 1242 11a0 0020A031 		movcc	r2, r0
 1243 11a4 7D2EA023 		movcs	r2, #2000
 1244              	.L178:
 1245 11a8 78319FE5 		ldr	r3, .L197+132
 1246 11ac B220C3E1 		strh	r2, [r3, #2]	@ movhi 
 1247 11b0 B200D7E1 		ldrh	r0, [r7, #2]
 1248 11b4 FEFFFFEB 		bl	__floatsidf
 1249 11b8 FC208FE2 		adr	r2, .L197+24
 1250 11bc 0C0092E8 		ldmia	r2, {r2-r3}
 1251 11c0 FEFFFFEB 		bl	__muldf3
 1252 11c4 F8208FE2 		adr	r2, .L197+32
 1253 11c8 0C0092E8 		ldmia	r2, {r2-r3}
 1254 11cc FEFFFFEB 		bl	__muldf3
 1255 11d0 F4208FE2 		adr	r2, .L197+40
 1256 11d4 0C0092E8 		ldmia	r2, {r2-r3}
 1257 11d8 FEFFFFEB 		bl	__adddf3
 1258 11dc FEFFFFEB 		bl	__fixunsdfsi
 1259 11e0 B200C8E1 		strh	r0, [r8, #2]	@ movhi 
 1260 11e4 F600DAE1 		ldrsh	r0, [sl, #6]
 1261 11e8 FEFFFFEB 		bl	__floatsidf
 1262 11ec 0150A0E1 		mov	r5, r1
 1263 11f0 0040A0E1 		mov	r4, r0
 1264 11f4 4608A0E1 		mov	r0, r6, asr #16
 1265 11f8 FEFFFFEB 		bl	__floatsidf
 1266 11fc D8208FE2 		adr	r2, .L197+56
 1267 1200 0C0092E8 		ldmia	r2, {r2-r3}
 1268 1204 FEFFFFEB 		bl	__muldf3
 1269 1208 0130A0E1 		mov	r3, r1
 1270 120c 0020A0E1 		mov	r2, r0
 1271 1210 0510A0E1 		mov	r1, r5
 1272 1214 0400A0E1 		mov	r0, r4
 1273 1218 FEFFFFEB 		bl	__adddf3
 1274 121c FEFFFFEB 		bl	__truncdfsf2
 1275 1220 FEFFFFEB 		bl	__extendsfdf2
 1276 1224 A8208FE2 		adr	r2, .L197+48
 1277 1228 0C0092E8 		ldmia	r2, {r2-r3}
 1278 122c FEFFFFEB 		bl	__muldf3
 1279 1230 FEFFFFEB 		bl	__truncdfsf2
 1280 1234 FEFFFFEB 		bl	__fixsfsi
 1281 1238 5D0E80E2 		add	r0, r0, #1488
 1282 123c 0C0080E2 		add	r0, r0, #12
 1283 1240 0008A0E1 		mov	r0, r0, asl #16
 1284 1244 2008A0E1 		mov	r0, r0, lsr #16
 1285 1248 FA0F50E3 		cmp	r0, #1000
 1286 124c FA2FA033 		movcc	r2, #1000	@ movhi
 1287 1250 9604003A 		bcc	.L180
 1288 1254 7D0E50E3 		cmp	r0, #2000
 1289 1258 0020A031 		movcc	r2, r0
 1290 125c 7D2EA023 		movcs	r2, #2000
 1291              	.L180:
 1292 1260 C0309FE5 		ldr	r3, .L197+132
 1293 1264 B820C3E1 		strh	r2, [r3, #8]	@ movhi 
 1294 1268 B800D7E1 		ldrh	r0, [r7, #8]
 1295 126c FEFFFFEB 		bl	__floatsidf
 1296 1270 44208FE2 		adr	r2, .L197+24
 1297 1274 0C0092E8 		ldmia	r2, {r2-r3}
 1298 1278 FEFFFFEB 		bl	__muldf3
 1299 127c 40208FE2 		adr	r2, .L197+32
 1300 1280 0C0092E8 		ldmia	r2, {r2-r3}
 1301 1284 FEFFFFEB 		bl	__muldf3
 1302 1288 3C208FE2 		adr	r2, .L197+40
 1303 128c 0C0092E8 		ldmia	r2, {r2-r3}
 1304 1290 FEFFFFEB 		bl	__adddf3
 1305 1294 FEFFFFEB 		bl	__fixunsdfsi
 1306 1298 B800C8E1 		strh	r0, [r8, #8]	@ movhi 
 1307 129c F06D9DE8 		ldmfd	sp, {r4, r5, r6, r7, r8, sl, fp, sp, lr}
 1308 12a0 1EFF2FE1 		bx	lr
 1309              	.L198:
 1310              		.align	2
 1311              	.L197:
 1312 12a4 CC4C923F 		.word	1066552524
 1313 12a8 CDCCCCCC 		.word	-858993459
 1314 12ac 5555B53F 		.word	1068848469
 1315 12b0 F34B5555 		.word	1431653363
 1316 12b4 5555853F 		.word	1065702741
 1317 12b8 65A05555 		.word	1431674981
 1318 12bc F7C6B03E 		.word	1051772663
 1319 12c0 8DEDB5A0 		.word	-1598689907
 1320 12c4 389C6C41 		.word	1097636920
 1321 12c8 00000000 		.word	0
 1322 12cc 0000E03F 		.word	1071644672
 1323 12d0 00000000 		.word	0
 1324 12d4 AAAAAA3F 		.word	1068149418
 1325 12d8 E797AAAA 		.word	-1431660569
 1326 12dc 00000000 		.word	0
 1327 12e0 00000000 		.word	0
 1328 12e4 01000000 		.word	_10Hz.0
 1329 12e8 02000000 		.word	_1Hz.1
 1330 12ec 00000000 		.word	ppm_cpt
 1331 12f0 00000000 		.word	last_ppm_cpt
 1332 12f4 00000000 		.word	time_since_last_ppm
 1333 12f8 00000000 		.word	rc_status
 1334 12fc 00000000 		.word	fbw_mode
 1335 1300 00000000 		.word	time_since_last_ap
 1336 1304 00000000 		.word	ap_ok
 1337 1308 00000000 		.word	commands_failsafe
 1338 130c 00000000 		.word	commands
 1339 1310 00000000 		.word	telemetry_mode_Fbw
 1340 1314 03000000 		.word	i60.2
 1341 1318 04000000 		.word	i300.3
 1342 131c 00000000 		.word	aerocomm_cs
 1343 1320 00000000 		.word	fbw_vsupply_decivolt
 1344 1324 00000000 		.word	downlink_nb_ovrn
 1345 1328 00000000 		.word	actuators
 1346 132c 06000000 		.word	i30.4
 1347 1330 07000000 		.word	i60.5
 1348 1334 08000000 		.word	i300.6
 1349 1338 00000000 		.word	ppm_pulses
 1350 133c 00000000 		.word	rc_values
 1351 1340 00000000 		.word	vsupply_adc_buf
 1352 1344 00000000 		.word	vsupply
 1353 1348 0000DC42 		.word	1121714176
 1354 134c 00000000 		.word	vdrop2throt_coeff
 1355 1350 4B040000 		.word	1099
 1356 1354 4C040000 		.word	1100
 1357 1358 00000000 		.word	servos_values
 1359              		.comm	fbw_mode,1,1
 1360              		.comm	fbw_vsupply_decivolt,1,1
 1361              		.comm	vsupply_adc_buf,68,4
 1362              		.bss
 1363 000a 0000     		.align	2
 1364              	last_periodic_event:
 1365 000c 00000000 		.space	4
 1366              		.ident	"GCC: (GNU) 3.4.4"
DEFINED SYMBOLS
                            *ABS*:00000000 main_fbw.c
     /tmp/ccO9iQ5L.s:6      .text:00000000 init_fbw
     /tmp/ccO9iQ5L.s:10     .text:00000000 $a
     /tmp/ccO9iQ5L.s:117    .text:00000198 $d
                            *COM*:00000044 vsupply_adc_buf
     /tmp/ccO9iQ5L.s:133    .bss:00000000 avg_cpt.7
     /tmp/ccO9iQ5L.s:142    .text:000001d0 event_task_fbw
     /tmp/ccO9iQ5L.s:146    .text:000001d0 $a
     /tmp/ccO9iQ5L.s:507    .text:00000724 $d
                            *COM*:00000001 fbw_mode
                            *COM*:00000001 fbw_vsupply_decivolt
     /tmp/ccO9iQ5L.s:542    .bss:00000001 _10Hz.0
     /tmp/ccO9iQ5L.s:544    .bss:00000002 _1Hz.1
     /tmp/ccO9iQ5L.s:546    .bss:00000003 i60.2
     /tmp/ccO9iQ5L.s:549    .bss:00000004 i300.3
     /tmp/ccO9iQ5L.s:551    .bss:00000006 i30.4
     /tmp/ccO9iQ5L.s:553    .bss:00000007 i60.5
     /tmp/ccO9iQ5L.s:556    .bss:00000008 i300.6
     /tmp/ccO9iQ5L.s:572    .text:000007a8 periodic_task_fbw
     /tmp/ccO9iQ5L.s:576    .text:000007a8 $a
     /tmp/ccO9iQ5L.s:1312   .text:000012a4 $d
     /tmp/ccO9iQ5L.s:1364   .bss:0000000c last_periodic_event

UNDEFINED SYMBOLS
uart0_init_tx
uart1_init_tx
adc_init
adc_buf_channel
actuators_init
reset
TIMER0_ISR
cpu_time_sec
cpu_time_ticks
commands_failsafe
commands
fbw_state
ppm_valid
__floatsisf
__mulsf3
__fixsfsi
ppm_cpt
ppm_pulses
rc_status
time_since_last_ppm
rc_values
avg_rc_values
rc_values_contains_avg_channels
inter_mcu_received_ap
inter_mcu_received_fbw
time_since_last_ap
ap_ok
ap_state
last_ppm_cpt
__divsi3
__floatsidf
__muldf3
__fixunsdfsi
__subsf3
__extendsfdf2
__gtsf2
__truncdfsf2
__adddf3
__fixdfsi
uart0_check_free_space
uart0_transmit
telemetry_mode_Fbw
aerocomm_cs
downlink_nb_ovrn
actuators
vsupply
vdrop2throt_coeff
servos_values
