   1              		.file	"setup_actuators.c"
   2              		.global	__floatsidf
   3              		.global	__muldf3
   4              		.global	__adddf3
   5              		.global	__fixunsdfsi
   6              		.text
   7              		.align	2
   8              		.global	dl_parse_msg
  10              	dl_parse_msg:
  11              		@ Function supports interworking.
  12              		@ args = 0, pretend = 0, frame = 0
  13              		@ frame_needed = 1, uses_anonymous_args = 0
  14 0000 0DC0A0E1 		mov	ip, sp
  15 0004 10D82DE9 		stmfd	sp!, {r4, fp, ip, lr, pc}
  16 0008 94009FE5 		ldr	r0, .L8+24
  17 000c 0130D0E5 		ldrb	r3, [r0, #1]	@ zero_extendqisi2
  18 0010 640053E3 		cmp	r3, #100
  19 0014 04B04CE2 		sub	fp, ip, #4
  20 0018 1F00001A 		bne	.L1
  21 001c 0420D0E5 		ldrb	r2, [r0, #4]	@ zero_extendqisi2
  22 0020 80309FE5 		ldr	r3, .L8+28
  23 0024 060052E3 		cmp	r2, #6
  24 0028 824083E0 		add	r4, r3, r2, asl #1
  25 002c B230D0E1 		ldrh	r3, [r0, #2]
  26 0030 1F00008A 		bhi	.L1
  27 0034 AF0F53E3 		cmp	r3, #700
  28 0038 6C309F35 		ldrcc	r3, .L8+32
  29 003c 1E00003A 		bcc	.L5
  30 0040 960E53E3 		cmp	r3, #2400
  31 0044 0300A0E1 		mov	r0, r3
  32 0048 60309FE5 		ldr	r3, .L8+36
  33 004c 1E00008A 		bhi	.L5
  34 0050 FEFFFFEB 		bl	__floatsidf
  35 0054 30208FE2 		adr	r2, .L8
  36 0058 0C0092E8 		ldmia	r2, {r2-r3}
  37 005c FEFFFFEB 		bl	__muldf3
  38 0060 2C208FE2 		adr	r2, .L8+8
  39 0064 0C0092E8 		ldmia	r2, {r2-r3}
  40 0068 FEFFFFEB 		bl	__muldf3
  41 006c 28208FE2 		adr	r2, .L8+16
  42 0070 0C0092E8 		ldmia	r2, {r2-r3}
  43 0074 FEFFFFEB 		bl	__adddf3
  44 0078 FEFFFFEB 		bl	__fixunsdfsi
  45 007c 0030A0E1 		mov	r3, r0	@ movhi
  46              	.L5:
  47 0080 B030C4E1 		strh	r3, [r4, #0]	@ movhi 
  48              	.L1:
  49 0084 10689DE8 		ldmfd	sp, {r4, fp, sp, lr}
  50 0088 1EFF2FE1 		bx	lr
  51              	.L9:
  52              		.align	2
  53              	.L8:
  54 008c F7C6B03E 		.word	1051772663
  55 0090 8DEDB5A0 		.word	-1598689907
  56 0094 389C6C41 		.word	1097636920
  57 0098 00000000 		.word	0
  58 009c 0000E03F 		.word	1071644672
  59 00a0 00000000 		.word	0
  60 00a4 00000000 		.word	dl_buffer
  61 00a8 00000000 		.word	servos_values
  62 00ac 04290000 		.word	10500
  63 00b0 A08CFFFF 		.word	-29536
  65              		.align	2
  66              		.global	init_fbw
  68              	init_fbw:
  69              		@ Function supports interworking.
  70              		@ args = 0, pretend = 0, frame = 0
  71              		@ frame_needed = 1, uses_anonymous_args = 0
  72 00b4 48219FE5 		ldr	r2, .L23
  73 00b8 0DC0A0E1 		mov	ip, sp
  74 00bc 2430A0E3 		mov	r3, #36
  75 00c0 30D82DE9 		stmfd	sp!, {r4, r5, fp, ip, lr, pc}
  76 00c4 8430C2E5 		strb	r3, [r2, #132]
  77 00c8 233043E2 		sub	r3, r3, #35
  78 00cc 8030C2E5 		strb	r3, [r2, #128]
  79 00d0 573043E2 		sub	r3, r3, #87
  80 00d4 8C30C2E5 		strb	r3, [r2, #140]
  81 00d8 AB3083E2 		add	r3, r3, #171
  82 00dc 8C30C2E5 		strb	r3, [r2, #140]
  83 00e0 04B04CE2 		sub	fp, ip, #4
  84              	.L11:
  85 00e4 18519FE5 		ldr	r5, .L23
  86 00e8 B838D5E1 		ldrh	r3, [r5, #136]
  87 00ec 010B13E3 		tst	r3, #1024
  88 00f0 3700000A 		beq	.L11
  89 00f4 0320A0E3 		mov	r2, #3
  90 00f8 5530E0E3 		mvn	r3, #85
  91 00fc 8020C5E5 		strb	r2, [r5, #128]
  92 0100 8C30C5E5 		strb	r3, [r5, #140]
  93 0104 AB3083E2 		add	r3, r3, #171
  94 0108 8C30C5E5 		strb	r3, [r5, #140]
  95 010c F4109FE5 		ldr	r1, .L23+4
  96 0110 0040A0E3 		mov	r4, #0
  97 0114 02C0A0E3 		mov	ip, #2
  98 0118 AB3083E2 		add	r3, r3, #171
  99 011c 0420C5E5 		strb	r2, [r5, #4]
 100 0120 01E0A0E3 		mov	lr, #1
 101 0124 00C0C5E5 		strb	ip, [r5, #0]
 102 0128 0420C5E5 		strb	r2, [r5, #4]
 103 012c 00C0C5E5 		strb	ip, [r5, #0]
 104 0130 0340C5E7 		strb	r4, [r5, r3]
 105 0134 0030E0E3 		mvn	r3, #0
 106 0138 40E0C5E5 		strb	lr, [r5, #64]
 107 013c C8009FE5 		ldr	r0, .L23+8
 108 0140 143081E5 		str	r3, [r1, #20]
 109 0144 C4309FE5 		ldr	r3, .L23+12
 110 0148 0C4081E5 		str	r4, [r1, #12]
 111 014c 343081E5 		str	r3, [r1, #52]
 112 0150 04C080E5 		str	ip, [r0, #4]
 113 0154 0C4080E5 		str	r4, [r0, #12]
 114 0158 144080E5 		str	r4, [r0, #20]
 115 015c 284080E5 		str	r4, [r0, #40]
 116 0160 3C4080E5 		str	r4, [r0, #60]
 117 0164 04E080E5 		str	lr, [r0, #4]
 118 0168 0C3091E5 		ldr	r3, [r1, #12]
 119 016c 1030C3E3 		bic	r3, r3, #16
 120 0170 0C3081E5 		str	r3, [r1, #12]
 121 0174 1030A0E3 		mov	r3, #16
 122 0178 103081E5 		str	r3, [r1, #16]
 123 017c 143083E2 		add	r3, r3, #20
 124 0180 043281E5 		str	r3, [r1, #516]
 125 0184 88309FE5 		ldr	r3, .L23+16
 126 0188 88209FE5 		ldr	r2, .L23+20
 127 018c 043181E5 		str	r3, [r1, #260]
 128 0190 183092E5 		ldr	r3, [r2, #24]
 129 0194 013283E3 		orr	r3, r3, #268435456
 130 0198 183082E5 		str	r3, [r2, #24]
 131 019c 0132A0E3 		mov	r3, #268435456
 132 01a0 143082E5 		str	r3, [r2, #20]
 133 01a4 183092E5 		ldr	r3, [r2, #24]
 134 01a8 023783E3 		orr	r3, r3, #524288
 135 01ac 183082E5 		str	r3, [r2, #24]
 136 01b0 0237A0E3 		mov	r3, #524288
 137 01b4 143082E5 		str	r3, [r2, #20]
 138 01b8 5C309FE5 		ldr	r3, .L23+24
 139 01bc B040C3E1 		strh	r4, [r3, #0]	@ movhi 
 140 01c0 FEFFFFEB 		bl	adc_init
 141 01c4 FEFFFFEB 		bl	uart0_init_tx
 142 01c8 FEFFFFEB 		bl	uart0_init_rx
 143 01cc FEFFFFEB 		bl	actuators_init
 144              	.L20:
 145 01d0 013084E2 		add	r3, r4, #1
 146 01d4 8420A0E1 		mov	r2, r4, asl #1
 147 01d8 40109FE5 		ldr	r1, .L23+28
 148 01dc FF4003E2 		and	r4, r3, #255
 149 01e0 3C309FE5 		ldr	r3, .L23+32
 150 01e4 060054E3 		cmp	r4, #6
 151 01e8 B13082E1 		strh	r3, [r2, r1]	@ movhi 
 152 01ec 7200009A 		bls	.L20
 153 01f0 30309FE5 		ldr	r3, .L23+36
 154 01f4 B030C1E1 		strh	r3, [r1, #0]	@ movhi 
 155 01f8 FEFFFFEB 		bl	enableIRQ
 156 01fc 30689DE8 		ldmfd	sp, {r4, r5, fp, sp, lr}
 157 0200 1EFF2FE1 		bx	lr
 158              	.L24:
 159              		.align	2
 160              	.L23:
 161 0204 00C01FE0 		.word	-534790144
 162 0208 00F0FFFF 		.word	-4096
 163 020c 004000E0 		.word	-536854528
 164 0210 00000000 		.word	reset
 165 0214 00000000 		.word	TIMER0_ISR
 166 0218 008002E0 		.word	-536707072
 167 021c 00000000 		.word	cpu_time
 168 0220 00000000 		.word	servos_values
 169 0224 E4570000 		.word	22500
 170 0228 983A0000 		.word	15000
 172              		.align	2
 173              		.global	periodic_task_fbw
 175              	periodic_task_fbw:
 176              		@ Function supports interworking.
 177              		@ args = 0, pretend = 0, frame = 0
 178              		@ frame_needed = 0, uses_anonymous_args = 0
 179              		@ link register save eliminated.
 180              		@ lr needed for prologue
 181 022c 1EFF2FE1 		bx	lr
 183              		.bss
 184              	pprz_status.0:
 185 0000 00       		.space	1
 186              	_ck_a.1:
 187 0001 00       		.space	1
 188              	_ck_b.2:
 189 0002 00       		.space	1
 190              	payload_idx.3:
 191 0003 00       		.space	1
 192              		.text
 193              		.align	2
 194              		.global	event_task_fbw
 196              	event_task_fbw:
 197              		@ Function supports interworking.
 198              		@ args = 0, pretend = 0, frame = 0
 199              		@ frame_needed = 1, uses_anonymous_args = 0
 200 0230 0DC0A0E1 		mov	ip, sp
 201 0234 F0D82DE9 		stmfd	sp!, {r4, r5, r6, r7, fp, ip, lr, pc}
 202 0238 FC019FE5 		ldr	r0, .L62
 203 023c FC719FE5 		ldr	r7, .L62+4
 204 0240 B010D0E1 		ldrh	r1, [r0, #0]
 205 0244 B030D7E1 		ldrh	r3, [r7, #0]
 206 0248 04B04CE2 		sub	fp, ip, #4
 207 024c 010053E1 		cmp	r3, r1
 208 0250 EC0000EA 		b	.L58
 209              	.L56:
 210 0254 E8319FE5 		ldr	r3, .L62+8
 211 0258 0030D3E5 		ldrb	r3, [r3, #0]	@ zero_extendqisi2
 212 025c 000053E3 		cmp	r3, #0
 213 0260 ED00001A 		bne	.L27
 214 0264 DC619FE5 		ldr	r6, .L62+12
 215 0268 013081E2 		add	r3, r1, #1
 216 026c 7F3003E2 		and	r3, r3, #127
 217 0270 B030C0E1 		strh	r3, [r0, #0]	@ movhi 
 218 0274 0020D6E5 		ldrb	r2, [r6, #0]	@ zero_extendqisi2
 219 0278 CC319FE5 		ldr	r3, .L62+16
 220 027c 0150D3E7 		ldrb	r5, [r3, r1]	@ zero_extendqisi2
 221 0280 040052E3 		cmp	r2, #4
 222 0284 02F19F97 		ldrls	pc, [pc, r2, asl #2]
 223 0288 E70000EA 		b	.L28
 224              		.p2align 2
 225              	.L43:
 226 028c A0020000 		.word	.L31
 227 0290 A8020000 		.word	.L33
 228 0294 00030000 		.word	.L36
 229 0298 54030000 		.word	.L38
 230 029c 70030000 		.word	.L40
 231              	.L31:
 232 02a0 990055E3 		cmp	r5, #153
 233 02a4 D10000EA 		b	.L61
 234              	.L33:
 235 02a8 94319FE5 		ldr	r3, .L62+8
 236 02ac 0030D3E5 		ldrb	r3, [r3, #0]	@ zero_extendqisi2
 237 02b0 FF0003E2 		and	r0, r3, #255
 238 02b4 000050E3 		cmp	r0, #0
 239 02b8 90219F15 		ldrne	r2, .L62+20
 240 02bc 0030D215 		ldrneb	r3, [r2, #0]	@ zero_extendqisi2
 241 02c0 01308312 		addne	r3, r3, #1
 242 02c4 0030C215 		strneb	r3, [r2, #0]
 243 02c8 E100001A 		bne	.L35
 244 02cc 80319FE5 		ldr	r3, .L62+24
 245 02d0 041045E2 		sub	r1, r5, #4
 246 02d4 0010C3E5 		strb	r1, [r3, #0]
 247 02d8 78319FE5 		ldr	r3, .L62+28
 248 02dc 0050C3E5 		strb	r5, [r3, #0]
 249 02e0 74319FE5 		ldr	r3, .L62+32
 250 02e4 0020D6E5 		ldrb	r2, [r6, #0]	@ zero_extendqisi2
 251 02e8 0000C3E5 		strb	r0, [r3, #0]
 252 02ec 6C319FE5 		ldr	r3, .L62+36
 253 02f0 012082E2 		add	r2, r2, #1
 254 02f4 0020C6E5 		strb	r2, [r6, #0]
 255 02f8 0050C3E5 		strb	r5, [r3, #0]
 256 02fc E70000EA 		b	.L28
 257              	.L36:
 258 0300 50219FE5 		ldr	r2, .L62+28
 259 0304 50019FE5 		ldr	r0, .L62+32
 260 0308 0030D2E5 		ldrb	r3, [r2, #0]	@ zero_extendqisi2
 261 030c 0040D0E5 		ldrb	r4, [r0, #0]	@ zero_extendqisi2
 262 0310 033085E0 		add	r3, r5, r3
 263 0314 0030C2E5 		strb	r3, [r2, #0]
 264 0318 40C19FE5 		ldr	ip, .L62+36
 265 031c 30319FE5 		ldr	r3, .L62+24
 266 0320 011084E2 		add	r1, r4, #1
 267 0324 0010C0E5 		strb	r1, [r0, #0]
 268 0328 00E0D2E5 		ldrb	lr, [r2, #0]	@ zero_extendqisi2
 269 032c 0010D3E5 		ldrb	r1, [r3, #0]	@ zero_extendqisi2
 270 0330 0030DCE5 		ldrb	r3, [ip, #0]	@ zero_extendqisi2
 271 0334 0E3083E0 		add	r3, r3, lr
 272 0338 0030CCE5 		strb	r3, [ip, #0]
 273 033c 20319FE5 		ldr	r3, .L62+40
 274 0340 0020D0E5 		ldrb	r2, [r0, #0]	@ zero_extendqisi2
 275 0344 0450C3E7 		strb	r5, [r3, r4]
 276 0348 010052E1 		cmp	r2, r1
 277              	.L61:
 278 034c E700001A 		bne	.L28
 279 0350 D70000EA 		b	.L60
 280              	.L38:
 281 0354 FC309FE5 		ldr	r3, .L62+28
 282 0358 0030D3E5 		ldrb	r3, [r3, #0]	@ zero_extendqisi2
 283 035c 050053E1 		cmp	r3, r5
 284 0360 E100001A 		bne	.L35
 285              	.L60:
 286 0364 0030D6E5 		ldrb	r3, [r6, #0]	@ zero_extendqisi2
 287 0368 013083E2 		add	r3, r3, #1
 288 036c E60000EA 		b	.L57
 289              	.L40:
 290 0370 E8309FE5 		ldr	r3, .L62+36
 291 0374 0030D3E5 		ldrb	r3, [r3, #0]	@ zero_extendqisi2
 292 0378 050053E1 		cmp	r3, r5
 293 037c C0309F05 		ldreq	r3, .L62+8
 294 0380 0120A003 		moveq	r2, #1
 295 0384 0020C305 		streqb	r2, [r3, #0]
 296 0388 E500000A 		beq	.L42
 297              	.L35:
 298 038c D4209FE5 		ldr	r2, .L62+44
 299 0390 0030D2E5 		ldrb	r3, [r2, #0]	@ zero_extendqisi2
 300 0394 013083E2 		add	r3, r3, #1
 301 0398 0030C2E5 		strb	r3, [r2, #0]
 302              	.L42:
 303 039c 0030A0E3 		mov	r3, #0
 304              	.L57:
 305 03a0 0030C6E5 		strb	r3, [r6, #0]
 306              	.L28:
 307 03a4 90309FE5 		ldr	r3, .L62
 308 03a8 B010D3E1 		ldrh	r1, [r3, #0]
 309 03ac B030D7E1 		ldrh	r3, [r7, #0]
 310 03b0 84009FE5 		ldr	r0, .L62
 311 03b4 010053E1 		cmp	r3, r1
 312              	.L58:
 313 03b8 9300001A 		bne	.L56
 314              	.L27:
 315 03bc 80009FE5 		ldr	r0, .L62+8
 316 03c0 0030D0E5 		ldrb	r3, [r0, #0]	@ zero_extendqisi2
 317 03c4 000053E3 		cmp	r3, #0
 318 03c8 0401000A 		beq	.L46
 319 03cc 0020A0E3 		mov	r2, #0
 320 03d0 0020C0E5 		strb	r2, [r0, #0]
 321 03d4 78E09FE5 		ldr	lr, .L62+24
 322 03d8 0030DEE5 		ldrb	r3, [lr, #0]	@ zero_extendqisi2
 323 03dc 020053E1 		cmp	r3, r2
 324 03e0 02C0A0E1 		mov	ip, r2
 325 03e4 0101000A 		beq	.L55
 326              	.L50:
 327 03e8 74309FE5 		ldr	r3, .L62+40
 328 03ec 0C20D3E7 		ldrb	r2, [r3, ip]	@ zero_extendqisi2
 329 03f0 74309FE5 		ldr	r3, .L62+48
 330 03f4 01108CE2 		add	r1, ip, #1
 331 03f8 0000DEE5 		ldrb	r0, [lr, #0]	@ zero_extendqisi2
 332 03fc 0C20C3E7 		strb	r2, [r3, ip]
 333 0400 FFC001E2 		and	ip, r1, #255
 334 0404 0C0050E1 		cmp	r0, ip
 335 0408 F800008A 		bhi	.L50
 336              	.L55:
 337 040c 5C309FE5 		ldr	r3, .L62+52
 338 0410 0120A0E3 		mov	r2, #1
 339 0414 0020C3E5 		strb	r2, [r3, #0]
 340              	.L46:
 341 0418 50409FE5 		ldr	r4, .L62+52
 342 041c 0030D4E5 		ldrb	r3, [r4, #0]	@ zero_extendqisi2
 343 0420 000053E3 		cmp	r3, #0
 344 0424 0B01000A 		beq	.L26
 345 0428 FEFFFFEB 		bl	dl_parse_msg
 346 042c 0030A0E3 		mov	r3, #0
 347 0430 0030C4E5 		strb	r3, [r4, #0]
 348              	.L26:
 349 0434 F0689DE8 		ldmfd	sp, {r4, r5, r6, r7, fp, sp, lr}
 350 0438 1EFF2FE1 		bx	lr
 351              	.L63:
 352              		.align	2
 353              	.L62:
 354 043c 00000000 		.word	uart0_rx_extract_idx
 355 0440 00000000 		.word	uart0_rx_insert_idx
 356 0444 00000000 		.word	pprz_msg_received
 357 0448 00000000 		.word	pprz_status.0
 358 044c 00000000 		.word	uart0_rx_buffer
 359 0450 00000000 		.word	pprz_ovrn
 360 0454 00000000 		.word	pprz_payload_len
 361 0458 01000000 		.word	_ck_a.1
 362 045c 03000000 		.word	payload_idx.3
 363 0460 02000000 		.word	_ck_b.2
 364 0464 00000000 		.word	pprz_payload
 365 0468 00000000 		.word	pprz_error
 366 046c 00000000 		.word	dl_buffer
 367 0470 00000000 		.word	dl_msg_available
 369              		.bss
 370              		.align	2
 371              	last_periodic_event:
 372 0004 00000000 		.space	4
 373              		.comm	dl_msg_available,1,1
 374              		.comm	dl_buffer,128,4
 375              		.ident	"GCC: (GNU) 3.4.4"
DEFINED SYMBOLS
                            *ABS*:00000000 setup_actuators.c
     /tmp/ccHSiMEV.s:10     .text:00000000 dl_parse_msg
     /tmp/ccHSiMEV.s:14     .text:00000000 $a
     /tmp/ccHSiMEV.s:54     .text:0000008c $d
                            *COM*:00000080 dl_buffer
     /tmp/ccHSiMEV.s:68     .text:000000b4 init_fbw
     /tmp/ccHSiMEV.s:72     .text:000000b4 $a
     /tmp/ccHSiMEV.s:161    .text:00000204 $d
     /tmp/ccHSiMEV.s:175    .text:0000022c periodic_task_fbw
     /tmp/ccHSiMEV.s:181    .text:0000022c $a
                             .bss:00000000 $d
     /tmp/ccHSiMEV.s:184    .bss:00000000 pprz_status.0
     /tmp/ccHSiMEV.s:186    .bss:00000001 _ck_a.1
     /tmp/ccHSiMEV.s:188    .bss:00000002 _ck_b.2
     /tmp/ccHSiMEV.s:190    .bss:00000003 payload_idx.3
     /tmp/ccHSiMEV.s:196    .text:00000230 event_task_fbw
     /tmp/ccHSiMEV.s:226    .text:0000028c $d
     /tmp/ccHSiMEV.s:232    .text:000002a0 $a
     /tmp/ccHSiMEV.s:354    .text:0000043c $d
                            *COM*:00000001 dl_msg_available
     /tmp/ccHSiMEV.s:371    .bss:00000004 last_periodic_event

UNDEFINED SYMBOLS
__floatsidf
__muldf3
__adddf3
__fixunsdfsi
servos_values
adc_init
uart0_init_tx
uart0_init_rx
actuators_init
enableIRQ
reset
TIMER0_ISR
cpu_time
uart0_rx_extract_idx
uart0_rx_insert_idx
pprz_msg_received
uart0_rx_buffer
pprz_ovrn
pprz_payload_len
pprz_payload
pprz_error
