   1              		.file	"i2c.c"
   2              		.text
   3              		.align	2
   4              		.global	i2c_init
   6              	i2c_init:
   7              		@ Function supports interworking.
   8              		@ args = 0, pretend = 0, frame = 0
   9              		@ frame_needed = 1, uses_anonymous_args = 0
  10 0000 0DC0A0E1 		mov	ip, sp
  11 0004 20309FE5 		ldr	r3, .L2
  12 0008 10D82DE9 		stmfd	sp!, {r4, fp, ip, lr, pc}
  13 000c 0040A0E3 		mov	r4, #0
  14 0010 0040C3E5 		strb	r4, [r3, #0]
  15 0014 04B04CE2 		sub	fp, ip, #4
  16 0018 FEFFFFEB 		bl	i2c0_hw_init
  17 001c 0C309FE5 		ldr	r3, .L2+4
  18 0020 004083E5 		str	r4, [r3, #0]
  19 0024 10689DE8 		ldmfd	sp, {r4, fp, sp, lr}
  20 0028 1EFF2FE1 		bx	lr
  21              	.L3:
  22              		.align	2
  23              	.L2:
  24 002c 00000000 		.word	i2c_status
  25 0030 00000000 		.word	i2c_finished
  27              		.align	2
  28              		.global	i2c_receive
  30              	i2c_receive:
  31              		@ Function supports interworking.
  32              		@ args = 0, pretend = 0, frame = 0
  33              		@ frame_needed = 0, uses_anonymous_args = 0
  34              		@ link register save eliminated.
  35 0034 38309FE5 		ldr	r3, .L5
  36 0038 FF1001E2 		and	r1, r1, #255
  37 003c 0010C3E5 		strb	r1, [r3, #0]
  38 0040 30309FE5 		ldr	r3, .L5+4
  39 0044 FF0000E2 		and	r0, r0, #255
  40 0048 002083E5 		str	r2, [r3, #0]
  41 004c 28309FE5 		ldr	r3, .L5+8
  42 0050 010080E3 		orr	r0, r0, #1
  43 0054 0000C3E5 		strb	r0, [r3, #0]
  44 0058 20309FE5 		ldr	r3, .L5+12
  45 005c 0120A0E3 		mov	r2, #1
  46 0060 0020C3E5 		strb	r2, [r3, #0]
  47 0064 18309FE5 		ldr	r3, .L5+16
  48 0068 1F2082E2 		add	r2, r2, #31
  49              		@ lr needed for prologue
  50 006c 0020C3E5 		strb	r2, [r3, #0]
  51 0070 1EFF2FE1 		bx	lr
  52              	.L6:
  53              		.align	2
  54              	.L5:
  55 0074 00000000 		.word	i2c_len
  56 0078 00000000 		.word	i2c_finished
  57 007c 00000000 		.word	i2c_slave_addr
  58 0080 00000000 		.word	i2c_status
  59 0084 00C001E0 		.word	-536756224
  61              		.align	2
  62              		.global	i2c_transmit
  64              	i2c_transmit:
  65              		@ Function supports interworking.
  66              		@ args = 0, pretend = 0, frame = 0
  67              		@ frame_needed = 0, uses_anonymous_args = 0
  68              		@ link register save eliminated.
  69 0088 34309FE5 		ldr	r3, .L8
  70 008c FF1001E2 		and	r1, r1, #255
  71 0090 0010C3E5 		strb	r1, [r3, #0]
  72 0094 2C309FE5 		ldr	r3, .L8+4
  73 0098 002083E5 		str	r2, [r3, #0]
  74 009c 28309FE5 		ldr	r3, .L8+8
  75 00a0 FE0000E2 		and	r0, r0, #254
  76 00a4 0000C3E5 		strb	r0, [r3, #0]
  77 00a8 20309FE5 		ldr	r3, .L8+12
  78 00ac 0120A0E3 		mov	r2, #1
  79 00b0 0020C3E5 		strb	r2, [r3, #0]
  80 00b4 18309FE5 		ldr	r3, .L8+16
  81 00b8 1F2082E2 		add	r2, r2, #31
  82              		@ lr needed for prologue
  83 00bc 0020C3E5 		strb	r2, [r3, #0]
  84 00c0 1EFF2FE1 		bx	lr
  85              	.L9:
  86              		.align	2
  87              	.L8:
  88 00c4 00000000 		.word	i2c_len
  89 00c8 00000000 		.word	i2c_finished
  90 00cc 00000000 		.word	i2c_slave_addr
  91 00d0 00000000 		.word	i2c_status
  92 00d4 00C001E0 		.word	-536756224
  94              		.comm	i2c_status,1,1
  95              		.comm	i2c_buf,16,1
  96              		.comm	i2c_len,1,1
  97              		.comm	i2c_index,1,1
  98              		.comm	i2c_slave_addr,1,1
  99              		.comm	i2c_finished,4,4
 100              		.ident	"GCC: (GNU) 3.4.4"
DEFINED SYMBOLS
                            *ABS*:00000000 i2c.c
     /tmp/ccFa2HrF.s:6      .text:00000000 i2c_init
     /tmp/ccFa2HrF.s:10     .text:00000000 $a
     /tmp/ccFa2HrF.s:24     .text:0000002c $d
                            *COM*:00000001 i2c_status
                            *COM*:00000004 i2c_finished
     /tmp/ccFa2HrF.s:30     .text:00000034 i2c_receive
     /tmp/ccFa2HrF.s:35     .text:00000034 $a
     /tmp/ccFa2HrF.s:55     .text:00000074 $d
                            *COM*:00000001 i2c_len
                            *COM*:00000001 i2c_slave_addr
     /tmp/ccFa2HrF.s:64     .text:00000088 i2c_transmit
     /tmp/ccFa2HrF.s:69     .text:00000088 $a
     /tmp/ccFa2HrF.s:88     .text:000000c4 $d
                            *COM*:00000010 i2c_buf
                            *COM*:00000001 i2c_index

UNDEFINED SYMBOLS
i2c0_hw_init
