   1              		.file	"armVIC.c"
   2              		.text
   3              		.align	2
   4              		.global	disableIRQ
   6              	disableIRQ:
   7              		@ Function supports interworking.
   8              		@ args = 0, pretend = 0, frame = 0
   9              		@ frame_needed = 0, uses_anonymous_args = 0
  10              		@ link register save eliminated.
  11              		@ lr needed for prologue
  12 0000 00000FE1 		 mrs  r0, cpsr
  13 0004 803080E3 		orr	r3, r0, #128
  14 0008 03F029E1 		 msr  cpsr, r3
  15 000c 1EFF2FE1 		bx	lr
  17              		.align	2
  18              		.global	restoreIRQ
  20              	restoreIRQ:
  21              		@ Function supports interworking.
  22              		@ args = 0, pretend = 0, frame = 0
  23              		@ frame_needed = 0, uses_anonymous_args = 0
  24              		@ link register save eliminated.
  25              		@ lr needed for prologue
  26 0010 0020A0E1 		mov	r2, r0
  27 0014 00000FE1 		 mrs  r0, cpsr
  28 0018 802002E2 		and	r2, r2, #128
  29 001c 8030C0E3 		bic	r3, r0, #128
  30 0020 023083E1 		orr	r3, r3, r2
  31 0024 03F029E1 		 msr  cpsr, r3
  32 0028 1EFF2FE1 		bx	lr
  34              		.align	2
  35              		.global	enableIRQ
  37              	enableIRQ:
  38              		@ Function supports interworking.
  39              		@ args = 0, pretend = 0, frame = 0
  40              		@ frame_needed = 0, uses_anonymous_args = 0
  41              		@ link register save eliminated.
  42              		@ lr needed for prologue
  43 002c 00000FE1 		 mrs  r0, cpsr
  44 0030 8030C0E3 		bic	r3, r0, #128
  45 0034 03F029E1 		 msr  cpsr, r3
  46 0038 1EFF2FE1 		bx	lr
  48              		.align	2
  49              		.global	disableFIQ
  51              	disableFIQ:
  52              		@ Function supports interworking.
  53              		@ args = 0, pretend = 0, frame = 0
  54              		@ frame_needed = 0, uses_anonymous_args = 0
  55              		@ link register save eliminated.
  56              		@ lr needed for prologue
  57 003c 00000FE1 		 mrs  r0, cpsr
  58 0040 403080E3 		orr	r3, r0, #64
  59 0044 03F029E1 		 msr  cpsr, r3
  60 0048 1EFF2FE1 		bx	lr
  62              		.align	2
  63              		.global	restoreFIQ
  65              	restoreFIQ:
  66              		@ Function supports interworking.
  67              		@ args = 0, pretend = 0, frame = 0
  68              		@ frame_needed = 0, uses_anonymous_args = 0
  69              		@ link register save eliminated.
  70              		@ lr needed for prologue
  71 004c 0020A0E1 		mov	r2, r0
  72 0050 00000FE1 		 mrs  r0, cpsr
  73 0054 402002E2 		and	r2, r2, #64
  74 0058 4030C0E3 		bic	r3, r0, #64
  75 005c 023083E1 		orr	r3, r3, r2
  76 0060 03F029E1 		 msr  cpsr, r3
  77 0064 1EFF2FE1 		bx	lr
  79              		.align	2
  80              		.global	enableFIQ
  82              	enableFIQ:
  83              		@ Function supports interworking.
  84              		@ args = 0, pretend = 0, frame = 0
  85              		@ frame_needed = 0, uses_anonymous_args = 0
  86              		@ link register save eliminated.
  87              		@ lr needed for prologue
  88 0068 00000FE1 		 mrs  r0, cpsr
  89 006c 4030C0E3 		bic	r3, r0, #64
  90 0070 03F029E1 		 msr  cpsr, r3
  91 0074 1EFF2FE1 		bx	lr
  93              		.ident	"GCC: (GNU) 3.4.4"
DEFINED SYMBOLS
                            *ABS*:00000000 armVIC.c
     /tmp/ccQoB8Nx.s:6      .text:00000000 disableIRQ
     /tmp/ccQoB8Nx.s:12     .text:00000000 $a
     /tmp/ccQoB8Nx.s:20     .text:00000010 restoreIRQ
     /tmp/ccQoB8Nx.s:37     .text:0000002c enableIRQ
     /tmp/ccQoB8Nx.s:51     .text:0000003c disableFIQ
     /tmp/ccQoB8Nx.s:65     .text:0000004c restoreFIQ
     /tmp/ccQoB8Nx.s:82     .text:00000068 enableFIQ

NO UNDEFINED SYMBOLS
