   1              		.file	"main_fbw.c"
   2              		.text
   3              		.align	2
   4              		.global	init_fbw
   6              	init_fbw:
   7              		@ Function supports interworking.
   8              		@ args = 0, pretend = 0, frame = 0
   9              		@ frame_needed = 1, uses_anonymous_args = 0
  10 0000 8C219FE5 		ldr	r2, .L16
  11 0004 0DC0A0E1 		mov	ip, sp
  12 0008 2430A0E3 		mov	r3, #36
  13 000c 30D82DE9 		stmfd	sp!, {r4, r5, fp, ip, lr, pc}
  14 0010 8430C2E5 		strb	r3, [r2, #132]
  15 0014 233043E2 		sub	r3, r3, #35
  16 0018 8030C2E5 		strb	r3, [r2, #128]
  17 001c 573043E2 		sub	r3, r3, #87
  18 0020 8C30C2E5 		strb	r3, [r2, #140]
  19 0024 AB3083E2 		add	r3, r3, #171
  20 0028 8C30C2E5 		strb	r3, [r2, #140]
  21 002c 04B04CE2 		sub	fp, ip, #4
  22              	.L2:
  23 0030 5C519FE5 		ldr	r5, .L16
  24 0034 B838D5E1 		ldrh	r3, [r5, #136]
  25 0038 010B13E3 		tst	r3, #1024
  26 003c 0A00000A 		beq	.L2
  27 0040 0320A0E3 		mov	r2, #3
  28 0044 5530E0E3 		mvn	r3, #85
  29 0048 8020C5E5 		strb	r2, [r5, #128]
  30 004c 8C30C5E5 		strb	r3, [r5, #140]
  31 0050 AB3083E2 		add	r3, r3, #171
  32 0054 8C30C5E5 		strb	r3, [r5, #140]
  33 0058 38119FE5 		ldr	r1, .L16+4
  34 005c 0040A0E3 		mov	r4, #0
  35 0060 02C0A0E3 		mov	ip, #2
  36 0064 AB3083E2 		add	r3, r3, #171
  37 0068 0420C5E5 		strb	r2, [r5, #4]
  38 006c 01E0A0E3 		mov	lr, #1
  39 0070 00C0C5E5 		strb	ip, [r5, #0]
  40 0074 0420C5E5 		strb	r2, [r5, #4]
  41 0078 00C0C5E5 		strb	ip, [r5, #0]
  42 007c 0340C5E7 		strb	r4, [r5, r3]
  43 0080 0030E0E3 		mvn	r3, #0
  44 0084 40E0C5E5 		strb	lr, [r5, #64]
  45 0088 0C019FE5 		ldr	r0, .L16+8
  46 008c 143081E5 		str	r3, [r1, #20]
  47 0090 08319FE5 		ldr	r3, .L16+12
  48 0094 0C4081E5 		str	r4, [r1, #12]
  49 0098 343081E5 		str	r3, [r1, #52]
  50 009c 04C080E5 		str	ip, [r0, #4]
  51 00a0 0C4080E5 		str	r4, [r0, #12]
  52 00a4 144080E5 		str	r4, [r0, #20]
  53 00a8 284080E5 		str	r4, [r0, #40]
  54 00ac 3C4080E5 		str	r4, [r0, #60]
  55 00b0 04E080E5 		str	lr, [r0, #4]
  56 00b4 0C3091E5 		ldr	r3, [r1, #12]
  57 00b8 1030C3E3 		bic	r3, r3, #16
  58 00bc 0C3081E5 		str	r3, [r1, #12]
  59 00c0 1030A0E3 		mov	r3, #16
  60 00c4 103081E5 		str	r3, [r1, #16]
  61 00c8 143083E2 		add	r3, r3, #20
  62 00cc 043281E5 		str	r3, [r1, #516]
  63 00d0 CC309FE5 		ldr	r3, .L16+16
  64 00d4 CC209FE5 		ldr	r2, .L16+20
  65 00d8 043181E5 		str	r3, [r1, #260]
  66 00dc 183092E5 		ldr	r3, [r2, #24]
  67 00e0 013283E3 		orr	r3, r3, #268435456
  68 00e4 183082E5 		str	r3, [r2, #24]
  69 00e8 0132A0E3 		mov	r3, #268435456
  70 00ec 143082E5 		str	r3, [r2, #20]
  71 00f0 183092E5 		ldr	r3, [r2, #24]
  72 00f4 023783E3 		orr	r3, r3, #524288
  73 00f8 183082E5 		str	r3, [r2, #24]
  74 00fc 0237A0E3 		mov	r3, #524288
  75 0100 143082E5 		str	r3, [r2, #20]
  76 0104 A0309FE5 		ldr	r3, .L16+24
  77 0108 B040C3E1 		strh	r4, [r3, #0]	@ movhi 
  78 010c 9C309FE5 		ldr	r3, .L16+28
  79 0110 004083E5 		str	r4, [r3, #0]
  80 0114 FEFFFFEB 		bl	uart0_init_tx
  81 0118 FEFFFFEB 		bl	adc_init
  82 011c 0E00A0E3 		mov	r0, #14
  83 0120 8C109FE5 		ldr	r1, .L16+32
  84 0124 2020A0E3 		mov	r2, #32
  85 0128 FEFFFFEB 		bl	adc_buf_channel
  86 012c FEFFFFEB 		bl	actuators_init
  87              	.L11:
  88 0130 80209FE5 		ldr	r2, .L16+36
  89 0134 8410A0E1 		mov	r1, r4, asl #1
  90 0138 7C309FE5 		ldr	r3, .L16+40
  91 013c 014084E2 		add	r4, r4, #1
  92 0140 B22091E1 		ldrh	r2, [r1, r2]
  93 0144 040054E3 		cmp	r4, #4
  94 0148 B32081E1 		strh	r2, [r1, r3]	@ movhi 
  95 014c 4A0000DA 		ble	.L11
  96 0150 68209FE5 		ldr	r2, .L16+44
  97 0154 003092E5 		ldr	r3, [r2, #0]
  98 0158 023A83E3 		orr	r3, r3, #8192
  99 015c 003082E5 		str	r3, [r2, #0]
 100 0160 5C009FE5 		ldr	r0, .L16+48
 101 0164 30309FE5 		ldr	r3, .L16+8
 102 0168 062DA0E3 		mov	r2, #384
 103 016c 282083E5 		str	r2, [r3, #40]
 104 0170 00C090E5 		ldr	ip, [r0, #0]
 105 0174 4C309FE5 		ldr	r3, .L16+52
 106 0178 0010A0E3 		mov	r1, #0
 107 017c 0010C3E5 		strb	r1, [r3, #0]
 108 0180 1110CCE5 		strb	r1, [ip, #17]
 109 0184 003090E5 		ldr	r3, [r0, #0]
 110 0188 1210C3E5 		strb	r1, [r3, #18]
 111 018c 30689DE8 		ldmfd	sp, {r4, r5, fp, sp, lr}
 112 0190 1EFF2FE1 		bx	lr
 113              	.L17:
 114              		.align	2
 115              	.L16:
 116 0194 00C01FE0 		.word	-534790144
 117 0198 00F0FFFF 		.word	-4096
 118 019c 004000E0 		.word	-536854528
 119 01a0 00000000 		.word	reset
 120 01a4 00000000 		.word	TIMER0_ISR
 121 01a8 008002E0 		.word	-536707072
 122 01ac 00000000 		.word	cpu_time_sec
 123 01b0 00000000 		.word	cpu_time_ticks
 124 01b4 00000000 		.word	vsupply_adc_buf
 125 01b8 00000000 		.word	commands_failsafe
 126 01bc 00000000 		.word	commands
 127 01c0 00C002E0 		.word	-536690688
 128 01c4 00000000 		.word	fbw_state
 129 01c8 00000000 		.word	ppm_valid
 131              		.bss
 132              	avg_cpt.7:
 133 0000 00       		.space	1
 134              		.global	__floatsisf
 135              		.global	__mulsf3
 136              		.global	__fixsfsi
 137              		.text
 138              		.align	2
 139              		.global	event_task_fbw
 141              	event_task_fbw:
 142              		@ Function supports interworking.
 143              		@ args = 0, pretend = 0, frame = 0
 144              		@ frame_needed = 1, uses_anonymous_args = 0
 145 01cc 0DC0A0E1 		mov	ip, sp
 146 01d0 F0D82DE9 		stmfd	sp!, {r4, r5, r6, r7, fp, ip, lr, pc}
 147 01d4 04B04CE2 		sub	fp, ip, #4
 148 01d8 48C59FE5 		ldr	ip, .L91
 149 01dc 0030DCE5 		ldrb	r3, [ip, #0]	@ zero_extendqisi2
 150 01e0 000053E3 		cmp	r3, #0
 151 01e4 7A01000A 		beq	.L19
 152 01e8 3C159FE5 		ldr	r1, .L91+4
 153 01ec 3C759FE5 		ldr	r7, .L91+8
 154 01f0 0030D1E5 		ldrb	r3, [r1, #0]	@ zero_extendqisi2
 155 01f4 B040D7E1 		ldrh	r4, [r7, #0]
 156 01f8 013083E2 		add	r3, r3, #1
 157 01fc 0030C1E5 		strb	r3, [r1, #0]
 158 0200 594C44E2 		sub	r4, r4, #22784
 159 0204 28359FE5 		ldr	r3, .L91+12
 160 0208 0020A0E3 		mov	r2, #0
 161 020c 5B4044E2 		sub	r4, r4, #91
 162 0210 0020C3E5 		strb	r2, [r3, #0]
 163 0214 0448A0E1 		mov	r4, r4, asl #16
 164 0218 18359FE5 		ldr	r3, .L91+16
 165 021c 4448A0E1 		mov	r4, r4, asr #16
 166 0220 0020C3E5 		strb	r2, [r3, #0]
 167 0224 0020CCE5 		strb	r2, [ip, #0]
 168 0228 0400A0E1 		mov	r0, r4
 169 022c FEFFFFEB 		bl	__floatsisf
 170 0230 000054E3 		cmp	r4, #0
 171 0234 00159FA5 		ldrge	r1, .L91+20
 172 0238 00159FB5 		ldrlt	r1, .L91+24
 173 023c FEFFFFEB 		bl	__mulsf3
 174 0240 FEFFFFEB 		bl	__fixsfsi
 175 0244 F8549FE5 		ldr	r5, .L91+28
 176 0248 B000C5E1 		strh	r0, [r5, #0]	@ movhi 
 177 024c F030D5E1 		ldrsh	r3, [r5, #0]
 178 0250 960D53E3 		cmp	r3, #9600
 179 0254 961DA0C3 		movgt	r1, #9600	@ movhi
 180 0258 B010C5C1 		strgth	r1, [r5, #0]	@ movhi 
 181 025c 9A0000CA 		bgt	.L23
 182 0260 960D73E3 		cmn	r3, #9600
 183 0264 DC249FB5 		ldrlt	r2, .L91+32
 184 0268 D4349FB5 		ldrlt	r3, .L91+28
 185 026c B020C3B1 		strlth	r2, [r3, #0]	@ movhi 
 186              	.L23:
 187 0270 B240D7E1 		ldrh	r4, [r7, #2]
 188 0274 164B44E2 		sub	r4, r4, #22528
 189 0278 F24044E2 		sub	r4, r4, #242
 190 027c 0448A0E1 		mov	r4, r4, asl #16
 191 0280 4448A0E1 		mov	r4, r4, asr #16
 192 0284 0400A0E1 		mov	r0, r4
 193 0288 FEFFFFEB 		bl	__floatsisf
 194 028c 000054E3 		cmp	r4, #0
 195 0290 B4149FA5 		ldrge	r1, .L91+36
 196 0294 B4149FB5 		ldrlt	r1, .L91+40
 197 0298 FEFFFFEB 		bl	__mulsf3
 198 029c FEFFFFEB 		bl	__fixsfsi
 199 02a0 9C349FE5 		ldr	r3, .L91+28
 200 02a4 B200C3E1 		strh	r0, [r3, #2]	@ movhi 
 201 02a8 F230D5E1 		ldrsh	r3, [r5, #2]
 202 02ac 960D53E3 		cmp	r3, #9600
 203 02b0 962DA0C3 		movgt	r2, #9600	@ movhi
 204 02b4 B220C5C1 		strgth	r2, [r5, #2]	@ movhi 
 205 02b8 B10000CA 		bgt	.L28
 206 02bc 960D73E3 		cmn	r3, #9600
 207 02c0 80249FB5 		ldrlt	r2, .L91+32
 208 02c4 78349FB5 		ldrlt	r3, .L91+28
 209 02c8 B220C3B1 		strlth	r2, [r3, #2]	@ movhi 
 210              	.L28:
 211 02cc B400D7E1 		ldrh	r0, [r7, #4]
 212 02d0 710C40E2 		sub	r0, r0, #28928
 213 02d4 AC0040E2 		sub	r0, r0, #172
 214 02d8 0008A0E1 		mov	r0, r0, asl #16
 215 02dc 4008A0E1 		mov	r0, r0, asr #16
 216 02e0 FEFFFFEB 		bl	__floatsisf
 217 02e4 68149FE5 		ldr	r1, .L91+44
 218 02e8 FEFFFFEB 		bl	__mulsf3
 219 02ec FEFFFFEB 		bl	__fixsfsi
 220 02f0 B400C5E1 		strh	r0, [r5, #4]	@ movhi 
 221 02f4 F430D5E1 		ldrsh	r3, [r5, #4]
 222 02f8 960D53E3 		cmp	r3, #9600
 223 02fc 963DA0C3 		movgt	r3, #9600	@ movhi
 224 0300 B430C5C1 		strgth	r3, [r5, #4]	@ movhi 
 225 0304 C40000CA 		bgt	.L31
 226 0308 000053E3 		cmp	r3, #0
 227 030c 30349FB5 		ldrlt	r3, .L91+28
 228 0310 0010A0B3 		movlt	r1, #0	@ movhi
 229 0314 B410C3B1 		strlth	r1, [r3, #4]	@ movhi 
 230              	.L31:
 231 0318 B640D7E1 		ldrh	r4, [r7, #6]
 232 031c 574C44E2 		sub	r4, r4, #22272
 233 0320 C64044E2 		sub	r4, r4, #198
 234 0324 0448A0E1 		mov	r4, r4, asl #16
 235 0328 4448A0E1 		mov	r4, r4, asr #16
 236 032c 0400A0E1 		mov	r0, r4
 237 0330 FEFFFFEB 		bl	__floatsisf
 238 0334 000054E3 		cmp	r4, #0
 239 0338 18149FA5 		ldrge	r1, .L91+48
 240 033c 18149FB5 		ldrlt	r1, .L91+52
 241 0340 FEFFFFEB 		bl	__mulsf3
 242 0344 FEFFFFEB 		bl	__fixsfsi
 243 0348 F4339FE5 		ldr	r3, .L91+28
 244 034c B600C3E1 		strh	r0, [r3, #6]	@ movhi 
 245 0350 F630D5E1 		ldrsh	r3, [r5, #6]
 246 0354 960D53E3 		cmp	r3, #9600
 247 0358 962DA0C3 		movgt	r2, #9600	@ movhi
 248 035c B620C5C1 		strgth	r2, [r5, #6]	@ movhi 
 249 0360 DB0000CA 		bgt	.L36
 250 0364 960D73E3 		cmn	r3, #9600
 251 0368 D8239FB5 		ldrlt	r2, .L91+32
 252 036c D0339FB5 		ldrlt	r3, .L91+28
 253 0370 B620C3B1 		strlth	r2, [r3, #6]	@ movhi 
 254              	.L36:
 255 0374 BA40D7E1 		ldrh	r4, [r7, #10]
 256 0378 E0639FE5 		ldr	r6, .L91+56
 257 037c 574C44E2 		sub	r4, r4, #22272
 258 0380 C64044E2 		sub	r4, r4, #198
 259 0384 B820D7E1 		ldrh	r2, [r7, #8]
 260 0388 103096E5 		ldr	r3, [r6, #16]
 261 038c 0448A0E1 		mov	r4, r4, asl #16
 262 0390 4448A0E1 		mov	r4, r4, asr #16
 263 0394 023083E0 		add	r3, r3, r2
 264 0398 0400A0E1 		mov	r0, r4
 265 039c 103086E5 		str	r3, [r6, #16]
 266 03a0 FEFFFFEB 		bl	__floatsisf
 267 03a4 000054E3 		cmp	r4, #0
 268 03a8 A8139FA5 		ldrge	r1, .L91+48
 269 03ac A8139FB5 		ldrlt	r1, .L91+52
 270 03b0 FEFFFFEB 		bl	__mulsf3
 271 03b4 FEFFFFEB 		bl	__fixsfsi
 272 03b8 84339FE5 		ldr	r3, .L91+28
 273 03bc BA00C3E1 		strh	r0, [r3, #10]	@ movhi 
 274 03c0 FA30D5E1 		ldrsh	r3, [r5, #10]
 275 03c4 960D53E3 		cmp	r3, #9600
 276 03c8 963DA0C3 		movgt	r3, #9600	@ movhi
 277 03cc BA30C5C1 		strgth	r3, [r5, #10]	@ movhi 
 278 03d0 F70000CA 		bgt	.L41
 279 03d4 960D73E3 		cmn	r3, #9600
 280 03d8 68239FB5 		ldrlt	r2, .L91+32
 281 03dc 60339FB5 		ldrlt	r3, .L91+28
 282 03e0 BA20C3B1 		strlth	r2, [r3, #10]	@ movhi 
 283              	.L41:
 284 03e4 78E39FE5 		ldr	lr, .L91+60
 285 03e8 0030DEE5 		ldrb	r3, [lr, #0]	@ zero_extendqisi2
 286 03ec 013083E2 		add	r3, r3, #1
 287 03f0 0030CEE5 		strb	r3, [lr, #0]
 288 03f4 1C2096E5 		ldr	r2, [r6, #28]
 289 03f8 183096E5 		ldr	r3, [r6, #24]
 290 03fc BEC0D7E1 		ldrh	ip, [r7, #14]
 291 0400 BC10D7E1 		ldrh	r1, [r7, #12]
 292 0404 0000DEE5 		ldrb	r0, [lr, #0]	@ zero_extendqisi2
 293 0408 013083E0 		add	r3, r3, r1
 294 040c 0C2082E0 		add	r2, r2, ip
 295 0410 080050E3 		cmp	r0, #8
 296 0414 183086E5 		str	r3, [r6, #24]
 297 0418 1C2086E5 		str	r2, [r6, #28]
 298 041c 5F01001A 		bne	.L59
 299 0420 104096E5 		ldr	r4, [r6, #16]
 300 0424 C43FA0E1 		mov	r3, r4, asr #31
 301 0428 A34E84E0 		add	r4, r4, r3, lsr #29
 302 042c C441A0E1 		mov	r4, r4, asr #3
 303 0430 594C44E2 		sub	r4, r4, #22784
 304 0434 5B4044E2 		sub	r4, r4, #91
 305 0438 0448A0E1 		mov	r4, r4, asl #16
 306 043c 0030A0E3 		mov	r3, #0
 307 0440 4448A0E1 		mov	r4, r4, asr #16
 308 0444 0030CEE5 		strb	r3, [lr, #0]
 309 0448 0400A0E1 		mov	r0, r4
 310 044c FEFFFFEB 		bl	__floatsisf
 311 0450 000054E3 		cmp	r4, #0
 312 0454 0C139FA5 		ldrge	r1, .L91+64
 313 0458 0C139FB5 		ldrlt	r1, .L91+68
 314 045c FEFFFFEB 		bl	__mulsf3
 315 0460 FEFFFFEB 		bl	__fixsfsi
 316 0464 D8329FE5 		ldr	r3, .L91+28
 317 0468 B800C3E1 		strh	r0, [r3, #8]	@ movhi 
 318 046c F820D5E1 		ldrsh	r2, [r5, #8]
 319 0470 960D52E3 		cmp	r2, #9600
 320 0474 0030A0E3 		mov	r3, #0
 321 0478 961DA0C3 		movgt	r1, #9600	@ movhi
 322 047c 103086E5 		str	r3, [r6, #16]
 323 0480 B810C5C1 		strgth	r1, [r5, #8]	@ movhi 
 324 0484 240100CA 		bgt	.L47
 325 0488 960D72E3 		cmn	r2, #9600
 326 048c B4229FB5 		ldrlt	r2, .L91+32
 327 0490 AC329FB5 		ldrlt	r3, .L91+28
 328 0494 B820C3B1 		strlth	r2, [r3, #8]	@ movhi 
 329              	.L47:
 330 0498 184096E5 		ldr	r4, [r6, #24]
 331 049c C43FA0E1 		mov	r3, r4, asr #31
 332 04a0 A34E84E0 		add	r4, r4, r3, lsr #29
 333 04a4 C441A0E1 		mov	r4, r4, asr #3
 334 04a8 164B44E2 		sub	r4, r4, #22528
 335 04ac F24044E2 		sub	r4, r4, #242
 336 04b0 0448A0E1 		mov	r4, r4, asl #16
 337 04b4 4448A0E1 		mov	r4, r4, asr #16
 338 04b8 0400A0E1 		mov	r0, r4
 339 04bc FEFFFFEB 		bl	__floatsisf
 340 04c0 000054E3 		cmp	r4, #0
 341 04c4 A4129FA5 		ldrge	r1, .L91+72
 342 04c8 A4129FB5 		ldrlt	r1, .L91+76
 343 04cc FEFFFFEB 		bl	__mulsf3
 344 04d0 FEFFFFEB 		bl	__fixsfsi
 345 04d4 68329FE5 		ldr	r3, .L91+28
 346 04d8 BC00C3E1 		strh	r0, [r3, #12]	@ movhi 
 347 04dc FC20D5E1 		ldrsh	r2, [r5, #12]
 348 04e0 960D52E3 		cmp	r2, #9600
 349 04e4 0030A0E3 		mov	r3, #0
 350 04e8 962DA0C3 		movgt	r2, #9600	@ movhi
 351 04ec 183086E5 		str	r3, [r6, #24]
 352 04f0 BC20C5C1 		strgth	r2, [r5, #12]	@ movhi 
 353 04f4 400100CA 		bgt	.L52
 354 04f8 960D72E3 		cmn	r2, #9600
 355 04fc 44229FB5 		ldrlt	r2, .L91+32
 356 0500 3C329FB5 		ldrlt	r3, .L91+28
 357 0504 BC20C3B1 		strlth	r2, [r3, #12]	@ movhi 
 358              	.L52:
 359 0508 1C4096E5 		ldr	r4, [r6, #28]
 360 050c C43FA0E1 		mov	r3, r4, asr #31
 361 0510 A34E84E0 		add	r4, r4, r3, lsr #29
 362 0514 C441A0E1 		mov	r4, r4, asr #3
 363 0518 594C44E2 		sub	r4, r4, #22784
 364 051c 6A4044E2 		sub	r4, r4, #106
 365 0520 0448A0E1 		mov	r4, r4, asl #16
 366 0524 4448A0E1 		mov	r4, r4, asr #16
 367 0528 0400A0E1 		mov	r0, r4
 368 052c FEFFFFEB 		bl	__floatsisf
 369 0530 000054E3 		cmp	r4, #0
 370 0534 3C129FA5 		ldrge	r1, .L91+80
 371 0538 3C129FB5 		ldrlt	r1, .L91+84
 372 053c FEFFFFEB 		bl	__mulsf3
 373 0540 FEFFFFEB 		bl	__fixsfsi
 374 0544 F8319FE5 		ldr	r3, .L91+28
 375 0548 BE00C3E1 		strh	r0, [r3, #14]	@ movhi 
 376 054c FE20D5E1 		ldrsh	r2, [r5, #14]
 377 0550 0030A0E3 		mov	r3, #0
 378 0554 960D52E3 		cmp	r2, #9600
 379 0558 1C3086E5 		str	r3, [r6, #28]
 380 055c 963DA0C3 		movgt	r3, #9600	@ movhi
 381 0560 BE30C5C1 		strgth	r3, [r5, #14]	@ movhi 
 382 0564 5C0100CA 		bgt	.L57
 383 0568 960D72E3 		cmn	r2, #9600
 384 056c D4219FB5 		ldrlt	r2, .L91+32
 385 0570 CC319FB5 		ldrlt	r3, .L91+28
 386 0574 BE20C3B1 		strlth	r2, [r3, #14]	@ movhi 
 387              	.L57:
 388 0578 00329FE5 		ldr	r3, .L91+88
 389 057c 0120A0E3 		mov	r2, #1
 390 0580 0020C3E5 		strb	r2, [r3, #0]
 391              	.L59:
 392 0584 F4319FE5 		ldr	r3, .L91+88
 393 0588 0030D3E5 		ldrb	r3, [r3, #0]	@ zero_extendqisi2
 394 058c 000053E3 		cmp	r3, #0
 395 0590 6A01000A 		beq	.L60
 396 0594 A8319FE5 		ldr	r3, .L91+28
 397 0598 FE30D3E1 		ldrsh	r3, [r3, #14]
 398 059c E0219FE5 		ldr	r2, .L91+92
 399 05a0 4B0D73E3 		cmn	r3, #4800
 400 05a4 0030A0B3 		movlt	r3, #0
 401 05a8 0130A0A3 		movge	r3, #1
 402 05ac 0030C2E5 		strb	r3, [r2, #0]
 403              	.L60:
 404 05b0 CC319FE5 		ldr	r3, .L91+92
 405 05b4 0030D3E5 		ldrb	r3, [r3, #0]	@ zero_extendqisi2
 406 05b8 000053E3 		cmp	r3, #0
 407 05bc 7A01001A 		bne	.L19
 408 05c0 7C319FE5 		ldr	r3, .L91+28
 409 05c4 BC219FE5 		ldr	r2, .L91+96
 410 05c8 BA10D3E1 		ldrh	r1, [r3, #10]
 411 05cc B810C2E1 		strh	r1, [r2, #8]	@ movhi 
 412 05d0 B410D3E1 		ldrh	r1, [r3, #4]
 413 05d4 B010C2E1 		strh	r1, [r2, #0]	@ movhi 
 414 05d8 B010D3E1 		ldrh	r1, [r3, #0]
 415 05dc B210C2E1 		strh	r1, [r2, #2]	@ movhi 
 416 05e0 B210D3E1 		ldrh	r1, [r3, #2]
 417 05e4 B630D3E1 		ldrh	r3, [r3, #6]
 418 05e8 B410C2E1 		strh	r1, [r2, #4]	@ movhi 
 419 05ec B630C2E1 		strh	r3, [r2, #6]	@ movhi 
 420              	.L19:
 421 05f0 94019FE5 		ldr	r0, .L91+100
 422 05f4 0030D0E5 		ldrb	r3, [r0, #0]	@ zero_extendqisi2
 423 05f8 000053E3 		cmp	r3, #0
 424 05fc C601000A 		beq	.L18
 425 0600 7CE19FE5 		ldr	lr, .L91+92
 426 0604 0030DEE5 		ldrb	r3, [lr, #0]	@ zero_extendqisi2
 427 0608 010053E3 		cmp	r3, #1
 428 060c 7C319FE5 		ldr	r3, .L91+104
 429 0610 0010A0E3 		mov	r1, #0
 430 0614 0120A0E3 		mov	r2, #1
 431 0618 0010C0E5 		strb	r1, [r0, #0]
 432 061c 0020C3E5 		strb	r2, [r3, #0]
 433 0620 6C319FE5 		ldr	r3, .L91+108
 434 0624 0010C3E5 		strb	r1, [r3, #0]
 435 0628 68319FE5 		ldr	r3, .L91+112
 436 062c 0020C3E5 		strb	r2, [r3, #0]
 437 0630 9501001A 		bne	.L64
 438 0634 0100A0E1 		mov	r0, r1
 439              	.L68:
 440 0638 5C319FE5 		ldr	r3, .L91+116
 441 063c 001093E5 		ldr	r1, [r3, #0]
 442 0640 8020A0E1 		mov	r2, r0, asl #1
 443 0644 3C319FE5 		ldr	r3, .L91+96
 444 0648 010080E2 		add	r0, r0, #1
 445 064c B11092E1 		ldrh	r1, [r2, r1]
 446 0650 040050E3 		cmp	r0, #4
 447 0654 B31082E1 		strh	r1, [r2, r3]	@ movhi 
 448 0658 8C0100DA 		ble	.L68
 449              	.L64:
 450 065c 0010A0E3 		mov	r1, #0
 451              	.L72:
 452 0660 013081E2 		add	r3, r1, #1
 453 0664 8120A0E1 		mov	r2, r1, asl #1
 454 0668 30C19FE5 		ldr	ip, .L91+120
 455 066c FF1003E2 		and	r1, r3, #255
 456 0670 CC309FE5 		ldr	r3, .L91+28
 457 0674 00009CE5 		ldr	r0, [ip, #0]
 458 0678 B33092E1 		ldrh	r3, [r2, r3]
 459 067c 070051E3 		cmp	r1, #7
 460 0680 B03082E1 		strh	r3, [r2, r0]	@ movhi 
 461 0684 9601009A 		bls	.L72
 462 0688 14319FE5 		ldr	r3, .L91+124
 463 068c 0030D3E5 		ldrb	r3, [r3, #0]	@ zero_extendqisi2
 464 0690 1030C0E5 		strb	r3, [r0, #16]
 465 0694 98309FE5 		ldr	r3, .L91+12
 466 0698 0030D3E5 		ldrb	r3, [r3, #0]	@ zero_extendqisi2
 467 069c 012073E2 		rsbs	r2, r3, #1
 468 06a0 0020A033 		movcc	r2, #0
 469 06a4 020053E3 		cmp	r3, #2
 470 06a8 FF200212 		andne	r2, r2, #255
 471 06ac AD01001A 		bne	.L74
 472 06b0 000052E3 		cmp	r2, #0
 473 06b4 0320A013 		movne	r2, #3
 474 06b8 0220A003 		moveq	r2, #2
 475              	.L74:
 476 06bc 0030DEE5 		ldrb	r3, [lr, #0]	@ zero_extendqisi2
 477 06c0 010053E3 		cmp	r3, #1
 478 06c4 0030DEE5 		ldrb	r3, [lr, #0]	@ zero_extendqisi2
 479 06c8 04208203 		orreq	r2, r2, #4
 480 06cc FF200212 		andne	r2, r2, #255
 481 06d0 020053E3 		cmp	r3, #2
 482 06d4 00309CE5 		ldr	r3, [ip, #0]
 483 06d8 08208203 		orreq	r2, r2, #8
 484 06dc FF200212 		andne	r2, r2, #255
 485 06e0 1120C3E5 		strb	r2, [r3, #17]
 486 06e4 94109FE5 		ldr	r1, .L91+88
 487 06e8 0030D1E5 		ldrb	r3, [r1, #0]	@ zero_extendqisi2
 488 06ec 000053E3 		cmp	r3, #0
 489 06f0 C101000A 		beq	.L79
 490 06f4 00309CE5 		ldr	r3, [ip, #0]
 491 06f8 1120D3E5 		ldrb	r2, [r3, #17]	@ zero_extendqisi2
 492 06fc 102082E3 		orr	r2, r2, #16
 493 0700 1120C3E5 		strb	r2, [r3, #17]
 494 0704 0030A0E3 		mov	r3, #0
 495 0708 0030C1E5 		strb	r3, [r1, #0]
 496              	.L79:
 497 070c 8C309FE5 		ldr	r3, .L91+120
 498 0710 002093E5 		ldr	r2, [r3, #0]
 499 0714 8C309FE5 		ldr	r3, .L91+128
 500 0718 0030D3E5 		ldrb	r3, [r3, #0]	@ zero_extendqisi2
 501 071c 1330C2E5 		strb	r3, [r2, #19]
 502              	.L18:
 503 0720 F0689DE8 		ldmfd	sp, {r4, r5, r6, r7, fp, sp, lr}
 504 0724 1EFF2FE1 		bx	lr
 505              	.L92:
 506              		.align	2
 507              	.L91:
 508 0728 00000000 		.word	ppm_valid
 509 072c 00000000 		.word	ppm_cpt
 510 0730 00000000 		.word	ppm_pulses
 511 0734 00000000 		.word	rc_status
 512 0738 00000000 		.word	time_since_last_ppm
 513 073c E059C7BF 		.word	-1077454368
 514 0740 D8DFC5BF 		.word	-1077551144
 515 0744 00000000 		.word	rc_values
 516 0748 80DAFFFF 		.word	-9600
 517 074c 5C83C33F 		.word	1069777756
 518 0750 79CEC93F 		.word	1070190201
 519 0754 289C46BF 		.word	-1085891544
 520 0758 76EDD5BF 		.word	-1076499082
 521 075c E156B9BF 		.word	-1078372639
 522 0760 00000000 		.word	avg_rc_values
 523 0764 00000000 		.word	avg_cpt.7
 524 0768 165B93BF 		.word	-1080861930
 525 076c 869A93BF 		.word	-1080845690
 526 0770 238C923F 		.word	1066568739
 527 0774 DA81953F 		.word	1066762714
 528 0778 9A4D92BF 		.word	-1080930918
 529 077c 2F2394BF 		.word	-1080810705
 530 0780 00000000 		.word	rc_values_contains_avg_channels
 531 0784 00000000 		.word	fbw_mode
 532 0788 00000000 		.word	commands
 533 078c 00000000 		.word	inter_mcu_received_ap
 534 0790 00000000 		.word	inter_mcu_received_fbw
 535 0794 00000000 		.word	time_since_last_ap
 536 0798 00000000 		.word	ap_ok
 537 079c 00000000 		.word	ap_state
 538 07a0 00000000 		.word	fbw_state
 539 07a4 00000000 		.word	last_ppm_cpt
 540 07a8 00000000 		.word	fbw_vsupply_decivolt
 542              		.bss
 543              	_10Hz.0:
 544 0001 00       		.space	1
 545              	_1Hz.1:
 546 0002 00       		.space	1
 547              	i60.2:
 548 0003 00       		.space	1
 549              		.align	1
 550              	i300.3:
 551 0004 0000     		.space	2
 552              	i30.4:
 553 0006 00       		.space	1
 554              	i60.5:
 555 0007 00       		.space	1
 556              		.align	1
 557              	i300.6:
 558 0008 0000     		.space	2
 559              		.global	__divsi3
 560              		.global	__floatsidf
 561              		.global	__muldf3
 562              		.global	__fixunsdfsi
 563              		.global	__subsf3
 564              		.global	__extendsfdf2
 565              		.global	__subdf3
 566              		.global	__truncdfsf2
 567              		.global	__gtsf2
 568              		.global	__adddf3
 569              		.global	__fixdfsi
 570              		.text
 571              		.align	2
 572              		.global	periodic_task_fbw
 574              	periodic_task_fbw:
 575              		@ Function supports interworking.
 576              		@ args = 0, pretend = 0, frame = 0
 577              		@ frame_needed = 1, uses_anonymous_args = 0
 578 07ac 0DC0A0E1 		mov	ip, sp
 579 07b0 F0DD2DE9 		stmfd	sp!, {r4, r5, r6, r7, r8, sl, fp, ip, lr, pc}
 580 07b4 5CAB9FE5 		ldr	sl, .L197+80
 581 07b8 0030DAE5 		ldrb	r3, [sl, #0]	@ zero_extendqisi2
 582 07bc 013083E2 		add	r3, r3, #1
 583 07c0 0030CAE5 		strb	r3, [sl, #0]
 584 07c4 0030DAE5 		ldrb	r3, [sl, #0]	@ zero_extendqisi2
 585 07c8 04B04CE2 		sub	fp, ip, #4
 586 07cc 050053E3 		cmp	r3, #5
 587 07d0 44CB9FE5 		ldr	ip, .L197+84
 588 07d4 0030A083 		movhi	r3, #0
 589 07d8 0030CA85 		strhib	r3, [sl, #0]
 590 07dc 0030DCE5 		ldrb	r3, [ip, #0]	@ zero_extendqisi2
 591 07e0 013083E2 		add	r3, r3, #1
 592 07e4 0030CCE5 		strb	r3, [ip, #0]
 593 07e8 0030DCE5 		ldrb	r3, [ip, #0]	@ zero_extendqisi2
 594 07ec 3B0053E3 		cmp	r3, #59
 595 07f0 0202009A 		bls	.L95
 596 07f4 240B9FE5 		ldr	r0, .L197+88
 597 07f8 243B9FE5 		ldr	r3, .L197+92
 598 07fc 0010D0E5 		ldrb	r1, [r0, #0]	@ zero_extendqisi2
 599 0800 0020A0E3 		mov	r2, #0
 600 0804 0010C3E5 		strb	r1, [r3, #0]
 601 0808 0020C0E5 		strb	r2, [r0, #0]
 602 080c 0020CCE5 		strb	r2, [ip, #0]
 603              	.L95:
 604 0810 100B9FE5 		ldr	r0, .L197+96
 605 0814 0010D0E5 		ldrb	r1, [r0, #0]	@ zero_extendqisi2
 606 0818 FF3001E2 		and	r3, r1, #255
 607 081c 3B0053E3 		cmp	r3, #59
 608 0820 043B9F85 		ldrhi	r3, .L197+100
 609 0824 0220A083 		movhi	r2, #2
 610 0828 0020C385 		strhib	r2, [r3, #0]
 611 082c 1002008A 		bhi	.L99
 612 0830 1D0053E3 		cmp	r3, #29
 613 0834 F03A9F85 		ldrhi	r3, .L197+100
 614 0838 0120A083 		movhi	r2, #1
 615 083c 0020C385 		strhib	r2, [r3, #0]
 616 0840 013081E2 		add	r3, r1, #1
 617 0844 0030C0E5 		strb	r3, [r0, #0]
 618              	.L99:
 619 0848 E05A9FE5 		ldr	r5, .L197+104
 620 084c 0030D5E5 		ldrb	r3, [r5, #0]	@ zero_extendqisi2
 621 0850 000053E3 		cmp	r3, #0
 622 0854 1902001A 		bne	.L100
 623 0858 CC3A9FE5 		ldr	r3, .L197+100
 624 085c 0030D3E5 		ldrb	r3, [r3, #0]	@ zero_extendqisi2
 625 0860 020053E3 		cmp	r3, #2
 626 0864 01304302 		subeq	r3, r3, #1
 627 0868 0030C505 		streqb	r3, [r5, #0]
 628              	.L100:
 629 086c C02A9FE5 		ldr	r2, .L197+108
 630 0870 0030D2E5 		ldrb	r3, [r2, #0]	@ zero_extendqisi2
 631 0874 1D0053E3 		cmp	r3, #29
 632 0878 B83A9F85 		ldrhi	r3, .L197+112
 633 087c 01308392 		addls	r3, r3, #1
 634 0880 0020A083 		movhi	r2, #0
 635 0884 0020C385 		strhib	r2, [r3, #0]
 636 0888 0030C295 		strlsb	r3, [r2, #0]
 637 088c 0030D5E5 		ldrb	r3, [r5, #0]	@ zero_extendqisi2
 638 0890 010053E3 		cmp	r3, #1
 639 0894 3302001A 		bne	.L104
 640 0898 983A9FE5 		ldr	r3, .L197+112
 641 089c 0010D3E5 		ldrb	r1, [r3, #0]	@ zero_extendqisi2
 642 08a0 000051E3 		cmp	r1, #0
 643 08a4 3302001A 		bne	.L104
 644 08a8 0230A0E3 		mov	r3, #2
 645 08ac 0030C5E5 		strb	r3, [r5, #0]
 646 08b0 0100A0E1 		mov	r0, r1
 647              	.L108:
 648 08b4 802A9FE5 		ldr	r2, .L197+116
 649 08b8 8010A0E1 		mov	r1, r0, asl #1
 650 08bc 7C3A9FE5 		ldr	r3, .L197+120
 651 08c0 010080E2 		add	r0, r0, #1
 652 08c4 B22091E1 		ldrh	r2, [r1, r2]
 653 08c8 040050E3 		cmp	r0, #4
 654 08cc B32081E1 		strh	r2, [r1, r3]	@ movhi 
 655 08d0 2B0200DA 		ble	.L108
 656              	.L104:
 657 08d4 688A9FE5 		ldr	r8, .L197+124
 658 08d8 0060D8E5 		ldrb	r6, [r8, #0]	@ zero_extendqisi2
 659 08dc 000056E3 		cmp	r6, #0
 660 08e0 D302001A 		bne	.L110
 661 08e4 5C2A9FE5 		ldr	r2, .L197+128
 662 08e8 0030D2E5 		ldrb	r3, [r2, #0]	@ zero_extendqisi2
 663 08ec 013083E2 		add	r3, r3, #1
 664 08f0 0030C2E5 		strb	r3, [r2, #0]
 665 08f4 507A9FE5 		ldr	r7, .L197+132
 666 08f8 0030D2E5 		ldrb	r3, [r2, #0]	@ zero_extendqisi2
 667 08fc 3B0053E3 		cmp	r3, #59
 668 0900 B030D7E1 		ldrh	r3, [r7, #0]
 669 0904 013083E2 		add	r3, r3, #1
 670 0908 B030C7E1 		strh	r3, [r7, #0]	@ movhi 
 671 090c 0060C285 		strhib	r6, [r2, #0]
 672 0910 B030D7E1 		ldrh	r3, [r7, #0]
 673 0914 4B0F53E3 		cmp	r3, #300
 674 0918 0030D2E5 		ldrb	r3, [r2, #0]	@ zero_extendqisi2
 675 091c B060C721 		strcsh	r6, [r7, #0]	@ movhi 
 676 0920 000053E3 		cmp	r3, #0
 677 0924 7102001A 		bne	.L113
 678 0928 1200A0E3 		mov	r0, #18
 679 092c FEFFFFEB 		bl	uart0_check_free_space
 680 0930 FF0010E3 		tst	r0, #255
 681 0934 9C02000A 		beq	.L122
 682 0938 105A9FE5 		ldr	r5, .L197+136
 683 093c 0D00A0E3 		mov	r0, #13
 684 0940 0060C5E5 		strb	r6, [r5, #0]
 685 0944 FEFFFFEB 		bl	uart0_transmit
 686 0948 0030D5E5 		ldrb	r3, [r5, #0]	@ zero_extendqisi2
 687 094c 2C3083E2 		add	r3, r3, #44
 688 0950 2C00A0E3 		mov	r0, #44
 689 0954 0030C5E5 		strb	r3, [r5, #0]
 690 0958 FEFFFFEB 		bl	uart0_transmit
 691 095c 0030D5E5 		ldrb	r3, [r5, #0]	@ zero_extendqisi2
 692 0960 663083E2 		add	r3, r3, #102
 693 0964 6600A0E3 		mov	r0, #102
 694 0968 0030C5E5 		strb	r3, [r5, #0]
 695 096c FEFFFFEB 		bl	uart0_transmit
 696 0970 0030D5E5 		ldrb	r3, [r5, #0]	@ zero_extendqisi2
 697 0974 053083E2 		add	r3, r3, #5
 698 0978 0500A0E3 		mov	r0, #5
 699 097c 0030C5E5 		strb	r3, [r5, #0]
 700 0980 FEFFFFEB 		bl	uart0_transmit
 701              	.L118:
 702 0984 B4499FE5 		ldr	r4, .L197+120
 703 0988 0030D5E5 		ldrb	r3, [r5, #0]	@ zero_extendqisi2
 704 098c 8600D4E7 		ldrb	r0, [r4, r6, asl #1]	@ zero_extendqisi2
 705 0990 033080E0 		add	r3, r0, r3
 706 0994 0030C5E5 		strb	r3, [r5, #0]
 707 0998 014084E2 		add	r4, r4, #1
 708 099c FEFFFFEB 		bl	uart0_transmit
 709 09a0 8630D4E7 		ldrb	r3, [r4, r6, asl #1]	@ zero_extendqisi2
 710 09a4 0020D5E5 		ldrb	r2, [r5, #0]	@ zero_extendqisi2
 711 09a8 0300A0E1 		mov	r0, r3
 712 09ac 023083E0 		add	r3, r3, r2
 713 09b0 0030C5E5 		strb	r3, [r5, #0]
 714 09b4 FEFFFFEB 		bl	uart0_transmit
 715 09b8 013086E2 		add	r3, r6, #1
 716 09bc FF6003E2 		and	r6, r3, #255
 717 09c0 040056E3 		cmp	r6, #4
 718 09c4 5F02009A 		bls	.L118
 719 09c8 990200EA 		b	.L194
 720              	.L113:
 721 09cc 060053E3 		cmp	r3, #6
 722 09d0 A002001A 		bne	.L120
 723 09d4 0A00A0E3 		mov	r0, #10
 724 09d8 FEFFFFEB 		bl	uart0_check_free_space
 725 09dc FF0010E3 		tst	r0, #255
 726 09e0 9C02000A 		beq	.L122
 727 09e4 64499FE5 		ldr	r4, .L197+136
 728 09e8 0500A0E3 		mov	r0, #5
 729 09ec 0060C4E5 		strb	r6, [r4, #0]
 730 09f0 FEFFFFEB 		bl	uart0_transmit
 731 09f4 0030D4E5 		ldrb	r3, [r4, #0]	@ zero_extendqisi2
 732 09f8 2C3083E2 		add	r3, r3, #44
 733 09fc 2C00A0E3 		mov	r0, #44
 734 0a00 0030C4E5 		strb	r3, [r4, #0]
 735 0a04 FEFFFFEB 		bl	uart0_transmit
 736 0a08 0030D4E5 		ldrb	r3, [r4, #0]	@ zero_extendqisi2
 737 0a0c 673083E2 		add	r3, r3, #103
 738 0a10 6700A0E3 		mov	r0, #103
 739 0a14 0030C4E5 		strb	r3, [r4, #0]
 740 0a18 FEFFFFEB 		bl	uart0_transmit
 741 0a1c 08399FE5 		ldr	r3, .L197+100
 742 0a20 0020D4E5 		ldrb	r2, [r4, #0]	@ zero_extendqisi2
 743 0a24 0030D3E5 		ldrb	r3, [r3, #0]	@ zero_extendqisi2
 744 0a28 0300A0E1 		mov	r0, r3
 745 0a2c 023083E0 		add	r3, r3, r2
 746 0a30 0030C4E5 		strb	r3, [r4, #0]
 747 0a34 FEFFFFEB 		bl	uart0_transmit
 748 0a38 0030D5E5 		ldrb	r3, [r5, #0]	@ zero_extendqisi2
 749 0a3c 0020D4E5 		ldrb	r2, [r4, #0]	@ zero_extendqisi2
 750 0a40 0300A0E1 		mov	r0, r3
 751 0a44 023083E0 		add	r3, r3, r2
 752 0a48 0030C4E5 		strb	r3, [r4, #0]
 753 0a4c FEFFFFEB 		bl	uart0_transmit
 754 0a50 FC389FE5 		ldr	r3, .L197+140
 755 0a54 0020D4E5 		ldrb	r2, [r4, #0]	@ zero_extendqisi2
 756 0a58 0030D3E5 		ldrb	r3, [r3, #0]	@ zero_extendqisi2
 757 0a5c 0300A0E1 		mov	r0, r3
 758 0a60 023083E0 		add	r3, r3, r2
 759 0a64 0030C4E5 		strb	r3, [r4, #0]
 760 0a68 FEFFFFEB 		bl	uart0_transmit
 761              	.L194:
 762 0a6c FF00A0E3 		mov	r0, #255
 763 0a70 FEFFFFEB 		bl	uart0_transmit
 764 0a74 A00200EA 		b	.L120
 765              	.L122:
 766 0a78 D8289FE5 		ldr	r2, .L197+144
 767 0a7c 0030D2E5 		ldrb	r3, [r2, #0]	@ zero_extendqisi2
 768 0a80 013083E2 		add	r3, r3, #1
 769 0a84 0030C2E5 		strb	r3, [r2, #0]
 770              	.L120:
 771 0a88 B030D7E1 		ldrh	r3, [r7, #0]
 772 0a8c 0C0053E3 		cmp	r3, #12
 773 0a90 D302001A 		bne	.L110
 774 0a94 1400A0E3 		mov	r0, #20
 775 0a98 FEFFFFEB 		bl	uart0_check_free_space
 776 0a9c FF0010E3 		tst	r0, #255
 777 0aa0 B0289F05 		ldreq	r2, .L197+144
 778 0aa4 0030D205 		ldreqb	r3, [r2, #0]	@ zero_extendqisi2
 779 0aa8 01308302 		addeq	r3, r3, #1
 780 0aac 0030C205 		streqb	r3, [r2, #0]
 781 0ab0 D302000A 		beq	.L110
 782 0ab4 94589FE5 		ldr	r5, .L197+136
 783 0ab8 0040A0E3 		mov	r4, #0
 784 0abc 0F00A0E3 		mov	r0, #15
 785 0ac0 0040C5E5 		strb	r4, [r5, #0]
 786 0ac4 FEFFFFEB 		bl	uart0_transmit
 787 0ac8 0030D5E5 		ldrb	r3, [r5, #0]	@ zero_extendqisi2
 788 0acc 2C3083E2 		add	r3, r3, #44
 789 0ad0 2C00A0E3 		mov	r0, #44
 790 0ad4 0030C5E5 		strb	r3, [r5, #0]
 791 0ad8 FEFFFFEB 		bl	uart0_transmit
 792 0adc 0030D5E5 		ldrb	r3, [r5, #0]	@ zero_extendqisi2
 793 0ae0 693083E2 		add	r3, r3, #105
 794 0ae4 6900A0E3 		mov	r0, #105
 795 0ae8 0030C5E5 		strb	r3, [r5, #0]
 796 0aec FEFFFFEB 		bl	uart0_transmit
 797 0af0 0030D5E5 		ldrb	r3, [r5, #0]	@ zero_extendqisi2
 798 0af4 063083E2 		add	r3, r3, #6
 799 0af8 0600A0E3 		mov	r0, #6
 800 0afc 0030C5E5 		strb	r3, [r5, #0]
 801 0b00 FEFFFFEB 		bl	uart0_transmit
 802 0b04 0460A0E1 		mov	r6, r4
 803              	.L129:
 804 0b08 4C489FE5 		ldr	r4, .L197+148
 805 0b0c 0030D5E5 		ldrb	r3, [r5, #0]	@ zero_extendqisi2
 806 0b10 8600D4E7 		ldrb	r0, [r4, r6, asl #1]	@ zero_extendqisi2
 807 0b14 033080E0 		add	r3, r0, r3
 808 0b18 0030C5E5 		strb	r3, [r5, #0]
 809 0b1c 014084E2 		add	r4, r4, #1
 810 0b20 FEFFFFEB 		bl	uart0_transmit
 811 0b24 8630D4E7 		ldrb	r3, [r4, r6, asl #1]	@ zero_extendqisi2
 812 0b28 0020D5E5 		ldrb	r2, [r5, #0]	@ zero_extendqisi2
 813 0b2c 0300A0E1 		mov	r0, r3
 814 0b30 023083E0 		add	r3, r3, r2
 815 0b34 0030C5E5 		strb	r3, [r5, #0]
 816 0b38 FEFFFFEB 		bl	uart0_transmit
 817 0b3c 013086E2 		add	r3, r6, #1
 818 0b40 FF6003E2 		and	r6, r3, #255
 819 0b44 050056E3 		cmp	r6, #5
 820 0b48 C002009A 		bls	.L129
 821 0b4c FF00A0E3 		mov	r0, #255
 822 0b50 FEFFFFEB 		bl	uart0_transmit
 823              	.L110:
 824 0b54 0030D8E5 		ldrb	r3, [r8, #0]	@ zero_extendqisi2
 825 0b58 010053E3 		cmp	r3, #1
 826 0b5c DF03001A 		bne	.L168
 827 0b60 F8279FE5 		ldr	r2, .L197+152
 828 0b64 0030D2E5 		ldrb	r3, [r2, #0]	@ zero_extendqisi2
 829 0b68 013083E2 		add	r3, r3, #1
 830 0b6c 0030C2E5 		strb	r3, [r2, #0]
 831 0b70 0030D2E5 		ldrb	r3, [r2, #0]	@ zero_extendqisi2
 832 0b74 E8779FE5 		ldr	r7, .L197+156
 833 0b78 1D0053E3 		cmp	r3, #29
 834 0b7c 0030A083 		movhi	r3, #0
 835 0b80 0030C285 		strhib	r3, [r2, #0]
 836 0b84 0030D7E5 		ldrb	r3, [r7, #0]	@ zero_extendqisi2
 837 0b88 013083E2 		add	r3, r3, #1
 838 0b8c 0030C7E5 		strb	r3, [r7, #0]
 839 0b90 0030D7E5 		ldrb	r3, [r7, #0]	@ zero_extendqisi2
 840 0b94 CC879FE5 		ldr	r8, .L197+160
 841 0b98 3B0053E3 		cmp	r3, #59
 842 0b9c 0030A083 		movhi	r3, #0
 843 0ba0 0030C785 		strhib	r3, [r7, #0]
 844 0ba4 B030D8E1 		ldrh	r3, [r8, #0]
 845 0ba8 013083E2 		add	r3, r3, #1
 846 0bac B030C8E1 		strh	r3, [r8, #0]	@ movhi 
 847 0bb0 B030D8E1 		ldrh	r3, [r8, #0]
 848 0bb4 0040D2E5 		ldrb	r4, [r2, #0]	@ zero_extendqisi2
 849 0bb8 4B0F53E3 		cmp	r3, #300
 850 0bbc 0030A023 		movcs	r3, #0	@ movhi
 851 0bc0 B030C821 		strcsh	r3, [r8, #0]	@ movhi 
 852 0bc4 000054E3 		cmp	r4, #0
 853 0bc8 1B03001A 		bne	.L135
 854 0bcc 1800A0E3 		mov	r0, #24
 855 0bd0 FEFFFFEB 		bl	uart0_check_free_space
 856 0bd4 FF0010E3 		tst	r0, #255
 857 0bd8 7703000A 		beq	.L152
 858 0bdc 6C579FE5 		ldr	r5, .L197+136
 859 0be0 1300A0E3 		mov	r0, #19
 860 0be4 0040C5E5 		strb	r4, [r5, #0]
 861 0be8 FEFFFFEB 		bl	uart0_transmit
 862 0bec 0030D5E5 		ldrb	r3, [r5, #0]	@ zero_extendqisi2
 863 0bf0 2C3083E2 		add	r3, r3, #44
 864 0bf4 2C00A0E3 		mov	r0, #44
 865 0bf8 0030C5E5 		strb	r3, [r5, #0]
 866 0bfc FEFFFFEB 		bl	uart0_transmit
 867 0c00 0030D5E5 		ldrb	r3, [r5, #0]	@ zero_extendqisi2
 868 0c04 643083E2 		add	r3, r3, #100
 869 0c08 6400A0E3 		mov	r0, #100
 870 0c0c 0030C5E5 		strb	r3, [r5, #0]
 871 0c10 FEFFFFEB 		bl	uart0_transmit
 872 0c14 0030D5E5 		ldrb	r3, [r5, #0]	@ zero_extendqisi2
 873 0c18 083083E2 		add	r3, r3, #8
 874 0c1c 0800A0E3 		mov	r0, #8
 875 0c20 0030C5E5 		strb	r3, [r5, #0]
 876 0c24 FEFFFFEB 		bl	uart0_transmit
 877 0c28 0460A0E1 		mov	r6, r4
 878              	.L140:
 879 0c2c 38479FE5 		ldr	r4, .L197+164
 880 0c30 0030D5E5 		ldrb	r3, [r5, #0]	@ zero_extendqisi2
 881 0c34 8600D4E7 		ldrb	r0, [r4, r6, asl #1]	@ zero_extendqisi2
 882 0c38 033080E0 		add	r3, r0, r3
 883 0c3c 0030C5E5 		strb	r3, [r5, #0]
 884 0c40 014084E2 		add	r4, r4, #1
 885 0c44 FEFFFFEB 		bl	uart0_transmit
 886 0c48 8630D4E7 		ldrb	r3, [r4, r6, asl #1]	@ zero_extendqisi2
 887 0c4c 0020D5E5 		ldrb	r2, [r5, #0]	@ zero_extendqisi2
 888 0c50 0300A0E1 		mov	r0, r3
 889 0c54 023083E0 		add	r3, r3, r2
 890 0c58 0030C5E5 		strb	r3, [r5, #0]
 891 0c5c FEFFFFEB 		bl	uart0_transmit
 892 0c60 013086E2 		add	r3, r6, #1
 893 0c64 FF6003E2 		and	r6, r3, #255
 894 0c68 070056E3 		cmp	r6, #7
 895 0c6c 0903009A 		bls	.L140
 896 0c70 740300EA 		b	.L195
 897              	.L135:
 898 0c74 060054E3 		cmp	r4, #6
 899 0c78 4803001A 		bne	.L143
 900 0c7c 1800A0E3 		mov	r0, #24
 901 0c80 FEFFFFEB 		bl	uart0_check_free_space
 902 0c84 FF0010E3 		tst	r0, #255
 903 0c88 7703000A 		beq	.L152
 904 0c8c BC569FE5 		ldr	r5, .L197+136
 905 0c90 064044E2 		sub	r4, r4, #6
 906 0c94 1300A0E3 		mov	r0, #19
 907 0c98 0040C5E5 		strb	r4, [r5, #0]
 908 0c9c FEFFFFEB 		bl	uart0_transmit
 909 0ca0 0030D5E5 		ldrb	r3, [r5, #0]	@ zero_extendqisi2
 910 0ca4 2C3083E2 		add	r3, r3, #44
 911 0ca8 2C00A0E3 		mov	r0, #44
 912 0cac 0030C5E5 		strb	r3, [r5, #0]
 913 0cb0 FEFFFFEB 		bl	uart0_transmit
 914 0cb4 0030D5E5 		ldrb	r3, [r5, #0]	@ zero_extendqisi2
 915 0cb8 653083E2 		add	r3, r3, #101
 916 0cbc 6500A0E3 		mov	r0, #101
 917 0cc0 0030C5E5 		strb	r3, [r5, #0]
 918 0cc4 FEFFFFEB 		bl	uart0_transmit
 919 0cc8 0030D5E5 		ldrb	r3, [r5, #0]	@ zero_extendqisi2
 920 0ccc 083083E2 		add	r3, r3, #8
 921 0cd0 0800A0E3 		mov	r0, #8
 922 0cd4 0030C5E5 		strb	r3, [r5, #0]
 923 0cd8 FEFFFFEB 		bl	uart0_transmit
 924 0cdc 0460A0E1 		mov	r6, r4
 925              	.L148:
 926 0ce0 88469FE5 		ldr	r4, .L197+168
 927 0ce4 0030D5E5 		ldrb	r3, [r5, #0]	@ zero_extendqisi2
 928 0ce8 8600D4E7 		ldrb	r0, [r4, r6, asl #1]	@ zero_extendqisi2
 929 0cec 033080E0 		add	r3, r0, r3
 930 0cf0 0030C5E5 		strb	r3, [r5, #0]
 931 0cf4 014084E2 		add	r4, r4, #1
 932 0cf8 FEFFFFEB 		bl	uart0_transmit
 933 0cfc 8630D4E7 		ldrb	r3, [r4, r6, asl #1]	@ zero_extendqisi2
 934 0d00 0020D5E5 		ldrb	r2, [r5, #0]	@ zero_extendqisi2
 935 0d04 0300A0E1 		mov	r0, r3
 936 0d08 023083E0 		add	r3, r3, r2
 937 0d0c 0030C5E5 		strb	r3, [r5, #0]
 938 0d10 FEFFFFEB 		bl	uart0_transmit
 939 0d14 013086E2 		add	r3, r6, #1
 940 0d18 FF6003E2 		and	r6, r3, #255
 941 0d1c 070056E3 		cmp	r6, #7
 942 0d20 3603009A 		bls	.L148
 943 0d24 740300EA 		b	.L195
 944              	.L143:
 945 0d28 0C0054E3 		cmp	r4, #12
 946 0d2c 7B03001A 		bne	.L142
 947 0d30 1200A0E3 		mov	r0, #18
 948 0d34 FEFFFFEB 		bl	uart0_check_free_space
 949 0d38 FF0010E3 		tst	r0, #255
 950 0d3c 7703000A 		beq	.L152
 951 0d40 08569FE5 		ldr	r5, .L197+136
 952 0d44 0C4044E2 		sub	r4, r4, #12
 953 0d48 0D00A0E3 		mov	r0, #13
 954 0d4c 0040C5E5 		strb	r4, [r5, #0]
 955 0d50 FEFFFFEB 		bl	uart0_transmit
 956 0d54 0030D5E5 		ldrb	r3, [r5, #0]	@ zero_extendqisi2
 957 0d58 2C3083E2 		add	r3, r3, #44
 958 0d5c 2C00A0E3 		mov	r0, #44
 959 0d60 0030C5E5 		strb	r3, [r5, #0]
 960 0d64 FEFFFFEB 		bl	uart0_transmit
 961 0d68 0030D5E5 		ldrb	r3, [r5, #0]	@ zero_extendqisi2
 962 0d6c 663083E2 		add	r3, r3, #102
 963 0d70 6600A0E3 		mov	r0, #102
 964 0d74 0030C5E5 		strb	r3, [r5, #0]
 965 0d78 FEFFFFEB 		bl	uart0_transmit
 966 0d7c 0030D5E5 		ldrb	r3, [r5, #0]	@ zero_extendqisi2
 967 0d80 053083E2 		add	r3, r3, #5
 968 0d84 0500A0E3 		mov	r0, #5
 969 0d88 0030C5E5 		strb	r3, [r5, #0]
 970 0d8c FEFFFFEB 		bl	uart0_transmit
 971 0d90 0460A0E1 		mov	r6, r4
 972              	.L156:
 973 0d94 A4459FE5 		ldr	r4, .L197+120
 974 0d98 0030D5E5 		ldrb	r3, [r5, #0]	@ zero_extendqisi2
 975 0d9c 8600D4E7 		ldrb	r0, [r4, r6, asl #1]	@ zero_extendqisi2
 976 0da0 033080E0 		add	r3, r0, r3
 977 0da4 0030C5E5 		strb	r3, [r5, #0]
 978 0da8 014084E2 		add	r4, r4, #1
 979 0dac FEFFFFEB 		bl	uart0_transmit
 980 0db0 8630D4E7 		ldrb	r3, [r4, r6, asl #1]	@ zero_extendqisi2
 981 0db4 0020D5E5 		ldrb	r2, [r5, #0]	@ zero_extendqisi2
 982 0db8 0300A0E1 		mov	r0, r3
 983 0dbc 023083E0 		add	r3, r3, r2
 984 0dc0 0030C5E5 		strb	r3, [r5, #0]
 985 0dc4 FEFFFFEB 		bl	uart0_transmit
 986 0dc8 013086E2 		add	r3, r6, #1
 987 0dcc FF6003E2 		and	r6, r3, #255
 988 0dd0 040056E3 		cmp	r6, #4
 989 0dd4 6303009A 		bls	.L156
 990              	.L195:
 991 0dd8 FF00A0E3 		mov	r0, #255
 992 0ddc FEFFFFEB 		bl	uart0_transmit
 993 0de0 7B0300EA 		b	.L142
 994              	.L152:
 995 0de4 6C259FE5 		ldr	r2, .L197+144
 996 0de8 0030D2E5 		ldrb	r3, [r2, #0]	@ zero_extendqisi2
 997 0dec 013083E2 		add	r3, r3, #1
 998 0df0 0030C2E5 		strb	r3, [r2, #0]
 999              	.L142:
 1000 0df4 0030D7E5 		ldrb	r3, [r7, #0]	@ zero_extendqisi2
 1001 0df8 120053E3 		cmp	r3, #18
 1002 0dfc AC03001A 		bne	.L158
 1003 0e00 0A00A0E3 		mov	r0, #10
 1004 0e04 FEFFFFEB 		bl	uart0_check_free_space
 1005 0e08 FF0010E3 		tst	r0, #255
 1006 0e0c 44259F05 		ldreq	r2, .L197+144
 1007 0e10 0030D205 		ldreqb	r3, [r2, #0]	@ zero_extendqisi2
 1008 0e14 01308302 		addeq	r3, r3, #1
 1009 0e18 0030C205 		streqb	r3, [r2, #0]
 1010 0e1c AC03000A 		beq	.L158
 1011 0e20 28459FE5 		ldr	r4, .L197+136
 1012 0e24 0030A0E3 		mov	r3, #0
 1013 0e28 0500A0E3 		mov	r0, #5
 1014 0e2c 0030C4E5 		strb	r3, [r4, #0]
 1015 0e30 FEFFFFEB 		bl	uart0_transmit
 1016 0e34 0030D4E5 		ldrb	r3, [r4, #0]	@ zero_extendqisi2
 1017 0e38 2C3083E2 		add	r3, r3, #44
 1018 0e3c 2C00A0E3 		mov	r0, #44
 1019 0e40 0030C4E5 		strb	r3, [r4, #0]
 1020 0e44 FEFFFFEB 		bl	uart0_transmit
 1021 0e48 0030D4E5 		ldrb	r3, [r4, #0]	@ zero_extendqisi2
 1022 0e4c 673083E2 		add	r3, r3, #103
 1023 0e50 6700A0E3 		mov	r0, #103
 1024 0e54 0030C4E5 		strb	r3, [r4, #0]
 1025 0e58 FEFFFFEB 		bl	uart0_transmit
 1026 0e5c C8349FE5 		ldr	r3, .L197+100
 1027 0e60 0020D4E5 		ldrb	r2, [r4, #0]	@ zero_extendqisi2
 1028 0e64 0030D3E5 		ldrb	r3, [r3, #0]	@ zero_extendqisi2
 1029 0e68 0300A0E1 		mov	r0, r3
 1030 0e6c 023083E0 		add	r3, r3, r2
 1031 0e70 0030C4E5 		strb	r3, [r4, #0]
 1032 0e74 FEFFFFEB 		bl	uart0_transmit
 1033 0e78 B0349FE5 		ldr	r3, .L197+104
 1034 0e7c 0020D4E5 		ldrb	r2, [r4, #0]	@ zero_extendqisi2
 1035 0e80 0030D3E5 		ldrb	r3, [r3, #0]	@ zero_extendqisi2
 1036 0e84 0300A0E1 		mov	r0, r3
 1037 0e88 023083E0 		add	r3, r3, r2
 1038 0e8c 0030C4E5 		strb	r3, [r4, #0]
 1039 0e90 FEFFFFEB 		bl	uart0_transmit
 1040 0e94 B8349FE5 		ldr	r3, .L197+140
 1041 0e98 0020D4E5 		ldrb	r2, [r4, #0]	@ zero_extendqisi2
 1042 0e9c 0030D3E5 		ldrb	r3, [r3, #0]	@ zero_extendqisi2
 1043 0ea0 0300A0E1 		mov	r0, r3
 1044 0ea4 023083E0 		add	r3, r3, r2
 1045 0ea8 0030C4E5 		strb	r3, [r4, #0]
 1046 0eac FEFFFFEB 		bl	uart0_transmit
 1047 0eb0 FF00A0E3 		mov	r0, #255
 1048 0eb4 FEFFFFEB 		bl	uart0_transmit
 1049              	.L158:
 1050 0eb8 B030D8E1 		ldrh	r3, [r8, #0]
 1051 0ebc 180053E3 		cmp	r3, #24
 1052 0ec0 DF03001A 		bne	.L168
 1053 0ec4 1400A0E3 		mov	r0, #20
 1054 0ec8 FEFFFFEB 		bl	uart0_check_free_space
 1055 0ecc FF0010E3 		tst	r0, #255
 1056 0ed0 80249F05 		ldreq	r2, .L197+144
 1057 0ed4 0030D205 		ldreqb	r3, [r2, #0]	@ zero_extendqisi2
 1058 0ed8 01308302 		addeq	r3, r3, #1
 1059 0edc 0030C205 		streqb	r3, [r2, #0]
 1060 0ee0 DF03000A 		beq	.L168
 1061 0ee4 64549FE5 		ldr	r5, .L197+136
 1062 0ee8 0040A0E3 		mov	r4, #0
 1063 0eec 0F00A0E3 		mov	r0, #15
 1064 0ef0 0040C5E5 		strb	r4, [r5, #0]
 1065 0ef4 FEFFFFEB 		bl	uart0_transmit
 1066 0ef8 0030D5E5 		ldrb	r3, [r5, #0]	@ zero_extendqisi2
 1067 0efc 2C3083E2 		add	r3, r3, #44
 1068 0f00 2C00A0E3 		mov	r0, #44
 1069 0f04 0030C5E5 		strb	r3, [r5, #0]
 1070 0f08 FEFFFFEB 		bl	uart0_transmit
 1071 0f0c 0030D5E5 		ldrb	r3, [r5, #0]	@ zero_extendqisi2
 1072 0f10 693083E2 		add	r3, r3, #105
 1073 0f14 6900A0E3 		mov	r0, #105
 1074 0f18 0030C5E5 		strb	r3, [r5, #0]
 1075 0f1c FEFFFFEB 		bl	uart0_transmit
 1076 0f20 0030D5E5 		ldrb	r3, [r5, #0]	@ zero_extendqisi2
 1077 0f24 063083E2 		add	r3, r3, #6
 1078 0f28 0600A0E3 		mov	r0, #6
 1079 0f2c 0030C5E5 		strb	r3, [r5, #0]
 1080 0f30 FEFFFFEB 		bl	uart0_transmit
 1081 0f34 0460A0E1 		mov	r6, r4
 1082              	.L166:
 1083 0f38 1C449FE5 		ldr	r4, .L197+148
 1084 0f3c 0030D5E5 		ldrb	r3, [r5, #0]	@ zero_extendqisi2
 1085 0f40 8600D4E7 		ldrb	r0, [r4, r6, asl #1]	@ zero_extendqisi2
 1086 0f44 033080E0 		add	r3, r0, r3
 1087 0f48 0030C5E5 		strb	r3, [r5, #0]
 1088 0f4c 014084E2 		add	r4, r4, #1
 1089 0f50 FEFFFFEB 		bl	uart0_transmit
 1090 0f54 8630D4E7 		ldrb	r3, [r4, r6, asl #1]	@ zero_extendqisi2
 1091 0f58 0020D5E5 		ldrb	r2, [r5, #0]	@ zero_extendqisi2
 1092 0f5c 0300A0E1 		mov	r0, r3
 1093 0f60 023083E0 		add	r3, r3, r2
 1094 0f64 0030C5E5 		strb	r3, [r5, #0]
 1095 0f68 FEFFFFEB 		bl	uart0_transmit
 1096 0f6c 013086E2 		add	r3, r6, #1
 1097 0f70 FF6003E2 		and	r6, r3, #255
 1098 0f74 050056E3 		cmp	r6, #5
 1099 0f78 CC03009A 		bls	.L166
 1100 0f7c FF00A0E3 		mov	r0, #255
 1101 0f80 FEFFFFEB 		bl	uart0_transmit
 1102              	.L168:
 1103 0f84 0030DAE5 		ldrb	r3, [sl, #0]	@ zero_extendqisi2
 1104 0f88 000053E3 		cmp	r3, #0
 1105 0f8c EF03001A 		bne	.L169
 1106 0f90 DC339FE5 		ldr	r3, .L197+172
 1107 0f94 4310D3E5 		ldrb	r1, [r3, #67]	@ zero_extendqisi2
 1108 0f98 B000D3E1 		ldrh	r0, [r3, #0]
 1109 0f9c FEFFFFEB 		bl	__divsi3
 1110 0fa0 000180E0 		add	r0, r0, r0, asl #2
 1111 0fa4 8000A0E1 		mov	r0, r0, asl #1
 1112 0fa8 FEFFFFEB 		bl	__floatsidf
 1113 0fac C52F8FE2 		adr	r2, .L197
 1114 0fb0 0C0092E8 		ldmia	r2, {r2-r3}
 1115 0fb4 FEFFFFEB 		bl	__muldf3
 1116 0fb8 FEFFFFEB 		bl	__fixunsdfsi
 1117 0fbc 90339FE5 		ldr	r3, .L197+140
 1118 0fc0 0000C3E5 		strb	r0, [r3, #0]
 1119              	.L169:
 1120 0fc4 74A39FE5 		ldr	sl, .L197+120
 1121 0fc8 F000DAE1 		ldrsh	r0, [sl, #0]
 1122 0fcc FEFFFFEB 		bl	__floatsidf
 1123 0fd0 BE2F8FE2 		adr	r2, .L197+8
 1124 0fd4 0C0092E8 		ldmia	r2, {r2-r3}
 1125 0fd8 FEFFFFEB 		bl	__muldf3
 1126 0fdc 94339FE5 		ldr	r3, .L197+176
 1127 0fe0 0160A0E1 		mov	r6, r1
 1128 0fe4 0050A0E1 		mov	r5, r0
 1129 0fe8 0000D3E5 		ldrb	r0, [r3, #0]	@ zero_extendqisi2
 1130 0fec FEFFFFEB 		bl	__floatsisf
 1131 0ff0 84139FE5 		ldr	r1, .L197+180
 1132 0ff4 FEFFFFEB 		bl	__subsf3
 1133 0ff8 80339FE5 		ldr	r3, .L197+184
 1134 0ffc 0040A0E1 		mov	r4, r0
 1135 1000 0000D3E5 		ldrb	r0, [r3, #0]	@ zero_extendqisi2
 1136 1004 FEFFFFEB 		bl	__floatsisf
 1137 1008 0010A0E1 		mov	r1, r0
 1138 100c 0400A0E1 		mov	r0, r4
 1139 1010 FEFFFFEB 		bl	__mulsf3
 1140 1014 FEFFFFEB 		bl	__extendsfdf2
 1141 1018 0130A0E1 		mov	r3, r1
 1142 101c 0020A0E1 		mov	r2, r0
 1143 1020 0610A0E1 		mov	r1, r6
 1144 1024 0500A0E1 		mov	r0, r5
 1145 1028 FEFFFFEB 		bl	__subdf3
 1146 102c FEFFFFEB 		bl	__truncdfsf2
 1147 1030 0040A0E1 		mov	r4, r0
 1148 1034 FEFFFFEB 		bl	__extendsfdf2
 1149 1038 0160A0E1 		mov	r6, r1
 1150 103c 0050A0E1 		mov	r5, r0
 1151 1040 0400A0E1 		mov	r0, r4
 1152 1044 0010A0E3 		mov	r1, #0
 1153 1048 FEFFFFEB 		bl	__gtsf2
 1154 104c 000050E3 		cmp	r0, #0
 1155 1050 0A2D8FC2 		adrgt	r2, .L197+16
 1156 1054 0C0092C8 		ldmgtia	r2, {r2-r3}
 1157 1058 0610A0C1 		movgt	r1, r6
 1158 105c 0500A0C1 		movgt	r0, r5
 1159              	.L170:
 1160 1060 9E2F8FD2 		adrle	r2, .L197+24
 1161 1064 0C0092D8 		ldmleia	r2, {r2-r3}
 1162 1068 0610A0D1 		movle	r1, r6
 1163 106c 0500A0D1 		movle	r0, r5
 1164              	.L196:
 1165 1070 FEFFFFEB 		bl	__muldf3
 1166 1074 FEFFFFEB 		bl	__truncdfsf2
 1167 1078 FEFFFFEB 		bl	__fixsfsi
 1168 107c 4B0E80E2 		add	r0, r0, #1200
 1169 1080 FC329FE5 		ldr	r3, .L197+188
 1170 1084 0008A0E1 		mov	r0, r0, asl #16
 1171 1088 2008A0E1 		mov	r0, r0, lsr #16
 1172 108c 030050E1 		cmp	r0, r3
 1173 1090 C4729FE5 		ldr	r7, .L197+148
 1174 1094 EC329F95 		ldrls	r3, .L197+192
 1175 1098 2804009A 		bls	.L174
 1176 109c 7D0E50E3 		cmp	r0, #2000
 1177 10a0 0030A031 		movcc	r3, r0
 1178 10a4 7D3EA023 		movcs	r3, #2000
 1179              	.L174:
 1180 10a8 B630C7E1 		strh	r3, [r7, #6]	@ movhi 
 1181 10ac B600D7E1 		ldrh	r0, [r7, #6]
 1182 10b0 FEFFFFEB 		bl	__floatsidf
 1183 10b4 8B2F8FE2 		adr	r2, .L197+32
 1184 10b8 0C0092E8 		ldmia	r2, {r2-r3}
 1185 10bc FEFFFFEB 		bl	__muldf3
 1186 10c0 8A2F8FE2 		adr	r2, .L197+40
 1187 10c4 0C0092E8 		ldmia	r2, {r2-r3}
 1188 10c8 FEFFFFEB 		bl	__muldf3
 1189 10cc 892F8FE2 		adr	r2, .L197+48
 1190 10d0 0C0092E8 		ldmia	r2, {r2-r3}
 1191 10d4 FEFFFFEB 		bl	__adddf3
 1192 10d8 FEFFFFEB 		bl	__fixunsdfsi
 1193 10dc B230DAE1 		ldrh	r3, [sl, #2]
 1194 10e0 B420DAE1 		ldrh	r2, [sl, #4]
 1195 10e4 0368A0E1 		mov	r6, r3, asl #16
 1196 10e8 9C829FE5 		ldr	r8, .L197+196
 1197 10ec 4638A0E1 		mov	r3, r6, asr #16
 1198 10f0 003063E2 		rsb	r3, r3, #0
 1199 10f4 0248A0E1 		mov	r4, r2, asl #16
 1200 10f8 B600C8E1 		strh	r0, [r8, #6]	@ movhi 
 1201 10fc 440843E0 		sub	r0, r3, r4, asr #16
 1202 1100 FEFFFFEB 		bl	__floatsisf
 1203 1104 FEFFFFEB 		bl	__extendsfdf2
 1204 1108 1F2E8FE2 		adr	r2, .L197+56
 1205 110c 0C0092E8 		ldmia	r2, {r2-r3}
 1206 1110 FEFFFFEB 		bl	__muldf3
 1207 1114 FEFFFFEB 		bl	__truncdfsf2
 1208 1118 FEFFFFEB 		bl	__fixsfsi
 1209 111c 5D0E80E2 		add	r0, r0, #1488
 1210 1120 0C0080E2 		add	r0, r0, #12
 1211 1124 0008A0E1 		mov	r0, r0, asl #16
 1212 1128 2008A0E1 		mov	r0, r0, lsr #16
 1213 112c FA0F50E3 		cmp	r0, #1000
 1214 1130 FA2FA033 		movcc	r2, #1000	@ movhi
 1215 1134 4F04003A 		bcc	.L176
 1216 1138 7D0E50E3 		cmp	r0, #2000
 1217 113c 0020A031 		movcc	r2, r0
 1218 1140 7D2EA023 		movcs	r2, #2000
 1219              	.L176:
 1220 1144 10329FE5 		ldr	r3, .L197+148
 1221 1148 B020C3E1 		strh	r2, [r3, #0]	@ movhi 
 1222 114c B000D7E1 		ldrh	r0, [r7, #0]
 1223 1150 FEFFFFEB 		bl	__floatsidf
 1224 1154 632F8FE2 		adr	r2, .L197+32
 1225 1158 0C0092E8 		ldmia	r2, {r2-r3}
 1226 115c FEFFFFEB 		bl	__muldf3
 1227 1160 622F8FE2 		adr	r2, .L197+40
 1228 1164 0C0092E8 		ldmia	r2, {r2-r3}
 1229 1168 FEFFFFEB 		bl	__muldf3
 1230 116c 612F8FE2 		adr	r2, .L197+48
 1231 1170 0C0092E8 		ldmia	r2, {r2-r3}
 1232 1174 FEFFFFEB 		bl	__adddf3
 1233 1178 FEFFFFEB 		bl	__fixunsdfsi
 1234 117c 4638A0E1 		mov	r3, r6, asr #16
 1235 1180 B000C8E1 		strh	r0, [r8, #0]	@ movhi 
 1236 1184 440863E0 		rsb	r0, r3, r4, asr #16
 1237 1188 FEFFFFEB 		bl	__floatsisf
 1238 118c FEFFFFEB 		bl	__extendsfdf2
 1239 1190 5A2F8FE2 		adr	r2, .L197+56
 1240 1194 0C0092E8 		ldmia	r2, {r2-r3}
 1241 1198 FEFFFFEB 		bl	__muldf3
 1242 119c FEFFFFEB 		bl	__truncdfsf2
 1243 11a0 FEFFFFEB 		bl	__fixsfsi
 1244 11a4 5D0E80E2 		add	r0, r0, #1488
 1245 11a8 0C0080E2 		add	r0, r0, #12
 1246 11ac 0008A0E1 		mov	r0, r0, asl #16
 1247 11b0 2008A0E1 		mov	r0, r0, lsr #16
 1248 11b4 FA0F50E3 		cmp	r0, #1000
 1249 11b8 FA2FA033 		movcc	r2, #1000	@ movhi
 1250 11bc 7104003A 		bcc	.L178
 1251 11c0 7D0E50E3 		cmp	r0, #2000
 1252 11c4 0020A031 		movcc	r2, r0
 1253 11c8 7D2EA023 		movcs	r2, #2000
 1254              	.L178:
 1255 11cc 88319FE5 		ldr	r3, .L197+148
 1256 11d0 B220C3E1 		strh	r2, [r3, #2]	@ movhi 
 1257 11d4 B200D7E1 		ldrh	r0, [r7, #2]
 1258 11d8 FEFFFFEB 		bl	__floatsidf
 1259 11dc 412F8FE2 		adr	r2, .L197+32
 1260 11e0 0C0092E8 		ldmia	r2, {r2-r3}
 1261 11e4 FEFFFFEB 		bl	__muldf3
 1262 11e8 012C8FE2 		adr	r2, .L197+40
 1263 11ec 0C0092E8 		ldmia	r2, {r2-r3}
 1264 11f0 FEFFFFEB 		bl	__muldf3
 1265 11f4 FC208FE2 		adr	r2, .L197+48
 1266 11f8 0C0092E8 		ldmia	r2, {r2-r3}
 1267 11fc FEFFFFEB 		bl	__adddf3
 1268 1200 FEFFFFEB 		bl	__fixunsdfsi
 1269 1204 B200C8E1 		strh	r0, [r8, #2]	@ movhi 
 1270 1208 F600DAE1 		ldrsh	r0, [sl, #6]
 1271 120c FEFFFFEB 		bl	__floatsidf
 1272 1210 0150A0E1 		mov	r5, r1
 1273 1214 0040A0E1 		mov	r4, r0
 1274 1218 4608A0E1 		mov	r0, r6, asr #16
 1275 121c FEFFFFEB 		bl	__floatsidf
 1276 1220 E0208FE2 		adr	r2, .L197+64
 1277 1224 0C0092E8 		ldmia	r2, {r2-r3}
 1278 1228 FEFFFFEB 		bl	__muldf3
 1279 122c 0130A0E1 		mov	r3, r1
 1280 1230 0020A0E1 		mov	r2, r0
 1281 1234 0510A0E1 		mov	r1, r5
 1282 1238 0400A0E1 		mov	r0, r4
 1283 123c FEFFFFEB 		bl	__adddf3
 1284 1240 FEFFFFEB 		bl	__truncdfsf2
 1285 1244 FEFFFFEB 		bl	__extendsfdf2
 1286 1248 C0208FE2 		adr	r2, .L197+72
 1287 124c 0C0092E8 		ldmia	r2, {r2-r3}
 1288 1250 FEFFFFEB 		bl	__muldf3
 1289 1254 FEFFFFEB 		bl	__truncdfsf2
 1290 1258 FEFFFFEB 		bl	__fixsfsi
 1291 125c 5D0E80E2 		add	r0, r0, #1488
 1292 1260 0C0080E2 		add	r0, r0, #12
 1293 1264 0008A0E1 		mov	r0, r0, asl #16
 1294 1268 2008A0E1 		mov	r0, r0, lsr #16
 1295 126c FA0F50E3 		cmp	r0, #1000
 1296 1270 FA2FA033 		movcc	r2, #1000	@ movhi
 1297 1274 9F04003A 		bcc	.L180
 1298 1278 7D0E50E3 		cmp	r0, #2000
 1299 127c 0020A031 		movcc	r2, r0
 1300 1280 7D2EA023 		movcs	r2, #2000
 1301              	.L180:
 1302 1284 D0309FE5 		ldr	r3, .L197+148
 1303 1288 B820C3E1 		strh	r2, [r3, #8]	@ movhi 
 1304 128c B800D7E1 		ldrh	r0, [r7, #8]
 1305 1290 FEFFFFEB 		bl	__floatsidf
 1306 1294 4C208FE2 		adr	r2, .L197+32
 1307 1298 0C0092E8 		ldmia	r2, {r2-r3}
 1308 129c FEFFFFEB 		bl	__muldf3
 1309 12a0 48208FE2 		adr	r2, .L197+40
 1310 12a4 0C0092E8 		ldmia	r2, {r2-r3}
 1311 12a8 FEFFFFEB 		bl	__muldf3
 1312 12ac 44208FE2 		adr	r2, .L197+48
 1313 12b0 0C0092E8 		ldmia	r2, {r2-r3}
 1314 12b4 FEFFFFEB 		bl	__adddf3
 1315 12b8 FEFFFFEB 		bl	__fixunsdfsi
 1316 12bc B800C8E1 		strh	r0, [r8, #8]	@ movhi 
 1317 12c0 F06D9DE8 		ldmfd	sp, {r4, r5, r6, r7, r8, sl, fp, sp, lr}
 1318 12c4 1EFF2FE1 		bx	lr
 1319              	.L198:
 1320              		.align	2
 1321              	.L197:
 1322 12c8 CC4C923F 		.word	1066552524
 1323 12cc CDCCCCCC 		.word	-858993459
 1324 12d0 1E85DB3F 		.word	1071351070
 1325 12d4 85EB51B8 		.word	-1202590843
 1326 12d8 5555B53F 		.word	1068848469
 1327 12dc F34B5555 		.word	1431653363
 1328 12e0 5555853F 		.word	1065702741
 1329 12e4 65A05555 		.word	1431674981
 1330 12e8 F7C6B03E 		.word	1051772663
 1331 12ec 8DEDB5A0 		.word	-1598689907
 1332 12f0 389C6C41 		.word	1097636920
 1333 12f4 00000000 		.word	0
 1334 12f8 0000E03F 		.word	1071644672
 1335 12fc 00000000 		.word	0
 1336 1300 AAAAAA3F 		.word	1068149418
 1337 1304 E797AAAA 		.word	-1431660569
 1338 1308 00000000 		.word	0
 1339 130c 00000000 		.word	0
 1340 1310 AAAAAABF 		.word	-1079334230
 1341 1314 E797AAAA 		.word	-1431660569
 1342 1318 01000000 		.word	_10Hz.0
 1343 131c 02000000 		.word	_1Hz.1
 1344 1320 00000000 		.word	ppm_cpt
 1345 1324 00000000 		.word	last_ppm_cpt
 1346 1328 00000000 		.word	time_since_last_ppm
 1347 132c 00000000 		.word	rc_status
 1348 1330 00000000 		.word	fbw_mode
 1349 1334 00000000 		.word	time_since_last_ap
 1350 1338 00000000 		.word	ap_ok
 1351 133c 00000000 		.word	commands_failsafe
 1352 1340 00000000 		.word	commands
 1353 1344 00000000 		.word	telemetry_mode_Fbw
 1354 1348 03000000 		.word	i60.2
 1355 134c 04000000 		.word	i300.3
 1356 1350 00000000 		.word	aerocomm_cs
 1357 1354 00000000 		.word	fbw_vsupply_decivolt
 1358 1358 00000000 		.word	downlink_nb_ovrn
 1359 135c 00000000 		.word	actuators
 1360 1360 06000000 		.word	i30.4
 1361 1364 07000000 		.word	i60.5
 1362 1368 08000000 		.word	i300.6
 1363 136c 00000000 		.word	ppm_pulses
 1364 1370 00000000 		.word	rc_values
 1365 1374 00000000 		.word	vsupply_adc_buf
 1366 1378 00000000 		.word	vsupply
 1367 137c 0000DC42 		.word	1121714176
 1368 1380 00000000 		.word	vdrop2throt_coeff
 1369 1384 4B040000 		.word	1099
 1370 1388 4C040000 		.word	1100
 1371 138c 00000000 		.word	servos_values
 1373              		.comm	fbw_mode,1,1
 1374              		.comm	fbw_vsupply_decivolt,1,1
 1375              		.comm	vsupply_adc_buf,68,4
 1376              		.bss
 1377 000a 0000     		.align	2
 1378              	last_periodic_event:
 1379 000c 00000000 		.space	4
 1380              		.ident	"GCC: (GNU) 3.4.4"
DEFINED SYMBOLS
                            *ABS*:00000000 main_fbw.c
     /tmp/ccT8VEXU.s:6      .text:00000000 init_fbw
     /tmp/ccT8VEXU.s:10     .text:00000000 $a
     /tmp/ccT8VEXU.s:116    .text:00000194 $d
                            *COM*:00000044 vsupply_adc_buf
     /tmp/ccT8VEXU.s:132    .bss:00000000 avg_cpt.7
     /tmp/ccT8VEXU.s:141    .text:000001cc event_task_fbw
     /tmp/ccT8VEXU.s:145    .text:000001cc $a
     /tmp/ccT8VEXU.s:508    .text:00000728 $d
                            *COM*:00000001 fbw_mode
                            *COM*:00000001 fbw_vsupply_decivolt
     /tmp/ccT8VEXU.s:543    .bss:00000001 _10Hz.0
     /tmp/ccT8VEXU.s:545    .bss:00000002 _1Hz.1
     /tmp/ccT8VEXU.s:547    .bss:00000003 i60.2
     /tmp/ccT8VEXU.s:550    .bss:00000004 i300.3
     /tmp/ccT8VEXU.s:552    .bss:00000006 i30.4
     /tmp/ccT8VEXU.s:554    .bss:00000007 i60.5
     /tmp/ccT8VEXU.s:557    .bss:00000008 i300.6
     /tmp/ccT8VEXU.s:574    .text:000007ac periodic_task_fbw
     /tmp/ccT8VEXU.s:578    .text:000007ac $a
     /tmp/ccT8VEXU.s:1322   .text:000012c8 $d
     /tmp/ccT8VEXU.s:1378   .bss:0000000c last_periodic_event

UNDEFINED SYMBOLS
uart0_init_tx
adc_init
adc_buf_channel
actuators_init
reset
TIMER0_ISR
cpu_time_sec
cpu_time_ticks
commands_failsafe
commands
fbw_state
ppm_valid
__floatsisf
__mulsf3
__fixsfsi
ppm_cpt
ppm_pulses
rc_status
time_since_last_ppm
rc_values
avg_rc_values
rc_values_contains_avg_channels
inter_mcu_received_ap
inter_mcu_received_fbw
time_since_last_ap
ap_ok
ap_state
last_ppm_cpt
__divsi3
__floatsidf
__muldf3
__fixunsdfsi
__subsf3
__extendsfdf2
__subdf3
__truncdfsf2
__gtsf2
__adddf3
__fixdfsi
uart0_check_free_space
uart0_transmit
telemetry_mode_Fbw
aerocomm_cs
downlink_nb_ovrn
actuators
vsupply
vdrop2throt_coeff
servos_values
