   1              		.file	"fw_v_ctl.c"
   2              		.text
   3              		.align	2
   4              		.global	v_ctl_init
   6              	v_ctl_init:
   7              		@ Function supports interworking.
   8              		@ args = 0, pretend = 0, frame = 0
   9              		@ frame_needed = 0, uses_anonymous_args = 0
  10 0000 D8309FE5 		ldr	r3, .L2
  11 0004 FA25A0E3 		mov	r2, #1048576000
  12 0008 04E02DE5 		str	lr, [sp, #-4]!
  13 000c D0C09FE5 		ldr	ip, .L2+4
  14 0010 002083E5 		str	r2, [r3, #0]	@ float
  15 0014 CC309FE5 		ldr	r3, .L2+8
  16 0018 CC209FE5 		ldr	r2, .L2+12
  17 001c 00C083E5 		str	ip, [r3, #0]	@ float
  18 0020 C8309FE5 		ldr	r3, .L2+16
  19 0024 002083E5 		str	r2, [r3, #0]	@ float
  20 0028 C4209FE5 		ldr	r2, .L2+20
  21 002c C4309FE5 		ldr	r3, .L2+24
  22 0030 C4E09FE5 		ldr	lr, .L2+28
  23 0034 002083E5 		str	r2, [r3, #0]	@ float
  24 0038 C0309FE5 		ldr	r3, .L2+32
  25 003c C0209FE5 		ldr	r2, .L2+36
  26 0040 00E083E5 		str	lr, [r3, #0]	@ float
  27 0044 BC309FE5 		ldr	r3, .L2+40
  28 0048 002083E5 		str	r2, [r3, #0]	@ float
  29 004c B8309FE5 		ldr	r3, .L2+44
  30 0050 0010A0E3 		mov	r1, #0
  31 0054 001083E5 		str	r1, [r3, #0]	@ float
  32 0058 B0309FE5 		ldr	r3, .L2+48
  33 005c FE25A0E3 		mov	r2, #1065353216
  34 0060 002083E5 		str	r2, [r3, #0]	@ float
  35 0064 A8309FE5 		ldr	r3, .L2+52
  36 0068 0000A0E3 		mov	r0, #0
  37 006c B000C3E1 		strh	r0, [r3, #0]	@ movhi 
  38 0070 A0309FE5 		ldr	r3, .L2+56
  39 0074 0000C3E5 		strb	r0, [r3, #0]
  40 0078 9C309FE5 		ldr	r3, .L2+60
  41 007c 0000C3E5 		strb	r0, [r3, #0]
  42 0080 98309FE5 		ldr	r3, .L2+64
  43 0084 001083E5 		str	r1, [r3, #0]	@ float
  44 0088 94309FE5 		ldr	r3, .L2+68
  45 008c 001083E5 		str	r1, [r3, #0]	@ float
  46 0090 90309FE5 		ldr	r3, .L2+72
  47 0094 001083E5 		str	r1, [r3, #0]	@ float
  48 0098 8C309FE5 		ldr	r3, .L2+76
  49 009c 001083E5 		str	r1, [r3, #0]	@ float
  50 00a0 88309FE5 		ldr	r3, .L2+80
  51 00a4 001083E5 		str	r1, [r3, #0]	@ float
  52 00a8 84309FE5 		ldr	r3, .L2+84
  53 00ac 0000C3E5 		strb	r0, [r3, #0]
  54 00b0 80309FE5 		ldr	r3, .L2+88
  55 00b4 00C083E5 		str	ip, [r3, #0]	@ float
  56 00b8 7C309FE5 		ldr	r3, .L2+92
  57 00bc 00E083E5 		str	lr, [r3, #0]	@ float
  58 00c0 78309FE5 		ldr	r3, .L2+96
  59 00c4 001083E5 		str	r1, [r3, #0]	@ float
  60 00c8 74309FE5 		ldr	r3, .L2+100
  61 00cc 001083E5 		str	r1, [r3, #0]	@ float
  62 00d0 70309FE5 		ldr	r3, .L2+104
  63 00d4 B000C3E1 		strh	r0, [r3, #0]	@ movhi 
  64 00d8 04E09DE4 		ldr	lr, [sp], #4
  65 00dc 1EFF2FE1 		bx	lr
  66              	.L3:
  67              		.align	2
  68              	.L2:
  69 00e0 00000000 		.word	v_ctl_altitude_pgain
  70 00e4 3D0AD73E 		.word	1054280253
  71 00e8 00000000 		.word	v_ctl_auto_throttle_cruise_throttle
  72 00ec 60E5503D 		.word	1028711776
  73 00f0 00000000 		.word	v_ctl_auto_throttle_climb_throttle_increment
  74 00f4 508D173D 		.word	1024953680
  75 00f8 00000000 		.word	v_ctl_auto_throttle_pgain
  76 00fc 6F12833A 		.word	981668463
  77 0100 00000000 		.word	v_ctl_auto_throttle_igain
  78 0104 CDCCCC3D 		.word	1036831949
  79 0108 00000000 		.word	v_ctl_auto_pitch_pgain
  80 010c 00000000 		.word	v_ctl_auto_pitch_sum_err
  81 0110 00000000 		.word	v_ctl_throttle_slew_
  82 0114 00000000 		.word	v_ctl_throttle_slewed
  83 0118 00000000 		.word	vdrop2throt_coeff
  84 011c 00000000 		.word	v_ctl_mode
  85 0120 00000000 		.word	v_ctl_altitude_setpoint
  86 0124 00000000 		.word	v_ctl_altitude_pre_climb
  87 0128 00000000 		.word	v_ctl_altitude_error
  88 012c 00000000 		.word	v_ctl_alt_sum_err
  89 0130 00000000 		.word	v_ctl_climb_setpoint
  90 0134 00000000 		.word	v_ctl_climb_mode
  91 0138 00000000 		.word	v_ctl_auto_throttle_nominal_cruise_throttle
  92 013c 00000000 		.word	v_ctl_auto_throttle_cruise_throttle_pgain
  93 0140 00000000 		.word	v_ctl_auto_throttle_pitch_of_vz_pgain
  94 0144 00000000 		.word	v_ctl_auto_pitch_igain
  95 0148 00000000 		.word	v_ctl_throttle_setpoint
  97              		.global	__subsf3
  98              		.global	__mulsf3
  99              		.global	__addsf3
 100              		.global	__gtsf2
 101              		.global	__ltsf2
 102              		.bss
 103              	alt_err_sum_idx.0:
 104 0000 00       		.space	1
 105 0001 000000   		.align	2
 106              	alt_err_sum_values.1:
 107 0004 00000000 		.space	80
 107      00000000 
 107      00000000 
 107      00000000 
 107      00000000 
 108              		.global	__divsf3
 109              		.text
 110              		.align	2
 111              		.global	v_ctl_altitude_loop
 113              	v_ctl_altitude_loop:
 114              		@ Function supports interworking.
 115              		@ args = 0, pretend = 0, frame = 0
 116              		@ frame_needed = 1, uses_anonymous_args = 0
 117 014c 0DC0A0E1 		mov	ip, sp
 118 0150 F0DF2DE9 		stmfd	sp!, {r4, r5, r6, r7, r8, r9, sl, fp, ip, lr, pc}
 119 0154 04319FE5 		ldr	r3, .L12
 120 0158 000093E5 		ldr	r0, [r3, #0]	@ float
 121 015c 00319FE5 		ldr	r3, .L12+4
 122 0160 04B04CE2 		sub	fp, ip, #4
 123 0164 001093E5 		ldr	r1, [r3, #0]	@ float
 124 0168 FEFFFFEB 		bl	__subsf3
 125 016c F4909FE5 		ldr	r9, .L12+8
 126 0170 F4309FE5 		ldr	r3, .L12+12
 127 0174 0020A0E1 		mov	r2, r0
 128 0178 0010A0E1 		mov	r1, r0
 129 017c 002089E5 		str	r2, [r9, #0]	@ float
 130 0180 000093E5 		ldr	r0, [r3, #0]	@ float
 131 0184 FEFFFFEB 		bl	__mulsf3
 132 0188 E0309FE5 		ldr	r3, .L12+16
 133 018c 001093E5 		ldr	r1, [r3, #0]	@ float
 134 0190 FEFFFFEB 		bl	__addsf3
 135 0194 D8509FE5 		ldr	r5, .L12+20
 136 0198 0040A0E1 		mov	r4, r0
 137 019c 0111A0E3 		mov	r1, #1073741824
 138 01a0 004085E5 		str	r4, [r5, #0]	@ float
 139 01a4 FEFFFFEB 		bl	__gtsf2
 140 01a8 000050E3 		cmp	r0, #0
 141 01ac 0311A0E3 		mov	r1, #-1073741824
 142 01b0 0400A0E1 		mov	r0, r4
 143 01b4 0131A0C3 		movgt	r3, #1073741824
 144 01b8 710000CA 		bgt	.L11
 145 01bc FEFFFFEB 		bl	__ltsf2
 146 01c0 000050E3 		cmp	r0, #0
 147 01c4 720000AA 		bge	.L7
 148 01c8 0331A0E3 		mov	r3, #-1073741824
 149              	.L11:
 150 01cc 003085E5 		str	r3, [r5, #0]	@ float
 151              	.L7:
 152 01d0 A0A09FE5 		ldr	sl, .L12+24
 153 01d4 0040DAE5 		ldrb	r4, [sl, #0]	@ zero_extendqisi2
 154 01d8 9C809FE5 		ldr	r8, .L12+28
 155 01dc 9C709FE5 		ldr	r7, .L12+32
 156 01e0 FF6004E2 		and	r6, r4, #255
 157 01e4 061197E7 		ldr	r1, [r7, r6, asl #2]	@ float
 158 01e8 000098E5 		ldr	r0, [r8, #0]	@ float
 159 01ec FEFFFFEB 		bl	__subsf3
 160 01f0 8C109FE5 		ldr	r1, .L12+36
 161 01f4 0050A0E1 		mov	r5, r0
 162 01f8 000099E5 		ldr	r0, [r9, #0]	@ float
 163 01fc FEFFFFEB 		bl	__divsf3
 164 0200 0030A0E1 		mov	r3, r0
 165 0204 0010A0E1 		mov	r1, r0
 166 0208 0500A0E1 		mov	r0, r5
 167 020c 063187E7 		str	r3, [r7, r6, asl #2]	@ float
 168 0210 FEFFFFEB 		bl	__addsf3
 169 0214 014084E2 		add	r4, r4, #1
 170 0218 0040CAE5 		strb	r4, [sl, #0]
 171 021c 0030DAE5 		ldrb	r3, [sl, #0]	@ zero_extendqisi2
 172 0220 130053E3 		cmp	r3, #19
 173 0224 5C909FE5 		ldr	r9, .L12+40
 174 0228 0010A0E1 		mov	r1, r0
 175 022c 000088E5 		str	r0, [r8, #0]	@ float
 176 0230 9400009A 		bls	.L4
 177 0234 50309FE5 		ldr	r3, .L12+44
 178 0238 000093E5 		ldr	r0, [r3, #0]	@ float
 179 023c 0030A0E3 		mov	r3, #0
 180 0240 0030CAE5 		strb	r3, [sl, #0]
 181 0244 FEFFFFEB 		bl	__mulsf3
 182 0248 0010A0E1 		mov	r1, r0
 183 024c 000099E5 		ldr	r0, [r9, #0]	@ float
 184 0250 FEFFFFEB 		bl	__addsf3
 185 0254 000089E5 		str	r0, [r9, #0]	@ float
 186              	.L4:
 187 0258 F06F9DE8 		ldmfd	sp, {r4, r5, r6, r7, r8, r9, sl, fp, sp, lr}
 188 025c 1EFF2FE1 		bx	lr
 189              	.L13:
 190              		.align	2
 191              	.L12:
 192 0260 00000000 		.word	v_ctl_altitude_setpoint
 193 0264 00000000 		.word	estimator_z
 194 0268 00000000 		.word	v_ctl_altitude_error
 195 026c 00000000 		.word	v_ctl_altitude_pgain
 196 0270 00000000 		.word	v_ctl_altitude_pre_climb
 197 0274 00000000 		.word	v_ctl_climb_setpoint
 198 0278 00000000 		.word	alt_err_sum_idx.0
 199 027c 00000000 		.word	v_ctl_alt_sum_err
 200 0280 04000000 		.word	alt_err_sum_values.1
 201 0284 0000A041 		.word	1101004800
 202 0288 00000000 		.word	v_ctl_auto_throttle_cruise_throttle
 203 028c 00000000 		.word	v_ctl_auto_throttle_cruise_throttle_pgain
 205              		.global	__fixsfsi
 206              		.global	__extendsfdf2
 207              		.global	__gtdf2
 208              		.global	__ltdf2
 209              		.align	2
 210              		.global	v_ctl_climb_loop
 212              	v_ctl_climb_loop:
 213              		@ Function supports interworking.
 214              		@ args = 0, pretend = 0, frame = 0
 215              		@ frame_needed = 1, uses_anonymous_args = 0
 216 0290 0DC0A0E1 		mov	ip, sp
 217 0294 F0D82DE9 		stmfd	sp!, {r4, r5, r6, r7, fp, ip, lr, pc}
 218 0298 14329FE5 		ldr	r3, .L38+16
 219 029c 0070D3E5 		ldrb	r7, [r3, #0]	@ zero_extendqisi2
 220 02a0 000057E3 		cmp	r7, #0
 221 02a4 04B04CE2 		sub	fp, ip, #4
 222 02a8 AC00000A 		beq	.L16
 223 02ac 010057E3 		cmp	r7, #1
 224 02b0 E900000A 		beq	.L24
 225 02b4 250100EA 		b	.L14
 226              	.L16:
 227 02b8 F8319FE5 		ldr	r3, .L38+20
 228 02bc 005093E5 		ldr	r5, [r3, #0]	@ float
 229 02c0 F4319FE5 		ldr	r3, .L38+24
 230 02c4 0500A0E1 		mov	r0, r5
 231 02c8 001093E5 		ldr	r1, [r3, #0]	@ float
 232 02cc FEFFFFEB 		bl	__subsf3
 233 02d0 E8319FE5 		ldr	r3, .L38+28
 234 02d4 0060A0E1 		mov	r6, r0
 235 02d8 0510A0E1 		mov	r1, r5
 236 02dc 000093E5 		ldr	r0, [r3, #0]	@ float
 237 02e0 FEFFFFEB 		bl	__mulsf3
 238 02e4 D8319FE5 		ldr	r3, .L38+32
 239 02e8 0010A0E1 		mov	r1, r0
 240 02ec 000093E5 		ldr	r0, [r3, #0]	@ float
 241 02f0 FEFFFFEB 		bl	__addsf3
 242 02f4 CC319FE5 		ldr	r3, .L38+36
 243 02f8 0040A0E1 		mov	r4, r0
 244 02fc 0610A0E1 		mov	r1, r6
 245 0300 000093E5 		ldr	r0, [r3, #0]	@ float
 246 0304 FEFFFFEB 		bl	__mulsf3
 247 0308 0010A0E1 		mov	r1, r0
 248 030c 0400A0E1 		mov	r0, r4
 249 0310 FEFFFFEB 		bl	__addsf3
 250 0314 B0319FE5 		ldr	r3, .L38+40
 251 0318 0040A0E1 		mov	r4, r0
 252 031c 000093E5 		ldr	r0, [r3, #0]	@ float
 253 0320 A8319FE5 		ldr	r3, .L38+44
 254 0324 001093E5 		ldr	r1, [r3, #0]	@ float
 255 0328 FEFFFFEB 		bl	__mulsf3
 256 032c 0010A0E1 		mov	r1, r0
 257 0330 0400A0E1 		mov	r0, r4
 258 0334 FEFFFFEB 		bl	__addsf3
 259 0338 94319FE5 		ldr	r3, .L38+48
 260 033c 0060A0E1 		mov	r6, r0
 261 0340 001093E5 		ldr	r1, [r3, #0]	@ float
 262 0344 0500A0E1 		mov	r0, r5
 263 0348 FEFFFFEB 		bl	__mulsf3
 264 034c 84419FE5 		ldr	r4, .L38+52
 265 0350 0010A0E1 		mov	r1, r0
 266 0354 000094E5 		ldr	r0, [r4, #0]	@ float
 267 0358 FEFFFFEB 		bl	__addsf3
 268 035c 78119FE5 		ldr	r1, .L38+56
 269 0360 000084E5 		str	r0, [r4, #0]	@ float
 270 0364 0600A0E1 		mov	r0, r6
 271 0368 FEFFFFEB 		bl	__mulsf3
 272 036c 0010A0E3 		mov	r1, #0
 273 0370 0040A0E1 		mov	r4, r0
 274 0374 FEFFFFEB 		bl	__ltsf2
 275 0378 000050E3 		cmp	r0, #0
 276 037c 0700A0B1 		movlt	r0, r7	@ movhi
 277 0380 E60000BA 		blt	.L18
 278 0384 0400A0E1 		mov	r0, r4
 279 0388 4C119FE5 		ldr	r1, .L38+56
 280 038c FEFFFFEB 		bl	__gtsf2
 281 0390 000050E3 		cmp	r0, #0
 282 0394 960DA0C3 		movgt	r0, #9600	@ movhi
 283 0398 0400A0D1 		movle	r0, r4
 284 039c FEFFFFDB 		blle	__fixsfsi
 285              	.L18:
 286 03a0 38319FE5 		ldr	r3, .L38+60
 287 03a4 B000C3E1 		strh	r0, [r3, #0]	@ movhi 
 288 03a8 250100EA 		b	.L14
 289              	.L24:
 290 03ac 04319FE5 		ldr	r3, .L38+20
 291 03b0 000093E5 		ldr	r0, [r3, #0]	@ float
 292 03b4 00319FE5 		ldr	r3, .L38+24
 293 03b8 001093E5 		ldr	r1, [r3, #0]	@ float
 294 03bc FEFFFFEB 		bl	__subsf3
 295 03c0 1C219FE5 		ldr	r2, .L38+64
 296 03c4 14319FE5 		ldr	r3, .L38+60
 297 03c8 B020D2E1 		ldrh	r2, [r2, #0]
 298 03cc 14519FE5 		ldr	r5, .L38+68
 299 03d0 0070A0E1 		mov	r7, r0
 300 03d4 0710A0E1 		mov	r1, r7
 301 03d8 000095E5 		ldr	r0, [r5, #0]	@ float
 302 03dc B020C3E1 		strh	r2, [r3, #0]	@ movhi 
 303 03e0 FEFFFFEB 		bl	__addsf3
 304 03e4 00619FE5 		ldr	r6, .L38+72
 305 03e8 0040A0E1 		mov	r4, r0
 306 03ec 0610A0E1 		mov	r1, r6
 307 03f0 004085E5 		str	r4, [r5, #0]	@ float
 308 03f4 FEFFFFEB 		bl	__gtsf2
 309 03f8 000050E3 		cmp	r0, #0
 310 03fc 040100CA 		bgt	.L36
 311 0400 E8609FE5 		ldr	r6, .L38+76
 312 0404 0400A0E1 		mov	r0, r4
 313 0408 0610A0E1 		mov	r1, r6
 314 040c FEFFFFEB 		bl	__ltsf2
 315 0410 000050E3 		cmp	r0, #0
 316 0414 050100AA 		bge	.L27
 317              	.L36:
 318 0418 006085E5 		str	r6, [r5, #0]	@ float
 319              	.L27:
 320 041c D0309FE5 		ldr	r3, .L38+80
 321 0420 001095E5 		ldr	r1, [r5, #0]	@ float
 322 0424 000093E5 		ldr	r0, [r3, #0]	@ float
 323 0428 FEFFFFEB 		bl	__mulsf3
 324 042c 0010A0E1 		mov	r1, r0
 325 0430 0700A0E1 		mov	r0, r7
 326 0434 FEFFFFEB 		bl	__addsf3
 327 0438 B8309FE5 		ldr	r3, .L38+84
 328 043c 0010A0E1 		mov	r1, r0
 329 0440 000093E5 		ldr	r0, [r3, #0]	@ float
 330 0444 FEFFFFEB 		bl	__mulsf3
 331 0448 88609FE5 		ldr	r6, .L38+52
 332 044c 0030A0E1 		mov	r3, r0
 333 0450 003086E5 		str	r3, [r6, #0]	@ float
 334 0454 FEFFFFEB 		bl	__extendsfdf2
 335 0458 44208FE2 		adr	r2, .L38
 336 045c 0C0092E8 		ldmia	r2, {r2-r3}
 337 0460 0150A0E1 		mov	r5, r1
 338 0464 0040A0E1 		mov	r4, r0
 339 0468 FEFFFFEB 		bl	__gtdf2
 340 046c 000050E3 		cmp	r0, #0
 341 0470 84309FC5 		ldrgt	r3, .L38+88
 342 0474 240100CA 		bgt	.L37
 343 0478 0510A0E1 		mov	r1, r5
 344 047c 0400A0E1 		mov	r0, r4
 345 0480 24208FE2 		adr	r2, .L38+8
 346 0484 0C0092E8 		ldmia	r2, {r2-r3}
 347 0488 FEFFFFEB 		bl	__ltdf2
 348 048c 000050E3 		cmp	r0, #0
 349 0490 250100AA 		bge	.L14
 350 0494 64309FE5 		ldr	r3, .L38+92
 351              	.L37:
 352 0498 003086E5 		str	r3, [r6, #0]	@ float
 353              	.L14:
 354 049c F0689DE8 		ldmfd	sp, {r4, r5, r6, r7, fp, sp, lr}
 355 04a0 1EFF2FE1 		bx	lr
 356              	.L39:
 357              		.align	2
 358              	.L38:
 359 04a4 6666D63F 		.word	1071015526
 360 04a8 66666666 		.word	1717986918
 361 04ac 6666D6BF 		.word	-1076468122
 362 04b0 66666666 		.word	1717986918
 363 04b4 00000000 		.word	v_ctl_climb_mode
 364 04b8 00000000 		.word	v_ctl_climb_setpoint
 365 04bc 00000000 		.word	estimator_z_dot
 366 04c0 00000000 		.word	v_ctl_auto_throttle_climb_throttle_increment
 367 04c4 00000000 		.word	v_ctl_auto_throttle_cruise_throttle
 368 04c8 00000000 		.word	v_ctl_auto_throttle_pgain
 369 04cc 00000000 		.word	v_ctl_auto_throttle_igain
 370 04d0 00000000 		.word	v_ctl_alt_sum_err
 371 04d4 00000000 		.word	v_ctl_auto_throttle_pitch_of_vz_pgain
 372 04d8 00000000 		.word	nav_pitch
 373 04dc 00001646 		.word	1175846912
 374 04e0 00000000 		.word	v_ctl_throttle_setpoint
 375 04e4 00000000 		.word	nav_throttle_setpoint
 376 04e8 00000000 		.word	v_ctl_auto_pitch_sum_err
 377 04ec 0000C842 		.word	1120403456
 378 04f0 0000C8C2 		.word	-1027080192
 379 04f4 00000000 		.word	v_ctl_auto_pitch_igain
 380 04f8 00000000 		.word	v_ctl_auto_pitch_pgain
 381 04fc 3333B33E 		.word	1051931443
 382 0500 3333B3BE 		.word	-1095552205
 384              		.global	__floatsisf
 385              		.align	2
 386              		.global	v_ctl_throttle_slew
 388              	v_ctl_throttle_slew:
 389              		@ Function supports interworking.
 390              		@ args = 0, pretend = 0, frame = 0
 391              		@ frame_needed = 1, uses_anonymous_args = 0
 392 0504 0DC0A0E1 		mov	ip, sp
 393 0508 F0DD2DE9 		stmfd	sp!, {r4, r5, r6, r7, r8, sl, fp, ip, lr, pc}
 394 050c A4319FE5 		ldr	r3, .L73
 395 0510 A4A19FE5 		ldr	sl, .L73+4
 396 0514 B030D3E1 		ldrh	r3, [r3, #0]
 397 0518 B020DAE1 		ldrh	r2, [sl, #0]
 398 051c 033062E0 		rsb	r3, r2, r3
 399 0520 0338A0E1 		mov	r3, r3, asl #16
 400 0524 2368A0E1 		mov	r6, r3, lsr #16
 401 0528 0678A0E1 		mov	r7, r6, asl #16
 402 052c 04B04CE2 		sub	fp, ip, #4
 403 0530 4708A0E1 		mov	r0, r7, asr #16
 404 0534 FEFFFFEB 		bl	__floatsisf
 405 0538 80819FE5 		ldr	r8, .L73+8
 406 053c 0050A0E1 		mov	r5, r0
 407 0540 7C119FE5 		ldr	r1, .L73+12
 408 0544 000098E5 		ldr	r0, [r8, #0]	@ float
 409 0548 FEFFFFEB 		bl	__mulsf3
 410 054c 74119FE5 		ldr	r1, .L73+16
 411 0550 0040A0E1 		mov	r4, r0
 412 0554 FEFFFFEB 		bl	__ltsf2
 413 0558 000050E3 		cmp	r0, #0
 414 055c 0500A0B1 		movlt	r0, r5
 415 0560 60119FB5 		ldrlt	r1, .L73+16
 416 0564 600100BA 		blt	.L68
 417 0568 54119FE5 		ldr	r1, .L73+12
 418 056c 0400A0E1 		mov	r0, r4
 419 0570 FEFFFFEB 		bl	__gtsf2
 420 0574 000050E3 		cmp	r0, #0
 421 0578 44119FC5 		ldrgt	r1, .L73+12
 422 057c 0500A0C1 		movgt	r0, r5
 423 0580 0500A0D1 		movle	r0, r5
 424 0584 0410A0D1 		movle	r1, r4
 425              	.L68:
 426 0588 FEFFFFEB 		bl	__gtsf2
 427 058c 000050E3 		cmp	r0, #0
 428 0590 720100DA 		ble	.L41
 429 0594 28119FE5 		ldr	r1, .L73+12
 430 0598 000098E5 		ldr	r0, [r8, #0]	@ float
 431 059c FEFFFFEB 		bl	__mulsf3
 432 05a0 20119FE5 		ldr	r1, .L73+16
 433 05a4 0040A0E1 		mov	r4, r0
 434 05a8 FEFFFFEB 		bl	__ltsf2
 435 05ac 000050E3 		cmp	r0, #0
 436 05b0 9F0100BA 		blt	.L72
 437 05b4 0400A0E1 		mov	r0, r4
 438 05b8 04119FE5 		ldr	r1, .L73+12
 439 05bc FEFFFFEB 		bl	__gtsf2
 440 05c0 000050E3 		cmp	r0, #0
 441 05c4 0400A0D1 		movle	r0, r4
 442 05c8 A40100DA 		ble	.L70
 443 05cc 980100EA 		b	.L71
 444              	.L41:
 445 05d0 4708A0E1 		mov	r0, r7, asr #16
 446 05d4 FEFFFFEB 		bl	__floatsisf
 447 05d8 007098E5 		ldr	r7, [r8, #0]	@ float
 448 05dc 0050A0E1 		mov	r5, r0
 449 05e0 DC109FE5 		ldr	r1, .L73+12
 450 05e4 0700A0E1 		mov	r0, r7
 451 05e8 FEFFFFEB 		bl	__mulsf3
 452 05ec D4109FE5 		ldr	r1, .L73+16
 453 05f0 0040A0E1 		mov	r4, r0
 454 05f4 FEFFFFEB 		bl	__ltsf2
 455 05f8 000050E3 		cmp	r0, #0
 456 05fc 0500A0B1 		movlt	r0, r5
 457 0600 BC109FB5 		ldrlt	r1, .L73+12
 458 0604 8C0100BA 		blt	.L69
 459 0608 B4109FE5 		ldr	r1, .L73+12
 460 060c 0400A0E1 		mov	r0, r4
 461 0610 FEFFFFEB 		bl	__gtsf2
 462 0614 000050E3 		cmp	r0, #0
 463 0618 0500A0C1 		movgt	r0, r5
 464 061c A4109FC5 		ldrgt	r1, .L73+16
 465 0620 8C0100CA 		bgt	.L69
 466 0624 9C109FE5 		ldr	r1, .L73+16
 467 0628 0700A0E1 		mov	r0, r7
 468 062c FEFFFFEB 		bl	__mulsf3
 469 0630 0010A0E1 		mov	r1, r0
 470 0634 0500A0E1 		mov	r0, r5
 471              	.L69:
 472 0638 FEFFFFEB 		bl	__ltsf2
 473 063c 000050E3 		cmp	r0, #0
 474 0640 A70100AA 		bge	.L54
 475 0644 005098E5 		ldr	r5, [r8, #0]	@ float
 476 0648 74109FE5 		ldr	r1, .L73+12
 477 064c 0500A0E1 		mov	r0, r5
 478 0650 FEFFFFEB 		bl	__mulsf3
 479 0654 6C109FE5 		ldr	r1, .L73+16
 480 0658 0040A0E1 		mov	r4, r0
 481 065c FEFFFFEB 		bl	__ltsf2
 482 0660 000050E3 		cmp	r0, #0
 483 0664 9A0100AA 		bge	.L62
 484              	.L71:
 485 0668 966DA0E3 		mov	r6, #9600
 486 066c A70100EA 		b	.L54
 487              	.L62:
 488 0670 0400A0E1 		mov	r0, r4
 489 0674 48109FE5 		ldr	r1, .L73+12
 490 0678 FEFFFFEB 		bl	__gtsf2
 491 067c 000050E3 		cmp	r0, #0
 492 0680 A10100DA 		ble	.L65
 493              	.L72:
 494 0684 40609FE5 		ldr	r6, .L73+20
 495 0688 A70100EA 		b	.L54
 496              	.L65:
 497 068c 0500A0E1 		mov	r0, r5
 498 0690 30109FE5 		ldr	r1, .L73+16
 499 0694 FEFFFFEB 		bl	__mulsf3
 500              	.L70:
 501 0698 FEFFFFEB 		bl	__fixsfsi
 502 069c 0008A0E1 		mov	r0, r0, asl #16
 503 06a0 2068A0E1 		mov	r6, r0, lsr #16
 504              	.L54:
 505 06a4 B030DAE1 		ldrh	r3, [sl, #0]
 506 06a8 063083E0 		add	r3, r3, r6
 507 06ac B030CAE1 		strh	r3, [sl, #0]	@ movhi 
 508 06b0 F06D9DE8 		ldmfd	sp, {r4, r5, r6, r7, r8, sl, fp, sp, lr}
 509 06b4 1EFF2FE1 		bx	lr
 510              	.L74:
 511              		.align	2
 512              	.L73:
 513 06b8 00000000 		.word	v_ctl_throttle_setpoint
 514 06bc 00000000 		.word	v_ctl_throttle_slewed
 515 06c0 00000000 		.word	v_ctl_throttle_slew_
 516 06c4 00001646 		.word	1175846912
 517 06c8 000016C6 		.word	-971636736
 518 06cc 80DA0000 		.word	55936
 520              		.bss
 521              		.align	2
 522              	last_periodic_event:
 523 0054 00000000 		.space	4
 524              		.comm	v_ctl_mode,1,1
 525              		.comm	v_ctl_altitude_setpoint,4,4
 526              		.comm	v_ctl_altitude_pre_climb,4,4
 527              		.comm	v_ctl_altitude_pgain,4,4
 528              		.comm	v_ctl_alt_sum_err,4,4
 529              		.comm	v_ctl_climb_setpoint,4,4
 530              		.comm	v_ctl_climb_mode,1,1
 531              		.comm	v_ctl_auto_throttle_nominal_cruise_throttle,4,4
 532              		.comm	v_ctl_auto_throttle_cruise_throttle_pgain,4,4
 533              		.comm	v_ctl_auto_throttle_cruise_throttle,4,4
 534              		.comm	v_ctl_auto_throttle_climb_throttle_increment,4,4
 535              		.comm	v_ctl_auto_throttle_pgain,4,4
 536              		.comm	v_ctl_auto_throttle_igain,4,4
 537              		.comm	v_ctl_auto_throttle_pitch_of_vz_pgain,4,4
 538              		.comm	v_ctl_throttle_slew_,4,4
 539              		.comm	v_ctl_auto_pitch_pgain,4,4
 540              		.comm	v_ctl_auto_pitch_igain,4,4
 541              		.comm	v_ctl_auto_pitch_sum_err,4,4
 542              		.comm	v_ctl_throttle_setpoint,2,2
 543              		.comm	v_ctl_throttle_slewed,2,2
 544              		.comm	climb_throttle,4,4
 545              		.comm	desc_throttle,4,4
 546              		.comm	v_ctl_altitude_error,4,4
 547              		.comm	v_ctl_auto_throttle_submode,1,1
 548              		.ident	"GCC: (GNU) 3.4.4"
DEFINED SYMBOLS
                            *ABS*:00000000 fw_v_ctl.c
     /tmp/cc2gEhuW.s:6      .text:00000000 v_ctl_init
     /tmp/cc2gEhuW.s:10     .text:00000000 $a
     /tmp/cc2gEhuW.s:69     .text:000000e0 $d
                            *COM*:00000004 v_ctl_altitude_pgain
                            *COM*:00000004 v_ctl_auto_throttle_cruise_throttle
                            *COM*:00000004 v_ctl_auto_throttle_climb_throttle_increment
                            *COM*:00000004 v_ctl_auto_throttle_pgain
                            *COM*:00000004 v_ctl_auto_throttle_igain
                            *COM*:00000004 v_ctl_auto_pitch_pgain
                            *COM*:00000004 v_ctl_auto_pitch_sum_err
                            *COM*:00000004 v_ctl_throttle_slew_
                            *COM*:00000002 v_ctl_throttle_slewed
                            *COM*:00000001 v_ctl_mode
                            *COM*:00000004 v_ctl_altitude_setpoint
                            *COM*:00000004 v_ctl_altitude_pre_climb
                            *COM*:00000004 v_ctl_altitude_error
                            *COM*:00000004 v_ctl_alt_sum_err
                            *COM*:00000004 v_ctl_climb_setpoint
                            *COM*:00000001 v_ctl_climb_mode
                            *COM*:00000004 v_ctl_auto_throttle_nominal_cruise_throttle
                            *COM*:00000004 v_ctl_auto_throttle_cruise_throttle_pgain
                            *COM*:00000004 v_ctl_auto_throttle_pitch_of_vz_pgain
                            *COM*:00000004 v_ctl_auto_pitch_igain
                            *COM*:00000002 v_ctl_throttle_setpoint
     /tmp/cc2gEhuW.s:103    .bss:00000000 alt_err_sum_idx.0
     /tmp/cc2gEhuW.s:106    .bss:00000004 alt_err_sum_values.1
     /tmp/cc2gEhuW.s:113    .text:0000014c v_ctl_altitude_loop
     /tmp/cc2gEhuW.s:117    .text:0000014c $a
     /tmp/cc2gEhuW.s:192    .text:00000260 $d
     /tmp/cc2gEhuW.s:212    .text:00000290 v_ctl_climb_loop
     /tmp/cc2gEhuW.s:216    .text:00000290 $a
     /tmp/cc2gEhuW.s:359    .text:000004a4 $d
     /tmp/cc2gEhuW.s:388    .text:00000504 v_ctl_throttle_slew
     /tmp/cc2gEhuW.s:392    .text:00000504 $a
     /tmp/cc2gEhuW.s:513    .text:000006b8 $d
     /tmp/cc2gEhuW.s:522    .bss:00000054 last_periodic_event
                            *COM*:00000004 climb_throttle
                            *COM*:00000004 desc_throttle
                            *COM*:00000001 v_ctl_auto_throttle_submode

UNDEFINED SYMBOLS
vdrop2throt_coeff
__subsf3
__mulsf3
__addsf3
__gtsf2
__ltsf2
__divsf3
estimator_z
__fixsfsi
__extendsfdf2
__gtdf2
__ltdf2
estimator_z_dot
nav_pitch
nav_throttle_setpoint
__floatsisf
