   1              		.file	"main_fbw.c"
   2              		.text
   3              		.align	2
   4              		.global	init_fbw
   6              	init_fbw:
   7              		@ Function supports interworking.
   8              		@ args = 0, pretend = 0, frame = 0
   9              		@ frame_needed = 1, uses_anonymous_args = 0
  10 0000 90219FE5 		ldr	r2, .L16
  11 0004 0DC0A0E1 		mov	ip, sp
  12 0008 2430A0E3 		mov	r3, #36
  13 000c 30D82DE9 		stmfd	sp!, {r4, r5, fp, ip, lr, pc}
  14 0010 8430C2E5 		strb	r3, [r2, #132]
  15 0014 233043E2 		sub	r3, r3, #35
  16 0018 8030C2E5 		strb	r3, [r2, #128]
  17 001c 573043E2 		sub	r3, r3, #87
  18 0020 8C30C2E5 		strb	r3, [r2, #140]
  19 0024 AB3083E2 		add	r3, r3, #171
  20 0028 8C30C2E5 		strb	r3, [r2, #140]
  21 002c 04B04CE2 		sub	fp, ip, #4
  22              	.L2:
  23 0030 60519FE5 		ldr	r5, .L16
  24 0034 B838D5E1 		ldrh	r3, [r5, #136]
  25 0038 010B13E3 		tst	r3, #1024
  26 003c 0A00000A 		beq	.L2
  27 0040 0320A0E3 		mov	r2, #3
  28 0044 5530E0E3 		mvn	r3, #85
  29 0048 8020C5E5 		strb	r2, [r5, #128]
  30 004c 8C30C5E5 		strb	r3, [r5, #140]
  31 0050 AB3083E2 		add	r3, r3, #171
  32 0054 8C30C5E5 		strb	r3, [r5, #140]
  33 0058 3C119FE5 		ldr	r1, .L16+4
  34 005c 0040A0E3 		mov	r4, #0
  35 0060 02C0A0E3 		mov	ip, #2
  36 0064 AB3083E2 		add	r3, r3, #171
  37 0068 0420C5E5 		strb	r2, [r5, #4]
  38 006c 01E0A0E3 		mov	lr, #1
  39 0070 00C0C5E5 		strb	ip, [r5, #0]
  40 0074 0420C5E5 		strb	r2, [r5, #4]
  41 0078 00C0C5E5 		strb	ip, [r5, #0]
  42 007c 0340C5E7 		strb	r4, [r5, r3]
  43 0080 0030E0E3 		mvn	r3, #0
  44 0084 40E0C5E5 		strb	lr, [r5, #64]
  45 0088 10019FE5 		ldr	r0, .L16+8
  46 008c 143081E5 		str	r3, [r1, #20]
  47 0090 0C319FE5 		ldr	r3, .L16+12
  48 0094 0C4081E5 		str	r4, [r1, #12]
  49 0098 343081E5 		str	r3, [r1, #52]
  50 009c 04C080E5 		str	ip, [r0, #4]
  51 00a0 0C4080E5 		str	r4, [r0, #12]
  52 00a4 144080E5 		str	r4, [r0, #20]
  53 00a8 284080E5 		str	r4, [r0, #40]
  54 00ac 3C4080E5 		str	r4, [r0, #60]
  55 00b0 04E080E5 		str	lr, [r0, #4]
  56 00b4 0C3091E5 		ldr	r3, [r1, #12]
  57 00b8 1030C3E3 		bic	r3, r3, #16
  58 00bc 0C3081E5 		str	r3, [r1, #12]
  59 00c0 1030A0E3 		mov	r3, #16
  60 00c4 103081E5 		str	r3, [r1, #16]
  61 00c8 143083E2 		add	r3, r3, #20
  62 00cc 043281E5 		str	r3, [r1, #516]
  63 00d0 D0309FE5 		ldr	r3, .L16+16
  64 00d4 D0209FE5 		ldr	r2, .L16+20
  65 00d8 043181E5 		str	r3, [r1, #260]
  66 00dc 183092E5 		ldr	r3, [r2, #24]
  67 00e0 013283E3 		orr	r3, r3, #268435456
  68 00e4 183082E5 		str	r3, [r2, #24]
  69 00e8 0132A0E3 		mov	r3, #268435456
  70 00ec 143082E5 		str	r3, [r2, #20]
  71 00f0 183092E5 		ldr	r3, [r2, #24]
  72 00f4 023783E3 		orr	r3, r3, #524288
  73 00f8 183082E5 		str	r3, [r2, #24]
  74 00fc 0237A0E3 		mov	r3, #524288
  75 0100 143082E5 		str	r3, [r2, #20]
  76 0104 A4309FE5 		ldr	r3, .L16+24
  77 0108 B040C3E1 		strh	r4, [r3, #0]	@ movhi 
  78 010c A0309FE5 		ldr	r3, .L16+28
  79 0110 004083E5 		str	r4, [r3, #0]
  80 0114 FEFFFFEB 		bl	uart0_init_tx
  81 0118 FEFFFFEB 		bl	uart1_init_tx
  82 011c FEFFFFEB 		bl	adc_init
  83 0120 0E00A0E3 		mov	r0, #14
  84 0124 8C109FE5 		ldr	r1, .L16+32
  85 0128 2020A0E3 		mov	r2, #32
  86 012c FEFFFFEB 		bl	adc_buf_channel
  87 0130 FEFFFFEB 		bl	actuators_init
  88              	.L11:
  89 0134 80209FE5 		ldr	r2, .L16+36
  90 0138 8410A0E1 		mov	r1, r4, asl #1
  91 013c 7C309FE5 		ldr	r3, .L16+40
  92 0140 014084E2 		add	r4, r4, #1
  93 0144 B22091E1 		ldrh	r2, [r1, r2]
  94 0148 030054E3 		cmp	r4, #3
  95 014c B32081E1 		strh	r2, [r1, r3]	@ movhi 
  96 0150 4B0000DA 		ble	.L11
  97 0154 68209FE5 		ldr	r2, .L16+44
  98 0158 003092E5 		ldr	r3, [r2, #0]
  99 015c 023A83E3 		orr	r3, r3, #8192
 100 0160 003082E5 		str	r3, [r2, #0]
 101 0164 5C009FE5 		ldr	r0, .L16+48
 102 0168 30309FE5 		ldr	r3, .L16+8
 103 016c 062DA0E3 		mov	r2, #384
 104 0170 282083E5 		str	r2, [r3, #40]
 105 0174 00C090E5 		ldr	ip, [r0, #0]
 106 0178 4C309FE5 		ldr	r3, .L16+52
 107 017c 0010A0E3 		mov	r1, #0
 108 0180 0010C3E5 		strb	r1, [r3, #0]
 109 0184 1110CCE5 		strb	r1, [ip, #17]
 110 0188 003090E5 		ldr	r3, [r0, #0]
 111 018c 1210C3E5 		strb	r1, [r3, #18]
 112 0190 30689DE8 		ldmfd	sp, {r4, r5, fp, sp, lr}
 113 0194 1EFF2FE1 		bx	lr
 114              	.L17:
 115              		.align	2
 116              	.L16:
 117 0198 00C01FE0 		.word	-534790144
 118 019c 00F0FFFF 		.word	-4096
 119 01a0 004000E0 		.word	-536854528
 120 01a4 00000000 		.word	reset
 121 01a8 00000000 		.word	TIMER0_ISR
 122 01ac 008002E0 		.word	-536707072
 123 01b0 00000000 		.word	cpu_time_sec
 124 01b4 00000000 		.word	cpu_time_ticks
 125 01b8 00000000 		.word	vsupply_adc_buf
 126 01bc 00000000 		.word	commands_failsafe
 127 01c0 00000000 		.word	commands
 128 01c4 00C002E0 		.word	-536690688
 129 01c8 00000000 		.word	fbw_state
 130 01cc 00000000 		.word	ppm_valid
 132              		.bss
 133              	avg_cpt.7:
 134 0000 00       		.space	1
 135              		.global	__floatsisf
 136              		.global	__mulsf3
 137              		.global	__fixsfsi
 138              		.text
 139              		.align	2
 140              		.global	event_task_fbw
 142              	event_task_fbw:
 143              		@ Function supports interworking.
 144              		@ args = 0, pretend = 0, frame = 0
 145              		@ frame_needed = 1, uses_anonymous_args = 0
 146 01d0 0DC0A0E1 		mov	ip, sp
 147 01d4 F0D82DE9 		stmfd	sp!, {r4, r5, r6, r7, fp, ip, lr, pc}
 148 01d8 04B04CE2 		sub	fp, ip, #4
 149 01dc 40C59FE5 		ldr	ip, .L91
 150 01e0 0030DCE5 		ldrb	r3, [ip, #0]	@ zero_extendqisi2
 151 01e4 000053E3 		cmp	r3, #0
 152 01e8 7901000A 		beq	.L19
 153 01ec 34159FE5 		ldr	r1, .L91+4
 154 01f0 34759FE5 		ldr	r7, .L91+8
 155 01f4 0030D1E5 		ldrb	r3, [r1, #0]	@ zero_extendqisi2
 156 01f8 B040D7E1 		ldrh	r4, [r7, #0]
 157 01fc 013083E2 		add	r3, r3, #1
 158 0200 0030C1E5 		strb	r3, [r1, #0]
 159 0204 594C44E2 		sub	r4, r4, #22784
 160 0208 20359FE5 		ldr	r3, .L91+12
 161 020c 0020A0E3 		mov	r2, #0
 162 0210 5B4044E2 		sub	r4, r4, #91
 163 0214 0020C3E5 		strb	r2, [r3, #0]
 164 0218 0448A0E1 		mov	r4, r4, asl #16
 165 021c 10359FE5 		ldr	r3, .L91+16
 166 0220 4448A0E1 		mov	r4, r4, asr #16
 167 0224 0020C3E5 		strb	r2, [r3, #0]
 168 0228 0020CCE5 		strb	r2, [ip, #0]
 169 022c 0400A0E1 		mov	r0, r4
 170 0230 FEFFFFEB 		bl	__floatsisf
 171 0234 000054E3 		cmp	r4, #0
 172 0238 F8149FA5 		ldrge	r1, .L91+20
 173 023c F8149FB5 		ldrlt	r1, .L91+24
 174 0240 FEFFFFEB 		bl	__mulsf3
 175 0244 FEFFFFEB 		bl	__fixsfsi
 176 0248 F0549FE5 		ldr	r5, .L91+28
 177 024c B000C5E1 		strh	r0, [r5, #0]	@ movhi 
 178 0250 F030D5E1 		ldrsh	r3, [r5, #0]
 179 0254 960D53E3 		cmp	r3, #9600
 180 0258 961DA0C3 		movgt	r1, #9600	@ movhi
 181 025c B010C5C1 		strgth	r1, [r5, #0]	@ movhi 
 182 0260 9B0000CA 		bgt	.L23
 183 0264 960D73E3 		cmn	r3, #9600
 184 0268 D4249FB5 		ldrlt	r2, .L91+32
 185 026c CC349FB5 		ldrlt	r3, .L91+28
 186 0270 B020C3B1 		strlth	r2, [r3, #0]	@ movhi 
 187              	.L23:
 188 0274 B240D7E1 		ldrh	r4, [r7, #2]
 189 0278 164B44E2 		sub	r4, r4, #22528
 190 027c F24044E2 		sub	r4, r4, #242
 191 0280 0448A0E1 		mov	r4, r4, asl #16
 192 0284 4448A0E1 		mov	r4, r4, asr #16
 193 0288 0400A0E1 		mov	r0, r4
 194 028c FEFFFFEB 		bl	__floatsisf
 195 0290 000054E3 		cmp	r4, #0
 196 0294 AC149FA5 		ldrge	r1, .L91+36
 197 0298 AC149FB5 		ldrlt	r1, .L91+40
 198 029c FEFFFFEB 		bl	__mulsf3
 199 02a0 FEFFFFEB 		bl	__fixsfsi
 200 02a4 94349FE5 		ldr	r3, .L91+28
 201 02a8 B200C3E1 		strh	r0, [r3, #2]	@ movhi 
 202 02ac F230D5E1 		ldrsh	r3, [r5, #2]
 203 02b0 960D53E3 		cmp	r3, #9600
 204 02b4 962DA0C3 		movgt	r2, #9600	@ movhi
 205 02b8 B220C5C1 		strgth	r2, [r5, #2]	@ movhi 
 206 02bc B20000CA 		bgt	.L28
 207 02c0 960D73E3 		cmn	r3, #9600
 208 02c4 78249FB5 		ldrlt	r2, .L91+32
 209 02c8 70349FB5 		ldrlt	r3, .L91+28
 210 02cc B220C3B1 		strlth	r2, [r3, #2]	@ movhi 
 211              	.L28:
 212 02d0 B400D7E1 		ldrh	r0, [r7, #4]
 213 02d4 710C40E2 		sub	r0, r0, #28928
 214 02d8 AC0040E2 		sub	r0, r0, #172
 215 02dc 0008A0E1 		mov	r0, r0, asl #16
 216 02e0 4008A0E1 		mov	r0, r0, asr #16
 217 02e4 FEFFFFEB 		bl	__floatsisf
 218 02e8 60149FE5 		ldr	r1, .L91+44
 219 02ec FEFFFFEB 		bl	__mulsf3
 220 02f0 FEFFFFEB 		bl	__fixsfsi
 221 02f4 B400C5E1 		strh	r0, [r5, #4]	@ movhi 
 222 02f8 F430D5E1 		ldrsh	r3, [r5, #4]
 223 02fc 960D53E3 		cmp	r3, #9600
 224 0300 963DA0C3 		movgt	r3, #9600	@ movhi
 225 0304 B430C5C1 		strgth	r3, [r5, #4]	@ movhi 
 226 0308 C50000CA 		bgt	.L31
 227 030c 000053E3 		cmp	r3, #0
 228 0310 28349FB5 		ldrlt	r3, .L91+28
 229 0314 0010A0B3 		movlt	r1, #0	@ movhi
 230 0318 B410C3B1 		strlth	r1, [r3, #4]	@ movhi 
 231              	.L31:
 232 031c B640D7E1 		ldrh	r4, [r7, #6]
 233 0320 574C44E2 		sub	r4, r4, #22272
 234 0324 C64044E2 		sub	r4, r4, #198
 235 0328 0448A0E1 		mov	r4, r4, asl #16
 236 032c 4448A0E1 		mov	r4, r4, asr #16
 237 0330 0400A0E1 		mov	r0, r4
 238 0334 FEFFFFEB 		bl	__floatsisf
 239 0338 000054E3 		cmp	r4, #0
 240 033c 10149FA5 		ldrge	r1, .L91+48
 241 0340 10149FB5 		ldrlt	r1, .L91+52
 242 0344 FEFFFFEB 		bl	__mulsf3
 243 0348 FEFFFFEB 		bl	__fixsfsi
 244 034c EC339FE5 		ldr	r3, .L91+28
 245 0350 B600C3E1 		strh	r0, [r3, #6]	@ movhi 
 246 0354 F630D5E1 		ldrsh	r3, [r5, #6]
 247 0358 960D53E3 		cmp	r3, #9600
 248 035c 962DA0C3 		movgt	r2, #9600	@ movhi
 249 0360 B620C5C1 		strgth	r2, [r5, #6]	@ movhi 
 250 0364 DC0000CA 		bgt	.L36
 251 0368 960D73E3 		cmn	r3, #9600
 252 036c D0239FB5 		ldrlt	r2, .L91+32
 253 0370 C8339FB5 		ldrlt	r3, .L91+28
 254 0374 B620C3B1 		strlth	r2, [r3, #6]	@ movhi 
 255              	.L36:
 256 0378 BA40D7E1 		ldrh	r4, [r7, #10]
 257 037c D8639FE5 		ldr	r6, .L91+56
 258 0380 574C44E2 		sub	r4, r4, #22272
 259 0384 C64044E2 		sub	r4, r4, #198
 260 0388 B820D7E1 		ldrh	r2, [r7, #8]
 261 038c 103096E5 		ldr	r3, [r6, #16]
 262 0390 0448A0E1 		mov	r4, r4, asl #16
 263 0394 4448A0E1 		mov	r4, r4, asr #16
 264 0398 023083E0 		add	r3, r3, r2
 265 039c 0400A0E1 		mov	r0, r4
 266 03a0 103086E5 		str	r3, [r6, #16]
 267 03a4 FEFFFFEB 		bl	__floatsisf
 268 03a8 000054E3 		cmp	r4, #0
 269 03ac A0139FA5 		ldrge	r1, .L91+48
 270 03b0 A0139FB5 		ldrlt	r1, .L91+52
 271 03b4 FEFFFFEB 		bl	__mulsf3
 272 03b8 FEFFFFEB 		bl	__fixsfsi
 273 03bc 7C339FE5 		ldr	r3, .L91+28
 274 03c0 BA00C3E1 		strh	r0, [r3, #10]	@ movhi 
 275 03c4 FA30D5E1 		ldrsh	r3, [r5, #10]
 276 03c8 960D53E3 		cmp	r3, #9600
 277 03cc 963DA0C3 		movgt	r3, #9600	@ movhi
 278 03d0 BA30C5C1 		strgth	r3, [r5, #10]	@ movhi 
 279 03d4 F80000CA 		bgt	.L41
 280 03d8 960D73E3 		cmn	r3, #9600
 281 03dc 60239FB5 		ldrlt	r2, .L91+32
 282 03e0 58339FB5 		ldrlt	r3, .L91+28
 283 03e4 BA20C3B1 		strlth	r2, [r3, #10]	@ movhi 
 284              	.L41:
 285 03e8 70E39FE5 		ldr	lr, .L91+60
 286 03ec 0030DEE5 		ldrb	r3, [lr, #0]	@ zero_extendqisi2
 287 03f0 013083E2 		add	r3, r3, #1
 288 03f4 0030CEE5 		strb	r3, [lr, #0]
 289 03f8 1C2096E5 		ldr	r2, [r6, #28]
 290 03fc 183096E5 		ldr	r3, [r6, #24]
 291 0400 BEC0D7E1 		ldrh	ip, [r7, #14]
 292 0404 BC10D7E1 		ldrh	r1, [r7, #12]
 293 0408 0000DEE5 		ldrb	r0, [lr, #0]	@ zero_extendqisi2
 294 040c 013083E0 		add	r3, r3, r1
 295 0410 0C2082E0 		add	r2, r2, ip
 296 0414 080050E3 		cmp	r0, #8
 297 0418 183086E5 		str	r3, [r6, #24]
 298 041c 1C2086E5 		str	r2, [r6, #28]
 299 0420 6001001A 		bne	.L59
 300 0424 104096E5 		ldr	r4, [r6, #16]
 301 0428 C43FA0E1 		mov	r3, r4, asr #31
 302 042c A34E84E0 		add	r4, r4, r3, lsr #29
 303 0430 C441A0E1 		mov	r4, r4, asr #3
 304 0434 594C44E2 		sub	r4, r4, #22784
 305 0438 5B4044E2 		sub	r4, r4, #91
 306 043c 0448A0E1 		mov	r4, r4, asl #16
 307 0440 0030A0E3 		mov	r3, #0
 308 0444 4448A0E1 		mov	r4, r4, asr #16
 309 0448 0030CEE5 		strb	r3, [lr, #0]
 310 044c 0400A0E1 		mov	r0, r4
 311 0450 FEFFFFEB 		bl	__floatsisf
 312 0454 000054E3 		cmp	r4, #0
 313 0458 04139FA5 		ldrge	r1, .L91+64
 314 045c 04139FB5 		ldrlt	r1, .L91+68
 315 0460 FEFFFFEB 		bl	__mulsf3
 316 0464 FEFFFFEB 		bl	__fixsfsi
 317 0468 D0329FE5 		ldr	r3, .L91+28
 318 046c B800C3E1 		strh	r0, [r3, #8]	@ movhi 
 319 0470 F820D5E1 		ldrsh	r2, [r5, #8]
 320 0474 960D52E3 		cmp	r2, #9600
 321 0478 0030A0E3 		mov	r3, #0
 322 047c 961DA0C3 		movgt	r1, #9600	@ movhi
 323 0480 103086E5 		str	r3, [r6, #16]
 324 0484 B810C5C1 		strgth	r1, [r5, #8]	@ movhi 
 325 0488 250100CA 		bgt	.L47
 326 048c 960D72E3 		cmn	r2, #9600
 327 0490 AC229FB5 		ldrlt	r2, .L91+32
 328 0494 A4329FB5 		ldrlt	r3, .L91+28
 329 0498 B820C3B1 		strlth	r2, [r3, #8]	@ movhi 
 330              	.L47:
 331 049c 184096E5 		ldr	r4, [r6, #24]
 332 04a0 C43FA0E1 		mov	r3, r4, asr #31
 333 04a4 A34E84E0 		add	r4, r4, r3, lsr #29
 334 04a8 C441A0E1 		mov	r4, r4, asr #3
 335 04ac 164B44E2 		sub	r4, r4, #22528
 336 04b0 F24044E2 		sub	r4, r4, #242
 337 04b4 0448A0E1 		mov	r4, r4, asl #16
 338 04b8 4448A0E1 		mov	r4, r4, asr #16
 339 04bc 0400A0E1 		mov	r0, r4
 340 04c0 FEFFFFEB 		bl	__floatsisf
 341 04c4 000054E3 		cmp	r4, #0
 342 04c8 9C129FA5 		ldrge	r1, .L91+72
 343 04cc 9C129FB5 		ldrlt	r1, .L91+76
 344 04d0 FEFFFFEB 		bl	__mulsf3
 345 04d4 FEFFFFEB 		bl	__fixsfsi
 346 04d8 60329FE5 		ldr	r3, .L91+28
 347 04dc BC00C3E1 		strh	r0, [r3, #12]	@ movhi 
 348 04e0 FC20D5E1 		ldrsh	r2, [r5, #12]
 349 04e4 960D52E3 		cmp	r2, #9600
 350 04e8 0030A0E3 		mov	r3, #0
 351 04ec 962DA0C3 		movgt	r2, #9600	@ movhi
 352 04f0 183086E5 		str	r3, [r6, #24]
 353 04f4 BC20C5C1 		strgth	r2, [r5, #12]	@ movhi 
 354 04f8 410100CA 		bgt	.L52
 355 04fc 960D72E3 		cmn	r2, #9600
 356 0500 3C229FB5 		ldrlt	r2, .L91+32
 357 0504 34329FB5 		ldrlt	r3, .L91+28
 358 0508 BC20C3B1 		strlth	r2, [r3, #12]	@ movhi 
 359              	.L52:
 360 050c 1C4096E5 		ldr	r4, [r6, #28]
 361 0510 C43FA0E1 		mov	r3, r4, asr #31
 362 0514 A34E84E0 		add	r4, r4, r3, lsr #29
 363 0518 C441A0E1 		mov	r4, r4, asr #3
 364 051c 594C44E2 		sub	r4, r4, #22784
 365 0520 6A4044E2 		sub	r4, r4, #106
 366 0524 0448A0E1 		mov	r4, r4, asl #16
 367 0528 4448A0E1 		mov	r4, r4, asr #16
 368 052c 0400A0E1 		mov	r0, r4
 369 0530 FEFFFFEB 		bl	__floatsisf
 370 0534 000054E3 		cmp	r4, #0
 371 0538 34129FA5 		ldrge	r1, .L91+80
 372 053c 34129FB5 		ldrlt	r1, .L91+84
 373 0540 FEFFFFEB 		bl	__mulsf3
 374 0544 FEFFFFEB 		bl	__fixsfsi
 375 0548 F0319FE5 		ldr	r3, .L91+28
 376 054c BE00C3E1 		strh	r0, [r3, #14]	@ movhi 
 377 0550 FE20D5E1 		ldrsh	r2, [r5, #14]
 378 0554 0030A0E3 		mov	r3, #0
 379 0558 960D52E3 		cmp	r2, #9600
 380 055c 1C3086E5 		str	r3, [r6, #28]
 381 0560 963DA0C3 		movgt	r3, #9600	@ movhi
 382 0564 BE30C5C1 		strgth	r3, [r5, #14]	@ movhi 
 383 0568 5D0100CA 		bgt	.L57
 384 056c 960D72E3 		cmn	r2, #9600
 385 0570 CC219FB5 		ldrlt	r2, .L91+32
 386 0574 C4319FB5 		ldrlt	r3, .L91+28
 387 0578 BE20C3B1 		strlth	r2, [r3, #14]	@ movhi 
 388              	.L57:
 389 057c F8319FE5 		ldr	r3, .L91+88
 390 0580 0120A0E3 		mov	r2, #1
 391 0584 0020C3E5 		strb	r2, [r3, #0]
 392              	.L59:
 393 0588 EC319FE5 		ldr	r3, .L91+88
 394 058c 0030D3E5 		ldrb	r3, [r3, #0]	@ zero_extendqisi2
 395 0590 000053E3 		cmp	r3, #0
 396 0594 6B01000A 		beq	.L60
 397 0598 A0319FE5 		ldr	r3, .L91+28
 398 059c FE30D3E1 		ldrsh	r3, [r3, #14]
 399 05a0 D8219FE5 		ldr	r2, .L91+92
 400 05a4 4B0D73E3 		cmn	r3, #4800
 401 05a8 0030A0B3 		movlt	r3, #0
 402 05ac 0130A0A3 		movge	r3, #1
 403 05b0 0030C2E5 		strb	r3, [r2, #0]
 404              	.L60:
 405 05b4 C4319FE5 		ldr	r3, .L91+92
 406 05b8 0030D3E5 		ldrb	r3, [r3, #0]	@ zero_extendqisi2
 407 05bc 000053E3 		cmp	r3, #0
 408 05c0 7901001A 		bne	.L19
 409 05c4 74319FE5 		ldr	r3, .L91+28
 410 05c8 B4219FE5 		ldr	r2, .L91+96
 411 05cc B610D3E1 		ldrh	r1, [r3, #6]
 412 05d0 B610C2E1 		strh	r1, [r2, #6]	@ movhi 
 413 05d4 B410D3E1 		ldrh	r1, [r3, #4]
 414 05d8 B010C2E1 		strh	r1, [r2, #0]	@ movhi 
 415 05dc B010D3E1 		ldrh	r1, [r3, #0]
 416 05e0 B230D3E1 		ldrh	r3, [r3, #2]
 417 05e4 B210C2E1 		strh	r1, [r2, #2]	@ movhi 
 418 05e8 B430C2E1 		strh	r3, [r2, #4]	@ movhi 
 419              	.L19:
 420 05ec 94019FE5 		ldr	r0, .L91+100
 421 05f0 0030D0E5 		ldrb	r3, [r0, #0]	@ zero_extendqisi2
 422 05f4 000053E3 		cmp	r3, #0
 423 05f8 C501000A 		beq	.L18
 424 05fc 7CE19FE5 		ldr	lr, .L91+92
 425 0600 0030DEE5 		ldrb	r3, [lr, #0]	@ zero_extendqisi2
 426 0604 010053E3 		cmp	r3, #1
 427 0608 7C319FE5 		ldr	r3, .L91+104
 428 060c 0010A0E3 		mov	r1, #0
 429 0610 0120A0E3 		mov	r2, #1
 430 0614 0010C0E5 		strb	r1, [r0, #0]
 431 0618 0020C3E5 		strb	r2, [r3, #0]
 432 061c 6C319FE5 		ldr	r3, .L91+108
 433 0620 0010C3E5 		strb	r1, [r3, #0]
 434 0624 68319FE5 		ldr	r3, .L91+112
 435 0628 0020C3E5 		strb	r2, [r3, #0]
 436 062c 9401001A 		bne	.L64
 437 0630 0100A0E1 		mov	r0, r1
 438              	.L68:
 439 0634 5C319FE5 		ldr	r3, .L91+116
 440 0638 001093E5 		ldr	r1, [r3, #0]
 441 063c 8020A0E1 		mov	r2, r0, asl #1
 442 0640 3C319FE5 		ldr	r3, .L91+96
 443 0644 010080E2 		add	r0, r0, #1
 444 0648 B11092E1 		ldrh	r1, [r2, r1]
 445 064c 030050E3 		cmp	r0, #3
 446 0650 B31082E1 		strh	r1, [r2, r3]	@ movhi 
 447 0654 8B0100DA 		ble	.L68
 448              	.L64:
 449 0658 0010A0E3 		mov	r1, #0
 450              	.L72:
 451 065c 013081E2 		add	r3, r1, #1
 452 0660 8120A0E1 		mov	r2, r1, asl #1
 453 0664 30C19FE5 		ldr	ip, .L91+120
 454 0668 FF1003E2 		and	r1, r3, #255
 455 066c CC309FE5 		ldr	r3, .L91+28
 456 0670 00009CE5 		ldr	r0, [ip, #0]
 457 0674 B33092E1 		ldrh	r3, [r2, r3]
 458 0678 070051E3 		cmp	r1, #7
 459 067c B03082E1 		strh	r3, [r2, r0]	@ movhi 
 460 0680 9501009A 		bls	.L72
 461 0684 14319FE5 		ldr	r3, .L91+124
 462 0688 0030D3E5 		ldrb	r3, [r3, #0]	@ zero_extendqisi2
 463 068c 1030C0E5 		strb	r3, [r0, #16]
 464 0690 98309FE5 		ldr	r3, .L91+12
 465 0694 0030D3E5 		ldrb	r3, [r3, #0]	@ zero_extendqisi2
 466 0698 012073E2 		rsbs	r2, r3, #1
 467 069c 0020A033 		movcc	r2, #0
 468 06a0 020053E3 		cmp	r3, #2
 469 06a4 FF200212 		andne	r2, r2, #255
 470 06a8 AC01001A 		bne	.L74
 471 06ac 000052E3 		cmp	r2, #0
 472 06b0 0320A013 		movne	r2, #3
 473 06b4 0220A003 		moveq	r2, #2
 474              	.L74:
 475 06b8 0030DEE5 		ldrb	r3, [lr, #0]	@ zero_extendqisi2
 476 06bc 010053E3 		cmp	r3, #1
 477 06c0 0030DEE5 		ldrb	r3, [lr, #0]	@ zero_extendqisi2
 478 06c4 04208203 		orreq	r2, r2, #4
 479 06c8 FF200212 		andne	r2, r2, #255
 480 06cc 020053E3 		cmp	r3, #2
 481 06d0 00309CE5 		ldr	r3, [ip, #0]
 482 06d4 08208203 		orreq	r2, r2, #8
 483 06d8 FF200212 		andne	r2, r2, #255
 484 06dc 1120C3E5 		strb	r2, [r3, #17]
 485 06e0 94109FE5 		ldr	r1, .L91+88
 486 06e4 0030D1E5 		ldrb	r3, [r1, #0]	@ zero_extendqisi2
 487 06e8 000053E3 		cmp	r3, #0
 488 06ec C001000A 		beq	.L79
 489 06f0 00309CE5 		ldr	r3, [ip, #0]
 490 06f4 1120D3E5 		ldrb	r2, [r3, #17]	@ zero_extendqisi2
 491 06f8 102082E3 		orr	r2, r2, #16
 492 06fc 1120C3E5 		strb	r2, [r3, #17]
 493 0700 0030A0E3 		mov	r3, #0
 494 0704 0030C1E5 		strb	r3, [r1, #0]
 495              	.L79:
 496 0708 8C309FE5 		ldr	r3, .L91+120
 497 070c 002093E5 		ldr	r2, [r3, #0]
 498 0710 8C309FE5 		ldr	r3, .L91+128
 499 0714 0030D3E5 		ldrb	r3, [r3, #0]	@ zero_extendqisi2
 500 0718 1330C2E5 		strb	r3, [r2, #19]
 501              	.L18:
 502 071c F0689DE8 		ldmfd	sp, {r4, r5, r6, r7, fp, sp, lr}
 503 0720 1EFF2FE1 		bx	lr
 504              	.L92:
 505              		.align	2
 506              	.L91:
 507 0724 00000000 		.word	ppm_valid
 508 0728 00000000 		.word	ppm_cpt
 509 072c 00000000 		.word	ppm_pulses
 510 0730 00000000 		.word	rc_status
 511 0734 00000000 		.word	time_since_last_ppm
 512 0738 E059C7BF 		.word	-1077454368
 513 073c D8DFC5BF 		.word	-1077551144
 514 0740 00000000 		.word	rc_values
 515 0744 80DAFFFF 		.word	-9600
 516 0748 5C83C33F 		.word	1069777756
 517 074c 79CEC93F 		.word	1070190201
 518 0750 289C46BF 		.word	-1085891544
 519 0754 76EDD5BF 		.word	-1076499082
 520 0758 E156B9BF 		.word	-1078372639
 521 075c 00000000 		.word	avg_rc_values
 522 0760 00000000 		.word	avg_cpt.7
 523 0764 165B93BF 		.word	-1080861930
 524 0768 869A93BF 		.word	-1080845690
 525 076c 238C923F 		.word	1066568739
 526 0770 DA81953F 		.word	1066762714
 527 0774 9A4D92BF 		.word	-1080930918
 528 0778 2F2394BF 		.word	-1080810705
 529 077c 00000000 		.word	rc_values_contains_avg_channels
 530 0780 00000000 		.word	fbw_mode
 531 0784 00000000 		.word	commands
 532 0788 00000000 		.word	inter_mcu_received_ap
 533 078c 00000000 		.word	inter_mcu_received_fbw
 534 0790 00000000 		.word	time_since_last_ap
 535 0794 00000000 		.word	ap_ok
 536 0798 00000000 		.word	ap_state
 537 079c 00000000 		.word	fbw_state
 538 07a0 00000000 		.word	last_ppm_cpt
 539 07a4 00000000 		.word	fbw_vsupply_decivolt
 541              		.bss
 542              	_10Hz.0:
 543 0001 00       		.space	1
 544              	_1Hz.1:
 545 0002 00       		.space	1
 546              	i60.2:
 547 0003 00       		.space	1
 548              		.align	1
 549              	i300.3:
 550 0004 0000     		.space	2
 551              	i30.4:
 552 0006 00       		.space	1
 553              	i60.5:
 554 0007 00       		.space	1
 555              		.align	1
 556              	i300.6:
 557 0008 0000     		.space	2
 558              		.global	__divsi3
 559              		.global	__floatsidf
 560              		.global	__muldf3
 561              		.global	__fixunsdfsi
 562              		.global	__subsf3
 563              		.global	__extendsfdf2
 564              		.global	__gtsf2
 565              		.global	__truncdfsf2
 566              		.global	__adddf3
 567              		.global	__fixdfsi
 568              		.text
 569              		.align	2
 570              		.global	periodic_task_fbw
 572              	periodic_task_fbw:
 573              		@ Function supports interworking.
 574              		@ args = 0, pretend = 0, frame = 0
 575              		@ frame_needed = 1, uses_anonymous_args = 0
 576 07a8 0DC0A0E1 		mov	ip, sp
 577 07ac F0DF2DE9 		stmfd	sp!, {r4, r5, r6, r7, r8, r9, sl, fp, ip, lr, pc}
 578 07b0 98AD9FE5 		ldr	sl, .L197+56
 579 07b4 0030DAE5 		ldrb	r3, [sl, #0]	@ zero_extendqisi2
 580 07b8 013083E2 		add	r3, r3, #1
 581 07bc 0030CAE5 		strb	r3, [sl, #0]
 582 07c0 0030DAE5 		ldrb	r3, [sl, #0]	@ zero_extendqisi2
 583 07c4 04B04CE2 		sub	fp, ip, #4
 584 07c8 050053E3 		cmp	r3, #5
 585 07cc 80CD9FE5 		ldr	ip, .L197+60
 586 07d0 0030A083 		movhi	r3, #0
 587 07d4 0030CA85 		strhib	r3, [sl, #0]
 588 07d8 0030DCE5 		ldrb	r3, [ip, #0]	@ zero_extendqisi2
 589 07dc 013083E2 		add	r3, r3, #1
 590 07e0 0030CCE5 		strb	r3, [ip, #0]
 591 07e4 0030DCE5 		ldrb	r3, [ip, #0]	@ zero_extendqisi2
 592 07e8 3B0053E3 		cmp	r3, #59
 593 07ec 0102009A 		bls	.L95
 594 07f0 600D9FE5 		ldr	r0, .L197+64
 595 07f4 603D9FE5 		ldr	r3, .L197+68
 596 07f8 0010D0E5 		ldrb	r1, [r0, #0]	@ zero_extendqisi2
 597 07fc 0020A0E3 		mov	r2, #0
 598 0800 0010C3E5 		strb	r1, [r3, #0]
 599 0804 0020C0E5 		strb	r2, [r0, #0]
 600 0808 0020CCE5 		strb	r2, [ip, #0]
 601              	.L95:
 602 080c 4C0D9FE5 		ldr	r0, .L197+72
 603 0810 0010D0E5 		ldrb	r1, [r0, #0]	@ zero_extendqisi2
 604 0814 FF3001E2 		and	r3, r1, #255
 605 0818 3B0053E3 		cmp	r3, #59
 606 081c 403D9F85 		ldrhi	r3, .L197+76
 607 0820 0220A083 		movhi	r2, #2
 608 0824 0020C385 		strhib	r2, [r3, #0]
 609 0828 0F02008A 		bhi	.L99
 610 082c 1D0053E3 		cmp	r3, #29
 611 0830 2C3D9F85 		ldrhi	r3, .L197+76
 612 0834 0120A083 		movhi	r2, #1
 613 0838 0020C385 		strhib	r2, [r3, #0]
 614 083c 013081E2 		add	r3, r1, #1
 615 0840 0030C0E5 		strb	r3, [r0, #0]
 616              	.L99:
 617 0844 1C7D9FE5 		ldr	r7, .L197+80
 618 0848 0030D7E5 		ldrb	r3, [r7, #0]	@ zero_extendqisi2
 619 084c 000053E3 		cmp	r3, #0
 620 0850 1802001A 		bne	.L100
 621 0854 083D9FE5 		ldr	r3, .L197+76
 622 0858 0030D3E5 		ldrb	r3, [r3, #0]	@ zero_extendqisi2
 623 085c 020053E3 		cmp	r3, #2
 624 0860 01304302 		subeq	r3, r3, #1
 625 0864 0030C705 		streqb	r3, [r7, #0]
 626              	.L100:
 627 0868 FC2C9FE5 		ldr	r2, .L197+84
 628 086c 0030D2E5 		ldrb	r3, [r2, #0]	@ zero_extendqisi2
 629 0870 1D0053E3 		cmp	r3, #29
 630 0874 F43C9F85 		ldrhi	r3, .L197+88
 631 0878 01308392 		addls	r3, r3, #1
 632 087c 0020A083 		movhi	r2, #0
 633 0880 0020C385 		strhib	r2, [r3, #0]
 634 0884 0030C295 		strlsb	r3, [r2, #0]
 635 0888 0030D7E5 		ldrb	r3, [r7, #0]	@ zero_extendqisi2
 636 088c 010053E3 		cmp	r3, #1
 637 0890 3202001A 		bne	.L104
 638 0894 D43C9FE5 		ldr	r3, .L197+88
 639 0898 0010D3E5 		ldrb	r1, [r3, #0]	@ zero_extendqisi2
 640 089c 000051E3 		cmp	r1, #0
 641 08a0 3202001A 		bne	.L104
 642 08a4 0230A0E3 		mov	r3, #2
 643 08a8 0030C7E5 		strb	r3, [r7, #0]
 644 08ac 0100A0E1 		mov	r0, r1
 645              	.L108:
 646 08b0 C42C9FE5 		ldr	r2, .L197+100
 647 08b4 8010A0E1 		mov	r1, r0, asl #1
 648 08b8 C03C9FE5 		ldr	r3, .L197+104
 649 08bc 010080E2 		add	r0, r0, #1
 650 08c0 B22091E1 		ldrh	r2, [r1, r2]
 651 08c4 030050E3 		cmp	r0, #3
 652 08c8 B32081E1 		strh	r2, [r1, r3]	@ movhi 
 653 08cc 2A0200DA 		ble	.L108
 654              	.L104:
 655 08d0 AC9C9FE5 		ldr	r9, .L197+108
 656 08d4 0060D9E5 		ldrb	r6, [r9, #0]	@ zero_extendqisi2
 657 08d8 000056E3 		cmp	r6, #0
 658 08dc 1103001A 		bne	.L110
 659 08e0 A02C9FE5 		ldr	r2, .L197+112
 660 08e4 0030D2E5 		ldrb	r3, [r2, #0]	@ zero_extendqisi2
 661 08e8 013083E2 		add	r3, r3, #1
 662 08ec 0030C2E5 		strb	r3, [r2, #0]
 663 08f0 948C9FE5 		ldr	r8, .L197+116
 664 08f4 0030D2E5 		ldrb	r3, [r2, #0]	@ zero_extendqisi2
 665 08f8 3B0053E3 		cmp	r3, #59
 666 08fc B030D8E1 		ldrh	r3, [r8, #0]
 667 0900 013083E2 		add	r3, r3, #1
 668 0904 B030C8E1 		strh	r3, [r8, #0]	@ movhi 
 669 0908 0060C285 		strhib	r6, [r2, #0]
 670 090c B030D8E1 		ldrh	r3, [r8, #0]
 671 0910 4B0F53E3 		cmp	r3, #300
 672 0914 0030D2E5 		ldrb	r3, [r2, #0]	@ zero_extendqisi2
 673 0918 B060C821 		strcsh	r6, [r8, #0]	@ movhi 
 674 091c 000053E3 		cmp	r3, #0
 675 0920 8602001A 		bne	.L113
 676 0924 0E00A0E3 		mov	r0, #14
 677 0928 FEFFFFEB 		bl	uart0_check_free_space
 678 092c FF0010E3 		tst	r0, #255
 679 0930 C602000A 		beq	.L122
 680 0934 7E00A0E3 		mov	r0, #126
 681 0938 505C9FE5 		ldr	r5, .L197+120
 682 093c FEFFFFEB 		bl	uart0_transmit
 683 0940 0600A0E1 		mov	r0, r6
 684 0944 0140A0E3 		mov	r4, #1
 685 0948 FEFFFFEB 		bl	uart0_transmit
 686 094c 1000A0E3 		mov	r0, #16
 687 0950 FEFFFFEB 		bl	uart0_transmit
 688 0954 0400A0E1 		mov	r0, r4
 689 0958 0040C5E5 		strb	r4, [r5, #0]
 690 095c FEFFFFEB 		bl	uart0_transmit
 691 0960 0600A0E1 		mov	r0, r6
 692 0964 FEFFFFEB 		bl	uart0_transmit
 693 0968 0030D5E5 		ldrb	r3, [r5, #0]	@ zero_extendqisi2
 694 096c 043083E0 		add	r3, r3, r4
 695 0970 0030C5E5 		strb	r3, [r5, #0]
 696 0974 0400A0E1 		mov	r0, r4
 697 0978 FEFFFFEB 		bl	uart0_transmit
 698 097c 0600A0E1 		mov	r0, r6
 699 0980 FEFFFFEB 		bl	uart0_transmit
 700 0984 0600A0E1 		mov	r0, r6
 701 0988 FEFFFFEB 		bl	uart0_transmit
 702 098c 0030D5E5 		ldrb	r3, [r5, #0]	@ zero_extendqisi2
 703 0990 083083E2 		add	r3, r3, #8
 704 0994 0800A0E3 		mov	r0, #8
 705 0998 0030C5E5 		strb	r3, [r5, #0]
 706 099c FEFFFFEB 		bl	uart0_transmit
 707 09a0 0030D5E5 		ldrb	r3, [r5, #0]	@ zero_extendqisi2
 708 09a4 663083E2 		add	r3, r3, #102
 709 09a8 6600A0E3 		mov	r0, #102
 710 09ac 0030C5E5 		strb	r3, [r5, #0]
 711 09b0 FEFFFFEB 		bl	uart0_transmit
 712 09b4 0030D5E5 		ldrb	r3, [r5, #0]	@ zero_extendqisi2
 713 09b8 043083E2 		add	r3, r3, #4
 714 09bc 0400A0E3 		mov	r0, #4
 715 09c0 0030C5E5 		strb	r3, [r5, #0]
 716 09c4 FEFFFFEB 		bl	uart0_transmit
 717              	.L118:
 718 09c8 B04B9FE5 		ldr	r4, .L197+104
 719 09cc 0030D5E5 		ldrb	r3, [r5, #0]	@ zero_extendqisi2
 720 09d0 8600D4E7 		ldrb	r0, [r4, r6, asl #1]	@ zero_extendqisi2
 721 09d4 033080E0 		add	r3, r0, r3
 722 09d8 0030C5E5 		strb	r3, [r5, #0]
 723 09dc 014084E2 		add	r4, r4, #1
 724 09e0 FEFFFFEB 		bl	uart0_transmit
 725 09e4 8630D4E7 		ldrb	r3, [r4, r6, asl #1]	@ zero_extendqisi2
 726 09e8 0020D5E5 		ldrb	r2, [r5, #0]	@ zero_extendqisi2
 727 09ec 0300A0E1 		mov	r0, r3
 728 09f0 023083E0 		add	r3, r3, r2
 729 09f4 0030C5E5 		strb	r3, [r5, #0]
 730 09f8 FEFFFFEB 		bl	uart0_transmit
 731 09fc 013086E2 		add	r3, r6, #1
 732 0a00 FF6003E2 		and	r6, r3, #255
 733 0a04 030056E3 		cmp	r6, #3
 734 0a08 7002009A 		bls	.L118
 735 0a0c 0030D5E5 		ldrb	r3, [r5, #0]	@ zero_extendqisi2
 736 0a10 0330E0E1 		mvn	r3, r3
 737 0a14 0030C5E5 		strb	r3, [r5, #0]
 738 0a18 0000D5E5 		ldrb	r0, [r5, #0]	@ zero_extendqisi2
 739 0a1c C40200EA 		b	.L194
 740              	.L113:
 741 0a20 060053E3 		cmp	r3, #6
 742 0a24 CA02001A 		bne	.L120
 743 0a28 0800A0E3 		mov	r0, #8
 744 0a2c FEFFFFEB 		bl	uart0_check_free_space
 745 0a30 FF0010E3 		tst	r0, #255
 746 0a34 C602000A 		beq	.L122
 747 0a38 7E00A0E3 		mov	r0, #126
 748 0a3c 4C4B9FE5 		ldr	r4, .L197+120
 749 0a40 FEFFFFEB 		bl	uart0_transmit
 750 0a44 0600A0E1 		mov	r0, r6
 751 0a48 FEFFFFEB 		bl	uart0_transmit
 752 0a4c 0150A0E3 		mov	r5, #1
 753 0a50 0A00A0E3 		mov	r0, #10
 754 0a54 FEFFFFEB 		bl	uart0_transmit
 755 0a58 0500A0E1 		mov	r0, r5
 756 0a5c 0050C4E5 		strb	r5, [r4, #0]
 757 0a60 FEFFFFEB 		bl	uart0_transmit
 758 0a64 0600A0E1 		mov	r0, r6
 759 0a68 FEFFFFEB 		bl	uart0_transmit
 760 0a6c 0030D4E5 		ldrb	r3, [r4, #0]	@ zero_extendqisi2
 761 0a70 053083E0 		add	r3, r3, r5
 762 0a74 0030C4E5 		strb	r3, [r4, #0]
 763 0a78 0500A0E1 		mov	r0, r5
 764 0a7c FEFFFFEB 		bl	uart0_transmit
 765 0a80 0600A0E1 		mov	r0, r6
 766 0a84 FEFFFFEB 		bl	uart0_transmit
 767 0a88 0600A0E1 		mov	r0, r6
 768 0a8c FEFFFFEB 		bl	uart0_transmit
 769 0a90 0030D4E5 		ldrb	r3, [r4, #0]	@ zero_extendqisi2
 770 0a94 083083E2 		add	r3, r3, #8
 771 0a98 0800A0E3 		mov	r0, #8
 772 0a9c 0030C4E5 		strb	r3, [r4, #0]
 773 0aa0 FEFFFFEB 		bl	uart0_transmit
 774 0aa4 0030D4E5 		ldrb	r3, [r4, #0]	@ zero_extendqisi2
 775 0aa8 673083E2 		add	r3, r3, #103
 776 0aac 6700A0E3 		mov	r0, #103
 777 0ab0 0030C4E5 		strb	r3, [r4, #0]
 778 0ab4 FEFFFFEB 		bl	uart0_transmit
 779 0ab8 A43A9FE5 		ldr	r3, .L197+76
 780 0abc 0020D4E5 		ldrb	r2, [r4, #0]	@ zero_extendqisi2
 781 0ac0 0030D3E5 		ldrb	r3, [r3, #0]	@ zero_extendqisi2
 782 0ac4 0300A0E1 		mov	r0, r3
 783 0ac8 023083E0 		add	r3, r3, r2
 784 0acc 0030C4E5 		strb	r3, [r4, #0]
 785 0ad0 FEFFFFEB 		bl	uart0_transmit
 786 0ad4 0030D7E5 		ldrb	r3, [r7, #0]	@ zero_extendqisi2
 787 0ad8 0020D4E5 		ldrb	r2, [r4, #0]	@ zero_extendqisi2
 788 0adc 0300A0E1 		mov	r0, r3
 789 0ae0 023083E0 		add	r3, r3, r2
 790 0ae4 0030C4E5 		strb	r3, [r4, #0]
 791 0ae8 FEFFFFEB 		bl	uart0_transmit
 792 0aec A03A9FE5 		ldr	r3, .L197+124
 793 0af0 0020D4E5 		ldrb	r2, [r4, #0]	@ zero_extendqisi2
 794 0af4 0030D3E5 		ldrb	r3, [r3, #0]	@ zero_extendqisi2
 795 0af8 0300A0E1 		mov	r0, r3
 796 0afc 023083E0 		add	r3, r3, r2
 797 0b00 0030C4E5 		strb	r3, [r4, #0]
 798 0b04 FEFFFFEB 		bl	uart0_transmit
 799 0b08 0030D4E5 		ldrb	r3, [r4, #0]	@ zero_extendqisi2
 800 0b0c 0330E0E1 		mvn	r3, r3
 801 0b10 0030C4E5 		strb	r3, [r4, #0]
 802 0b14 0000D4E5 		ldrb	r0, [r4, #0]	@ zero_extendqisi2
 803              	.L194:
 804 0b18 FEFFFFEB 		bl	uart0_transmit
 805 0b1c CA0200EA 		b	.L120
 806              	.L122:
 807 0b20 702A9FE5 		ldr	r2, .L197+128
 808 0b24 0030D2E5 		ldrb	r3, [r2, #0]	@ zero_extendqisi2
 809 0b28 013083E2 		add	r3, r3, #1
 810 0b2c 0030C2E5 		strb	r3, [r2, #0]
 811              	.L120:
 812 0b30 B030D8E1 		ldrh	r3, [r8, #0]
 813 0b34 0C0053E3 		cmp	r3, #12
 814 0b38 1103001A 		bne	.L110
 815 0b3c 1000A0E3 		mov	r0, #16
 816 0b40 FEFFFFEB 		bl	uart0_check_free_space
 817 0b44 FF0010E3 		tst	r0, #255
 818 0b48 482A9F05 		ldreq	r2, .L197+128
 819 0b4c 0030D205 		ldreqb	r3, [r2, #0]	@ zero_extendqisi2
 820 0b50 01308302 		addeq	r3, r3, #1
 821 0b54 0030C205 		streqb	r3, [r2, #0]
 822 0b58 1103000A 		beq	.L110
 823 0b5c 0050A0E3 		mov	r5, #0
 824 0b60 7E00A0E3 		mov	r0, #126
 825 0b64 246A9FE5 		ldr	r6, .L197+120
 826 0b68 FEFFFFEB 		bl	uart0_transmit
 827 0b6c 0500A0E1 		mov	r0, r5
 828 0b70 0140A0E3 		mov	r4, #1
 829 0b74 FEFFFFEB 		bl	uart0_transmit
 830 0b78 1200A0E3 		mov	r0, #18
 831 0b7c FEFFFFEB 		bl	uart0_transmit
 832 0b80 0400A0E1 		mov	r0, r4
 833 0b84 0040C6E5 		strb	r4, [r6, #0]
 834 0b88 FEFFFFEB 		bl	uart0_transmit
 835 0b8c 0500A0E1 		mov	r0, r5
 836 0b90 FEFFFFEB 		bl	uart0_transmit
 837 0b94 0030D6E5 		ldrb	r3, [r6, #0]	@ zero_extendqisi2
 838 0b98 043083E0 		add	r3, r3, r4
 839 0b9c 0030C6E5 		strb	r3, [r6, #0]
 840 0ba0 0400A0E1 		mov	r0, r4
 841 0ba4 FEFFFFEB 		bl	uart0_transmit
 842 0ba8 0500A0E1 		mov	r0, r5
 843 0bac FEFFFFEB 		bl	uart0_transmit
 844 0bb0 0500A0E1 		mov	r0, r5
 845 0bb4 FEFFFFEB 		bl	uart0_transmit
 846 0bb8 0030D6E5 		ldrb	r3, [r6, #0]	@ zero_extendqisi2
 847 0bbc 083083E2 		add	r3, r3, #8
 848 0bc0 0800A0E3 		mov	r0, #8
 849 0bc4 0030C6E5 		strb	r3, [r6, #0]
 850 0bc8 FEFFFFEB 		bl	uart0_transmit
 851 0bcc 0030D6E5 		ldrb	r3, [r6, #0]	@ zero_extendqisi2
 852 0bd0 693083E2 		add	r3, r3, #105
 853 0bd4 6900A0E3 		mov	r0, #105
 854 0bd8 0030C6E5 		strb	r3, [r6, #0]
 855 0bdc FEFFFFEB 		bl	uart0_transmit
 856 0be0 0030D6E5 		ldrb	r3, [r6, #0]	@ zero_extendqisi2
 857 0be4 053083E2 		add	r3, r3, #5
 858 0be8 0500A0E3 		mov	r0, #5
 859 0bec 0030C6E5 		strb	r3, [r6, #0]
 860 0bf0 FEFFFFEB 		bl	uart0_transmit
 861              	.L129:
 862 0bf4 A0499FE5 		ldr	r4, .L197+132
 863 0bf8 0030D6E5 		ldrb	r3, [r6, #0]	@ zero_extendqisi2
 864 0bfc 8500D4E7 		ldrb	r0, [r4, r5, asl #1]	@ zero_extendqisi2
 865 0c00 033080E0 		add	r3, r0, r3
 866 0c04 0030C6E5 		strb	r3, [r6, #0]
 867 0c08 014084E2 		add	r4, r4, #1
 868 0c0c FEFFFFEB 		bl	uart0_transmit
 869 0c10 8530D4E7 		ldrb	r3, [r4, r5, asl #1]	@ zero_extendqisi2
 870 0c14 0020D6E5 		ldrb	r2, [r6, #0]	@ zero_extendqisi2
 871 0c18 0300A0E1 		mov	r0, r3
 872 0c1c 023083E0 		add	r3, r3, r2
 873 0c20 0030C6E5 		strb	r3, [r6, #0]
 874 0c24 FEFFFFEB 		bl	uart0_transmit
 875 0c28 013085E2 		add	r3, r5, #1
 876 0c2c FF5003E2 		and	r5, r3, #255
 877 0c30 040055E3 		cmp	r5, #4
 878 0c34 FB02009A 		bls	.L129
 879 0c38 0030D6E5 		ldrb	r3, [r6, #0]	@ zero_extendqisi2
 880 0c3c 0330E0E1 		mvn	r3, r3
 881 0c40 0030C6E5 		strb	r3, [r6, #0]
 882 0c44 0000D6E5 		ldrb	r0, [r6, #0]	@ zero_extendqisi2
 883 0c48 FEFFFFEB 		bl	uart0_transmit
 884              	.L110:
 885 0c4c 0060D9E5 		ldrb	r6, [r9, #0]	@ zero_extendqisi2
 886 0c50 010056E3 		cmp	r6, #1
 887 0c54 7C04001A 		bne	.L168
 888 0c58 40099FE5 		ldr	r0, .L197+136
 889 0c5c 0030D0E5 		ldrb	r3, [r0, #0]	@ zero_extendqisi2
 890 0c60 013083E2 		add	r3, r3, #1
 891 0c64 0030C0E5 		strb	r3, [r0, #0]
 892 0c68 0030D0E5 		ldrb	r3, [r0, #0]	@ zero_extendqisi2
 893 0c6c 30799FE5 		ldr	r7, .L197+140
 894 0c70 1D0053E3 		cmp	r3, #29
 895 0c74 0030A083 		movhi	r3, #0
 896 0c78 0030C085 		strhib	r3, [r0, #0]
 897 0c7c 0030D7E5 		ldrb	r3, [r7, #0]	@ zero_extendqisi2
 898 0c80 013083E2 		add	r3, r3, #1
 899 0c84 0030C7E5 		strb	r3, [r7, #0]
 900 0c88 0030D7E5 		ldrb	r3, [r7, #0]	@ zero_extendqisi2
 901 0c8c 14899FE5 		ldr	r8, .L197+144
 902 0c90 3B0053E3 		cmp	r3, #59
 903 0c94 0030A083 		movhi	r3, #0
 904 0c98 0030C785 		strhib	r3, [r7, #0]
 905 0c9c B030D8E1 		ldrh	r3, [r8, #0]
 906 0ca0 013083E2 		add	r3, r3, #1
 907 0ca4 B030C8E1 		strh	r3, [r8, #0]	@ movhi 
 908 0ca8 B030D8E1 		ldrh	r3, [r8, #0]
 909 0cac 0040D0E5 		ldrb	r4, [r0, #0]	@ zero_extendqisi2
 910 0cb0 4B0F53E3 		cmp	r3, #300
 911 0cb4 0030A023 		movcs	r3, #0	@ movhi
 912 0cb8 B030C821 		strcsh	r3, [r8, #0]	@ movhi 
 913 0cbc 000054E3 		cmp	r4, #0
 914 0cc0 6A03001A 		bne	.L135
 915 0cc4 1600A0E3 		mov	r0, #22
 916 0cc8 FEFFFFEB 		bl	uart0_check_free_space
 917 0ccc FF0010E3 		tst	r0, #255
 918 0cd0 EB03000A 		beq	.L152
 919 0cd4 7E00A0E3 		mov	r0, #126
 920 0cd8 B0589FE5 		ldr	r5, .L197+120
 921 0cdc FEFFFFEB 		bl	uart0_transmit
 922 0ce0 0400A0E1 		mov	r0, r4
 923 0ce4 FEFFFFEB 		bl	uart0_transmit
 924 0ce8 1800A0E3 		mov	r0, #24
 925 0cec FEFFFFEB 		bl	uart0_transmit
 926 0cf0 0600A0E1 		mov	r0, r6
 927 0cf4 0060C5E5 		strb	r6, [r5, #0]
 928 0cf8 FEFFFFEB 		bl	uart0_transmit
 929 0cfc 0400A0E1 		mov	r0, r4
 930 0d00 FEFFFFEB 		bl	uart0_transmit
 931 0d04 0030D5E5 		ldrb	r3, [r5, #0]	@ zero_extendqisi2
 932 0d08 013083E2 		add	r3, r3, #1
 933 0d0c 0030C5E5 		strb	r3, [r5, #0]
 934 0d10 0600A0E1 		mov	r0, r6
 935 0d14 FEFFFFEB 		bl	uart0_transmit
 936 0d18 0400A0E1 		mov	r0, r4
 937 0d1c FEFFFFEB 		bl	uart0_transmit
 938 0d20 0400A0E1 		mov	r0, r4
 939 0d24 FEFFFFEB 		bl	uart0_transmit
 940 0d28 0030D5E5 		ldrb	r3, [r5, #0]	@ zero_extendqisi2
 941 0d2c 083083E2 		add	r3, r3, #8
 942 0d30 0800A0E3 		mov	r0, #8
 943 0d34 0030C5E5 		strb	r3, [r5, #0]
 944 0d38 FEFFFFEB 		bl	uart0_transmit
 945 0d3c 0030D5E5 		ldrb	r3, [r5, #0]	@ zero_extendqisi2
 946 0d40 643083E2 		add	r3, r3, #100
 947 0d44 6400A0E3 		mov	r0, #100
 948 0d48 0030C5E5 		strb	r3, [r5, #0]
 949 0d4c FEFFFFEB 		bl	uart0_transmit
 950 0d50 0030D5E5 		ldrb	r3, [r5, #0]	@ zero_extendqisi2
 951 0d54 083083E2 		add	r3, r3, #8
 952 0d58 0800A0E3 		mov	r0, #8
 953 0d5c 0030C5E5 		strb	r3, [r5, #0]
 954 0d60 FEFFFFEB 		bl	uart0_transmit
 955 0d64 0460A0E1 		mov	r6, r4
 956              	.L140:
 957 0d68 3C489FE5 		ldr	r4, .L197+148
 958 0d6c 0030D5E5 		ldrb	r3, [r5, #0]	@ zero_extendqisi2
 959 0d70 8600D4E7 		ldrb	r0, [r4, r6, asl #1]	@ zero_extendqisi2
 960 0d74 033080E0 		add	r3, r0, r3
 961 0d78 0030C5E5 		strb	r3, [r5, #0]
 962 0d7c 014084E2 		add	r4, r4, #1
 963 0d80 FEFFFFEB 		bl	uart0_transmit
 964 0d84 8630D4E7 		ldrb	r3, [r4, r6, asl #1]	@ zero_extendqisi2
 965 0d88 0020D5E5 		ldrb	r2, [r5, #0]	@ zero_extendqisi2
 966 0d8c 0300A0E1 		mov	r0, r3
 967 0d90 023083E0 		add	r3, r3, r2
 968 0d94 0030C5E5 		strb	r3, [r5, #0]
 969 0d98 FEFFFFEB 		bl	uart0_transmit
 970 0d9c 013086E2 		add	r3, r6, #1
 971 0da0 FF6003E2 		and	r6, r3, #255
 972 0da4 070056E3 		cmp	r6, #7
 973 0da8 5803009A 		bls	.L140
 974 0dac E50300EA 		b	.L195
 975              	.L135:
 976 0db0 060054E3 		cmp	r4, #6
 977 0db4 A803001A 		bne	.L143
 978 0db8 1600A0E3 		mov	r0, #22
 979 0dbc FEFFFFEB 		bl	uart0_check_free_space
 980 0dc0 FF0010E3 		tst	r0, #255
 981 0dc4 EB03000A 		beq	.L152
 982 0dc8 064044E2 		sub	r4, r4, #6
 983 0dcc 7E00A0E3 		mov	r0, #126
 984 0dd0 B8579FE5 		ldr	r5, .L197+120
 985 0dd4 FEFFFFEB 		bl	uart0_transmit
 986 0dd8 0400A0E1 		mov	r0, r4
 987 0ddc FEFFFFEB 		bl	uart0_transmit
 988 0de0 1800A0E3 		mov	r0, #24
 989 0de4 FEFFFFEB 		bl	uart0_transmit
 990 0de8 0600A0E1 		mov	r0, r6
 991 0dec 0060C5E5 		strb	r6, [r5, #0]
 992 0df0 FEFFFFEB 		bl	uart0_transmit
 993 0df4 0400A0E1 		mov	r0, r4
 994 0df8 FEFFFFEB 		bl	uart0_transmit
 995 0dfc 0030D5E5 		ldrb	r3, [r5, #0]	@ zero_extendqisi2
 996 0e00 013083E2 		add	r3, r3, #1
 997 0e04 0030C5E5 		strb	r3, [r5, #0]
 998 0e08 0600A0E1 		mov	r0, r6
 999 0e0c FEFFFFEB 		bl	uart0_transmit
 1000 0e10 0400A0E1 		mov	r0, r4
 1001 0e14 FEFFFFEB 		bl	uart0_transmit
 1002 0e18 0400A0E1 		mov	r0, r4
 1003 0e1c FEFFFFEB 		bl	uart0_transmit
 1004 0e20 0030D5E5 		ldrb	r3, [r5, #0]	@ zero_extendqisi2
 1005 0e24 083083E2 		add	r3, r3, #8
 1006 0e28 0800A0E3 		mov	r0, #8
 1007 0e2c 0030C5E5 		strb	r3, [r5, #0]
 1008 0e30 FEFFFFEB 		bl	uart0_transmit
 1009 0e34 0030D5E5 		ldrb	r3, [r5, #0]	@ zero_extendqisi2
 1010 0e38 653083E2 		add	r3, r3, #101
 1011 0e3c 6500A0E3 		mov	r0, #101
 1012 0e40 0030C5E5 		strb	r3, [r5, #0]
 1013 0e44 FEFFFFEB 		bl	uart0_transmit
 1014 0e48 0030D5E5 		ldrb	r3, [r5, #0]	@ zero_extendqisi2
 1015 0e4c 083083E2 		add	r3, r3, #8
 1016 0e50 0800A0E3 		mov	r0, #8
 1017 0e54 0030C5E5 		strb	r3, [r5, #0]
 1018 0e58 FEFFFFEB 		bl	uart0_transmit
 1019 0e5c 0460A0E1 		mov	r6, r4
 1020              	.L148:
 1021 0e60 48479FE5 		ldr	r4, .L197+152
 1022 0e64 0030D5E5 		ldrb	r3, [r5, #0]	@ zero_extendqisi2
 1023 0e68 8600D4E7 		ldrb	r0, [r4, r6, asl #1]	@ zero_extendqisi2
 1024 0e6c 033080E0 		add	r3, r0, r3
 1025 0e70 0030C5E5 		strb	r3, [r5, #0]
 1026 0e74 014084E2 		add	r4, r4, #1
 1027 0e78 FEFFFFEB 		bl	uart0_transmit
 1028 0e7c 8630D4E7 		ldrb	r3, [r4, r6, asl #1]	@ zero_extendqisi2
 1029 0e80 0020D5E5 		ldrb	r2, [r5, #0]	@ zero_extendqisi2
 1030 0e84 0300A0E1 		mov	r0, r3
 1031 0e88 023083E0 		add	r3, r3, r2
 1032 0e8c 0030C5E5 		strb	r3, [r5, #0]
 1033 0e90 FEFFFFEB 		bl	uart0_transmit
 1034 0e94 013086E2 		add	r3, r6, #1
 1035 0e98 FF6003E2 		and	r6, r3, #255
 1036 0e9c 070056E3 		cmp	r6, #7
 1037 0ea0 9603009A 		bls	.L148
 1038 0ea4 E50300EA 		b	.L195
 1039              	.L143:
 1040 0ea8 0C0054E3 		cmp	r4, #12
 1041 0eac EF03001A 		bne	.L142
 1042 0eb0 0E00A0E3 		mov	r0, #14
 1043 0eb4 FEFFFFEB 		bl	uart0_check_free_space
 1044 0eb8 FF0010E3 		tst	r0, #255
 1045 0ebc EB03000A 		beq	.L152
 1046 0ec0 0C4044E2 		sub	r4, r4, #12
 1047 0ec4 7E00A0E3 		mov	r0, #126
 1048 0ec8 C0569FE5 		ldr	r5, .L197+120
 1049 0ecc FEFFFFEB 		bl	uart0_transmit
 1050 0ed0 0400A0E1 		mov	r0, r4
 1051 0ed4 FEFFFFEB 		bl	uart0_transmit
 1052 0ed8 1000A0E3 		mov	r0, #16
 1053 0edc FEFFFFEB 		bl	uart0_transmit
 1054 0ee0 0600A0E1 		mov	r0, r6
 1055 0ee4 0060C5E5 		strb	r6, [r5, #0]
 1056 0ee8 FEFFFFEB 		bl	uart0_transmit
 1057 0eec 0400A0E1 		mov	r0, r4
 1058 0ef0 FEFFFFEB 		bl	uart0_transmit
 1059 0ef4 0030D5E5 		ldrb	r3, [r5, #0]	@ zero_extendqisi2
 1060 0ef8 013083E2 		add	r3, r3, #1
 1061 0efc 0030C5E5 		strb	r3, [r5, #0]
 1062 0f00 0600A0E1 		mov	r0, r6
 1063 0f04 FEFFFFEB 		bl	uart0_transmit
 1064 0f08 0400A0E1 		mov	r0, r4
 1065 0f0c FEFFFFEB 		bl	uart0_transmit
 1066 0f10 0400A0E1 		mov	r0, r4
 1067 0f14 FEFFFFEB 		bl	uart0_transmit
 1068 0f18 0030D5E5 		ldrb	r3, [r5, #0]	@ zero_extendqisi2
 1069 0f1c 083083E2 		add	r3, r3, #8
 1070 0f20 0800A0E3 		mov	r0, #8
 1071 0f24 0030C5E5 		strb	r3, [r5, #0]
 1072 0f28 FEFFFFEB 		bl	uart0_transmit
 1073 0f2c 0030D5E5 		ldrb	r3, [r5, #0]	@ zero_extendqisi2
 1074 0f30 663083E2 		add	r3, r3, #102
 1075 0f34 6600A0E3 		mov	r0, #102
 1076 0f38 0030C5E5 		strb	r3, [r5, #0]
 1077 0f3c FEFFFFEB 		bl	uart0_transmit
 1078 0f40 0030D5E5 		ldrb	r3, [r5, #0]	@ zero_extendqisi2
 1079 0f44 043083E2 		add	r3, r3, #4
 1080 0f48 0400A0E3 		mov	r0, #4
 1081 0f4c 0030C5E5 		strb	r3, [r5, #0]
 1082 0f50 FEFFFFEB 		bl	uart0_transmit
 1083 0f54 0460A0E1 		mov	r6, r4
 1084              	.L156:
 1085 0f58 20469FE5 		ldr	r4, .L197+104
 1086 0f5c 0030D5E5 		ldrb	r3, [r5, #0]	@ zero_extendqisi2
 1087 0f60 8600D4E7 		ldrb	r0, [r4, r6, asl #1]	@ zero_extendqisi2
 1088 0f64 033080E0 		add	r3, r0, r3
 1089 0f68 0030C5E5 		strb	r3, [r5, #0]
 1090 0f6c 014084E2 		add	r4, r4, #1
 1091 0f70 FEFFFFEB 		bl	uart0_transmit
 1092 0f74 8630D4E7 		ldrb	r3, [r4, r6, asl #1]	@ zero_extendqisi2
 1093 0f78 0020D5E5 		ldrb	r2, [r5, #0]	@ zero_extendqisi2
 1094 0f7c 0300A0E1 		mov	r0, r3
 1095 0f80 023083E0 		add	r3, r3, r2
 1096 0f84 0030C5E5 		strb	r3, [r5, #0]
 1097 0f88 FEFFFFEB 		bl	uart0_transmit
 1098 0f8c 013086E2 		add	r3, r6, #1
 1099 0f90 FF6003E2 		and	r6, r3, #255
 1100 0f94 030056E3 		cmp	r6, #3
 1101 0f98 D403009A 		bls	.L156
 1102              	.L195:
 1103 0f9c 0030D5E5 		ldrb	r3, [r5, #0]	@ zero_extendqisi2
 1104 0fa0 0330E0E1 		mvn	r3, r3
 1105 0fa4 0030C5E5 		strb	r3, [r5, #0]
 1106 0fa8 0000D5E5 		ldrb	r0, [r5, #0]	@ zero_extendqisi2
 1107 0fac FEFFFFEB 		bl	uart0_transmit
 1108 0fb0 EF0300EA 		b	.L142
 1109              	.L152:
 1110 0fb4 DC259FE5 		ldr	r2, .L197+128
 1111 0fb8 0030D2E5 		ldrb	r3, [r2, #0]	@ zero_extendqisi2
 1112 0fbc 013083E2 		add	r3, r3, #1
 1113 0fc0 0030C2E5 		strb	r3, [r2, #0]
 1114              	.L142:
 1115 0fc4 0030D7E5 		ldrb	r3, [r7, #0]	@ zero_extendqisi2
 1116 0fc8 120053E3 		cmp	r3, #18
 1117 0fcc 3504001A 		bne	.L158
 1118 0fd0 0800A0E3 		mov	r0, #8
 1119 0fd4 FEFFFFEB 		bl	uart0_check_free_space
 1120 0fd8 FF0010E3 		tst	r0, #255
 1121 0fdc B4259F05 		ldreq	r2, .L197+128
 1122 0fe0 0030D205 		ldreqb	r3, [r2, #0]	@ zero_extendqisi2
 1123 0fe4 01308302 		addeq	r3, r3, #1
 1124 0fe8 0030C205 		streqb	r3, [r2, #0]
 1125 0fec 3504000A 		beq	.L158
 1126 0ff0 0060A0E3 		mov	r6, #0
 1127 0ff4 7E00A0E3 		mov	r0, #126
 1128 0ff8 90459FE5 		ldr	r4, .L197+120
 1129 0ffc FEFFFFEB 		bl	uart0_transmit
 1130 1000 0600A0E1 		mov	r0, r6
 1131 1004 FEFFFFEB 		bl	uart0_transmit
 1132 1008 0150A0E3 		mov	r5, #1
 1133 100c 0A00A0E3 		mov	r0, #10
 1134 1010 FEFFFFEB 		bl	uart0_transmit
 1135 1014 0500A0E1 		mov	r0, r5
 1136 1018 0050C4E5 		strb	r5, [r4, #0]
 1137 101c FEFFFFEB 		bl	uart0_transmit
 1138 1020 0600A0E1 		mov	r0, r6
 1139 1024 FEFFFFEB 		bl	uart0_transmit
 1140 1028 0030D4E5 		ldrb	r3, [r4, #0]	@ zero_extendqisi2
 1141 102c 053083E0 		add	r3, r3, r5
 1142 1030 0030C4E5 		strb	r3, [r4, #0]
 1143 1034 0500A0E1 		mov	r0, r5
 1144 1038 FEFFFFEB 		bl	uart0_transmit
 1145 103c 0600A0E1 		mov	r0, r6
 1146 1040 FEFFFFEB 		bl	uart0_transmit
 1147 1044 0600A0E1 		mov	r0, r6
 1148 1048 FEFFFFEB 		bl	uart0_transmit
 1149 104c 0030D4E5 		ldrb	r3, [r4, #0]	@ zero_extendqisi2
 1150 1050 083083E2 		add	r3, r3, #8
 1151 1054 0800A0E3 		mov	r0, #8
 1152 1058 0030C4E5 		strb	r3, [r4, #0]
 1153 105c FEFFFFEB 		bl	uart0_transmit
 1154 1060 0030D4E5 		ldrb	r3, [r4, #0]	@ zero_extendqisi2
 1155 1064 673083E2 		add	r3, r3, #103
 1156 1068 6700A0E3 		mov	r0, #103
 1157 106c 0030C4E5 		strb	r3, [r4, #0]
 1158 1070 FEFFFFEB 		bl	uart0_transmit
 1159 1074 E8349FE5 		ldr	r3, .L197+76
 1160 1078 0020D4E5 		ldrb	r2, [r4, #0]	@ zero_extendqisi2
 1161 107c 0030D3E5 		ldrb	r3, [r3, #0]	@ zero_extendqisi2
 1162 1080 0300A0E1 		mov	r0, r3
 1163 1084 023083E0 		add	r3, r3, r2
 1164 1088 0030C4E5 		strb	r3, [r4, #0]
 1165 108c FEFFFFEB 		bl	uart0_transmit
 1166 1090 D0349FE5 		ldr	r3, .L197+80
 1167 1094 0020D4E5 		ldrb	r2, [r4, #0]	@ zero_extendqisi2
 1168 1098 0030D3E5 		ldrb	r3, [r3, #0]	@ zero_extendqisi2
 1169 109c 0300A0E1 		mov	r0, r3
 1170 10a0 023083E0 		add	r3, r3, r2
 1171 10a4 0030C4E5 		strb	r3, [r4, #0]
 1172 10a8 FEFFFFEB 		bl	uart0_transmit
 1173 10ac E0349FE5 		ldr	r3, .L197+124
 1174 10b0 0020D4E5 		ldrb	r2, [r4, #0]	@ zero_extendqisi2
 1175 10b4 0030D3E5 		ldrb	r3, [r3, #0]	@ zero_extendqisi2
 1176 10b8 0300A0E1 		mov	r0, r3
 1177 10bc 023083E0 		add	r3, r3, r2
 1178 10c0 0030C4E5 		strb	r3, [r4, #0]
 1179 10c4 FEFFFFEB 		bl	uart0_transmit
 1180 10c8 0030D4E5 		ldrb	r3, [r4, #0]	@ zero_extendqisi2
 1181 10cc 0330E0E1 		mvn	r3, r3
 1182 10d0 0030C4E5 		strb	r3, [r4, #0]
 1183 10d4 0000D4E5 		ldrb	r0, [r4, #0]	@ zero_extendqisi2
 1184 10d8 FEFFFFEB 		bl	uart0_transmit
 1185              	.L158:
 1186 10dc B030D8E1 		ldrh	r3, [r8, #0]
 1187 10e0 180053E3 		cmp	r3, #24
 1188 10e4 7C04001A 		bne	.L168
 1189 10e8 1000A0E3 		mov	r0, #16
 1190 10ec FEFFFFEB 		bl	uart0_check_free_space
 1191 10f0 FF0010E3 		tst	r0, #255
 1192 10f4 9C249F05 		ldreq	r2, .L197+128
 1193 10f8 0030D205 		ldreqb	r3, [r2, #0]	@ zero_extendqisi2
 1194 10fc 01308302 		addeq	r3, r3, #1
 1195 1100 0030C205 		streqb	r3, [r2, #0]
 1196 1104 7C04000A 		beq	.L168
 1197 1108 0050A0E3 		mov	r5, #0
 1198 110c 7E00A0E3 		mov	r0, #126
 1199 1110 78649FE5 		ldr	r6, .L197+120
 1200 1114 FEFFFFEB 		bl	uart0_transmit
 1201 1118 0500A0E1 		mov	r0, r5
 1202 111c 0140A0E3 		mov	r4, #1
 1203 1120 FEFFFFEB 		bl	uart0_transmit
 1204 1124 1200A0E3 		mov	r0, #18
 1205 1128 FEFFFFEB 		bl	uart0_transmit
 1206 112c 0400A0E1 		mov	r0, r4
 1207 1130 0040C6E5 		strb	r4, [r6, #0]
 1208 1134 FEFFFFEB 		bl	uart0_transmit
 1209 1138 0500A0E1 		mov	r0, r5
 1210 113c FEFFFFEB 		bl	uart0_transmit
 1211 1140 0030D6E5 		ldrb	r3, [r6, #0]	@ zero_extendqisi2
 1212 1144 043083E0 		add	r3, r3, r4
 1213 1148 0030C6E5 		strb	r3, [r6, #0]
 1214 114c 0400A0E1 		mov	r0, r4
 1215 1150 FEFFFFEB 		bl	uart0_transmit
 1216 1154 0500A0E1 		mov	r0, r5
 1217 1158 FEFFFFEB 		bl	uart0_transmit
 1218 115c 0500A0E1 		mov	r0, r5
 1219 1160 FEFFFFEB 		bl	uart0_transmit
 1220 1164 0030D6E5 		ldrb	r3, [r6, #0]	@ zero_extendqisi2
 1221 1168 083083E2 		add	r3, r3, #8
 1222 116c 0800A0E3 		mov	r0, #8
 1223 1170 0030C6E5 		strb	r3, [r6, #0]
 1224 1174 FEFFFFEB 		bl	uart0_transmit
 1225 1178 0030D6E5 		ldrb	r3, [r6, #0]	@ zero_extendqisi2
 1226 117c 693083E2 		add	r3, r3, #105
 1227 1180 6900A0E3 		mov	r0, #105
 1228 1184 0030C6E5 		strb	r3, [r6, #0]
 1229 1188 FEFFFFEB 		bl	uart0_transmit
 1230 118c 0030D6E5 		ldrb	r3, [r6, #0]	@ zero_extendqisi2
 1231 1190 053083E2 		add	r3, r3, #5
 1232 1194 0500A0E3 		mov	r0, #5
 1233 1198 0030C6E5 		strb	r3, [r6, #0]
 1234 119c FEFFFFEB 		bl	uart0_transmit
 1235              	.L166:
 1236 11a0 F4439FE5 		ldr	r4, .L197+132
 1237 11a4 0030D6E5 		ldrb	r3, [r6, #0]	@ zero_extendqisi2
 1238 11a8 8500D4E7 		ldrb	r0, [r4, r5, asl #1]	@ zero_extendqisi2
 1239 11ac 033080E0 		add	r3, r0, r3
 1240 11b0 0030C6E5 		strb	r3, [r6, #0]
 1241 11b4 014084E2 		add	r4, r4, #1
 1242 11b8 FEFFFFEB 		bl	uart0_transmit
 1243 11bc 8530D4E7 		ldrb	r3, [r4, r5, asl #1]	@ zero_extendqisi2
 1244 11c0 0020D6E5 		ldrb	r2, [r6, #0]	@ zero_extendqisi2
 1245 11c4 0300A0E1 		mov	r0, r3
 1246 11c8 023083E0 		add	r3, r3, r2
 1247 11cc 0030C6E5 		strb	r3, [r6, #0]
 1248 11d0 FEFFFFEB 		bl	uart0_transmit
 1249 11d4 013085E2 		add	r3, r5, #1
 1250 11d8 FF5003E2 		and	r5, r3, #255
 1251 11dc 040055E3 		cmp	r5, #4
 1252 11e0 6604009A 		bls	.L166
 1253 11e4 0030D6E5 		ldrb	r3, [r6, #0]	@ zero_extendqisi2
 1254 11e8 0330E0E1 		mvn	r3, r3
 1255 11ec 0030C6E5 		strb	r3, [r6, #0]
 1256 11f0 0000D6E5 		ldrb	r0, [r6, #0]	@ zero_extendqisi2
 1257 11f4 FEFFFFEB 		bl	uart0_transmit
 1258              	.L168:
 1259 11f8 0030DAE5 		ldrb	r3, [sl, #0]	@ zero_extendqisi2
 1260 11fc 000053E3 		cmp	r3, #0
 1261 1200 8C04001A 		bne	.L169
 1262 1204 A8339FE5 		ldr	r3, .L197+156
 1263 1208 4310D3E5 		ldrb	r1, [r3, #67]	@ zero_extendqisi2
 1264 120c B000D3E1 		ldrh	r0, [r3, #0]
 1265 1210 FEFFFFEB 		bl	__divsi3
 1266 1214 000180E0 		add	r0, r0, r0, asl #2
 1267 1218 8000A0E1 		mov	r0, r0, asl #1
 1268 121c FEFFFFEB 		bl	__floatsidf
 1269 1220 2F2E8FE2 		adr	r2, .L197
 1270 1224 0C0092E8 		ldmia	r2, {r2-r3}
 1271 1228 FEFFFFEB 		bl	__muldf3
 1272 122c FEFFFFEB 		bl	__fixunsdfsi
 1273 1230 5C339FE5 		ldr	r3, .L197+124
 1274 1234 0000C3E5 		strb	r0, [r3, #0]
 1275              	.L169:
 1276 1238 40A39FE5 		ldr	sl, .L197+104
 1277 123c F000DAE1 		ldrsh	r0, [sl, #0]
 1278 1240 FEFFFFEB 		bl	__floatsisf
 1279 1244 6C339FE5 		ldr	r3, .L197+160
 1280 1248 0050A0E1 		mov	r5, r0
 1281 124c 0000D3E5 		ldrb	r0, [r3, #0]	@ zero_extendqisi2
 1282 1250 FEFFFFEB 		bl	__floatsisf
 1283 1254 60139FE5 		ldr	r1, .L197+164
 1284 1258 FEFFFFEB 		bl	__subsf3
 1285 125c 5C339FE5 		ldr	r3, .L197+168
 1286 1260 0040A0E1 		mov	r4, r0
 1287 1264 0000D3E5 		ldrb	r0, [r3, #0]	@ zero_extendqisi2
 1288 1268 FEFFFFEB 		bl	__floatsisf
 1289 126c 0010A0E1 		mov	r1, r0
 1290 1270 0400A0E1 		mov	r0, r4
 1291 1274 FEFFFFEB 		bl	__mulsf3
 1292 1278 0010A0E1 		mov	r1, r0
 1293 127c 0500A0E1 		mov	r0, r5
 1294 1280 FEFFFFEB 		bl	__subsf3
 1295 1284 0040A0E1 		mov	r4, r0
 1296 1288 FEFFFFEB 		bl	__extendsfdf2
 1297 128c 0160A0E1 		mov	r6, r1
 1298 1290 0050A0E1 		mov	r5, r0
 1299 1294 0400A0E1 		mov	r0, r4
 1300 1298 0010A0E3 		mov	r1, #0
 1301 129c FEFFFFEB 		bl	__gtsf2
 1302 12a0 000050E3 		cmp	r0, #0
 1303 12a4 9D2F8FC2 		adrgt	r2, .L197+8
 1304 12a8 0C0092C8 		ldmgtia	r2, {r2-r3}
 1305 12ac 0610A0C1 		movgt	r1, r6
 1306 12b0 0500A0C1 		movgt	r0, r5
 1307              	.L170:
 1308 12b4 9B2F8FD2 		adrle	r2, .L197+16
 1309 12b8 0C0092D8 		ldmleia	r2, {r2-r3}
 1310 12bc 0610A0D1 		movle	r1, r6
 1311 12c0 0500A0D1 		movle	r0, r5
 1312              	.L196:
 1313 12c4 FEFFFFEB 		bl	__muldf3
 1314 12c8 FEFFFFEB 		bl	__truncdfsf2
 1315 12cc FEFFFFEB 		bl	__fixsfsi
 1316 12d0 4B0E80E2 		add	r0, r0, #1200
 1317 12d4 E8329FE5 		ldr	r3, .L197+172
 1318 12d8 0008A0E1 		mov	r0, r0, asl #16
 1319 12dc 2008A0E1 		mov	r0, r0, lsr #16
 1320 12e0 030050E1 		cmp	r0, r3
 1321 12e4 B0729FE5 		ldr	r7, .L197+132
 1322 12e8 D8329F95 		ldrls	r3, .L197+176
 1323 12ec BD04009A 		bls	.L174
 1324 12f0 7D0E50E3 		cmp	r0, #2000
 1325 12f4 0030A031 		movcc	r3, r0
 1326 12f8 7D3EA023 		movcs	r3, #2000
 1327              	.L174:
 1328 12fc B630C7E1 		strh	r3, [r7, #6]	@ movhi 
 1329 1300 B600D7E1 		ldrh	r0, [r7, #6]
 1330 1304 FEFFFFEB 		bl	__floatsidf
 1331 1308 222E8FE2 		adr	r2, .L197+24
 1332 130c 0C0092E8 		ldmia	r2, {r2-r3}
 1333 1310 FEFFFFEB 		bl	__muldf3
 1334 1314 872F8FE2 		adr	r2, .L197+32
 1335 1318 0C0092E8 		ldmia	r2, {r2-r3}
 1336 131c FEFFFFEB 		bl	__muldf3
 1337 1320 862F8FE2 		adr	r2, .L197+40
 1338 1324 0C0092E8 		ldmia	r2, {r2-r3}
 1339 1328 FEFFFFEB 		bl	__adddf3
 1340 132c FEFFFFEB 		bl	__fixunsdfsi
 1341 1330 B430DAE1 		ldrh	r3, [sl, #4]
 1342 1334 B220DAE1 		ldrh	r2, [sl, #2]
 1343 1338 0348A0E1 		mov	r4, r3, asl #16
 1344 133c 88829FE5 		ldr	r8, .L197+180
 1345 1340 0268A0E1 		mov	r6, r2, asl #16
 1346 1344 4438A0E1 		mov	r3, r4, asr #16
 1347 1348 B600C8E1 		strh	r0, [r8, #6]	@ movhi 
 1348 134c 460883E0 		add	r0, r3, r6, asr #16
 1349 1350 FEFFFFEB 		bl	__floatsisf
 1350 1354 FEFFFFEB 		bl	__extendsfdf2
 1351 1358 7A2F8FE2 		adr	r2, .L197+48
 1352 135c 0C0092E8 		ldmia	r2, {r2-r3}
 1353 1360 FEFFFFEB 		bl	__muldf3
 1354 1364 FEFFFFEB 		bl	__truncdfsf2
 1355 1368 FEFFFFEB 		bl	__fixsfsi
 1356 136c 5D0E80E2 		add	r0, r0, #1488
 1357 1370 0C0080E2 		add	r0, r0, #12
 1358 1374 0008A0E1 		mov	r0, r0, asl #16
 1359 1378 2008A0E1 		mov	r0, r0, lsr #16
 1360 137c FA0F50E3 		cmp	r0, #1000
 1361 1380 FA2FA033 		movcc	r2, #1000	@ movhi
 1362 1384 E304003A 		bcc	.L176
 1363 1388 7D0E50E3 		cmp	r0, #2000
 1364 138c 0020A031 		movcc	r2, r0
 1365 1390 7D2EA023 		movcs	r2, #2000
 1366              	.L176:
 1367 1394 00329FE5 		ldr	r3, .L197+132
 1368 1398 B020C3E1 		strh	r2, [r3, #0]	@ movhi 
 1369 139c B000D7E1 		ldrh	r0, [r7, #0]
 1370 13a0 FEFFFFEB 		bl	__floatsidf
 1371 13a4 612F8FE2 		adr	r2, .L197+24
 1372 13a8 0C0092E8 		ldmia	r2, {r2-r3}
 1373 13ac FEFFFFEB 		bl	__muldf3
 1374 13b0 062D8FE2 		adr	r2, .L197+32
 1375 13b4 0C0092E8 		ldmia	r2, {r2-r3}
 1376 13b8 FEFFFFEB 		bl	__muldf3
 1377 13bc 5F2F8FE2 		adr	r2, .L197+40
 1378 13c0 0C0092E8 		ldmia	r2, {r2-r3}
 1379 13c4 FEFFFFEB 		bl	__adddf3
 1380 13c8 FEFFFFEB 		bl	__fixunsdfsi
 1381 13cc 4438A0E1 		mov	r3, r4, asr #16
 1382 13d0 B000C8E1 		strh	r0, [r8, #0]	@ movhi 
 1383 13d4 460863E0 		rsb	r0, r3, r6, asr #16
 1384 13d8 FEFFFFEB 		bl	__floatsisf
 1385 13dc FEFFFFEB 		bl	__extendsfdf2
 1386 13e0 162E8FE2 		adr	r2, .L197+48
 1387 13e4 0C0092E8 		ldmia	r2, {r2-r3}
 1388 13e8 FEFFFFEB 		bl	__muldf3
 1389 13ec FEFFFFEB 		bl	__truncdfsf2
 1390 13f0 FEFFFFEB 		bl	__fixsfsi
 1391 13f4 5D0E80E2 		add	r0, r0, #1488
 1392 13f8 0C0080E2 		add	r0, r0, #12
 1393 13fc 0008A0E1 		mov	r0, r0, asl #16
 1394 1400 2008A0E1 		mov	r0, r0, lsr #16
 1395 1404 FA0F50E3 		cmp	r0, #1000
 1396 1408 FA2FA033 		movcc	r2, #1000	@ movhi
 1397 140c 0505003A 		bcc	.L178
 1398 1410 7D0E50E3 		cmp	r0, #2000
 1399 1414 0020A031 		movcc	r2, r0
 1400 1418 7D2EA023 		movcs	r2, #2000
 1401              	.L178:
 1402 141c 78319FE5 		ldr	r3, .L197+132
 1403 1420 B220C3E1 		strh	r2, [r3, #2]	@ movhi 
 1404 1424 B200D7E1 		ldrh	r0, [r7, #2]
 1405 1428 FEFFFFEB 		bl	__floatsidf
 1406 142c FC208FE2 		adr	r2, .L197+24
 1407 1430 0C0092E8 		ldmia	r2, {r2-r3}
 1408 1434 FEFFFFEB 		bl	__muldf3
 1409 1438 F8208FE2 		adr	r2, .L197+32
 1410 143c 0C0092E8 		ldmia	r2, {r2-r3}
 1411 1440 FEFFFFEB 		bl	__muldf3
 1412 1444 F4208FE2 		adr	r2, .L197+40
 1413 1448 0C0092E8 		ldmia	r2, {r2-r3}
 1414 144c FEFFFFEB 		bl	__adddf3
 1415 1450 FEFFFFEB 		bl	__fixunsdfsi
 1416 1454 B200C8E1 		strh	r0, [r8, #2]	@ movhi 
 1417 1458 F600DAE1 		ldrsh	r0, [sl, #6]
 1418 145c FEFFFFEB 		bl	__floatsidf
 1419 1460 0150A0E1 		mov	r5, r1
 1420 1464 0040A0E1 		mov	r4, r0
 1421 1468 4608A0E1 		mov	r0, r6, asr #16
 1422 146c FEFFFFEB 		bl	__floatsidf
 1423 1470 FC208FE2 		adr	r2, .L197+92
 1424 1474 0C0092E8 		ldmia	r2, {r2-r3}
 1425 1478 FEFFFFEB 		bl	__muldf3
 1426 147c 0130A0E1 		mov	r3, r1
 1427 1480 0020A0E1 		mov	r2, r0
 1428 1484 0510A0E1 		mov	r1, r5
 1429 1488 0400A0E1 		mov	r0, r4
 1430 148c FEFFFFEB 		bl	__adddf3
 1431 1490 FEFFFFEB 		bl	__truncdfsf2
 1432 1494 FEFFFFEB 		bl	__extendsfdf2
 1433 1498 A8208FE2 		adr	r2, .L197+48
 1434 149c 0C0092E8 		ldmia	r2, {r2-r3}
 1435 14a0 FEFFFFEB 		bl	__muldf3
 1436 14a4 FEFFFFEB 		bl	__truncdfsf2
 1437 14a8 FEFFFFEB 		bl	__fixsfsi
 1438 14ac 5D0E80E2 		add	r0, r0, #1488
 1439 14b0 0C0080E2 		add	r0, r0, #12
 1440 14b4 0008A0E1 		mov	r0, r0, asl #16
 1441 14b8 2008A0E1 		mov	r0, r0, lsr #16
 1442 14bc FA0F50E3 		cmp	r0, #1000
 1443 14c0 FA2FA033 		movcc	r2, #1000	@ movhi
 1444 14c4 3305003A 		bcc	.L180
 1445 14c8 7D0E50E3 		cmp	r0, #2000
 1446 14cc 0020A031 		movcc	r2, r0
 1447 14d0 7D2EA023 		movcs	r2, #2000
 1448              	.L180:
 1449 14d4 C0309FE5 		ldr	r3, .L197+132
 1450 14d8 B820C3E1 		strh	r2, [r3, #8]	@ movhi 
 1451 14dc B800D7E1 		ldrh	r0, [r7, #8]
 1452 14e0 FEFFFFEB 		bl	__floatsidf
 1453 14e4 44208FE2 		adr	r2, .L197+24
 1454 14e8 0C0092E8 		ldmia	r2, {r2-r3}
 1455 14ec FEFFFFEB 		bl	__muldf3
 1456 14f0 40208FE2 		adr	r2, .L197+32
 1457 14f4 0C0092E8 		ldmia	r2, {r2-r3}
 1458 14f8 FEFFFFEB 		bl	__muldf3
 1459 14fc 3C208FE2 		adr	r2, .L197+40
 1460 1500 0C0092E8 		ldmia	r2, {r2-r3}
 1461 1504 FEFFFFEB 		bl	__adddf3
 1462 1508 FEFFFFEB 		bl	__fixunsdfsi
 1463 150c B800C8E1 		strh	r0, [r8, #8]	@ movhi 
 1464 1510 F06F9DE8 		ldmfd	sp, {r4, r5, r6, r7, r8, r9, sl, fp, sp, lr}
 1465 1514 1EFF2FE1 		bx	lr
 1466              	.L198:
 1467              		.align	2
 1468              	.L197:
 1469 1518 CC4C923F 		.word	1066552524
 1470 151c CDCCCCCC 		.word	-858993459
 1471 1520 5555B53F 		.word	1068848469
 1472 1524 F34B5555 		.word	1431653363
 1473 1528 5555853F 		.word	1065702741
 1474 152c 65A05555 		.word	1431674981
 1475 1530 F7C6B03E 		.word	1051772663
 1476 1534 8DEDB5A0 		.word	-1598689907
 1477 1538 389C6C41 		.word	1097636920
 1478 153c 00000000 		.word	0
 1479 1540 0000E03F 		.word	1071644672
 1480 1544 00000000 		.word	0
 1481 1548 AAAAAA3F 		.word	1068149418
 1482 154c E797AAAA 		.word	-1431660569
 1483 1550 01000000 		.word	_10Hz.0
 1484 1554 02000000 		.word	_1Hz.1
 1485 1558 00000000 		.word	ppm_cpt
 1486 155c 00000000 		.word	last_ppm_cpt
 1487 1560 00000000 		.word	time_since_last_ppm
 1488 1564 00000000 		.word	rc_status
 1489 1568 00000000 		.word	fbw_mode
 1490 156c 00000000 		.word	time_since_last_ap
 1491 1570 00000000 		.word	ap_ok
 1492 1574 00000000 		.word	0
 1493 1578 00000000 		.word	0
 1494 157c 00000000 		.word	commands_failsafe
 1495 1580 00000000 		.word	commands
 1496 1584 00000000 		.word	telemetry_mode_Fbw
 1497 1588 03000000 		.word	i60.2
 1498 158c 04000000 		.word	i300.3
 1499 1590 00000000 		.word	xbee_cs
 1500 1594 00000000 		.word	fbw_vsupply_decivolt
 1501 1598 00000000 		.word	downlink_nb_ovrn
 1502 159c 00000000 		.word	actuators
 1503 15a0 06000000 		.word	i30.4
 1504 15a4 07000000 		.word	i60.5
 1505 15a8 08000000 		.word	i300.6
 1506 15ac 00000000 		.word	ppm_pulses
 1507 15b0 00000000 		.word	rc_values
 1508 15b4 00000000 		.word	vsupply_adc_buf
 1509 15b8 00000000 		.word	vsupply
 1510 15bc 0000DC42 		.word	1121714176
 1511 15c0 00000000 		.word	vdrop2throt_coeff
 1512 15c4 4B040000 		.word	1099
 1513 15c8 4C040000 		.word	1100
 1514 15cc 00000000 		.word	servos_values
 1516              		.comm	fbw_mode,1,1
 1517              		.comm	fbw_vsupply_decivolt,1,1
 1518              		.comm	vsupply_adc_buf,68,4
 1519              		.bss
 1520 000a 0000     		.align	2
 1521              	last_periodic_event:
 1522 000c 00000000 		.space	4
 1523              		.ident	"GCC: (GNU) 3.4.4"
DEFINED SYMBOLS
                            *ABS*:00000000 main_fbw.c
     /tmp/ccLN7qRw.s:6      .text:00000000 init_fbw
     /tmp/ccLN7qRw.s:10     .text:00000000 $a
     /tmp/ccLN7qRw.s:117    .text:00000198 $d
                            *COM*:00000044 vsupply_adc_buf
     /tmp/ccLN7qRw.s:133    .bss:00000000 avg_cpt.7
     /tmp/ccLN7qRw.s:142    .text:000001d0 event_task_fbw
     /tmp/ccLN7qRw.s:146    .text:000001d0 $a
     /tmp/ccLN7qRw.s:507    .text:00000724 $d
                            *COM*:00000001 fbw_mode
                            *COM*:00000001 fbw_vsupply_decivolt
     /tmp/ccLN7qRw.s:542    .bss:00000001 _10Hz.0
     /tmp/ccLN7qRw.s:544    .bss:00000002 _1Hz.1
     /tmp/ccLN7qRw.s:546    .bss:00000003 i60.2
     /tmp/ccLN7qRw.s:549    .bss:00000004 i300.3
     /tmp/ccLN7qRw.s:551    .bss:00000006 i30.4
     /tmp/ccLN7qRw.s:553    .bss:00000007 i60.5
     /tmp/ccLN7qRw.s:556    .bss:00000008 i300.6
     /tmp/ccLN7qRw.s:572    .text:000007a8 periodic_task_fbw
     /tmp/ccLN7qRw.s:576    .text:000007a8 $a
     /tmp/ccLN7qRw.s:1469   .text:00001518 $d
     /tmp/ccLN7qRw.s:1521   .bss:0000000c last_periodic_event

UNDEFINED SYMBOLS
uart0_init_tx
uart1_init_tx
adc_init
adc_buf_channel
actuators_init
reset
TIMER0_ISR
cpu_time_sec
cpu_time_ticks
commands_failsafe
commands
fbw_state
ppm_valid
__floatsisf
__mulsf3
__fixsfsi
ppm_cpt
ppm_pulses
rc_status
time_since_last_ppm
rc_values
avg_rc_values
rc_values_contains_avg_channels
inter_mcu_received_ap
inter_mcu_received_fbw
time_since_last_ap
ap_ok
ap_state
last_ppm_cpt
__divsi3
__floatsidf
__muldf3
__fixunsdfsi
__subsf3
__extendsfdf2
__gtsf2
__truncdfsf2
__adddf3
__fixdfsi
uart0_check_free_space
uart0_transmit
telemetry_mode_Fbw
xbee_cs
downlink_nb_ovrn
actuators
vsupply
vdrop2throt_coeff
servos_values
