   1              		.file	"traffic_info.c"
   2              		.text
   3              		.align	2
   4              		.global	get_ac_info
   6              	get_ac_info:
   7              		@ Function supports interworking.
   8              		@ args = 0, pretend = 0, frame = 0
   9              		@ frame_needed = 0, uses_anonymous_args = 0
  10              		@ link register save eliminated.
  11 0000 FF0000E2 		and	r0, r0, #255
  12 0004 170050E3 		cmp	r0, #23
  13 0008 0000A083 		movhi	r0, #0
  14 000c 08309FE5 		ldr	r3, .L4
  15 0010 000180E0 		add	r0, r0, r0, asl #2
  16 0014 000183E0 		add	r0, r3, r0, asl #2
  17              		@ lr needed for prologue
  18 0018 1EFF2FE1 		bx	lr
  19              	.L5:
  20              		.align	2
  21              	.L4:
  22 001c 00000000 		.word	the_acs
  24              		.comm	the_acs,480,4
  25              		.ident	"GCC: (GNU) 3.4.4"
DEFINED SYMBOLS
                            *ABS*:00000000 traffic_info.c
     /tmp/cc06wf0d.s:6      .text:00000000 get_ac_info
     /tmp/cc06wf0d.s:11     .text:00000000 $a
     /tmp/cc06wf0d.s:22     .text:0000001c $d
                            *COM*:000001e0 the_acs

NO UNDEFINED SYMBOLS
