   1              		.file	"main.c"
   2              		.text
   3              		.align	2
   4              		.global	main
   6              	main:
   7              		@ Function supports interworking.
   8              		@ args = 0, pretend = 0, frame = 0
   9              		@ frame_needed = 1, uses_anonymous_args = 0
  10 0000 0DC0A0E1 		mov	ip, sp
  11 0004 00D82DE9 		stmfd	sp!, {fp, ip, lr, pc}
  12 0008 04B04CE2 		sub	fp, ip, #4
  13 000c FEFFFFEB 		bl	init_fbw
  14              	.L2:
  15 0010 58309FE5 		ldr	r3, .L9
  16 0014 58E09FE5 		ldr	lr, .L9+4
  17 0018 082093E5 		ldr	r2, [r3, #8]
  18 001c 00109EE5 		ldr	r1, [lr, #0]
  19 0020 50309FE5 		ldr	r3, .L9+8
  20 0024 50009FE5 		ldr	r0, .L9+12
  21 0028 022061E0 		rsb	r2, r1, r2
  22 002c 030052E1 		cmp	r2, r3
  23 0030 48C09FE5 		ldr	ip, .L9+16
  24 0034 000081E0 		add	r0, r1, r0
  25 0038 0030A093 		movls	r3, #0
  26 003c 1600009A 		bls	.L8
  27 0040 10309CE5 		ldr	r3, [ip, #16]
  28 0044 010213E3 		tst	r3, #268435456
  29 0048 0132A013 		movne	r3, #268435456
  30 004c 0132A003 		moveq	r3, #268435456
  31 0050 00008EE5 		str	r0, [lr, #0]
  32 0054 1C308C15 		strne	r3, [ip, #28]
  33 0058 14308C05 		streq	r3, [ip, #20]
  34 005c 0130A0E3 		mov	r3, #1
  35              	.L8:
  36 0060 000053E3 		cmp	r3, #0
  37 0064 FEFFFF1B 		blne	periodic_task_fbw
  38              	.L4:
  39 0068 FEFFFFEB 		bl	event_task_fbw
  40 006c 020000EA 		b	.L2
  41              	.L10:
  42              		.align	2
  43              	.L9:
  44 0070 004000E0 		.word	-536854528
  45 0074 00000000 		.word	last_periodic_event
  46 0078 86930300 		.word	234374
  47 007c 87930300 		.word	234375
  48 0080 008002E0 		.word	-536707072
  50              		.bss
  51              		.align	2
  52              	last_periodic_event:
  53 0000 00000000 		.space	4
  54              		.ident	"GCC: (GNU) 3.4.4"
DEFINED SYMBOLS
                            *ABS*:00000000 main.c
     /tmp/ccWeRk8f.s:6      .text:00000000 main
     /tmp/ccWeRk8f.s:10     .text:00000000 $a
     /tmp/ccWeRk8f.s:44     .text:00000070 $d
     /tmp/ccWeRk8f.s:52     .bss:00000000 last_periodic_event

UNDEFINED SYMBOLS
init_fbw
periodic_task_fbw
event_task_fbw
