   1              		.file	"uart_tunnel.c"
   2              		.text
   3              		.align	2
   4              		.global	main
   6              	main:
   7              		@ Function supports interworking.
   8              		@ args = 0, pretend = 0, frame = 0
   9              		@ frame_needed = 0, uses_anonymous_args = 0
  10 0000 08219FE5 		ldr	r2, .L16
  11 0004 2430A0E3 		mov	r3, #36
  12 0008 04E02DE5 		str	lr, [sp, #-4]!
  13 000c 8430C2E5 		strb	r3, [r2, #132]
  14 0010 233043E2 		sub	r3, r3, #35
  15 0014 8030C2E5 		strb	r3, [r2, #128]
  16 0018 573043E2 		sub	r3, r3, #87
  17 001c 8C30C2E5 		strb	r3, [r2, #140]
  18 0020 AB3083E2 		add	r3, r3, #171
  19 0024 8C30C2E5 		strb	r3, [r2, #140]
  20              	.L2:
  21 0028 E0E09FE5 		ldr	lr, .L16
  22 002c B838DEE1 		ldrh	r3, [lr, #136]
  23 0030 010B13E3 		tst	r3, #1024
  24 0034 0800000A 		beq	.L2
  25 0038 0320A0E3 		mov	r2, #3
  26 003c 5530E0E3 		mvn	r3, #85
  27 0040 8020CEE5 		strb	r2, [lr, #128]
  28 0044 8C30CEE5 		strb	r3, [lr, #140]
  29 0048 AB3083E2 		add	r3, r3, #171
  30 004c 8C30CEE5 		strb	r3, [lr, #140]
  31 0050 0200A0E3 		mov	r0, #2
  32 0054 00C0A0E3 		mov	ip, #0
  33 0058 AB3083E2 		add	r3, r3, #171
  34 005c 0420CEE5 		strb	r2, [lr, #4]
  35 0060 AC109FE5 		ldr	r1, .L16+4
  36 0064 0000CEE5 		strb	r0, [lr, #0]
  37 0068 0420CEE5 		strb	r2, [lr, #4]
  38 006c 0000CEE5 		strb	r0, [lr, #0]
  39 0070 03C0CEE7 		strb	ip, [lr, r3]
  40 0074 FF3043E2 		sub	r3, r3, #255
  41 0078 4030CEE5 		strb	r3, [lr, #64]
  42 007c 023043E2 		sub	r3, r3, #2
  43 0080 143081E5 		str	r3, [r1, #20]
  44 0084 8C309FE5 		ldr	r3, .L16+8
  45 0088 0CC081E5 		str	ip, [r1, #12]
  46 008c 88209FE5 		ldr	r2, .L16+12
  47 0090 343081E5 		str	r3, [r1, #52]
  48 0094 083092E5 		ldr	r3, [r2, #8]
  49 0098 013083E3 		orr	r3, r3, #1
  50 009c 083082E5 		str	r3, [r2, #8]
  51 00a0 083092E5 		ldr	r3, [r2, #8]
  52 00a4 013C83E3 		orr	r3, r3, #256
  53 00a8 083082E5 		str	r3, [r2, #8]
  54 00ac 083092E5 		ldr	r3, [r2, #8]
  55 00b0 0230C3E3 		bic	r3, r3, #2
  56 00b4 083082E5 		str	r3, [r2, #8]
  57 00b8 083092E5 		ldr	r3, [r2, #8]
  58 00bc 023CC3E3 		bic	r3, r3, #512
  59 00c0 083082E5 		str	r3, [r2, #8]
  60              	.L15:
  61 00c4 50209FE5 		ldr	r2, .L16+12
  62 00c8 003092E5 		ldr	r3, [r2, #0]
  63 00cc 020013E3 		tst	r3, #2
  64 00d0 04309215 		ldrne	r3, [r2, #4]
  65 00d4 0C309205 		ldreq	r3, [r2, #12]
  66 00d8 013C8313 		orrne	r3, r3, #256
  67 00dc 013C8303 		orreq	r3, r3, #256
  68 00e0 04308215 		strne	r3, [r2, #4]
  69 00e4 0C308205 		streq	r3, [r2, #12]
  70 00e8 2C209FE5 		ldr	r2, .L16+12
  71 00ec 003092E5 		ldr	r3, [r2, #0]
  72 00f0 020C13E3 		tst	r3, #512
  73 00f4 04309215 		ldrne	r3, [r2, #4]
  74 00f8 0C309205 		ldreq	r3, [r2, #12]
  75 00fc 01308313 		orrne	r3, r3, #1
  76 0100 01308303 		orreq	r3, r3, #1
  77 0104 04308215 		strne	r3, [r2, #4]
  78 0108 0C308205 		streq	r3, [r2, #12]
  79 010c 2F0000EA 		b	.L15
  80              	.L17:
  81              		.align	2
  82              	.L16:
  83 0110 00C01FE0 		.word	-534790144
  84 0114 00F0FFFF 		.word	-4096
  85 0118 00000000 		.word	reset
  86 011c 008002E0 		.word	-536707072
  88              		.ident	"GCC: (GNU) 3.4.4"
DEFINED SYMBOLS
                            *ABS*:00000000 uart_tunnel.c
     /tmp/ccpdLyoR.s:6      .text:00000000 main
     /tmp/ccpdLyoR.s:10     .text:00000000 $a
     /tmp/ccpdLyoR.s:83     .text:00000110 $d

UNDEFINED SYMBOLS
reset
