   1              		.file	"cam.c"
   2              		.global	cam_pitch
   3              		.data
   4              		.align	2
   7              	cam_pitch:
   8 0000 00008040 		.word	1082130432
   9              		.comm	phi_c,4,4
  10              		.comm	theta_c,4,4
  11              		.comm	target_x,4,4
  12              		.comm	target_y,4,4
  13              		.bss
  14              		.align	2
  15              	last_periodic_event:
  16 0000 00000000 		.space	4
  17              		.comm	the_acs,480,4
  18              		.comm	target_alt,4,4
  19              		.ident	"GCC: (GNU) 3.4.4"
DEFINED SYMBOLS
                            *ABS*:00000000 cam.c
     /tmp/ccNzjEFN.s:7      .data:00000000 cam_pitch
     /tmp/ccNzjEFN.s:8      .data:00000000 $d
                            *COM*:00000004 phi_c
                            *COM*:00000004 theta_c
                            *COM*:00000004 target_x
                            *COM*:00000004 target_y
     /tmp/ccNzjEFN.s:15     .bss:00000000 last_periodic_event
                            *COM*:000001e0 the_acs
                            *COM*:00000004 target_alt

NO UNDEFINED SYMBOLS
