   1              		.file	"infrared.c"
   2              		.global	calib_status
   3              		.bss
   6              	calib_status:
   7 0000 00       		.space	1
   8              		.text
   9              		.align	2
  10              		.global	ir_init
  12              	ir_init:
  13              		@ Function supports interworking.
  14              		@ args = 0, pretend = 0, frame = 0
  15              		@ frame_needed = 1, uses_anonymous_args = 0
  16 0000 0DC0A0E1 		mov	ip, sp
  17 0004 70D82DE9 		stmfd	sp!, {r4, r5, r6, fp, ip, lr, pc}
  18 0008 D4409FE5 		ldr	r4, .L2
  19 000c D4609FE5 		ldr	r6, .L2+4
  20 0010 04B04CE2 		sub	fp, ip, #4
  21 0014 0F00A0E3 		mov	r0, #15
  22 0018 CC109FE5 		ldr	r1, .L2+8
  23 001c 1020A0E3 		mov	r2, #16
  24 0020 006084E5 		str	r6, [r4, #0]	@ float
  25 0024 FEFFFFEB 		bl	adc_buf_channel
  26 0028 0B00A0E3 		mov	r0, #11
  27 002c BC109FE5 		ldr	r1, .L2+12
  28 0030 1020A0E3 		mov	r2, #16
  29 0034 FEFFFFEB 		bl	adc_buf_channel
  30 0038 B4309FE5 		ldr	r3, .L2+16
  31 003c 00E0A0E3 		mov	lr, #0
  32 0040 B0209FE5 		ldr	r2, .L2+20
  33 0044 00E083E5 		str	lr, [r3, #0]	@ float
  34 0048 AC309FE5 		ldr	r3, .L2+24
  35 004c 002083E5 		str	r2, [r3, #0]	@ float
  36 0050 A8309FE5 		ldr	r3, .L2+28
  37 0054 0050A0E3 		mov	r5, #0
  38 0058 00C094E5 		ldr	ip, [r4, #0]	@ float
  39 005c B050C3E1 		strh	r5, [r3, #0]	@ movhi 
  40 0060 9C309FE5 		ldr	r3, .L2+32
  41 0064 00C083E5 		str	ip, [r3, #0]	@ float
  42 0068 98309FE5 		ldr	r3, .L2+36
  43 006c FF15A0E3 		mov	r1, #1069547520
  44 0070 001083E5 		str	r1, [r3, #0]	@ float
  45 0074 90309FE5 		ldr	r3, .L2+40
  46 0078 0120A0E3 		mov	r2, #1
  47 007c 8C009FE5 		ldr	r0, .L2+44
  48 0080 0020C3E5 		strb	r2, [r3, #0]
  49 0084 88309FE5 		ldr	r3, .L2+48
  50 0088 000083E5 		str	r0, [r3, #0]	@ float
  51 008c 84309FE5 		ldr	r3, .L2+52
  52 0090 00E083E5 		str	lr, [r3, #0]	@ float
  53 0094 80309FE5 		ldr	r3, .L2+56
  54 0098 B050C3E1 		strh	r5, [r3, #0]	@ movhi 
  55 009c 7C309FE5 		ldr	r3, .L2+60
  56 00a0 001083E5 		str	r1, [r3, #0]	@ float
  57 00a4 78309FE5 		ldr	r3, .L2+64
  58 00a8 001083E5 		str	r1, [r3, #0]	@ float
  59 00ac 74309FE5 		ldr	r3, .L2+68
  60 00b0 001083E5 		str	r1, [r3, #0]	@ float
  61 00b4 70309FE5 		ldr	r3, .L2+72
  62 00b8 000083E5 		str	r0, [r3, #0]	@ float
  63 00bc 6C309FE5 		ldr	r3, .L2+76
  64 00c0 000083E5 		str	r0, [r3, #0]	@ float
  65 00c4 68309FE5 		ldr	r3, .L2+80
  66 00c8 000083E5 		str	r0, [r3, #0]	@ float
  67 00cc 64309FE5 		ldr	r3, .L2+84
  68 00d0 E12FA0E3 		mov	r2, #900	@ movhi
  69 00d4 006084E5 		str	r6, [r4, #0]	@ float
  70 00d8 B020C3E1 		strh	r2, [r3, #0]	@ movhi 
  71 00dc 70689DE8 		ldmfd	sp, {r4, r5, r6, fp, sp, lr}
  72 00e0 1EFF2FE1 		bx	lr
  73              	.L3:
  74              		.align	2
  75              	.L2:
  76 00e4 00000000 		.word	ir_rad_of_ir
  77 00e8 915A0A3B 		.word	990534289
  78 00ec 1C000000 		.word	buf_ir1
  79 00f0 60000000 		.word	buf_ir2
  80 00f4 00000000 		.word	ir_roll_neutral
  81 00f8 0000C0BF 		.word	-1077936128
  82 00fc 00000000 		.word	ir_pitch_neutral
  83 0100 00000000 		.word	adc_pitch_neutral
  84 0104 00000000 		.word	estimator_rad_of_ir
  85 0108 00000000 		.word	ir_correction_down
  86 010c 00000000 		.word	ir_360
  87 0110 3A46F13E 		.word	1055999546
  88 0114 00000000 		.word	ir_estimated_theta_minus_pi_4
  89 0118 00000000 		.word	z_contrast_mode
  90 011c 00000000 		.word	adc_roll_neutral
  91 0120 00000000 		.word	ir_correction_left
  92 0124 00000000 		.word	ir_correction_right
  93 0128 00000000 		.word	ir_correction_up
  94 012c 00000000 		.word	ir_estimated_phi_pi_4
  95 0130 00000000 		.word	ir_estimated_phi_minus_pi_4
  96 0134 00000000 		.word	ir_estimated_theta_pi_4
  97 0138 00000000 		.word	ir_contrast
  99              		.global	__divsi3
 100              		.global	__floatsidf
 101              		.global	__muldf3
 102              		.global	__adddf3
 103              		.global	__fixdfsi
 104              		.align	2
 105              		.global	ir_update
 107              	ir_update:
 108              		@ Function supports interworking.
 109              		@ args = 0, pretend = 0, frame = 8
 110              		@ frame_needed = 1, uses_anonymous_args = 0
 111 013c 0DC0A0E1 		mov	ip, sp
 112 0140 F0DB2DE9 		stmfd	sp!, {r4, r5, r6, r7, r8, r9, fp, ip, lr, pc}
 113 0144 20319FE5 		ldr	r3, .L5+16
 114 0148 04B04CE2 		sub	fp, ip, #4
 115 014c 08D04DE2 		sub	sp, sp, #8
 116 0150 4310D3E5 		ldrb	r1, [r3, #67]	@ zero_extendqisi2
 117 0154 B000D3E1 		ldrh	r0, [r3, #0]
 118 0158 FEFFFFEB 		bl	__divsi3
 119 015c 0C319FE5 		ldr	r3, .L5+20
 120 0160 0048A0E1 		mov	r4, r0, asl #16
 121 0164 4310D3E5 		ldrb	r1, [r3, #67]	@ zero_extendqisi2
 122 0168 B000D3E1 		ldrh	r0, [r3, #0]
 123 016c FEFFFFEB 		bl	__divsi3
 124 0170 2448A0E1 		mov	r4, r4, lsr #16
 125 0174 0438A0E1 		mov	r3, r4, asl #16
 126 0178 0058A0E1 		mov	r5, r0, asl #16
 127 017c 4308A0E1 		mov	r0, r3, asr #16
 128 0180 EC309FE5 		ldr	r3, .L5+24
 129 0184 B040C3E1 		strh	r4, [r3, #0]	@ movhi 
 130 0188 E8309FE5 		ldr	r3, .L5+28
 131 018c 2558A0E1 		mov	r5, r5, lsr #16
 132 0190 B050C3E1 		strh	r5, [r3, #0]	@ movhi 
 133 0194 FEFFFFEB 		bl	__floatsidf
 134 0198 30304BE2 		sub	r3, fp, #48
 135 019c 030083E9 		stmib	r3, {r0-r1}
 136 01a0 B4208FE2 		adr	r2, .L5
 137 01a4 0C0092E8 		ldmia	r2, {r2-r3}
 138 01a8 FEFFFFEB 		bl	__muldf3
 139 01ac 0558A0E1 		mov	r5, r5, asl #16
 140 01b0 AC808FE2 		adr	r8, .L5+8
 141 01b4 000398E8 		ldmia	r8, {r8-r9}
 142 01b8 0170A0E1 		mov	r7, r1
 143 01bc 0060A0E1 		mov	r6, r0
 144 01c0 4508A0E1 		mov	r0, r5, asr #16
 145 01c4 FEFFFFEB 		bl	__floatsidf
 146 01c8 0930A0E1 		mov	r3, r9
 147 01cc 0820A0E1 		mov	r2, r8
 148 01d0 FEFFFFEB 		bl	__muldf3
 149 01d4 0150A0E1 		mov	r5, r1
 150 01d8 0040A0E1 		mov	r4, r0
 151 01dc 0530A0E1 		mov	r3, r5
 152 01e0 0420A0E1 		mov	r2, r4
 153 01e4 0710A0E1 		mov	r1, r7
 154 01e8 0600A0E1 		mov	r0, r6
 155 01ec FEFFFFEB 		bl	__adddf3
 156 01f0 FEFFFFEB 		bl	__fixdfsi
 157 01f4 80609FE5 		ldr	r6, .L5+32
 158 01f8 30C04BE2 		sub	ip, fp, #48
 159 01fc B000C6E1 		strh	r0, [r6, #0]	@ movhi 
 160 0200 0930A0E1 		mov	r3, r9
 161 0204 0820A0E1 		mov	r2, r8
 162 0208 03009CE9 		ldmib	ip, {r0-r1}
 163 020c FEFFFFEB 		bl	__muldf3
 164 0210 0530A0E1 		mov	r3, r5
 165 0214 0420A0E1 		mov	r2, r4
 166 0218 FEFFFFEB 		bl	__adddf3
 167 021c FEFFFFEB 		bl	__fixdfsi
 168 0220 58109FE5 		ldr	r1, .L5+36
 169 0224 58309FE5 		ldr	r3, .L5+40
 170 0228 B000C1E1 		strh	r0, [r1, #0]	@ movhi 
 171 022c B0C0D3E1 		ldrh	ip, [r3, #0]
 172 0230 50309FE5 		ldr	r3, .L5+44
 173 0234 B020D1E1 		ldrh	r2, [r1, #0]
 174 0238 B000D3E1 		ldrh	r0, [r3, #0]
 175 023c B030D6E1 		ldrh	r3, [r6, #0]
 176 0240 022060E0 		rsb	r2, r0, r2
 177 0244 03306CE0 		rsb	r3, ip, r3
 178 0248 B030C6E1 		strh	r3, [r6, #0]	@ movhi 
 179 024c B020C1E1 		strh	r2, [r1, #0]	@ movhi 
 180 0250 24D04BE2 		sub	sp, fp, #36
 181 0254 F06B9DE8 		ldmfd	sp, {r4, r5, r6, r7, r8, r9, fp, sp, lr}
 182 0258 1EFF2FE1 		bx	lr
 183              	.L6:
 184              		.align	2
 185              	.L5:
 186 025c 6666E63F 		.word	1072064102
 187 0260 66666666 		.word	1717986918
 188 0264 6666E6BF 		.word	-1075419546
 189 0268 66666666 		.word	1717986918
 190 026c 1C000000 		.word	buf_ir1
 191 0270 60000000 		.word	buf_ir2
 192 0274 00000000 		.word	x1_dbg
 193 0278 00000000 		.word	x2_dbg
 194 027c 00000000 		.word	ir_roll
 195 0280 00000000 		.word	ir_pitch
 196 0284 00000000 		.word	adc_roll_neutral
 197 0288 00000000 		.word	adc_pitch_neutral
 199              		.global	__divdf3
 200              		.global	__truncdfsf2
 201              		.align	2
 202              		.global	ground_calibrate
 204              	ground_calibrate:
 205              		@ Function supports interworking.
 206              		@ args = 0, pretend = 0, frame = 0
 207              		@ frame_needed = 1, uses_anonymous_args = 0
 208 028c 0DC0A0E1 		mov	ip, sp
 209 0290 30D82DE9 		stmfd	sp!, {r4, r5, fp, ip, lr, pc}
 210 0294 88419FE5 		ldr	r4, .L20+8
 211 0298 0050D4E5 		ldrb	r5, [r4, #0]	@ zero_extendqisi2
 212 029c 000055E3 		cmp	r5, #0
 213 02a0 04B04CE2 		sub	fp, ip, #4
 214 02a4 FF0000E2 		and	r0, r0, #255
 215 02a8 AC00000A 		beq	.L9
 216 02ac 010055E3 		cmp	r5, #1
 217 02b0 C600000A 		beq	.L13
 218 02b4 030100EA 		b	.L7
 219              	.L9:
 220 02b8 68319FE5 		ldr	r3, .L20+12
 221 02bc B030D3E1 		ldrh	r3, [r3, #0]
 222 02c0 090053E3 		cmp	r3, #9
 223 02c4 0301008A 		bhi	.L7
 224 02c8 5C319FE5 		ldr	r3, .L20+16
 225 02cc 0030D3E5 		ldrb	r3, [r3, #0]	@ zero_extendqisi2
 226 02d0 010053E3 		cmp	r3, #1
 227 02d4 0301001A 		bne	.L7
 228 02d8 0700A0E3 		mov	r0, #7
 229 02dc 0030C4E5 		strb	r3, [r4, #0]
 230 02e0 FEFFFFEB 		bl	uart0_check_free_space
 231 02e4 FF0010E3 		tst	r0, #255
 232 02e8 FF00000A 		beq	.L16
 233 02ec 3C419FE5 		ldr	r4, .L20+20
 234 02f0 0200A0E3 		mov	r0, #2
 235 02f4 0050C4E5 		strb	r5, [r4, #0]
 236 02f8 FEFFFFEB 		bl	uart0_transmit
 237 02fc 0030D4E5 		ldrb	r3, [r4, #0]	@ zero_extendqisi2
 238 0300 053083E2 		add	r3, r3, #5
 239 0304 0500A0E3 		mov	r0, #5
 240 0308 0030C4E5 		strb	r3, [r4, #0]
 241 030c FEFFFFEB 		bl	uart0_transmit
 242 0310 0030D4E5 		ldrb	r3, [r4, #0]	@ zero_extendqisi2
 243 0314 0200A0E3 		mov	r0, #2
 244 0318 023083E2 		add	r3, r3, #2
 245 031c FA0000EA 		b	.L19
 246              	.L13:
 247 0320 000050E3 		cmp	r0, #0
 248 0324 0301000A 		beq	.L7
 249 0328 04319FE5 		ldr	r3, .L20+24
 250 032c F030D3E1 		ldrsh	r3, [r3, #0]
 251 0330 00519FE5 		ldr	r5, .L20+28
 252 0334 000053E3 		cmp	r3, #0
 253 0338 003063B2 		rsblt	r3, r3, #0
 254 033c B030C5E1 		strh	r3, [r5, #0]	@ movhi 
 255 0340 F000D5E1 		ldrsh	r0, [r5, #0]
 256 0344 FEFFFFEB 		bl	__floatsidf
 257 0348 0130A0E1 		mov	r3, r1
 258 034c 0020A0E1 		mov	r2, r0
 259 0350 C4008FE2 		adr	r0, .L20
 260 0354 030090E8 		ldmia	r0, {r0-r1}
 261 0358 FEFFFFEB 		bl	__divdf3
 262 035c FEFFFFEB 		bl	__truncdfsf2
 263 0360 D4309FE5 		ldr	r3, .L20+32
 264 0364 0020A0E1 		mov	r2, r0
 265 0368 002083E5 		str	r2, [r3, #0]	@ float
 266 036c 0230A0E3 		mov	r3, #2
 267 0370 0030C4E5 		strb	r3, [r4, #0]
 268 0374 C4309FE5 		ldr	r3, .L20+36
 269 0378 0900A0E3 		mov	r0, #9
 270 037c 002083E5 		str	r2, [r3, #0]	@ float
 271 0380 FEFFFFEB 		bl	uart0_check_free_space
 272 0384 FF0010E3 		tst	r0, #255
 273 0388 FF00000A 		beq	.L16
 274 038c 9C409FE5 		ldr	r4, .L20+20
 275 0390 0030A0E3 		mov	r3, #0
 276 0394 0400A0E3 		mov	r0, #4
 277 0398 0030C4E5 		strb	r3, [r4, #0]
 278 039c FEFFFFEB 		bl	uart0_transmit
 279 03a0 0030D4E5 		ldrb	r3, [r4, #0]	@ zero_extendqisi2
 280 03a4 053083E2 		add	r3, r3, #5
 281 03a8 0500A0E3 		mov	r0, #5
 282 03ac 0030C4E5 		strb	r3, [r4, #0]
 283 03b0 FEFFFFEB 		bl	uart0_transmit
 284 03b4 0030D4E5 		ldrb	r3, [r4, #0]	@ zero_extendqisi2
 285 03b8 033083E2 		add	r3, r3, #3
 286 03bc 0300A0E3 		mov	r0, #3
 287 03c0 0030C4E5 		strb	r3, [r4, #0]
 288 03c4 FEFFFFEB 		bl	uart0_transmit
 289 03c8 0030D5E5 		ldrb	r3, [r5, #0]	@ zero_extendqisi2
 290 03cc 0020D4E5 		ldrb	r2, [r4, #0]	@ zero_extendqisi2
 291 03d0 0300A0E1 		mov	r0, r3
 292 03d4 023083E0 		add	r3, r3, r2
 293 03d8 0030C4E5 		strb	r3, [r4, #0]
 294 03dc FEFFFFEB 		bl	uart0_transmit
 295 03e0 0130D5E5 		ldrb	r3, [r5, #1]	@ zero_extendqisi2
 296 03e4 0020D4E5 		ldrb	r2, [r4, #0]	@ zero_extendqisi2
 297 03e8 0300A0E1 		mov	r0, r3
 298 03ec 023083E0 		add	r3, r3, r2
 299              	.L19:
 300 03f0 0030C4E5 		strb	r3, [r4, #0]
 301 03f4 FEFFFFEB 		bl	uart0_transmit
 302 03f8 FF00A0E3 		mov	r0, #255
 303 03fc FEFFFFEB 		bl	uart0_transmit
 304 0400 030100EA 		b	.L7
 305              	.L16:
 306 0404 38209FE5 		ldr	r2, .L20+40
 307 0408 0030D2E5 		ldrb	r3, [r2, #0]	@ zero_extendqisi2
 308 040c 013083E2 		add	r3, r3, #1
 309 0410 0030C2E5 		strb	r3, [r2, #0]
 310              	.L7:
 311 0414 30689DE8 		ldmfd	sp, {r4, r5, fp, sp, lr}
 312 0418 1EFF2FE1 		bx	lr
 313              	.L21:
 314              		.align	2
 315              	.L20:
 316 041c 6666FE3F 		.word	1073636966
 317 0420 66666666 		.word	1717986918
 318 0424 00000000 		.word	calib_status
 319 0428 00000000 		.word	cpu_time_sec
 320 042c 00000000 		.word	pprz_mode
 321 0430 00000000 		.word	aerocomm_cs
 322 0434 00000000 		.word	ir_pitch
 323 0438 00000000 		.word	ir_contrast
 324 043c 00000000 		.word	estimator_rad_of_ir
 325 0440 00000000 		.word	ir_rad_of_ir
 326 0444 00000000 		.word	downlink_nb_ovrn
 328              		.bss
 329 0001 000000   		.align	2
 330              	last_hspeed_dir.0:
 331 0004 00000000 		.space	4
 332              		.align	2
 333              	last_t.1:
 334 0008 00000000 		.space	4
 335              	initialized.2:
 336 000c 00       		.space	1
 337 000d 000000   		.align	2
 338              	sum_xy.3:
 339 0010 00000000 		.space	4
 340              		.align	2
 341              	sum_xx.4:
 342 0014 00000000 		.space	4
 343              		.global	__floatsisf
 344              		.global	__addsf3
 345              		.global	__divsf3
 346              		.global	__extendsfdf2
 347              		.global	__gtdf2
 348              		.global	__subsf3
 349              		.global	__subdf3
 350              		.global	__ltdf2
 351              		.global	__ltsf2
 352              		.global	__mulsf3
 353              		.text
 354              		.align	2
 355              		.global	estimator_update_ir_estim
 357              	estimator_update_ir_estim:
 358              		@ Function supports interworking.
 359              		@ args = 0, pretend = 0, frame = 0
 360              		@ frame_needed = 1, uses_anonymous_args = 0
 361 0448 0DC0A0E1 		mov	ip, sp
 362 044c F0D92DE9 		stmfd	sp!, {r4, r5, r6, r7, r8, fp, ip, lr, pc}
 363 0450 48249FE5 		ldr	r2, .L55+88
 364 0454 0030D2E5 		ldrb	r3, [r2, #0]	@ zero_extendqisi2
 365 0458 000053E3 		cmp	r3, #0
 366 045c 04B04CE2 		sub	fp, ip, #4
 367 0460 E701000A 		beq	.L23
 368 0464 38349FE5 		ldr	r3, .L55+92
 369 0468 002093E5 		ldr	r2, [r3, #0]
 370 046c 34349FE5 		ldr	r3, .L55+96
 371 0470 003093E5 		ldr	r3, [r3, #0]
 372 0474 032052E0 		subs	r2, r2, r3
 373 0478 2001004A 		bmi	.L25
 374 047c 0200A0E1 		mov	r0, r2
 375 0480 FEFFFFEB 		bl	__floatsisf
 376 0484 250100EA 		b	.L24
 377              	.L25:
 378 0488 010002E2 		and	r0, r2, #1
 379 048c A20080E1 		orr	r0, r0, r2, lsr #1
 380 0490 FEFFFFEB 		bl	__floatsisf
 381 0494 0010A0E1 		mov	r1, r0
 382 0498 FEFFFFEB 		bl	__addsf3
 383              	.L24:
 384 049c 08149FE5 		ldr	r1, .L55+100
 385 04a0 FEFFFFEB 		bl	__divsf3
 386 04a4 0070A0E1 		mov	r7, r0
 387 04a8 FEFFFFEB 		bl	__extendsfdf2
 388 04ac E52F8FE2 		adr	r2, .L55
 389 04b0 0C0092E8 		ldmia	r2, {r2-r3}
 390 04b4 FEFFFFEB 		bl	__gtdf2
 391 04b8 000050E3 		cmp	r0, #0
 392 04bc 060200DA 		ble	.L53
 393 04c0 E8339FE5 		ldr	r3, .L55+104
 394 04c4 000093E5 		ldr	r0, [r3, #0]	@ float
 395 04c8 E4339FE5 		ldr	r3, .L55+108
 396 04cc 001093E5 		ldr	r1, [r3, #0]	@ float
 397 04d0 FEFFFFEB 		bl	__subsf3
 398 04d4 360100EA 		b	.L54
 399              	.L31:
 400 04d8 FEFFFFEB 		bl	__subdf3
 401 04dc FEFFFFEB 		bl	__truncdfsf2
 402              	.L54:
 403 04e0 0060A0E1 		mov	r6, r0
 404 04e4 FEFFFFEB 		bl	__extendsfdf2
 405 04e8 362E8FE2 		adr	r2, .L55+8
 406 04ec 0C0092E8 		ldmia	r2, {r2-r3}
 407 04f0 0150A0E1 		mov	r5, r1
 408 04f4 0040A0E1 		mov	r4, r0
 409 04f8 FEFFFFEB 		bl	__gtdf2
 410 04fc 000050E3 		cmp	r0, #0
 411 0500 352E8FE2 		adr	r2, .L55+16
 412 0504 0C0092E8 		ldmia	r2, {r2-r3}
 413 0508 0510A0E1 		mov	r1, r5
 414 050c 0400A0E1 		mov	r0, r4
 415 0510 340100CA 		bgt	.L31
 416 0514 470100EA 		b	.L32
 417              	.L35:
 418 0518 FEFFFFEB 		bl	__adddf3
 419 051c FEFFFFEB 		bl	__truncdfsf2
 420 0520 0060A0E1 		mov	r6, r0
 421              	.L32:
 422 0524 0600A0E1 		mov	r0, r6
 423 0528 FEFFFFEB 		bl	__extendsfdf2
 424 052c CB2F8FE2 		adr	r2, .L55+24
 425 0530 0C0092E8 		ldmia	r2, {r2-r3}
 426 0534 0150A0E1 		mov	r5, r1
 427 0538 0040A0E1 		mov	r4, r0
 428 053c FEFFFFEB 		bl	__ltdf2
 429 0540 000050E3 		cmp	r0, #0
 430 0544 C32F8FE2 		adr	r2, .L55+16
 431 0548 0C0092E8 		ldmia	r2, {r2-r3}
 432 054c 0510A0E1 		mov	r1, r5
 433 0550 0400A0E1 		mov	r0, r4
 434 0554 440100BA 		blt	.L35
 435 0558 0710A0E1 		mov	r1, r7
 436 055c 0600A0E1 		mov	r0, r6
 437 0560 FEFFFFEB 		bl	__divsf3
 438 0564 FEFFFFEB 		bl	__extendsfdf2
 439 0568 BE2F8FE2 		adr	r2, .L55+32
 440 056c 0C0092E8 		ldmia	r2, {r2-r3}
 441 0570 FEFFFFEB 		bl	__muldf3
 442 0574 BD2F8FE2 		adr	r2, .L55+40
 443 0578 0C0092E8 		ldmia	r2, {r2-r3}
 444 057c FEFFFFEB 		bl	__divdf3
 445 0580 FEFFFFEB 		bl	__truncdfsf2
 446 0584 2C739FE5 		ldr	r7, .L55+112
 447 0588 000087E5 		str	r0, [r7, #0]	@ float
 448 058c 660100EA 		b	.L36
 449              	.L39:
 450 0590 FEFFFFEB 		bl	__subdf3
 451 0594 FEFFFFEB 		bl	__truncdfsf2
 452 0598 18339FE5 		ldr	r3, .L55+112
 453 059c 000083E5 		str	r0, [r3, #0]	@ float
 454              	.L36:
 455 05a0 000097E5 		ldr	r0, [r7, #0]	@ float
 456 05a4 FEFFFFEB 		bl	__extendsfdf2
 457 05a8 2A2E8FE2 		adr	r2, .L55+8
 458 05ac 0C0092E8 		ldmia	r2, {r2-r3}
 459 05b0 0150A0E1 		mov	r5, r1
 460 05b4 0040A0E1 		mov	r4, r0
 461 05b8 FEFFFFEB 		bl	__gtdf2
 462 05bc 000050E3 		cmp	r0, #0
 463 05c0 292E8FE2 		adr	r2, .L55+16
 464 05c4 0C0092E8 		ldmia	r2, {r2-r3}
 465 05c8 0510A0E1 		mov	r1, r5
 466 05cc 0400A0E1 		mov	r0, r4
 467 05d0 620100CA 		bgt	.L39
 468 05d4 770100EA 		b	.L40
 469              	.L43:
 470 05d8 FEFFFFEB 		bl	__adddf3
 471 05dc FEFFFFEB 		bl	__truncdfsf2
 472 05e0 000085E5 		str	r0, [r5, #0]	@ float
 473              	.L40:
 474 05e4 000097E5 		ldr	r0, [r7, #0]	@ float
 475 05e8 FEFFFFEB 		bl	__extendsfdf2
 476 05ec 9B2F8FE2 		adr	r2, .L55+24
 477 05f0 0C0092E8 		ldmia	r2, {r2-r3}
 478 05f4 0150A0E1 		mov	r5, r1
 479 05f8 0040A0E1 		mov	r4, r0
 480 05fc FEFFFFEB 		bl	__ltdf2
 481 0600 000050E3 		cmp	r0, #0
 482 0604 932F8FE2 		adr	r2, .L55+16
 483 0608 0C0092E8 		ldmia	r2, {r2-r3}
 484 060c 0510A0E1 		mov	r1, r5
 485 0610 0400A0E1 		mov	r0, r4
 486 0614 9C529FE5 		ldr	r5, .L55+112
 487 0618 740100BA 		blt	.L43
 488 061c 98329FE5 		ldr	r3, .L55+116
 489 0620 F060D3E1 		ldrsh	r6, [r3, #0]
 490 0624 0600A0E1 		mov	r0, r6
 491 0628 FEFFFFEB 		bl	__floatsisf
 492 062c 003097E5 		ldr	r3, [r7, #0]
 493 0630 0241C3E3 		bic	r4, r3, #-2147483648
 494 0634 84329FE5 		ldr	r3, .L55+120
 495 0638 0080A0E1 		mov	r8, r0
 496 063c FE15A0E3 		mov	r1, #1065353216
 497 0640 0400A0E1 		mov	r0, r4
 498 0644 008083E5 		str	r8, [r3, #0]	@ float
 499 0648 FEFFFFEB 		bl	__ltsf2
 500 064c 000050E3 		cmp	r0, #0
 501 0650 060200AA 		bge	.L53
 502 0654 0400A0E1 		mov	r0, r4
 503 0658 FEFFFFEB 		bl	__extendsfdf2
 504 065c 852F8FE2 		adr	r2, .L55+48
 505 0660 0C0092E8 		ldmia	r2, {r2-r3}
 506 0664 FEFFFFEB 		bl	__gtdf2
 507 0668 000050E3 		cmp	r0, #0
 508 066c 060200DA 		ble	.L53
 509 0670 4C329FE5 		ldr	r3, .L55+124
 510 0674 B030D3E1 		ldrh	r3, [r3, #0]
 511 0678 0318A0E1 		mov	r1, r3, asl #16
 512 067c 4128A0E1 		mov	r2, r1, asr #16
 513 0680 003062E2 		rsb	r3, r2, #0
 514 0684 A33F83E0 		add	r3, r3, r3, lsr #31
 515 0688 C30056E1 		cmp	r6, r3, asr #1
 516 068c 060200DA 		ble	.L53
 517 0690 A13F82E0 		add	r3, r2, r1, lsr #31
 518 0694 C30056E1 		cmp	r6, r3, asr #1
 519 0698 060200AA 		bge	.L53
 520 069c 000095E5 		ldr	r0, [r5, #0]	@ float
 521 06a0 0810A0E1 		mov	r1, r8
 522 06a4 FEFFFFEB 		bl	__mulsf3
 523 06a8 FEFFFFEB 		bl	__extendsfdf2
 524 06ac 14629FE5 		ldr	r6, .L55+128
 525 06b0 0150A0E1 		mov	r5, r1
 526 06b4 0040A0E1 		mov	r4, r0
 527 06b8 000096E5 		ldr	r0, [r6, #0]	@ float
 528 06bc FEFFFFEB 		bl	__extendsfdf2
 529 06c0 6E2F8FE2 		adr	r2, .L55+56
 530 06c4 0C0092E8 		ldmia	r2, {r2-r3}
 531 06c8 FEFFFFEB 		bl	__muldf3
 532 06cc 0130A0E1 		mov	r3, r1
 533 06d0 0020A0E1 		mov	r2, r0
 534 06d4 0510A0E1 		mov	r1, r5
 535 06d8 0400A0E1 		mov	r0, r4
 536 06dc FEFFFFEB 		bl	__adddf3
 537 06e0 FEFFFFEB 		bl	__truncdfsf2
 538 06e4 0070A0E1 		mov	r7, r0
 539 06e8 007086E5 		str	r7, [r6, #0]	@ float
 540 06ec 0810A0E1 		mov	r1, r8
 541 06f0 0800A0E1 		mov	r0, r8
 542 06f4 FEFFFFEB 		bl	__mulsf3
 543 06f8 FEFFFFEB 		bl	__extendsfdf2
 544 06fc C8619FE5 		ldr	r6, .L55+132
 545 0700 0150A0E1 		mov	r5, r1
 546 0704 0040A0E1 		mov	r4, r0
 547 0708 000096E5 		ldr	r0, [r6, #0]	@ float
 548 070c FEFFFFEB 		bl	__extendsfdf2
 549 0710 5A2F8FE2 		adr	r2, .L55+56
 550 0714 0C0092E8 		ldmia	r2, {r2-r3}
 551 0718 FEFFFFEB 		bl	__muldf3
 552 071c 0130A0E1 		mov	r3, r1
 553 0720 0020A0E1 		mov	r2, r0
 554 0724 0510A0E1 		mov	r1, r5
 555 0728 0400A0E1 		mov	r0, r4
 556 072c FEFFFFEB 		bl	__adddf3
 557 0730 FEFFFFEB 		bl	__truncdfsf2
 558 0734 0030A0E1 		mov	r3, r0
 559 0738 003086E5 		str	r3, [r6, #0]	@ float
 560 073c 0010A0E1 		mov	r1, r0
 561 0740 0700A0E1 		mov	r0, r7
 562 0744 FEFFFFEB 		bl	__divsf3
 563 0748 0040A0E1 		mov	r4, r0
 564 074c FEFFFFEB 		bl	__extendsfdf2
 565 0750 132E8FE2 		adr	r2, .L55+64
 566 0754 0C0092E8 		ldmia	r2, {r2-r3}
 567 0758 0170A0E1 		mov	r7, r1
 568 075c 0060A0E1 		mov	r6, r0
 569 0760 FEFFFFEB 		bl	__ltdf2
 570 0764 000050E3 		cmp	r0, #0
 571 0768 60219FB5 		ldrlt	r2, .L55+136
 572 076c 60319FB5 		ldrlt	r3, .L55+140
 573 0770 002083B5 		strlt	r2, [r3, #0]	@ float
 574 0774 060200BA 		blt	.L53
 575 0778 112E8FE2 		adr	r2, .L55+72
 576 077c 0C0092E8 		ldmia	r2, {r2-r3}
 577 0780 0710A0E1 		mov	r1, r7
 578 0784 0600A0E1 		mov	r0, r6
 579 0788 FEFFFFEB 		bl	__gtdf2
 580 078c 000050E3 		cmp	r0, #0
 581 0790 3C219FE5 		ldr	r2, .L55+140
 582 0794 3C319FC5 		ldrgt	r3, .L55+144
 583 0798 004082D5 		strle	r4, [r2, #0]	@ float
 584 079c 003082C5 		strgt	r3, [r2, #0]	@ float
 585 07a0 060200EA 		b	.L53
 586              	.L23:
 587 07a4 18319FE5 		ldr	r3, .L55+124
 588 07a8 F000D3E1 		ldrsh	r0, [r3, #0]
 589 07ac 0130A0E3 		mov	r3, #1
 590 07b0 0030C2E5 		strb	r3, [r2, #0]
 591 07b4 FEFFFFEB 		bl	__floatsisf
 592 07b8 0010A0E1 		mov	r1, r0
 593 07bc FEFFFFEB 		bl	__mulsf3
 594 07c0 0C319FE5 		ldr	r3, .L55+140
 595 07c4 0060A0E1 		mov	r6, r0
 596 07c8 000093E5 		ldr	r0, [r3, #0]	@ float
 597 07cc FEFFFFEB 		bl	__extendsfdf2
 598 07d0 C0208FE2 		adr	r2, .L55+80
 599 07d4 0C0092E8 		ldmia	r2, {r2-r3}
 600 07d8 FEFFFFEB 		bl	__muldf3
 601 07dc 0150A0E1 		mov	r5, r1
 602 07e0 0040A0E1 		mov	r4, r0
 603 07e4 0600A0E1 		mov	r0, r6
 604 07e8 FEFFFFEB 		bl	__extendsfdf2
 605 07ec 0130A0E1 		mov	r3, r1
 606 07f0 0020A0E1 		mov	r2, r0
 607 07f4 0510A0E1 		mov	r1, r5
 608 07f8 0400A0E1 		mov	r0, r4
 609 07fc FEFFFFEB 		bl	__muldf3
 610 0800 FEFFFFEB 		bl	__truncdfsf2
 611 0804 BC309FE5 		ldr	r3, .L55+128
 612 0808 CC109FE5 		ldr	r1, .L55+148
 613 080c 000083E5 		str	r0, [r3, #0]	@ float
 614 0810 0600A0E1 		mov	r0, r6
 615 0814 FEFFFFEB 		bl	__mulsf3
 616 0818 AC309FE5 		ldr	r3, .L55+132
 617 081c 000083E5 		str	r0, [r3, #0]	@ float
 618              	.L53:
 619 0820 88309FE5 		ldr	r3, .L55+104
 620 0824 002093E5 		ldr	r2, [r3, #0]	@ float
 621 0828 74309FE5 		ldr	r3, .L55+92
 622 082c 001093E5 		ldr	r1, [r3, #0]
 623 0830 7C309FE5 		ldr	r3, .L55+108
 624 0834 002083E5 		str	r2, [r3, #0]	@ float
 625 0838 68309FE5 		ldr	r3, .L55+96
 626 083c 001083E5 		str	r1, [r3, #0]
 627 0840 F0699DE8 		ldmfd	sp, {r4, r5, r6, r7, r8, fp, sp, lr}
 628 0844 1EFF2FE1 		bx	lr
 629              	.L56:
 630              		.align	2
 631              	.L55:
 632 0848 9999B93F 		.word	1069128089
 633 084c 9A999999 		.word	-1717986918
 634 0850 FB210940 		.word	1074340347
 635 0854 182D4454 		.word	1413754136
 636 0858 FB211940 		.word	1075388923
 637 085c 182D4454 		.word	1413754136
 638 0860 FB2109C0 		.word	-1073143301
 639 0864 182D4454 		.word	1413754136
 640 0868 00001C40 		.word	1075576832
 641 086c 00000000 		.word	0
 642 0870 B89E2340 		.word	1076076216
 643 0874 1F85EB51 		.word	1374389535
 644 0878 9999A93F 		.word	1068079513
 645 087c 9A999999 		.word	-1717986918
 646 0880 0AD7EF3F 		.word	1072682762
 647 0884 D7A3703D 		.word	1030792151
 648 0888 7493483F 		.word	1061720948
 649 088c FA7E6ABC 		.word	-1133871366
 650 0890 976E723F 		.word	1064464023
 651 0894 3BDF4F8D 		.word	-1924145349
 652 0898 00005940 		.word	1079574528
 653 089c 00000000 		.word	0
 654 08a0 0C000000 		.word	initialized.2
 655 08a4 00000000 		.word	gps_itow
 656 08a8 08000000 		.word	last_t.1
 657 08ac 00007A44 		.word	1148846080
 658 08b0 00000000 		.word	estimator_hspeed_dir
 659 08b4 04000000 		.word	last_hspeed_dir.0
 660 08b8 00000000 		.word	estimator_rad
 661 08bc 00000000 		.word	ir_roll
 662 08c0 00000000 		.word	estimator_ir
 663 08c4 00000000 		.word	ir_contrast
 664 08c8 10000000 		.word	sum_xy.3
 665 08cc 14000000 		.word	sum_xx.4
 666 08d0 A69B443A 		.word	977574822
 667 08d4 00000000 		.word	estimator_rad_of_ir
 668 08d8 BC74933B 		.word	999519420
 669 08dc 0000C842 		.word	1120403456
 671              		.global	__gesf2
 672              		.align	2
 673              		.global	estimator_update_state_infrared
 675              	estimator_update_state_infrared:
 676              		@ Function supports interworking.
 677              		@ args = 0, pretend = 0, frame = 0
 678              		@ frame_needed = 1, uses_anonymous_args = 0
 679 08e0 0DC0A0E1 		mov	ip, sp
 680 08e4 F0DF2DE9 		stmfd	sp!, {r4, r5, r6, r7, r8, r9, sl, fp, ip, lr, pc}
 681 08e8 A8319FE5 		ldr	r3, .L68+16
 682 08ec 0030D3E5 		ldrb	r3, [r3, #0]	@ zero_extendqisi2
 683 08f0 010053E3 		cmp	r3, #1
 684 08f4 A0319F05 		ldreq	r3, .L68+20
 685 08f8 A0319F15 		ldrne	r3, .L68+24
 686 08fc A0419FE5 		ldr	r4, .L68+28
 687 0900 007093E5 		ldr	r7, [r3, #0]	@ float
 688 0904 9C319FE5 		ldr	r3, .L68+32
 689 0908 005093E5 		ldr	r5, [r3, #0]	@ float
 690 090c F030D4E1 		ldrsh	r3, [r4, #0]
 691 0910 010053E3 		cmp	r3, #1
 692 0914 0130A0B3 		movlt	r3, #1
 693 0918 04B04CE2 		sub	fp, ip, #4
 694 091c B030C4E1 		strh	r3, [r4, #0]	@ movhi 
 695 0920 0510A0E1 		mov	r1, r5
 696 0924 FE05A0E3 		mov	r0, #1065353216
 697 0928 FEFFFFEB 		bl	__subsf3
 698 092c 0010A0E1 		mov	r1, r0
 699 0930 0700A0E1 		mov	r0, r7
 700 0934 FEFFFFEB 		bl	__mulsf3
 701 0938 FEFFFFEB 		bl	__extendsfdf2
 702 093c 0180A0E1 		mov	r8, r1
 703 0940 0070A0E1 		mov	r7, r0
 704 0944 0500A0E1 		mov	r0, r5
 705 0948 FEFFFFEB 		bl	__extendsfdf2
 706 094c 0160A0E1 		mov	r6, r1
 707 0950 0050A0E1 		mov	r5, r0
 708 0954 F000D4E1 		ldrsh	r0, [r4, #0]
 709 0958 FEFFFFEB 		bl	__floatsidf
 710 095c 493F8FE2 		adr	r3, .L68
 711 0960 180093E8 		ldmia	r3, {r3-r4}
 712 0964 04A001E0 		and	sl, r1, r4
 713 0968 039000E0 		and	r9, r0, r3
 714 096c 0A30A0E1 		mov	r3, sl
 715 0970 0920A0E1 		mov	r2, r9
 716 0974 450F8FE2 		adr	r0, .L68+8
 717 0978 030090E8 		ldmia	r0, {r0-r1}
 718 097c FEFFFFEB 		bl	__divdf3
 719 0980 0130A0E1 		mov	r3, r1
 720 0984 0020A0E1 		mov	r2, r0
 721 0988 0610A0E1 		mov	r1, r6
 722 098c 0500A0E1 		mov	r0, r5
 723 0990 FEFFFFEB 		bl	__muldf3
 724 0994 0130A0E1 		mov	r3, r1
 725 0998 0020A0E1 		mov	r2, r0
 726 099c 0810A0E1 		mov	r1, r8
 727 09a0 0700A0E1 		mov	r0, r7
 728 09a4 FEFFFFEB 		bl	__adddf3
 729 09a8 FEFFFFEB 		bl	__truncdfsf2
 730 09ac F8309FE5 		ldr	r3, .L68+36
 731 09b0 0040A0E1 		mov	r4, r0
 732 09b4 F000D3E1 		ldrsh	r0, [r3, #0]
 733 09b8 FEFFFFEB 		bl	__floatsisf
 734 09bc 0010A0E1 		mov	r1, r0
 735 09c0 0400A0E1 		mov	r0, r4
 736 09c4 FEFFFFEB 		bl	__mulsf3
 737 09c8 E0309FE5 		ldr	r3, .L68+40
 738 09cc 001093E5 		ldr	r1, [r3, #0]	@ float
 739 09d0 FEFFFFEB 		bl	__subsf3
 740 09d4 D8709FE5 		ldr	r7, .L68+44
 741 09d8 D8309FE5 		ldr	r3, .L68+48
 742 09dc 0050A0E1 		mov	r5, r0
 743 09e0 005087E5 		str	r5, [r7, #0]	@ float
 744 09e4 F000D3E1 		ldrsh	r0, [r3, #0]
 745 09e8 FEFFFFEB 		bl	__floatsisf
 746 09ec 0010A0E1 		mov	r1, r0
 747 09f0 0400A0E1 		mov	r0, r4
 748 09f4 FEFFFFEB 		bl	__mulsf3
 749 09f8 BC309FE5 		ldr	r3, .L68+52
 750 09fc 001093E5 		ldr	r1, [r3, #0]	@ float
 751 0a00 FEFFFFEB 		bl	__subsf3
 752 0a04 B4609FE5 		ldr	r6, .L68+56
 753 0a08 0010A0E3 		mov	r1, #0
 754 0a0c 000086E5 		str	r0, [r6, #0]	@ float
 755 0a10 0500A0E1 		mov	r0, r5
 756 0a14 FEFFFFEB 		bl	__gesf2
 757 0a18 000050E3 		cmp	r0, #0
 758 0a1c A0309FA5 		ldrge	r3, .L68+60
 759 0a20 A0309FB5 		ldrlt	r3, .L68+64
 760 0a24 001093A5 		ldrge	r1, [r3, #0]	@ float
 761 0a28 001093B5 		ldrlt	r1, [r3, #0]	@ float
 762 0a2c 0500A0E1 		mov	r0, r5
 763 0a30 0500A0B1 		movlt	r0, r5
 764 0a34 FEFFFFEB 		bl	__mulsf3
 765 0a38 004096E5 		ldr	r4, [r6, #0]	@ float
 766 0a3c 000087E5 		str	r0, [r7, #0]	@ float
 767 0a40 0010A0E3 		mov	r1, #0
 768 0a44 0400A0E1 		mov	r0, r4
 769 0a48 FEFFFFEB 		bl	__gesf2
 770 0a4c 000050E3 		cmp	r0, #0
 771 0a50 0400A0E1 		mov	r0, r4
 772 0a54 990200BA 		blt	.L63
 773 0a58 6C309FE5 		ldr	r3, .L68+68
 774 0a5c 001093E5 		ldr	r1, [r3, #0]	@ float
 775 0a60 FEFFFFEB 		bl	__mulsf3
 776 0a64 000086E5 		str	r0, [r6, #0]	@ float
 777 0a68 9E0200EA 		b	.L57
 778              	.L63:
 779 0a6c 5C309FE5 		ldr	r3, .L68+72
 780 0a70 001093E5 		ldr	r1, [r3, #0]	@ float
 781 0a74 FEFFFFEB 		bl	__mulsf3
 782 0a78 40309FE5 		ldr	r3, .L68+56
 783 0a7c 000083E5 		str	r0, [r3, #0]	@ float
 784              	.L57:
 785 0a80 F06F9DE8 		ldmfd	sp, {r4, r5, r6, r7, r8, r9, sl, fp, sp, lr}
 786 0a84 1EFF2FE1 		bx	lr
 787              	.L69:
 788              		.align	2
 789              	.L68:
 790 0a88 FFFFFF7F 		.word	2147483647
 791 0a8c FFFFFFFF 		.word	-1
 792 0a90 6666FE3F 		.word	1073636966
 793 0a94 00000060 		.word	1610612736
 794 0a98 00000000 		.word	ir_estim_mode
 795 0a9c 00000000 		.word	estimator_rad_of_ir
 796 0aa0 00000000 		.word	ir_rad_of_ir
 797 0aa4 00000000 		.word	ir_top
 798 0aa8 00000000 		.word	z_contrast_mode
 799 0aac 00000000 		.word	ir_roll
 800 0ab0 00000000 		.word	ir_roll_neutral
 801 0ab4 00000000 		.word	estimator_phi
 802 0ab8 00000000 		.word	ir_pitch
 803 0abc 00000000 		.word	ir_pitch_neutral
 804 0ac0 00000000 		.word	estimator_theta
 805 0ac4 00000000 		.word	ir_correction_right
 806 0ac8 00000000 		.word	ir_correction_left
 807 0acc 00000000 		.word	ir_correction_up
 808 0ad0 00000000 		.word	ir_correction_down
 810              		.comm	ir_roll,2,2
 811              		.comm	ir_pitch,2,2
 812              		.comm	ir_top,2,2
 813              		.comm	x1_dbg,2,2
 814              		.comm	x2_dbg,2,2
 815              		.comm	ir_rad_of_ir,4,4
 816              		.comm	ir_contrast,2,2
 817              		.comm	z_contrast_mode,4,4
 818              		.comm	ir_360,1,1
 819              		.comm	ir_estimated_phi_pi_4,4,4
 820              		.comm	ir_estimated_phi_minus_pi_4,4,4
 821              		.comm	ir_estimated_theta_pi_4,4,4
 822              		.comm	ir_estimated_theta_minus_pi_4,4,4
 823              		.comm	adc_roll_neutral,2,2
 824              		.comm	adc_pitch_neutral,2,2
 825              		.comm	ir_correction_left,4,4
 826              		.comm	ir_correction_right,4,4
 827              		.comm	ir_correction_up,4,4
 828              		.comm	ir_correction_down,4,4
 829              		.comm	estimator_rad_of_ir,4,4
 830              		.comm	estimator_ir,4,4
 831              		.comm	estimator_rad,4,4
 832              		.bss
 833              		.align	2
 834              	last_periodic_event:
 835 0018 00000000 		.space	4
 836              		.comm	ir_roll_neutral,4,4
 837              		.comm	ir_pitch_neutral,4,4
 838              		.align	2
 839              	buf_ir1:
 840 001c 00000000 		.space	68
 840      00000000 
 840      00000000 
 840      00000000 
 840      00000000 
 841              		.align	2
 842              	buf_ir2:
 843 0060 00000000 		.space	68
 843      00000000 
 843      00000000 
 843      00000000 
 843      00000000 
 844              		.ident	"GCC: (GNU) 3.4.4"
DEFINED SYMBOLS
                            *ABS*:00000000 infrared.c
     /tmp/ccUuVKED.s:6      .bss:00000000 calib_status
                             .bss:00000000 $d
     /tmp/ccUuVKED.s:12     .text:00000000 ir_init
     /tmp/ccUuVKED.s:16     .text:00000000 $a
     /tmp/ccUuVKED.s:76     .text:000000e4 $d
                            *COM*:00000004 ir_rad_of_ir
     /tmp/ccUuVKED.s:839    .bss:0000001c buf_ir1
     /tmp/ccUuVKED.s:842    .bss:00000060 buf_ir2
                            *COM*:00000004 ir_roll_neutral
                            *COM*:00000004 ir_pitch_neutral
                            *COM*:00000002 adc_pitch_neutral
                            *COM*:00000004 estimator_rad_of_ir
                            *COM*:00000004 ir_correction_down
                            *COM*:00000001 ir_360
                            *COM*:00000004 ir_estimated_theta_minus_pi_4
                            *COM*:00000004 z_contrast_mode
                            *COM*:00000002 adc_roll_neutral
                            *COM*:00000004 ir_correction_left
                            *COM*:00000004 ir_correction_right
                            *COM*:00000004 ir_correction_up
                            *COM*:00000004 ir_estimated_phi_pi_4
                            *COM*:00000004 ir_estimated_phi_minus_pi_4
                            *COM*:00000004 ir_estimated_theta_pi_4
                            *COM*:00000002 ir_contrast
     /tmp/ccUuVKED.s:107    .text:0000013c ir_update
     /tmp/ccUuVKED.s:111    .text:0000013c $a
     /tmp/ccUuVKED.s:186    .text:0000025c $d
                            *COM*:00000002 x1_dbg
                            *COM*:00000002 x2_dbg
                            *COM*:00000002 ir_roll
                            *COM*:00000002 ir_pitch
     /tmp/ccUuVKED.s:204    .text:0000028c ground_calibrate
     /tmp/ccUuVKED.s:208    .text:0000028c $a
     /tmp/ccUuVKED.s:316    .text:0000041c $d
     /tmp/ccUuVKED.s:330    .bss:00000004 last_hspeed_dir.0
     /tmp/ccUuVKED.s:333    .bss:00000008 last_t.1
     /tmp/ccUuVKED.s:335    .bss:0000000c initialized.2
     /tmp/ccUuVKED.s:338    .bss:00000010 sum_xy.3
     /tmp/ccUuVKED.s:341    .bss:00000014 sum_xx.4
     /tmp/ccUuVKED.s:357    .text:00000448 estimator_update_ir_estim
     /tmp/ccUuVKED.s:361    .text:00000448 $a
     /tmp/ccUuVKED.s:632    .text:00000848 $d
                            *COM*:00000004 estimator_rad
                            *COM*:00000004 estimator_ir
     /tmp/ccUuVKED.s:675    .text:000008e0 estimator_update_state_infrared
     /tmp/ccUuVKED.s:679    .text:000008e0 $a
     /tmp/ccUuVKED.s:790    .text:00000a88 $d
                            *COM*:00000002 ir_top
     /tmp/ccUuVKED.s:834    .bss:00000018 last_periodic_event

UNDEFINED SYMBOLS
adc_buf_channel
__divsi3
__floatsidf
__muldf3
__adddf3
__fixdfsi
__divdf3
__truncdfsf2
uart0_check_free_space
uart0_transmit
cpu_time_sec
pprz_mode
aerocomm_cs
downlink_nb_ovrn
__floatsisf
__addsf3
__divsf3
__extendsfdf2
__gtdf2
__subsf3
__subdf3
__ltdf2
__ltsf2
__mulsf3
gps_itow
estimator_hspeed_dir
__gesf2
ir_estim_mode
estimator_phi
estimator_theta
