   1              		.file	"main_fbw.c"
   2              		.text
   3              		.align	2
   4              		.global	init_fbw
   6              	init_fbw:
   7              		@ Function supports interworking.
   8              		@ args = 0, pretend = 0, frame = 0
   9              		@ frame_needed = 1, uses_anonymous_args = 0
  10 0000 8C219FE5 		ldr	r2, .L16
  11 0004 0DC0A0E1 		mov	ip, sp
  12 0008 2430A0E3 		mov	r3, #36
  13 000c 30D82DE9 		stmfd	sp!, {r4, r5, fp, ip, lr, pc}
  14 0010 8430C2E5 		strb	r3, [r2, #132]
  15 0014 233043E2 		sub	r3, r3, #35
  16 0018 8030C2E5 		strb	r3, [r2, #128]
  17 001c 573043E2 		sub	r3, r3, #87
  18 0020 8C30C2E5 		strb	r3, [r2, #140]
  19 0024 AB3083E2 		add	r3, r3, #171
  20 0028 8C30C2E5 		strb	r3, [r2, #140]
  21 002c 04B04CE2 		sub	fp, ip, #4
  22              	.L2:
  23 0030 5C519FE5 		ldr	r5, .L16
  24 0034 B838D5E1 		ldrh	r3, [r5, #136]
  25 0038 010B13E3 		tst	r3, #1024
  26 003c 0A00000A 		beq	.L2
  27 0040 0320A0E3 		mov	r2, #3
  28 0044 5530E0E3 		mvn	r3, #85
  29 0048 8020C5E5 		strb	r2, [r5, #128]
  30 004c 8C30C5E5 		strb	r3, [r5, #140]
  31 0050 AB3083E2 		add	r3, r3, #171
  32 0054 8C30C5E5 		strb	r3, [r5, #140]
  33 0058 38119FE5 		ldr	r1, .L16+4
  34 005c 0040A0E3 		mov	r4, #0
  35 0060 02C0A0E3 		mov	ip, #2
  36 0064 AB3083E2 		add	r3, r3, #171
  37 0068 0420C5E5 		strb	r2, [r5, #4]
  38 006c 01E0A0E3 		mov	lr, #1
  39 0070 00C0C5E5 		strb	ip, [r5, #0]
  40 0074 0420C5E5 		strb	r2, [r5, #4]
  41 0078 00C0C5E5 		strb	ip, [r5, #0]
  42 007c 0340C5E7 		strb	r4, [r5, r3]
  43 0080 0030E0E3 		mvn	r3, #0
  44 0084 40E0C5E5 		strb	lr, [r5, #64]
  45 0088 0C019FE5 		ldr	r0, .L16+8
  46 008c 143081E5 		str	r3, [r1, #20]
  47 0090 08319FE5 		ldr	r3, .L16+12
  48 0094 0C4081E5 		str	r4, [r1, #12]
  49 0098 343081E5 		str	r3, [r1, #52]
  50 009c 04C080E5 		str	ip, [r0, #4]
  51 00a0 0C4080E5 		str	r4, [r0, #12]
  52 00a4 144080E5 		str	r4, [r0, #20]
  53 00a8 284080E5 		str	r4, [r0, #40]
  54 00ac 3C4080E5 		str	r4, [r0, #60]
  55 00b0 04E080E5 		str	lr, [r0, #4]
  56 00b4 0C3091E5 		ldr	r3, [r1, #12]
  57 00b8 1030C3E3 		bic	r3, r3, #16
  58 00bc 0C3081E5 		str	r3, [r1, #12]
  59 00c0 1030A0E3 		mov	r3, #16
  60 00c4 103081E5 		str	r3, [r1, #16]
  61 00c8 143083E2 		add	r3, r3, #20
  62 00cc 043281E5 		str	r3, [r1, #516]
  63 00d0 CC309FE5 		ldr	r3, .L16+16
  64 00d4 CC209FE5 		ldr	r2, .L16+20
  65 00d8 043181E5 		str	r3, [r1, #260]
  66 00dc 183092E5 		ldr	r3, [r2, #24]
  67 00e0 013283E3 		orr	r3, r3, #268435456
  68 00e4 183082E5 		str	r3, [r2, #24]
  69 00e8 0132A0E3 		mov	r3, #268435456
  70 00ec 143082E5 		str	r3, [r2, #20]
  71 00f0 183092E5 		ldr	r3, [r2, #24]
  72 00f4 023783E3 		orr	r3, r3, #524288
  73 00f8 183082E5 		str	r3, [r2, #24]
  74 00fc 0237A0E3 		mov	r3, #524288
  75 0100 143082E5 		str	r3, [r2, #20]
  76 0104 A0309FE5 		ldr	r3, .L16+24
  77 0108 B040C3E1 		strh	r4, [r3, #0]	@ movhi 
  78 010c 9C309FE5 		ldr	r3, .L16+28
  79 0110 004083E5 		str	r4, [r3, #0]
  80 0114 FEFFFFEB 		bl	uart0_init_tx
  81 0118 FEFFFFEB 		bl	adc_init
  82 011c 0E00A0E3 		mov	r0, #14
  83 0120 8C109FE5 		ldr	r1, .L16+32
  84 0124 2020A0E3 		mov	r2, #32
  85 0128 FEFFFFEB 		bl	adc_buf_channel
  86 012c FEFFFFEB 		bl	actuators_init
  87              	.L11:
  88 0130 80209FE5 		ldr	r2, .L16+36
  89 0134 8410A0E1 		mov	r1, r4, asl #1
  90 0138 7C309FE5 		ldr	r3, .L16+40
  91 013c 014084E2 		add	r4, r4, #1
  92 0140 B22091E1 		ldrh	r2, [r1, r2]
  93 0144 030054E3 		cmp	r4, #3
  94 0148 B32081E1 		strh	r2, [r1, r3]	@ movhi 
  95 014c 4A0000DA 		ble	.L11
  96 0150 68209FE5 		ldr	r2, .L16+44
  97 0154 003092E5 		ldr	r3, [r2, #0]
  98 0158 023A83E3 		orr	r3, r3, #8192
  99 015c 003082E5 		str	r3, [r2, #0]
 100 0160 5C009FE5 		ldr	r0, .L16+48
 101 0164 30309FE5 		ldr	r3, .L16+8
 102 0168 062DA0E3 		mov	r2, #384
 103 016c 282083E5 		str	r2, [r3, #40]
 104 0170 00C090E5 		ldr	ip, [r0, #0]
 105 0174 4C309FE5 		ldr	r3, .L16+52
 106 0178 0010A0E3 		mov	r1, #0
 107 017c 0010C3E5 		strb	r1, [r3, #0]
 108 0180 1110CCE5 		strb	r1, [ip, #17]
 109 0184 003090E5 		ldr	r3, [r0, #0]
 110 0188 1210C3E5 		strb	r1, [r3, #18]
 111 018c 30689DE8 		ldmfd	sp, {r4, r5, fp, sp, lr}
 112 0190 1EFF2FE1 		bx	lr
 113              	.L17:
 114              		.align	2
 115              	.L16:
 116 0194 00C01FE0 		.word	-534790144
 117 0198 00F0FFFF 		.word	-4096
 118 019c 004000E0 		.word	-536854528
 119 01a0 00000000 		.word	reset
 120 01a4 00000000 		.word	TIMER0_ISR
 121 01a8 008002E0 		.word	-536707072
 122 01ac 00000000 		.word	cpu_time_sec
 123 01b0 00000000 		.word	cpu_time_ticks
 124 01b4 00000000 		.word	vsupply_adc_buf
 125 01b8 00000000 		.word	commands_failsafe
 126 01bc 00000000 		.word	commands
 127 01c0 00C002E0 		.word	-536690688
 128 01c4 00000000 		.word	fbw_state
 129 01c8 00000000 		.word	ppm_valid
 131              		.bss
 132              	avg_cpt.7:
 133 0000 00       		.space	1
 134              		.global	__floatsisf
 135              		.global	__mulsf3
 136              		.global	__fixsfsi
 137              		.text
 138              		.align	2
 139              		.global	event_task_fbw
 141              	event_task_fbw:
 142              		@ Function supports interworking.
 143              		@ args = 0, pretend = 0, frame = 0
 144              		@ frame_needed = 1, uses_anonymous_args = 0
 145 01cc 0DC0A0E1 		mov	ip, sp
 146 01d0 F0DF2DE9 		stmfd	sp!, {r4, r5, r6, r7, r8, r9, sl, fp, ip, lr, pc}
 147 01d4 04B04CE2 		sub	fp, ip, #4
 148 01d8 60C59FE5 		ldr	ip, .L91
 149 01dc 0030DCE5 		ldrb	r3, [ip, #0]	@ zero_extendqisi2
 150 01e0 000053E3 		cmp	r3, #0
 151 01e4 8001000A 		beq	.L19
 152 01e8 54159FE5 		ldr	r1, .L91+4
 153 01ec 54959FE5 		ldr	r9, .L91+8
 154 01f0 0030D1E5 		ldrb	r3, [r1, #0]	@ zero_extendqisi2
 155 01f4 B040D9E1 		ldrh	r4, [r9, #0]
 156 01f8 013083E2 		add	r3, r3, #1
 157 01fc 0030C1E5 		strb	r3, [r1, #0]
 158 0200 594C44E2 		sub	r4, r4, #22784
 159 0204 40359FE5 		ldr	r3, .L91+12
 160 0208 0020A0E3 		mov	r2, #0
 161 020c 5B4044E2 		sub	r4, r4, #91
 162 0210 0020C3E5 		strb	r2, [r3, #0]
 163 0214 0448A0E1 		mov	r4, r4, asl #16
 164 0218 30359FE5 		ldr	r3, .L91+16
 165 021c 4448A0E1 		mov	r4, r4, asr #16
 166 0220 0020C3E5 		strb	r2, [r3, #0]
 167 0224 0020CCE5 		strb	r2, [ip, #0]
 168 0228 0400A0E1 		mov	r0, r4
 169 022c FEFFFFEB 		bl	__floatsisf
 170 0230 000054E3 		cmp	r4, #0
 171 0234 18159FA5 		ldrge	r1, .L91+20
 172 0238 18159FB5 		ldrlt	r1, .L91+24
 173 023c FEFFFFEB 		bl	__mulsf3
 174 0240 FEFFFFEB 		bl	__fixsfsi
 175 0244 10A59FE5 		ldr	sl, .L91+28
 176 0248 B000CAE1 		strh	r0, [sl, #0]	@ movhi 
 177 024c F030DAE1 		ldrsh	r3, [sl, #0]
 178 0250 960D53E3 		cmp	r3, #9600
 179 0254 961DA0C3 		movgt	r1, #9600	@ movhi
 180 0258 B010CAC1 		strgth	r1, [sl, #0]	@ movhi 
 181 025c 9A0000CA 		bgt	.L23
 182 0260 960D73E3 		cmn	r3, #9600
 183 0264 F4249FB5 		ldrlt	r2, .L91+32
 184 0268 EC349FB5 		ldrlt	r3, .L91+28
 185 026c B020C3B1 		strlth	r2, [r3, #0]	@ movhi 
 186              	.L23:
 187 0270 B240D9E1 		ldrh	r4, [r9, #2]
 188 0274 164B44E2 		sub	r4, r4, #22528
 189 0278 F24044E2 		sub	r4, r4, #242
 190 027c 0448A0E1 		mov	r4, r4, asl #16
 191 0280 4448A0E1 		mov	r4, r4, asr #16
 192 0284 0400A0E1 		mov	r0, r4
 193 0288 FEFFFFEB 		bl	__floatsisf
 194 028c 000054E3 		cmp	r4, #0
 195 0290 CC149FA5 		ldrge	r1, .L91+36
 196 0294 CC149FB5 		ldrlt	r1, .L91+40
 197 0298 FEFFFFEB 		bl	__mulsf3
 198 029c FEFFFFEB 		bl	__fixsfsi
 199 02a0 B4349FE5 		ldr	r3, .L91+28
 200 02a4 B200C3E1 		strh	r0, [r3, #2]	@ movhi 
 201 02a8 F230DAE1 		ldrsh	r3, [sl, #2]
 202 02ac 960D53E3 		cmp	r3, #9600
 203 02b0 962DA0C3 		movgt	r2, #9600	@ movhi
 204 02b4 B220CAC1 		strgth	r2, [sl, #2]	@ movhi 
 205 02b8 B10000CA 		bgt	.L28
 206 02bc 960D73E3 		cmn	r3, #9600
 207 02c0 98249FB5 		ldrlt	r2, .L91+32
 208 02c4 90349FB5 		ldrlt	r3, .L91+28
 209 02c8 B220C3B1 		strlth	r2, [r3, #2]	@ movhi 
 210              	.L28:
 211 02cc B400D9E1 		ldrh	r0, [r9, #4]
 212 02d0 710C40E2 		sub	r0, r0, #28928
 213 02d4 AC0040E2 		sub	r0, r0, #172
 214 02d8 0008A0E1 		mov	r0, r0, asl #16
 215 02dc 4008A0E1 		mov	r0, r0, asr #16
 216 02e0 FEFFFFEB 		bl	__floatsisf
 217 02e4 80149FE5 		ldr	r1, .L91+44
 218 02e8 FEFFFFEB 		bl	__mulsf3
 219 02ec FEFFFFEB 		bl	__fixsfsi
 220 02f0 B400CAE1 		strh	r0, [sl, #4]	@ movhi 
 221 02f4 F430DAE1 		ldrsh	r3, [sl, #4]
 222 02f8 960D53E3 		cmp	r3, #9600
 223 02fc 963DA0C3 		movgt	r3, #9600	@ movhi
 224 0300 B430CAC1 		strgth	r3, [sl, #4]	@ movhi 
 225 0304 C40000CA 		bgt	.L31
 226 0308 000053E3 		cmp	r3, #0
 227 030c 48349FB5 		ldrlt	r3, .L91+28
 228 0310 0010A0B3 		movlt	r1, #0	@ movhi
 229 0314 B410C3B1 		strlth	r1, [r3, #4]	@ movhi 
 230              	.L31:
 231 0318 B640D9E1 		ldrh	r4, [r9, #6]
 232 031c 574C44E2 		sub	r4, r4, #22272
 233 0320 C64044E2 		sub	r4, r4, #198
 234 0324 0448A0E1 		mov	r4, r4, asl #16
 235 0328 4448A0E1 		mov	r4, r4, asr #16
 236 032c 0400A0E1 		mov	r0, r4
 237 0330 FEFFFFEB 		bl	__floatsisf
 238 0334 000054E3 		cmp	r4, #0
 239 0338 30149FA5 		ldrge	r1, .L91+48
 240 033c 30149FB5 		ldrlt	r1, .L91+52
 241 0340 FEFFFFEB 		bl	__mulsf3
 242 0344 FEFFFFEB 		bl	__fixsfsi
 243 0348 0C349FE5 		ldr	r3, .L91+28
 244 034c B600C3E1 		strh	r0, [r3, #6]	@ movhi 
 245 0350 F630DAE1 		ldrsh	r3, [sl, #6]
 246 0354 960D53E3 		cmp	r3, #9600
 247 0358 962DA0C3 		movgt	r2, #9600	@ movhi
 248 035c B620CAC1 		strgth	r2, [sl, #6]	@ movhi 
 249 0360 DB0000CA 		bgt	.L36
 250 0364 960D73E3 		cmn	r3, #9600
 251 0368 F0239FB5 		ldrlt	r2, .L91+32
 252 036c E8339FB5 		ldrlt	r3, .L91+28
 253 0370 B620C3B1 		strlth	r2, [r3, #6]	@ movhi 
 254              	.L36:
 255 0374 FC839FE5 		ldr	r8, .L91+56
 256 0378 0030D8E5 		ldrb	r3, [r8, #0]	@ zero_extendqisi2
 257 037c 013083E2 		add	r3, r3, #1
 258 0380 F4739FE5 		ldr	r7, .L91+60
 259 0384 0030C8E5 		strb	r3, [r8, #0]
 260 0388 105097E5 		ldr	r5, [r7, #16]
 261 038c 143097E5 		ldr	r3, [r7, #20]
 262 0390 182097E5 		ldr	r2, [r7, #24]
 263 0394 1C1097E5 		ldr	r1, [r7, #28]
 264 0398 BE60D9E1 		ldrh	r6, [r9, #14]
 265 039c B800D9E1 		ldrh	r0, [r9, #8]
 266 03a0 BAC0D9E1 		ldrh	ip, [r9, #10]
 267 03a4 BCE0D9E1 		ldrh	lr, [r9, #12]
 268 03a8 0040D8E5 		ldrb	r4, [r8, #0]	@ zero_extendqisi2
 269 03ac 005085E0 		add	r5, r5, r0
 270 03b0 0C3083E0 		add	r3, r3, ip
 271 03b4 0E2082E0 		add	r2, r2, lr
 272 03b8 061081E0 		add	r1, r1, r6
 273 03bc 080054E3 		cmp	r4, #8
 274 03c0 143087E5 		str	r3, [r7, #20]
 275 03c4 182087E5 		str	r2, [r7, #24]
 276 03c8 1C1087E5 		str	r1, [r7, #28]
 277 03cc 105087E5 		str	r5, [r7, #16]
 278 03d0 6701001A 		bne	.L59
 279 03d4 C54FA0E1 		mov	r4, r5, asr #31
 280 03d8 A44E85E0 		add	r4, r5, r4, lsr #29
 281 03dc C441A0E1 		mov	r4, r4, asr #3
 282 03e0 594C44E2 		sub	r4, r4, #22784
 283 03e4 5B4044E2 		sub	r4, r4, #91
 284 03e8 0448A0E1 		mov	r4, r4, asl #16
 285 03ec 4448A0E1 		mov	r4, r4, asr #16
 286 03f0 0030A0E3 		mov	r3, #0
 287 03f4 0400A0E1 		mov	r0, r4
 288 03f8 0030C8E5 		strb	r3, [r8, #0]
 289 03fc FEFFFFEB 		bl	__floatsisf
 290 0400 000054E3 		cmp	r4, #0
 291 0404 74139FA5 		ldrge	r1, .L91+64
 292 0408 74139FB5 		ldrlt	r1, .L91+68
 293 040c FEFFFFEB 		bl	__mulsf3
 294 0410 FEFFFFEB 		bl	__fixsfsi
 295 0414 40339FE5 		ldr	r3, .L91+28
 296 0418 B800C3E1 		strh	r0, [r3, #8]	@ movhi 
 297 041c F820DAE1 		ldrsh	r2, [sl, #8]
 298 0420 0030A0E3 		mov	r3, #0
 299 0424 960D52E3 		cmp	r2, #9600
 300 0428 103087E5 		str	r3, [r7, #16]
 301 042c 963DA0C3 		movgt	r3, #9600	@ movhi
 302 0430 B830CAC1 		strgth	r3, [sl, #8]	@ movhi 
 303 0434 100100CA 		bgt	.L42
 304 0438 960D72E3 		cmn	r2, #9600
 305 043c 1C239FB5 		ldrlt	r2, .L91+32
 306 0440 14339FB5 		ldrlt	r3, .L91+28
 307 0444 B820C3B1 		strlth	r2, [r3, #8]	@ movhi 
 308              	.L42:
 309 0448 144097E5 		ldr	r4, [r7, #20]
 310 044c C43FA0E1 		mov	r3, r4, asr #31
 311 0450 A34E84E0 		add	r4, r4, r3, lsr #29
 312 0454 C441A0E1 		mov	r4, r4, asr #3
 313 0458 594C44E2 		sub	r4, r4, #22784
 314 045c 104044E2 		sub	r4, r4, #16
 315 0460 0448A0E1 		mov	r4, r4, asl #16
 316 0464 4448A0E1 		mov	r4, r4, asr #16
 317 0468 0400A0E1 		mov	r0, r4
 318 046c FEFFFFEB 		bl	__floatsisf
 319 0470 000054E3 		cmp	r4, #0
 320 0474 0C139FA5 		ldrge	r1, .L91+72
 321 0478 0C139FB5 		ldrlt	r1, .L91+76
 322 047c FEFFFFEB 		bl	__mulsf3
 323 0480 FEFFFFEB 		bl	__fixsfsi
 324 0484 D0329FE5 		ldr	r3, .L91+28
 325 0488 BA00C3E1 		strh	r0, [r3, #10]	@ movhi 
 326 048c FA20DAE1 		ldrsh	r2, [sl, #10]
 327 0490 960D52E3 		cmp	r2, #9600
 328 0494 0030A0E3 		mov	r3, #0
 329 0498 961DA0C3 		movgt	r1, #9600	@ movhi
 330 049c 143087E5 		str	r3, [r7, #20]
 331 04a0 BA10CAC1 		strgth	r1, [sl, #10]	@ movhi 
 332 04a4 2C0100CA 		bgt	.L47
 333 04a8 960D72E3 		cmn	r2, #9600
 334 04ac AC229FB5 		ldrlt	r2, .L91+32
 335 04b0 A4329FB5 		ldrlt	r3, .L91+28
 336 04b4 BA20C3B1 		strlth	r2, [r3, #10]	@ movhi 
 337              	.L47:
 338 04b8 184097E5 		ldr	r4, [r7, #24]
 339 04bc C43FA0E1 		mov	r3, r4, asr #31
 340 04c0 A34E84E0 		add	r4, r4, r3, lsr #29
 341 04c4 C441A0E1 		mov	r4, r4, asr #3
 342 04c8 164B44E2 		sub	r4, r4, #22528
 343 04cc F24044E2 		sub	r4, r4, #242
 344 04d0 0448A0E1 		mov	r4, r4, asl #16
 345 04d4 4448A0E1 		mov	r4, r4, asr #16
 346 04d8 0400A0E1 		mov	r0, r4
 347 04dc FEFFFFEB 		bl	__floatsisf
 348 04e0 000054E3 		cmp	r4, #0
 349 04e4 A4129FA5 		ldrge	r1, .L91+80
 350 04e8 A4129FB5 		ldrlt	r1, .L91+84
 351 04ec FEFFFFEB 		bl	__mulsf3
 352 04f0 FEFFFFEB 		bl	__fixsfsi
 353 04f4 60329FE5 		ldr	r3, .L91+28
 354 04f8 BC00C3E1 		strh	r0, [r3, #12]	@ movhi 
 355 04fc FC20DAE1 		ldrsh	r2, [sl, #12]
 356 0500 960D52E3 		cmp	r2, #9600
 357 0504 0030A0E3 		mov	r3, #0
 358 0508 962DA0C3 		movgt	r2, #9600	@ movhi
 359 050c 183087E5 		str	r3, [r7, #24]
 360 0510 BC20CAC1 		strgth	r2, [sl, #12]	@ movhi 
 361 0514 480100CA 		bgt	.L52
 362 0518 960D72E3 		cmn	r2, #9600
 363 051c 3C229FB5 		ldrlt	r2, .L91+32
 364 0520 34329FB5 		ldrlt	r3, .L91+28
 365 0524 BC20C3B1 		strlth	r2, [r3, #12]	@ movhi 
 366              	.L52:
 367 0528 1C4097E5 		ldr	r4, [r7, #28]
 368 052c C43FA0E1 		mov	r3, r4, asr #31
 369 0530 A34E84E0 		add	r4, r4, r3, lsr #29
 370 0534 C441A0E1 		mov	r4, r4, asr #3
 371 0538 594C44E2 		sub	r4, r4, #22784
 372 053c 6A4044E2 		sub	r4, r4, #106
 373 0540 0448A0E1 		mov	r4, r4, asl #16
 374 0544 4448A0E1 		mov	r4, r4, asr #16
 375 0548 0400A0E1 		mov	r0, r4
 376 054c FEFFFFEB 		bl	__floatsisf
 377 0550 000054E3 		cmp	r4, #0
 378 0554 3C129FA5 		ldrge	r1, .L91+88
 379 0558 3C129FB5 		ldrlt	r1, .L91+92
 380 055c FEFFFFEB 		bl	__mulsf3
 381 0560 FEFFFFEB 		bl	__fixsfsi
 382 0564 F0319FE5 		ldr	r3, .L91+28
 383 0568 BE00C3E1 		strh	r0, [r3, #14]	@ movhi 
 384 056c FE20DAE1 		ldrsh	r2, [sl, #14]
 385 0570 0030A0E3 		mov	r3, #0
 386 0574 960D52E3 		cmp	r2, #9600
 387 0578 1C3087E5 		str	r3, [r7, #28]
 388 057c 963DA0C3 		movgt	r3, #9600	@ movhi
 389 0580 BE30CAC1 		strgth	r3, [sl, #14]	@ movhi 
 390 0584 640100CA 		bgt	.L57
 391 0588 960D72E3 		cmn	r2, #9600
 392 058c CC219FB5 		ldrlt	r2, .L91+32
 393 0590 C4319FB5 		ldrlt	r3, .L91+28
 394 0594 BE20C3B1 		strlth	r2, [r3, #14]	@ movhi 
 395              	.L57:
 396 0598 00329FE5 		ldr	r3, .L91+96
 397 059c 0120A0E3 		mov	r2, #1
 398 05a0 0020C3E5 		strb	r2, [r3, #0]
 399              	.L59:
 400 05a4 F4319FE5 		ldr	r3, .L91+96
 401 05a8 0030D3E5 		ldrb	r3, [r3, #0]	@ zero_extendqisi2
 402 05ac 000053E3 		cmp	r3, #0
 403 05b0 7201000A 		beq	.L60
 404 05b4 A0319FE5 		ldr	r3, .L91+28
 405 05b8 FE30D3E1 		ldrsh	r3, [r3, #14]
 406 05bc E0219FE5 		ldr	r2, .L91+100
 407 05c0 4B0D73E3 		cmn	r3, #4800
 408 05c4 0030A0B3 		movlt	r3, #0
 409 05c8 0130A0A3 		movge	r3, #1
 410 05cc 0030C2E5 		strb	r3, [r2, #0]
 411              	.L60:
 412 05d0 CC319FE5 		ldr	r3, .L91+100
 413 05d4 0030D3E5 		ldrb	r3, [r3, #0]	@ zero_extendqisi2
 414 05d8 000053E3 		cmp	r3, #0
 415 05dc 8001001A 		bne	.L19
 416 05e0 74319FE5 		ldr	r3, .L91+28
 417 05e4 BC219FE5 		ldr	r2, .L91+104
 418 05e8 B610D3E1 		ldrh	r1, [r3, #6]
 419 05ec B610C2E1 		strh	r1, [r2, #6]	@ movhi 
 420 05f0 B410D3E1 		ldrh	r1, [r3, #4]
 421 05f4 B010C2E1 		strh	r1, [r2, #0]	@ movhi 
 422 05f8 B010D3E1 		ldrh	r1, [r3, #0]
 423 05fc B230D3E1 		ldrh	r3, [r3, #2]
 424 0600 B210C2E1 		strh	r1, [r2, #2]	@ movhi 
 425 0604 B430C2E1 		strh	r3, [r2, #4]	@ movhi 
 426              	.L19:
 427 0608 9C019FE5 		ldr	r0, .L91+108
 428 060c 0030D0E5 		ldrb	r3, [r0, #0]	@ zero_extendqisi2
 429 0610 000053E3 		cmp	r3, #0
 430 0614 CC01000A 		beq	.L18
 431 0618 84E19FE5 		ldr	lr, .L91+100
 432 061c 0030DEE5 		ldrb	r3, [lr, #0]	@ zero_extendqisi2
 433 0620 010053E3 		cmp	r3, #1
 434 0624 84319FE5 		ldr	r3, .L91+112
 435 0628 0010A0E3 		mov	r1, #0
 436 062c 0120A0E3 		mov	r2, #1
 437 0630 0010C0E5 		strb	r1, [r0, #0]
 438 0634 0020C3E5 		strb	r2, [r3, #0]
 439 0638 74319FE5 		ldr	r3, .L91+116
 440 063c 0010C3E5 		strb	r1, [r3, #0]
 441 0640 70319FE5 		ldr	r3, .L91+120
 442 0644 0020C3E5 		strb	r2, [r3, #0]
 443 0648 9B01001A 		bne	.L64
 444 064c 0100A0E1 		mov	r0, r1
 445              	.L68:
 446 0650 64319FE5 		ldr	r3, .L91+124
 447 0654 001093E5 		ldr	r1, [r3, #0]
 448 0658 8020A0E1 		mov	r2, r0, asl #1
 449 065c 44319FE5 		ldr	r3, .L91+104
 450 0660 010080E2 		add	r0, r0, #1
 451 0664 B11092E1 		ldrh	r1, [r2, r1]
 452 0668 030050E3 		cmp	r0, #3
 453 066c B31082E1 		strh	r1, [r2, r3]	@ movhi 
 454 0670 920100DA 		ble	.L68
 455              	.L64:
 456 0674 0010A0E3 		mov	r1, #0
 457              	.L72:
 458 0678 013081E2 		add	r3, r1, #1
 459 067c 8120A0E1 		mov	r2, r1, asl #1
 460 0680 38C19FE5 		ldr	ip, .L91+128
 461 0684 FF1003E2 		and	r1, r3, #255
 462 0688 CC309FE5 		ldr	r3, .L91+28
 463 068c 00009CE5 		ldr	r0, [ip, #0]
 464 0690 B33092E1 		ldrh	r3, [r2, r3]
 465 0694 070051E3 		cmp	r1, #7
 466 0698 B03082E1 		strh	r3, [r2, r0]	@ movhi 
 467 069c 9C01009A 		bls	.L72
 468 06a0 1C319FE5 		ldr	r3, .L91+132
 469 06a4 0030D3E5 		ldrb	r3, [r3, #0]	@ zero_extendqisi2
 470 06a8 1030C0E5 		strb	r3, [r0, #16]
 471 06ac 98309FE5 		ldr	r3, .L91+12
 472 06b0 0030D3E5 		ldrb	r3, [r3, #0]	@ zero_extendqisi2
 473 06b4 012073E2 		rsbs	r2, r3, #1
 474 06b8 0020A033 		movcc	r2, #0
 475 06bc 020053E3 		cmp	r3, #2
 476 06c0 FF200212 		andne	r2, r2, #255
 477 06c4 B301001A 		bne	.L74
 478 06c8 000052E3 		cmp	r2, #0
 479 06cc 0320A013 		movne	r2, #3
 480 06d0 0220A003 		moveq	r2, #2
 481              	.L74:
 482 06d4 0030DEE5 		ldrb	r3, [lr, #0]	@ zero_extendqisi2
 483 06d8 010053E3 		cmp	r3, #1
 484 06dc 0030DEE5 		ldrb	r3, [lr, #0]	@ zero_extendqisi2
 485 06e0 04208203 		orreq	r2, r2, #4
 486 06e4 FF200212 		andne	r2, r2, #255
 487 06e8 020053E3 		cmp	r3, #2
 488 06ec 00309CE5 		ldr	r3, [ip, #0]
 489 06f0 08208203 		orreq	r2, r2, #8
 490 06f4 FF200212 		andne	r2, r2, #255
 491 06f8 1120C3E5 		strb	r2, [r3, #17]
 492 06fc 9C109FE5 		ldr	r1, .L91+96
 493 0700 0030D1E5 		ldrb	r3, [r1, #0]	@ zero_extendqisi2
 494 0704 000053E3 		cmp	r3, #0
 495 0708 C701000A 		beq	.L79
 496 070c 00309CE5 		ldr	r3, [ip, #0]
 497 0710 1120D3E5 		ldrb	r2, [r3, #17]	@ zero_extendqisi2
 498 0714 102082E3 		orr	r2, r2, #16
 499 0718 1120C3E5 		strb	r2, [r3, #17]
 500 071c 0030A0E3 		mov	r3, #0
 501 0720 0030C1E5 		strb	r3, [r1, #0]
 502              	.L79:
 503 0724 94309FE5 		ldr	r3, .L91+128
 504 0728 002093E5 		ldr	r2, [r3, #0]
 505 072c 94309FE5 		ldr	r3, .L91+136
 506 0730 0030D3E5 		ldrb	r3, [r3, #0]	@ zero_extendqisi2
 507 0734 1330C2E5 		strb	r3, [r2, #19]
 508              	.L18:
 509 0738 F06F9DE8 		ldmfd	sp, {r4, r5, r6, r7, r8, r9, sl, fp, sp, lr}
 510 073c 1EFF2FE1 		bx	lr
 511              	.L92:
 512              		.align	2
 513              	.L91:
 514 0740 00000000 		.word	ppm_valid
 515 0744 00000000 		.word	ppm_cpt
 516 0748 00000000 		.word	ppm_pulses
 517 074c 00000000 		.word	rc_status
 518 0750 00000000 		.word	time_since_last_ppm
 519 0754 E059C7BF 		.word	-1077454368
 520 0758 D8DFC5BF 		.word	-1077551144
 521 075c 00000000 		.word	rc_values
 522 0760 80DAFFFF 		.word	-9600
 523 0764 5C83C33F 		.word	1069777756
 524 0768 79CEC93F 		.word	1070190201
 525 076c 289C46BF 		.word	-1085891544
 526 0770 76EDD5BF 		.word	-1076499082
 527 0774 E156B9BF 		.word	-1078372639
 528 0778 00000000 		.word	avg_cpt.7
 529 077c 00000000 		.word	avg_rc_values
 530 0780 165B93BF 		.word	-1080861930
 531 0784 869A93BF 		.word	-1080845690
 532 0788 5FCF923F 		.word	1066585951
 533 078c A9F6943F 		.word	1066727081
 534 0790 238C923F 		.word	1066568739
 535 0794 DA81953F 		.word	1066762714
 536 0798 9A4D92BF 		.word	-1080930918
 537 079c 2F2394BF 		.word	-1080810705
 538 07a0 00000000 		.word	rc_values_contains_avg_channels
 539 07a4 00000000 		.word	fbw_mode
 540 07a8 00000000 		.word	commands
 541 07ac 00000000 		.word	inter_mcu_received_ap
 542 07b0 00000000 		.word	inter_mcu_received_fbw
 543 07b4 00000000 		.word	time_since_last_ap
 544 07b8 00000000 		.word	ap_ok
 545 07bc 00000000 		.word	ap_state
 546 07c0 00000000 		.word	fbw_state
 547 07c4 00000000 		.word	last_ppm_cpt
 548 07c8 00000000 		.word	fbw_vsupply_decivolt
 550              		.bss
 551              	_10Hz.0:
 552 0001 00       		.space	1
 553              	_1Hz.1:
 554 0002 00       		.space	1
 555              	i60.2:
 556 0003 00       		.space	1
 557              		.align	1
 558              	i300.3:
 559 0004 0000     		.space	2
 560              	i30.4:
 561 0006 00       		.space	1
 562              	i60.5:
 563 0007 00       		.space	1
 564              		.align	1
 565              	i300.6:
 566 0008 0000     		.space	2
 567              		.global	__divsi3
 568              		.global	__floatsidf
 569              		.global	__muldf3
 570              		.global	__fixunsdfsi
 571              		.global	__subsf3
 572              		.global	__extendsfdf2
 573              		.global	__gtsf2
 574              		.global	__truncdfsf2
 575              		.global	__adddf3
 576              		.global	__fixdfsi
 577              		.text
 578              		.align	2
 579              		.global	periodic_task_fbw
 581              	periodic_task_fbw:
 582              		@ Function supports interworking.
 583              		@ args = 0, pretend = 0, frame = 0
 584              		@ frame_needed = 1, uses_anonymous_args = 0
 585 07cc 0DC0A0E1 		mov	ip, sp
 586 07d0 F0DD2DE9 		stmfd	sp!, {r4, r5, r6, r7, r8, sl, fp, ip, lr, pc}
 587 07d4 2CAB9FE5 		ldr	sl, .L197+64
 588 07d8 0030DAE5 		ldrb	r3, [sl, #0]	@ zero_extendqisi2
 589 07dc 013083E2 		add	r3, r3, #1
 590 07e0 0030CAE5 		strb	r3, [sl, #0]
 591 07e4 0030DAE5 		ldrb	r3, [sl, #0]	@ zero_extendqisi2
 592 07e8 04B04CE2 		sub	fp, ip, #4
 593 07ec 050053E3 		cmp	r3, #5
 594 07f0 14CB9FE5 		ldr	ip, .L197+68
 595 07f4 0030A083 		movhi	r3, #0
 596 07f8 0030CA85 		strhib	r3, [sl, #0]
 597 07fc 0030DCE5 		ldrb	r3, [ip, #0]	@ zero_extendqisi2
 598 0800 013083E2 		add	r3, r3, #1
 599 0804 0030CCE5 		strb	r3, [ip, #0]
 600 0808 0030DCE5 		ldrb	r3, [ip, #0]	@ zero_extendqisi2
 601 080c 3B0053E3 		cmp	r3, #59
 602 0810 0A02009A 		bls	.L95
 603 0814 F40A9FE5 		ldr	r0, .L197+72
 604 0818 F43A9FE5 		ldr	r3, .L197+76
 605 081c 0010D0E5 		ldrb	r1, [r0, #0]	@ zero_extendqisi2
 606 0820 0020A0E3 		mov	r2, #0
 607 0824 0010C3E5 		strb	r1, [r3, #0]
 608 0828 0020C0E5 		strb	r2, [r0, #0]
 609 082c 0020CCE5 		strb	r2, [ip, #0]
 610              	.L95:
 611 0830 E00A9FE5 		ldr	r0, .L197+80
 612 0834 0010D0E5 		ldrb	r1, [r0, #0]	@ zero_extendqisi2
 613 0838 FF3001E2 		and	r3, r1, #255
 614 083c 3B0053E3 		cmp	r3, #59
 615 0840 D43A9F85 		ldrhi	r3, .L197+84
 616 0844 0220A083 		movhi	r2, #2
 617 0848 0020C385 		strhib	r2, [r3, #0]
 618 084c 1802008A 		bhi	.L99
 619 0850 1D0053E3 		cmp	r3, #29
 620 0854 C03A9F85 		ldrhi	r3, .L197+84
 621 0858 0120A083 		movhi	r2, #1
 622 085c 0020C385 		strhib	r2, [r3, #0]
 623 0860 013081E2 		add	r3, r1, #1
 624 0864 0030C0E5 		strb	r3, [r0, #0]
 625              	.L99:
 626 0868 B05A9FE5 		ldr	r5, .L197+88
 627 086c 0030D5E5 		ldrb	r3, [r5, #0]	@ zero_extendqisi2
 628 0870 000053E3 		cmp	r3, #0
 629 0874 2102001A 		bne	.L100
 630 0878 9C3A9FE5 		ldr	r3, .L197+84
 631 087c 0030D3E5 		ldrb	r3, [r3, #0]	@ zero_extendqisi2
 632 0880 020053E3 		cmp	r3, #2
 633 0884 01304302 		subeq	r3, r3, #1
 634 0888 0030C505 		streqb	r3, [r5, #0]
 635              	.L100:
 636 088c 902A9FE5 		ldr	r2, .L197+92
 637 0890 0030D2E5 		ldrb	r3, [r2, #0]	@ zero_extendqisi2
 638 0894 1D0053E3 		cmp	r3, #29
 639 0898 883A9F85 		ldrhi	r3, .L197+96
 640 089c 01308392 		addls	r3, r3, #1
 641 08a0 0020A083 		movhi	r2, #0
 642 08a4 0020C385 		strhib	r2, [r3, #0]
 643 08a8 0030C295 		strlsb	r3, [r2, #0]
 644 08ac 0030D5E5 		ldrb	r3, [r5, #0]	@ zero_extendqisi2
 645 08b0 010053E3 		cmp	r3, #1
 646 08b4 3B02001A 		bne	.L104
 647 08b8 683A9FE5 		ldr	r3, .L197+96
 648 08bc 0010D3E5 		ldrb	r1, [r3, #0]	@ zero_extendqisi2
 649 08c0 000051E3 		cmp	r1, #0
 650 08c4 3B02001A 		bne	.L104
 651 08c8 0230A0E3 		mov	r3, #2
 652 08cc 0030C5E5 		strb	r3, [r5, #0]
 653 08d0 0100A0E1 		mov	r0, r1
 654              	.L108:
 655 08d4 502A9FE5 		ldr	r2, .L197+100
 656 08d8 8010A0E1 		mov	r1, r0, asl #1
 657 08dc 4C3A9FE5 		ldr	r3, .L197+104
 658 08e0 010080E2 		add	r0, r0, #1
 659 08e4 B22091E1 		ldrh	r2, [r1, r2]
 660 08e8 030050E3 		cmp	r0, #3
 661 08ec B32081E1 		strh	r2, [r1, r3]	@ movhi 
 662 08f0 330200DA 		ble	.L108
 663              	.L104:
 664 08f4 388A9FE5 		ldr	r8, .L197+108
 665 08f8 0060D8E5 		ldrb	r6, [r8, #0]	@ zero_extendqisi2
 666 08fc 000056E3 		cmp	r6, #0
 667 0900 DB02001A 		bne	.L110
 668 0904 2C2A9FE5 		ldr	r2, .L197+112
 669 0908 0030D2E5 		ldrb	r3, [r2, #0]	@ zero_extendqisi2
 670 090c 013083E2 		add	r3, r3, #1
 671 0910 0030C2E5 		strb	r3, [r2, #0]
 672 0914 207A9FE5 		ldr	r7, .L197+116
 673 0918 0030D2E5 		ldrb	r3, [r2, #0]	@ zero_extendqisi2
 674 091c 3B0053E3 		cmp	r3, #59
 675 0920 B030D7E1 		ldrh	r3, [r7, #0]
 676 0924 013083E2 		add	r3, r3, #1
 677 0928 B030C7E1 		strh	r3, [r7, #0]	@ movhi 
 678 092c 0060C285 		strhib	r6, [r2, #0]
 679 0930 B030D7E1 		ldrh	r3, [r7, #0]
 680 0934 4B0F53E3 		cmp	r3, #300
 681 0938 0030D2E5 		ldrb	r3, [r2, #0]	@ zero_extendqisi2
 682 093c B060C721 		strcsh	r6, [r7, #0]	@ movhi 
 683 0940 000053E3 		cmp	r3, #0
 684 0944 7902001A 		bne	.L113
 685 0948 1000A0E3 		mov	r0, #16
 686 094c FEFFFFEB 		bl	uart0_check_free_space
 687 0950 FF0010E3 		tst	r0, #255
 688 0954 A402000A 		beq	.L122
 689 0958 E0599FE5 		ldr	r5, .L197+120
 690 095c 0B00A0E3 		mov	r0, #11
 691 0960 0060C5E5 		strb	r6, [r5, #0]
 692 0964 FEFFFFEB 		bl	uart0_transmit
 693 0968 0030D5E5 		ldrb	r3, [r5, #0]	@ zero_extendqisi2
 694 096c 2C3083E2 		add	r3, r3, #44
 695 0970 2C00A0E3 		mov	r0, #44
 696 0974 0030C5E5 		strb	r3, [r5, #0]
 697 0978 FEFFFFEB 		bl	uart0_transmit
 698 097c 0030D5E5 		ldrb	r3, [r5, #0]	@ zero_extendqisi2
 699 0980 663083E2 		add	r3, r3, #102
 700 0984 6600A0E3 		mov	r0, #102
 701 0988 0030C5E5 		strb	r3, [r5, #0]
 702 098c FEFFFFEB 		bl	uart0_transmit
 703 0990 0030D5E5 		ldrb	r3, [r5, #0]	@ zero_extendqisi2
 704 0994 043083E2 		add	r3, r3, #4
 705 0998 0400A0E3 		mov	r0, #4
 706 099c 0030C5E5 		strb	r3, [r5, #0]
 707 09a0 FEFFFFEB 		bl	uart0_transmit
 708              	.L118:
 709 09a4 84499FE5 		ldr	r4, .L197+104
 710 09a8 0030D5E5 		ldrb	r3, [r5, #0]	@ zero_extendqisi2
 711 09ac 8600D4E7 		ldrb	r0, [r4, r6, asl #1]	@ zero_extendqisi2
 712 09b0 033080E0 		add	r3, r0, r3
 713 09b4 0030C5E5 		strb	r3, [r5, #0]
 714 09b8 014084E2 		add	r4, r4, #1
 715 09bc FEFFFFEB 		bl	uart0_transmit
 716 09c0 8630D4E7 		ldrb	r3, [r4, r6, asl #1]	@ zero_extendqisi2
 717 09c4 0020D5E5 		ldrb	r2, [r5, #0]	@ zero_extendqisi2
 718 09c8 0300A0E1 		mov	r0, r3
 719 09cc 023083E0 		add	r3, r3, r2
 720 09d0 0030C5E5 		strb	r3, [r5, #0]
 721 09d4 FEFFFFEB 		bl	uart0_transmit
 722 09d8 013086E2 		add	r3, r6, #1
 723 09dc FF6003E2 		and	r6, r3, #255
 724 09e0 030056E3 		cmp	r6, #3
 725 09e4 6702009A 		bls	.L118
 726 09e8 A10200EA 		b	.L194
 727              	.L113:
 728 09ec 060053E3 		cmp	r3, #6
 729 09f0 A802001A 		bne	.L120
 730 09f4 0A00A0E3 		mov	r0, #10
 731 09f8 FEFFFFEB 		bl	uart0_check_free_space
 732 09fc FF0010E3 		tst	r0, #255
 733 0a00 A402000A 		beq	.L122
 734 0a04 34499FE5 		ldr	r4, .L197+120
 735 0a08 0500A0E3 		mov	r0, #5
 736 0a0c 0060C4E5 		strb	r6, [r4, #0]
 737 0a10 FEFFFFEB 		bl	uart0_transmit
 738 0a14 0030D4E5 		ldrb	r3, [r4, #0]	@ zero_extendqisi2
 739 0a18 2C3083E2 		add	r3, r3, #44
 740 0a1c 2C00A0E3 		mov	r0, #44
 741 0a20 0030C4E5 		strb	r3, [r4, #0]
 742 0a24 FEFFFFEB 		bl	uart0_transmit
 743 0a28 0030D4E5 		ldrb	r3, [r4, #0]	@ zero_extendqisi2
 744 0a2c 673083E2 		add	r3, r3, #103
 745 0a30 6700A0E3 		mov	r0, #103
 746 0a34 0030C4E5 		strb	r3, [r4, #0]
 747 0a38 FEFFFFEB 		bl	uart0_transmit
 748 0a3c D8389FE5 		ldr	r3, .L197+84
 749 0a40 0020D4E5 		ldrb	r2, [r4, #0]	@ zero_extendqisi2
 750 0a44 0030D3E5 		ldrb	r3, [r3, #0]	@ zero_extendqisi2
 751 0a48 0300A0E1 		mov	r0, r3
 752 0a4c 023083E0 		add	r3, r3, r2
 753 0a50 0030C4E5 		strb	r3, [r4, #0]
 754 0a54 FEFFFFEB 		bl	uart0_transmit
 755 0a58 0030D5E5 		ldrb	r3, [r5, #0]	@ zero_extendqisi2
 756 0a5c 0020D4E5 		ldrb	r2, [r4, #0]	@ zero_extendqisi2
 757 0a60 0300A0E1 		mov	r0, r3
 758 0a64 023083E0 		add	r3, r3, r2
 759 0a68 0030C4E5 		strb	r3, [r4, #0]
 760 0a6c FEFFFFEB 		bl	uart0_transmit
 761 0a70 CC389FE5 		ldr	r3, .L197+124
 762 0a74 0020D4E5 		ldrb	r2, [r4, #0]	@ zero_extendqisi2
 763 0a78 0030D3E5 		ldrb	r3, [r3, #0]	@ zero_extendqisi2
 764 0a7c 0300A0E1 		mov	r0, r3
 765 0a80 023083E0 		add	r3, r3, r2
 766 0a84 0030C4E5 		strb	r3, [r4, #0]
 767 0a88 FEFFFFEB 		bl	uart0_transmit
 768              	.L194:
 769 0a8c FF00A0E3 		mov	r0, #255
 770 0a90 FEFFFFEB 		bl	uart0_transmit
 771 0a94 A80200EA 		b	.L120
 772              	.L122:
 773 0a98 A8289FE5 		ldr	r2, .L197+128
 774 0a9c 0030D2E5 		ldrb	r3, [r2, #0]	@ zero_extendqisi2
 775 0aa0 013083E2 		add	r3, r3, #1
 776 0aa4 0030C2E5 		strb	r3, [r2, #0]
 777              	.L120:
 778 0aa8 B030D7E1 		ldrh	r3, [r7, #0]
 779 0aac 0C0053E3 		cmp	r3, #12
 780 0ab0 DB02001A 		bne	.L110
 781 0ab4 1200A0E3 		mov	r0, #18
 782 0ab8 FEFFFFEB 		bl	uart0_check_free_space
 783 0abc FF0010E3 		tst	r0, #255
 784 0ac0 80289F05 		ldreq	r2, .L197+128
 785 0ac4 0030D205 		ldreqb	r3, [r2, #0]	@ zero_extendqisi2
 786 0ac8 01308302 		addeq	r3, r3, #1
 787 0acc 0030C205 		streqb	r3, [r2, #0]
 788 0ad0 DB02000A 		beq	.L110
 789 0ad4 64589FE5 		ldr	r5, .L197+120
 790 0ad8 0040A0E3 		mov	r4, #0
 791 0adc 0D00A0E3 		mov	r0, #13
 792 0ae0 0040C5E5 		strb	r4, [r5, #0]
 793 0ae4 FEFFFFEB 		bl	uart0_transmit
 794 0ae8 0030D5E5 		ldrb	r3, [r5, #0]	@ zero_extendqisi2
 795 0aec 2C3083E2 		add	r3, r3, #44
 796 0af0 2C00A0E3 		mov	r0, #44
 797 0af4 0030C5E5 		strb	r3, [r5, #0]
 798 0af8 FEFFFFEB 		bl	uart0_transmit
 799 0afc 0030D5E5 		ldrb	r3, [r5, #0]	@ zero_extendqisi2
 800 0b00 693083E2 		add	r3, r3, #105
 801 0b04 6900A0E3 		mov	r0, #105
 802 0b08 0030C5E5 		strb	r3, [r5, #0]
 803 0b0c FEFFFFEB 		bl	uart0_transmit
 804 0b10 0030D5E5 		ldrb	r3, [r5, #0]	@ zero_extendqisi2
 805 0b14 053083E2 		add	r3, r3, #5
 806 0b18 0500A0E3 		mov	r0, #5
 807 0b1c 0030C5E5 		strb	r3, [r5, #0]
 808 0b20 FEFFFFEB 		bl	uart0_transmit
 809 0b24 0460A0E1 		mov	r6, r4
 810              	.L129:
 811 0b28 1C489FE5 		ldr	r4, .L197+132
 812 0b2c 0030D5E5 		ldrb	r3, [r5, #0]	@ zero_extendqisi2
 813 0b30 8600D4E7 		ldrb	r0, [r4, r6, asl #1]	@ zero_extendqisi2
 814 0b34 033080E0 		add	r3, r0, r3
 815 0b38 0030C5E5 		strb	r3, [r5, #0]
 816 0b3c 014084E2 		add	r4, r4, #1
 817 0b40 FEFFFFEB 		bl	uart0_transmit
 818 0b44 8630D4E7 		ldrb	r3, [r4, r6, asl #1]	@ zero_extendqisi2
 819 0b48 0020D5E5 		ldrb	r2, [r5, #0]	@ zero_extendqisi2
 820 0b4c 0300A0E1 		mov	r0, r3
 821 0b50 023083E0 		add	r3, r3, r2
 822 0b54 0030C5E5 		strb	r3, [r5, #0]
 823 0b58 FEFFFFEB 		bl	uart0_transmit
 824 0b5c 013086E2 		add	r3, r6, #1
 825 0b60 FF6003E2 		and	r6, r3, #255
 826 0b64 040056E3 		cmp	r6, #4
 827 0b68 C802009A 		bls	.L129
 828 0b6c FF00A0E3 		mov	r0, #255
 829 0b70 FEFFFFEB 		bl	uart0_transmit
 830              	.L110:
 831 0b74 0030D8E5 		ldrb	r3, [r8, #0]	@ zero_extendqisi2
 832 0b78 010053E3 		cmp	r3, #1
 833 0b7c E703001A 		bne	.L168
 834 0b80 C8279FE5 		ldr	r2, .L197+136
 835 0b84 0030D2E5 		ldrb	r3, [r2, #0]	@ zero_extendqisi2
 836 0b88 013083E2 		add	r3, r3, #1
 837 0b8c 0030C2E5 		strb	r3, [r2, #0]
 838 0b90 0030D2E5 		ldrb	r3, [r2, #0]	@ zero_extendqisi2
 839 0b94 B8779FE5 		ldr	r7, .L197+140
 840 0b98 1D0053E3 		cmp	r3, #29
 841 0b9c 0030A083 		movhi	r3, #0
 842 0ba0 0030C285 		strhib	r3, [r2, #0]
 843 0ba4 0030D7E5 		ldrb	r3, [r7, #0]	@ zero_extendqisi2
 844 0ba8 013083E2 		add	r3, r3, #1
 845 0bac 0030C7E5 		strb	r3, [r7, #0]
 846 0bb0 0030D7E5 		ldrb	r3, [r7, #0]	@ zero_extendqisi2
 847 0bb4 9C879FE5 		ldr	r8, .L197+144
 848 0bb8 3B0053E3 		cmp	r3, #59
 849 0bbc 0030A083 		movhi	r3, #0
 850 0bc0 0030C785 		strhib	r3, [r7, #0]
 851 0bc4 B030D8E1 		ldrh	r3, [r8, #0]
 852 0bc8 013083E2 		add	r3, r3, #1
 853 0bcc B030C8E1 		strh	r3, [r8, #0]	@ movhi 
 854 0bd0 B030D8E1 		ldrh	r3, [r8, #0]
 855 0bd4 0040D2E5 		ldrb	r4, [r2, #0]	@ zero_extendqisi2
 856 0bd8 4B0F53E3 		cmp	r3, #300
 857 0bdc 0030A023 		movcs	r3, #0	@ movhi
 858 0be0 B030C821 		strcsh	r3, [r8, #0]	@ movhi 
 859 0be4 000054E3 		cmp	r4, #0
 860 0be8 2303001A 		bne	.L135
 861 0bec 1800A0E3 		mov	r0, #24
 862 0bf0 FEFFFFEB 		bl	uart0_check_free_space
 863 0bf4 FF0010E3 		tst	r0, #255
 864 0bf8 7F03000A 		beq	.L152
 865 0bfc 3C579FE5 		ldr	r5, .L197+120
 866 0c00 1300A0E3 		mov	r0, #19
 867 0c04 0040C5E5 		strb	r4, [r5, #0]
 868 0c08 FEFFFFEB 		bl	uart0_transmit
 869 0c0c 0030D5E5 		ldrb	r3, [r5, #0]	@ zero_extendqisi2
 870 0c10 2C3083E2 		add	r3, r3, #44
 871 0c14 2C00A0E3 		mov	r0, #44
 872 0c18 0030C5E5 		strb	r3, [r5, #0]
 873 0c1c FEFFFFEB 		bl	uart0_transmit
 874 0c20 0030D5E5 		ldrb	r3, [r5, #0]	@ zero_extendqisi2
 875 0c24 643083E2 		add	r3, r3, #100
 876 0c28 6400A0E3 		mov	r0, #100
 877 0c2c 0030C5E5 		strb	r3, [r5, #0]
 878 0c30 FEFFFFEB 		bl	uart0_transmit
 879 0c34 0030D5E5 		ldrb	r3, [r5, #0]	@ zero_extendqisi2
 880 0c38 083083E2 		add	r3, r3, #8
 881 0c3c 0800A0E3 		mov	r0, #8
 882 0c40 0030C5E5 		strb	r3, [r5, #0]
 883 0c44 FEFFFFEB 		bl	uart0_transmit
 884 0c48 0460A0E1 		mov	r6, r4
 885              	.L140:
 886 0c4c 08479FE5 		ldr	r4, .L197+148
 887 0c50 0030D5E5 		ldrb	r3, [r5, #0]	@ zero_extendqisi2
 888 0c54 8600D4E7 		ldrb	r0, [r4, r6, asl #1]	@ zero_extendqisi2
 889 0c58 033080E0 		add	r3, r0, r3
 890 0c5c 0030C5E5 		strb	r3, [r5, #0]
 891 0c60 014084E2 		add	r4, r4, #1
 892 0c64 FEFFFFEB 		bl	uart0_transmit
 893 0c68 8630D4E7 		ldrb	r3, [r4, r6, asl #1]	@ zero_extendqisi2
 894 0c6c 0020D5E5 		ldrb	r2, [r5, #0]	@ zero_extendqisi2
 895 0c70 0300A0E1 		mov	r0, r3
 896 0c74 023083E0 		add	r3, r3, r2
 897 0c78 0030C5E5 		strb	r3, [r5, #0]
 898 0c7c FEFFFFEB 		bl	uart0_transmit
 899 0c80 013086E2 		add	r3, r6, #1
 900 0c84 FF6003E2 		and	r6, r3, #255
 901 0c88 070056E3 		cmp	r6, #7
 902 0c8c 1103009A 		bls	.L140
 903 0c90 7C0300EA 		b	.L195
 904              	.L135:
 905 0c94 060054E3 		cmp	r4, #6
 906 0c98 5003001A 		bne	.L143
 907 0c9c 1800A0E3 		mov	r0, #24
 908 0ca0 FEFFFFEB 		bl	uart0_check_free_space
 909 0ca4 FF0010E3 		tst	r0, #255
 910 0ca8 7F03000A 		beq	.L152
 911 0cac 8C569FE5 		ldr	r5, .L197+120
 912 0cb0 064044E2 		sub	r4, r4, #6
 913 0cb4 1300A0E3 		mov	r0, #19
 914 0cb8 0040C5E5 		strb	r4, [r5, #0]
 915 0cbc FEFFFFEB 		bl	uart0_transmit
 916 0cc0 0030D5E5 		ldrb	r3, [r5, #0]	@ zero_extendqisi2
 917 0cc4 2C3083E2 		add	r3, r3, #44
 918 0cc8 2C00A0E3 		mov	r0, #44
 919 0ccc 0030C5E5 		strb	r3, [r5, #0]
 920 0cd0 FEFFFFEB 		bl	uart0_transmit
 921 0cd4 0030D5E5 		ldrb	r3, [r5, #0]	@ zero_extendqisi2
 922 0cd8 653083E2 		add	r3, r3, #101
 923 0cdc 6500A0E3 		mov	r0, #101
 924 0ce0 0030C5E5 		strb	r3, [r5, #0]
 925 0ce4 FEFFFFEB 		bl	uart0_transmit
 926 0ce8 0030D5E5 		ldrb	r3, [r5, #0]	@ zero_extendqisi2
 927 0cec 083083E2 		add	r3, r3, #8
 928 0cf0 0800A0E3 		mov	r0, #8
 929 0cf4 0030C5E5 		strb	r3, [r5, #0]
 930 0cf8 FEFFFFEB 		bl	uart0_transmit
 931 0cfc 0460A0E1 		mov	r6, r4
 932              	.L148:
 933 0d00 58469FE5 		ldr	r4, .L197+152
 934 0d04 0030D5E5 		ldrb	r3, [r5, #0]	@ zero_extendqisi2
 935 0d08 8600D4E7 		ldrb	r0, [r4, r6, asl #1]	@ zero_extendqisi2
 936 0d0c 033080E0 		add	r3, r0, r3
 937 0d10 0030C5E5 		strb	r3, [r5, #0]
 938 0d14 014084E2 		add	r4, r4, #1
 939 0d18 FEFFFFEB 		bl	uart0_transmit
 940 0d1c 8630D4E7 		ldrb	r3, [r4, r6, asl #1]	@ zero_extendqisi2
 941 0d20 0020D5E5 		ldrb	r2, [r5, #0]	@ zero_extendqisi2
 942 0d24 0300A0E1 		mov	r0, r3
 943 0d28 023083E0 		add	r3, r3, r2
 944 0d2c 0030C5E5 		strb	r3, [r5, #0]
 945 0d30 FEFFFFEB 		bl	uart0_transmit
 946 0d34 013086E2 		add	r3, r6, #1
 947 0d38 FF6003E2 		and	r6, r3, #255
 948 0d3c 070056E3 		cmp	r6, #7
 949 0d40 3E03009A 		bls	.L148
 950 0d44 7C0300EA 		b	.L195
 951              	.L143:
 952 0d48 0C0054E3 		cmp	r4, #12
 953 0d4c 8303001A 		bne	.L142
 954 0d50 1000A0E3 		mov	r0, #16
 955 0d54 FEFFFFEB 		bl	uart0_check_free_space
 956 0d58 FF0010E3 		tst	r0, #255
 957 0d5c 7F03000A 		beq	.L152
 958 0d60 D8559FE5 		ldr	r5, .L197+120
 959 0d64 0C4044E2 		sub	r4, r4, #12
 960 0d68 0B00A0E3 		mov	r0, #11
 961 0d6c 0040C5E5 		strb	r4, [r5, #0]
 962 0d70 FEFFFFEB 		bl	uart0_transmit
 963 0d74 0030D5E5 		ldrb	r3, [r5, #0]	@ zero_extendqisi2
 964 0d78 2C3083E2 		add	r3, r3, #44
 965 0d7c 2C00A0E3 		mov	r0, #44
 966 0d80 0030C5E5 		strb	r3, [r5, #0]
 967 0d84 FEFFFFEB 		bl	uart0_transmit
 968 0d88 0030D5E5 		ldrb	r3, [r5, #0]	@ zero_extendqisi2
 969 0d8c 663083E2 		add	r3, r3, #102
 970 0d90 6600A0E3 		mov	r0, #102
 971 0d94 0030C5E5 		strb	r3, [r5, #0]
 972 0d98 FEFFFFEB 		bl	uart0_transmit
 973 0d9c 0030D5E5 		ldrb	r3, [r5, #0]	@ zero_extendqisi2
 974 0da0 043083E2 		add	r3, r3, #4
 975 0da4 0400A0E3 		mov	r0, #4
 976 0da8 0030C5E5 		strb	r3, [r5, #0]
 977 0dac FEFFFFEB 		bl	uart0_transmit
 978 0db0 0460A0E1 		mov	r6, r4
 979              	.L156:
 980 0db4 74459FE5 		ldr	r4, .L197+104
 981 0db8 0030D5E5 		ldrb	r3, [r5, #0]	@ zero_extendqisi2
 982 0dbc 8600D4E7 		ldrb	r0, [r4, r6, asl #1]	@ zero_extendqisi2
 983 0dc0 033080E0 		add	r3, r0, r3
 984 0dc4 0030C5E5 		strb	r3, [r5, #0]
 985 0dc8 014084E2 		add	r4, r4, #1
 986 0dcc FEFFFFEB 		bl	uart0_transmit
 987 0dd0 8630D4E7 		ldrb	r3, [r4, r6, asl #1]	@ zero_extendqisi2
 988 0dd4 0020D5E5 		ldrb	r2, [r5, #0]	@ zero_extendqisi2
 989 0dd8 0300A0E1 		mov	r0, r3
 990 0ddc 023083E0 		add	r3, r3, r2
 991 0de0 0030C5E5 		strb	r3, [r5, #0]
 992 0de4 FEFFFFEB 		bl	uart0_transmit
 993 0de8 013086E2 		add	r3, r6, #1
 994 0dec FF6003E2 		and	r6, r3, #255
 995 0df0 030056E3 		cmp	r6, #3
 996 0df4 6B03009A 		bls	.L156
 997              	.L195:
 998 0df8 FF00A0E3 		mov	r0, #255
 999 0dfc FEFFFFEB 		bl	uart0_transmit
 1000 0e00 830300EA 		b	.L142
 1001              	.L152:
 1002 0e04 3C259FE5 		ldr	r2, .L197+128
 1003 0e08 0030D2E5 		ldrb	r3, [r2, #0]	@ zero_extendqisi2
 1004 0e0c 013083E2 		add	r3, r3, #1
 1005 0e10 0030C2E5 		strb	r3, [r2, #0]
 1006              	.L142:
 1007 0e14 0030D7E5 		ldrb	r3, [r7, #0]	@ zero_extendqisi2
 1008 0e18 120053E3 		cmp	r3, #18
 1009 0e1c B403001A 		bne	.L158
 1010 0e20 0A00A0E3 		mov	r0, #10
 1011 0e24 FEFFFFEB 		bl	uart0_check_free_space
 1012 0e28 FF0010E3 		tst	r0, #255
 1013 0e2c 14259F05 		ldreq	r2, .L197+128
 1014 0e30 0030D205 		ldreqb	r3, [r2, #0]	@ zero_extendqisi2
 1015 0e34 01308302 		addeq	r3, r3, #1
 1016 0e38 0030C205 		streqb	r3, [r2, #0]
 1017 0e3c B403000A 		beq	.L158
 1018 0e40 F8449FE5 		ldr	r4, .L197+120
 1019 0e44 0030A0E3 		mov	r3, #0
 1020 0e48 0500A0E3 		mov	r0, #5
 1021 0e4c 0030C4E5 		strb	r3, [r4, #0]
 1022 0e50 FEFFFFEB 		bl	uart0_transmit
 1023 0e54 0030D4E5 		ldrb	r3, [r4, #0]	@ zero_extendqisi2
 1024 0e58 2C3083E2 		add	r3, r3, #44
 1025 0e5c 2C00A0E3 		mov	r0, #44
 1026 0e60 0030C4E5 		strb	r3, [r4, #0]
 1027 0e64 FEFFFFEB 		bl	uart0_transmit
 1028 0e68 0030D4E5 		ldrb	r3, [r4, #0]	@ zero_extendqisi2
 1029 0e6c 673083E2 		add	r3, r3, #103
 1030 0e70 6700A0E3 		mov	r0, #103
 1031 0e74 0030C4E5 		strb	r3, [r4, #0]
 1032 0e78 FEFFFFEB 		bl	uart0_transmit
 1033 0e7c 98349FE5 		ldr	r3, .L197+84
 1034 0e80 0020D4E5 		ldrb	r2, [r4, #0]	@ zero_extendqisi2
 1035 0e84 0030D3E5 		ldrb	r3, [r3, #0]	@ zero_extendqisi2
 1036 0e88 0300A0E1 		mov	r0, r3
 1037 0e8c 023083E0 		add	r3, r3, r2
 1038 0e90 0030C4E5 		strb	r3, [r4, #0]
 1039 0e94 FEFFFFEB 		bl	uart0_transmit
 1040 0e98 80349FE5 		ldr	r3, .L197+88
 1041 0e9c 0020D4E5 		ldrb	r2, [r4, #0]	@ zero_extendqisi2
 1042 0ea0 0030D3E5 		ldrb	r3, [r3, #0]	@ zero_extendqisi2
 1043 0ea4 0300A0E1 		mov	r0, r3
 1044 0ea8 023083E0 		add	r3, r3, r2
 1045 0eac 0030C4E5 		strb	r3, [r4, #0]
 1046 0eb0 FEFFFFEB 		bl	uart0_transmit
 1047 0eb4 88349FE5 		ldr	r3, .L197+124
 1048 0eb8 0020D4E5 		ldrb	r2, [r4, #0]	@ zero_extendqisi2
 1049 0ebc 0030D3E5 		ldrb	r3, [r3, #0]	@ zero_extendqisi2
 1050 0ec0 0300A0E1 		mov	r0, r3
 1051 0ec4 023083E0 		add	r3, r3, r2
 1052 0ec8 0030C4E5 		strb	r3, [r4, #0]
 1053 0ecc FEFFFFEB 		bl	uart0_transmit
 1054 0ed0 FF00A0E3 		mov	r0, #255
 1055 0ed4 FEFFFFEB 		bl	uart0_transmit
 1056              	.L158:
 1057 0ed8 B030D8E1 		ldrh	r3, [r8, #0]
 1058 0edc 180053E3 		cmp	r3, #24
 1059 0ee0 E703001A 		bne	.L168
 1060 0ee4 1200A0E3 		mov	r0, #18
 1061 0ee8 FEFFFFEB 		bl	uart0_check_free_space
 1062 0eec FF0010E3 		tst	r0, #255
 1063 0ef0 50249F05 		ldreq	r2, .L197+128
 1064 0ef4 0030D205 		ldreqb	r3, [r2, #0]	@ zero_extendqisi2
 1065 0ef8 01308302 		addeq	r3, r3, #1
 1066 0efc 0030C205 		streqb	r3, [r2, #0]
 1067 0f00 E703000A 		beq	.L168
 1068 0f04 34549FE5 		ldr	r5, .L197+120
 1069 0f08 0040A0E3 		mov	r4, #0
 1070 0f0c 0D00A0E3 		mov	r0, #13
 1071 0f10 0040C5E5 		strb	r4, [r5, #0]
 1072 0f14 FEFFFFEB 		bl	uart0_transmit
 1073 0f18 0030D5E5 		ldrb	r3, [r5, #0]	@ zero_extendqisi2
 1074 0f1c 2C3083E2 		add	r3, r3, #44
 1075 0f20 2C00A0E3 		mov	r0, #44
 1076 0f24 0030C5E5 		strb	r3, [r5, #0]
 1077 0f28 FEFFFFEB 		bl	uart0_transmit
 1078 0f2c 0030D5E5 		ldrb	r3, [r5, #0]	@ zero_extendqisi2
 1079 0f30 693083E2 		add	r3, r3, #105
 1080 0f34 6900A0E3 		mov	r0, #105
 1081 0f38 0030C5E5 		strb	r3, [r5, #0]
 1082 0f3c FEFFFFEB 		bl	uart0_transmit
 1083 0f40 0030D5E5 		ldrb	r3, [r5, #0]	@ zero_extendqisi2
 1084 0f44 053083E2 		add	r3, r3, #5
 1085 0f48 0500A0E3 		mov	r0, #5
 1086 0f4c 0030C5E5 		strb	r3, [r5, #0]
 1087 0f50 FEFFFFEB 		bl	uart0_transmit
 1088 0f54 0460A0E1 		mov	r6, r4
 1089              	.L166:
 1090 0f58 EC439FE5 		ldr	r4, .L197+132
 1091 0f5c 0030D5E5 		ldrb	r3, [r5, #0]	@ zero_extendqisi2
 1092 0f60 8600D4E7 		ldrb	r0, [r4, r6, asl #1]	@ zero_extendqisi2
 1093 0f64 033080E0 		add	r3, r0, r3
 1094 0f68 0030C5E5 		strb	r3, [r5, #0]
 1095 0f6c 014084E2 		add	r4, r4, #1
 1096 0f70 FEFFFFEB 		bl	uart0_transmit
 1097 0f74 8630D4E7 		ldrb	r3, [r4, r6, asl #1]	@ zero_extendqisi2
 1098 0f78 0020D5E5 		ldrb	r2, [r5, #0]	@ zero_extendqisi2
 1099 0f7c 0300A0E1 		mov	r0, r3
 1100 0f80 023083E0 		add	r3, r3, r2
 1101 0f84 0030C5E5 		strb	r3, [r5, #0]
 1102 0f88 FEFFFFEB 		bl	uart0_transmit
 1103 0f8c 013086E2 		add	r3, r6, #1
 1104 0f90 FF6003E2 		and	r6, r3, #255
 1105 0f94 040056E3 		cmp	r6, #4
 1106 0f98 D403009A 		bls	.L166
 1107 0f9c FF00A0E3 		mov	r0, #255
 1108 0fa0 FEFFFFEB 		bl	uart0_transmit
 1109              	.L168:
 1110 0fa4 0030DAE5 		ldrb	r3, [sl, #0]	@ zero_extendqisi2
 1111 0fa8 000053E3 		cmp	r3, #0
 1112 0fac F703001A 		bne	.L169
 1113 0fb0 AC339FE5 		ldr	r3, .L197+156
 1114 0fb4 4310D3E5 		ldrb	r1, [r3, #67]	@ zero_extendqisi2
 1115 0fb8 B000D3E1 		ldrh	r0, [r3, #0]
 1116 0fbc FEFFFFEB 		bl	__divsi3
 1117 0fc0 000180E0 		add	r0, r0, r0, asl #2
 1118 0fc4 8000A0E1 		mov	r0, r0, asl #1
 1119 0fc8 FEFFFFEB 		bl	__floatsidf
 1120 0fcc BD2F8FE2 		adr	r2, .L197
 1121 0fd0 0C0092E8 		ldmia	r2, {r2-r3}
 1122 0fd4 FEFFFFEB 		bl	__muldf3
 1123 0fd8 FEFFFFEB 		bl	__fixunsdfsi
 1124 0fdc 60339FE5 		ldr	r3, .L197+124
 1125 0fe0 0000C3E5 		strb	r0, [r3, #0]
 1126              	.L169:
 1127 0fe4 44A39FE5 		ldr	sl, .L197+104
 1128 0fe8 F000DAE1 		ldrsh	r0, [sl, #0]
 1129 0fec FEFFFFEB 		bl	__floatsisf
 1130 0ff0 70339FE5 		ldr	r3, .L197+160
 1131 0ff4 0050A0E1 		mov	r5, r0
 1132 0ff8 0000D3E5 		ldrb	r0, [r3, #0]	@ zero_extendqisi2
 1133 0ffc FEFFFFEB 		bl	__floatsisf
 1134 1000 64139FE5 		ldr	r1, .L197+164
 1135 1004 FEFFFFEB 		bl	__subsf3
 1136 1008 60339FE5 		ldr	r3, .L197+168
 1137 100c 0040A0E1 		mov	r4, r0
 1138 1010 0000D3E5 		ldrb	r0, [r3, #0]	@ zero_extendqisi2
 1139 1014 FEFFFFEB 		bl	__floatsisf
 1140 1018 0010A0E1 		mov	r1, r0
 1141 101c 0400A0E1 		mov	r0, r4
 1142 1020 FEFFFFEB 		bl	__mulsf3
 1143 1024 0010A0E1 		mov	r1, r0
 1144 1028 0500A0E1 		mov	r0, r5
 1145 102c FEFFFFEB 		bl	__subsf3
 1146 1030 0040A0E1 		mov	r4, r0
 1147 1034 FEFFFFEB 		bl	__extendsfdf2
 1148 1038 0160A0E1 		mov	r6, r1
 1149 103c 0050A0E1 		mov	r5, r0
 1150 1040 0400A0E1 		mov	r0, r4
 1151 1044 0010A0E3 		mov	r1, #0
 1152 1048 FEFFFFEB 		bl	__gtsf2
 1153 104c 000050E3 		cmp	r0, #0
 1154 1050 9E2F8FC2 		adrgt	r2, .L197+8
 1155 1054 0C0092C8 		ldmgtia	r2, {r2-r3}
 1156 1058 0610A0C1 		movgt	r1, r6
 1157 105c 0500A0C1 		movgt	r0, r5
 1158              	.L170:
 1159 1060 272E8FD2 		adrle	r2, .L197+16
 1160 1064 0C0092D8 		ldmleia	r2, {r2-r3}
 1161 1068 0610A0D1 		movle	r1, r6
 1162 106c 0500A0D1 		movle	r0, r5
 1163              	.L196:
 1164 1070 FEFFFFEB 		bl	__muldf3
 1165 1074 FEFFFFEB 		bl	__truncdfsf2
 1166 1078 FEFFFFEB 		bl	__fixsfsi
 1167 107c 4B0E80E2 		add	r0, r0, #1200
 1168 1080 EC329FE5 		ldr	r3, .L197+172
 1169 1084 0008A0E1 		mov	r0, r0, asl #16
 1170 1088 2008A0E1 		mov	r0, r0, lsr #16
 1171 108c 030050E1 		cmp	r0, r3
 1172 1090 B4729FE5 		ldr	r7, .L197+132
 1173 1094 DC329F95 		ldrls	r3, .L197+176
 1174 1098 2804009A 		bls	.L174
 1175 109c 7D0E50E3 		cmp	r0, #2000
 1176 10a0 0030A031 		movcc	r3, r0
 1177 10a4 7D3EA023 		movcs	r3, #2000
 1178              	.L174:
 1179 10a8 B630C7E1 		strh	r3, [r7, #6]	@ movhi 
 1180 10ac B600D7E1 		ldrh	r0, [r7, #6]
 1181 10b0 FEFFFFEB 		bl	__floatsidf
 1182 10b4 892F8FE2 		adr	r2, .L197+24
 1183 10b8 0C0092E8 		ldmia	r2, {r2-r3}
 1184 10bc FEFFFFEB 		bl	__muldf3
 1185 10c0 222E8FE2 		adr	r2, .L197+32
 1186 10c4 0C0092E8 		ldmia	r2, {r2-r3}
 1187 10c8 FEFFFFEB 		bl	__muldf3
 1188 10cc 872F8FE2 		adr	r2, .L197+40
 1189 10d0 0C0092E8 		ldmia	r2, {r2-r3}
 1190 10d4 FEFFFFEB 		bl	__adddf3
 1191 10d8 FEFFFFEB 		bl	__fixunsdfsi
 1192 10dc B230DAE1 		ldrh	r3, [sl, #2]
 1193 10e0 B420DAE1 		ldrh	r2, [sl, #4]
 1194 10e4 0368A0E1 		mov	r6, r3, asl #16
 1195 10e8 8C829FE5 		ldr	r8, .L197+180
 1196 10ec 4638A0E1 		mov	r3, r6, asr #16
 1197 10f0 003063E2 		rsb	r3, r3, #0
 1198 10f4 0248A0E1 		mov	r4, r2, asl #16
 1199 10f8 B600C8E1 		strh	r0, [r8, #6]	@ movhi 
 1200 10fc 440843E0 		sub	r0, r3, r4, asr #16
 1201 1100 FEFFFFEB 		bl	__floatsisf
 1202 1104 FEFFFFEB 		bl	__extendsfdf2
 1203 1108 7A2F8FE2 		adr	r2, .L197+48
 1204 110c 0C0092E8 		ldmia	r2, {r2-r3}
 1205 1110 FEFFFFEB 		bl	__muldf3
 1206 1114 FEFFFFEB 		bl	__truncdfsf2
 1207 1118 FEFFFFEB 		bl	__fixsfsi
 1208 111c 5D0E80E2 		add	r0, r0, #1488
 1209 1120 0C0080E2 		add	r0, r0, #12
 1210 1124 0008A0E1 		mov	r0, r0, asl #16
 1211 1128 2008A0E1 		mov	r0, r0, lsr #16
 1212 112c FA0F50E3 		cmp	r0, #1000
 1213 1130 FA2FA033 		movcc	r2, #1000	@ movhi
 1214 1134 4F04003A 		bcc	.L176
 1215 1138 7D0E50E3 		cmp	r0, #2000
 1216 113c 0020A031 		movcc	r2, r0
 1217 1140 7D2EA023 		movcs	r2, #2000
 1218              	.L176:
 1219 1144 00329FE5 		ldr	r3, .L197+132
 1220 1148 B020C3E1 		strh	r2, [r3, #0]	@ movhi 
 1221 114c B000D7E1 		ldrh	r0, [r7, #0]
 1222 1150 FEFFFFEB 		bl	__floatsidf
 1223 1154 612F8FE2 		adr	r2, .L197+24
 1224 1158 0C0092E8 		ldmia	r2, {r2-r3}
 1225 115c FEFFFFEB 		bl	__muldf3
 1226 1160 062D8FE2 		adr	r2, .L197+32
 1227 1164 0C0092E8 		ldmia	r2, {r2-r3}
 1228 1168 FEFFFFEB 		bl	__muldf3
 1229 116c 5F2F8FE2 		adr	r2, .L197+40
 1230 1170 0C0092E8 		ldmia	r2, {r2-r3}
 1231 1174 FEFFFFEB 		bl	__adddf3
 1232 1178 FEFFFFEB 		bl	__fixunsdfsi
 1233 117c 4638A0E1 		mov	r3, r6, asr #16
 1234 1180 B000C8E1 		strh	r0, [r8, #0]	@ movhi 
 1235 1184 440863E0 		rsb	r0, r3, r4, asr #16
 1236 1188 FEFFFFEB 		bl	__floatsisf
 1237 118c FEFFFFEB 		bl	__extendsfdf2
 1238 1190 162E8FE2 		adr	r2, .L197+48
 1239 1194 0C0092E8 		ldmia	r2, {r2-r3}
 1240 1198 FEFFFFEB 		bl	__muldf3
 1241 119c FEFFFFEB 		bl	__truncdfsf2
 1242 11a0 FEFFFFEB 		bl	__fixsfsi
 1243 11a4 5D0E80E2 		add	r0, r0, #1488
 1244 11a8 0C0080E2 		add	r0, r0, #12
 1245 11ac 0008A0E1 		mov	r0, r0, asl #16
 1246 11b0 2008A0E1 		mov	r0, r0, lsr #16
 1247 11b4 FA0F50E3 		cmp	r0, #1000
 1248 11b8 FA2FA033 		movcc	r2, #1000	@ movhi
 1249 11bc 7104003A 		bcc	.L178
 1250 11c0 7D0E50E3 		cmp	r0, #2000
 1251 11c4 0020A031 		movcc	r2, r0
 1252 11c8 7D2EA023 		movcs	r2, #2000
 1253              	.L178:
 1254 11cc 78319FE5 		ldr	r3, .L197+132
 1255 11d0 B220C3E1 		strh	r2, [r3, #2]	@ movhi 
 1256 11d4 B200D7E1 		ldrh	r0, [r7, #2]
 1257 11d8 FEFFFFEB 		bl	__floatsidf
 1258 11dc FC208FE2 		adr	r2, .L197+24
 1259 11e0 0C0092E8 		ldmia	r2, {r2-r3}
 1260 11e4 FEFFFFEB 		bl	__muldf3
 1261 11e8 F8208FE2 		adr	r2, .L197+32
 1262 11ec 0C0092E8 		ldmia	r2, {r2-r3}
 1263 11f0 FEFFFFEB 		bl	__muldf3
 1264 11f4 F4208FE2 		adr	r2, .L197+40
 1265 11f8 0C0092E8 		ldmia	r2, {r2-r3}
 1266 11fc FEFFFFEB 		bl	__adddf3
 1267 1200 FEFFFFEB 		bl	__fixunsdfsi
 1268 1204 B200C8E1 		strh	r0, [r8, #2]	@ movhi 
 1269 1208 F600DAE1 		ldrsh	r0, [sl, #6]
 1270 120c FEFFFFEB 		bl	__floatsidf
 1271 1210 0150A0E1 		mov	r5, r1
 1272 1214 0040A0E1 		mov	r4, r0
 1273 1218 4608A0E1 		mov	r0, r6, asr #16
 1274 121c FEFFFFEB 		bl	__floatsidf
 1275 1220 D8208FE2 		adr	r2, .L197+56
 1276 1224 0C0092E8 		ldmia	r2, {r2-r3}
 1277 1228 FEFFFFEB 		bl	__muldf3
 1278 122c 0130A0E1 		mov	r3, r1
 1279 1230 0020A0E1 		mov	r2, r0
 1280 1234 0510A0E1 		mov	r1, r5
 1281 1238 0400A0E1 		mov	r0, r4
 1282 123c FEFFFFEB 		bl	__adddf3
 1283 1240 FEFFFFEB 		bl	__truncdfsf2
 1284 1244 FEFFFFEB 		bl	__extendsfdf2
 1285 1248 A8208FE2 		adr	r2, .L197+48
 1286 124c 0C0092E8 		ldmia	r2, {r2-r3}
 1287 1250 FEFFFFEB 		bl	__muldf3
 1288 1254 FEFFFFEB 		bl	__truncdfsf2
 1289 1258 FEFFFFEB 		bl	__fixsfsi
 1290 125c 5D0E80E2 		add	r0, r0, #1488
 1291 1260 0C0080E2 		add	r0, r0, #12
 1292 1264 0008A0E1 		mov	r0, r0, asl #16
 1293 1268 2008A0E1 		mov	r0, r0, lsr #16
 1294 126c FA0F50E3 		cmp	r0, #1000
 1295 1270 FA2FA033 		movcc	r2, #1000	@ movhi
 1296 1274 9F04003A 		bcc	.L180
 1297 1278 7D0E50E3 		cmp	r0, #2000
 1298 127c 0020A031 		movcc	r2, r0
 1299 1280 7D2EA023 		movcs	r2, #2000
 1300              	.L180:
 1301 1284 C0309FE5 		ldr	r3, .L197+132
 1302 1288 B820C3E1 		strh	r2, [r3, #8]	@ movhi 
 1303 128c B800D7E1 		ldrh	r0, [r7, #8]
 1304 1290 FEFFFFEB 		bl	__floatsidf
 1305 1294 44208FE2 		adr	r2, .L197+24
 1306 1298 0C0092E8 		ldmia	r2, {r2-r3}
 1307 129c FEFFFFEB 		bl	__muldf3
 1308 12a0 40208FE2 		adr	r2, .L197+32
 1309 12a4 0C0092E8 		ldmia	r2, {r2-r3}
 1310 12a8 FEFFFFEB 		bl	__muldf3
 1311 12ac 3C208FE2 		adr	r2, .L197+40
 1312 12b0 0C0092E8 		ldmia	r2, {r2-r3}
 1313 12b4 FEFFFFEB 		bl	__adddf3
 1314 12b8 FEFFFFEB 		bl	__fixunsdfsi
 1315 12bc B800C8E1 		strh	r0, [r8, #8]	@ movhi 
 1316 12c0 F06D9DE8 		ldmfd	sp, {r4, r5, r6, r7, r8, sl, fp, sp, lr}
 1317 12c4 1EFF2FE1 		bx	lr
 1318              	.L198:
 1319              		.align	2
 1320              	.L197:
 1321 12c8 CC4C923F 		.word	1066552524
 1322 12cc CDCCCCCC 		.word	-858993459
 1323 12d0 5555B53F 		.word	1068848469
 1324 12d4 F34B5555 		.word	1431653363
 1325 12d8 5555853F 		.word	1065702741
 1326 12dc 65A05555 		.word	1431674981
 1327 12e0 F7C6B03E 		.word	1051772663
 1328 12e4 8DEDB5A0 		.word	-1598689907
 1329 12e8 389C6C41 		.word	1097636920
 1330 12ec 00000000 		.word	0
 1331 12f0 0000E03F 		.word	1071644672
 1332 12f4 00000000 		.word	0
 1333 12f8 AAAAAA3F 		.word	1068149418
 1334 12fc E797AAAA 		.word	-1431660569
 1335 1300 00000000 		.word	0
 1336 1304 00000000 		.word	0
 1337 1308 01000000 		.word	_10Hz.0
 1338 130c 02000000 		.word	_1Hz.1
 1339 1310 00000000 		.word	ppm_cpt
 1340 1314 00000000 		.word	last_ppm_cpt
 1341 1318 00000000 		.word	time_since_last_ppm
 1342 131c 00000000 		.word	rc_status
 1343 1320 00000000 		.word	fbw_mode
 1344 1324 00000000 		.word	time_since_last_ap
 1345 1328 00000000 		.word	ap_ok
 1346 132c 00000000 		.word	commands_failsafe
 1347 1330 00000000 		.word	commands
 1348 1334 00000000 		.word	telemetry_mode_Fbw
 1349 1338 03000000 		.word	i60.2
 1350 133c 04000000 		.word	i300.3
 1351 1340 00000000 		.word	aerocomm_cs
 1352 1344 00000000 		.word	fbw_vsupply_decivolt
 1353 1348 00000000 		.word	downlink_nb_ovrn
 1354 134c 00000000 		.word	actuators
 1355 1350 06000000 		.word	i30.4
 1356 1354 07000000 		.word	i60.5
 1357 1358 08000000 		.word	i300.6
 1358 135c 00000000 		.word	ppm_pulses
 1359 1360 00000000 		.word	rc_values
 1360 1364 00000000 		.word	vsupply_adc_buf
 1361 1368 00000000 		.word	vsupply
 1362 136c 0000DC42 		.word	1121714176
 1363 1370 00000000 		.word	vdrop2throt_coeff
 1364 1374 4B040000 		.word	1099
 1365 1378 4C040000 		.word	1100
 1366 137c 00000000 		.word	servos_values
 1368              		.comm	fbw_mode,1,1
 1369              		.comm	fbw_vsupply_decivolt,1,1
 1370              		.comm	vsupply_adc_buf,68,4
 1371              		.bss
 1372 000a 0000     		.align	2
 1373              	last_periodic_event:
 1374 000c 00000000 		.space	4
 1375              		.ident	"GCC: (GNU) 3.4.4"
DEFINED SYMBOLS
                            *ABS*:00000000 main_fbw.c
     /tmp/ccTq8dQG.s:6      .text:00000000 init_fbw
     /tmp/ccTq8dQG.s:10     .text:00000000 $a
     /tmp/ccTq8dQG.s:116    .text:00000194 $d
                            *COM*:00000044 vsupply_adc_buf
     /tmp/ccTq8dQG.s:132    .bss:00000000 avg_cpt.7
     /tmp/ccTq8dQG.s:141    .text:000001cc event_task_fbw
     /tmp/ccTq8dQG.s:145    .text:000001cc $a
     /tmp/ccTq8dQG.s:514    .text:00000740 $d
                            *COM*:00000001 fbw_mode
                            *COM*:00000001 fbw_vsupply_decivolt
     /tmp/ccTq8dQG.s:551    .bss:00000001 _10Hz.0
     /tmp/ccTq8dQG.s:553    .bss:00000002 _1Hz.1
     /tmp/ccTq8dQG.s:555    .bss:00000003 i60.2
     /tmp/ccTq8dQG.s:558    .bss:00000004 i300.3
     /tmp/ccTq8dQG.s:560    .bss:00000006 i30.4
     /tmp/ccTq8dQG.s:562    .bss:00000007 i60.5
     /tmp/ccTq8dQG.s:565    .bss:00000008 i300.6
     /tmp/ccTq8dQG.s:581    .text:000007cc periodic_task_fbw
     /tmp/ccTq8dQG.s:585    .text:000007cc $a
     /tmp/ccTq8dQG.s:1321   .text:000012c8 $d
     /tmp/ccTq8dQG.s:1373   .bss:0000000c last_periodic_event

UNDEFINED SYMBOLS
uart0_init_tx
adc_init
adc_buf_channel
actuators_init
reset
TIMER0_ISR
cpu_time_sec
cpu_time_ticks
commands_failsafe
commands
fbw_state
ppm_valid
__floatsisf
__mulsf3
__fixsfsi
ppm_cpt
ppm_pulses
rc_status
time_since_last_ppm
rc_values
avg_rc_values
rc_values_contains_avg_channels
inter_mcu_received_ap
inter_mcu_received_fbw
time_since_last_ap
ap_ok
ap_state
last_ppm_cpt
__divsi3
__floatsidf
__muldf3
__fixunsdfsi
__subsf3
__extendsfdf2
__gtsf2
__truncdfsf2
__adddf3
__fixdfsi
uart0_check_free_space
uart0_transmit
telemetry_mode_Fbw
aerocomm_cs
downlink_nb_ovrn
actuators
vsupply
vdrop2throt_coeff
servos_values
