   1              		.file	"main_fbw.c"
   2              		.text
   3              		.align	2
   4              		.global	init_fbw
   6              	init_fbw:
   7              		@ Function supports interworking.
   8              		@ args = 0, pretend = 0, frame = 0
   9              		@ frame_needed = 1, uses_anonymous_args = 0
  10 0000 90219FE5 		ldr	r2, .L16
  11 0004 0DC0A0E1 		mov	ip, sp
  12 0008 2430A0E3 		mov	r3, #36
  13 000c 30D82DE9 		stmfd	sp!, {r4, r5, fp, ip, lr, pc}
  14 0010 8430C2E5 		strb	r3, [r2, #132]
  15 0014 233043E2 		sub	r3, r3, #35
  16 0018 8030C2E5 		strb	r3, [r2, #128]
  17 001c 573043E2 		sub	r3, r3, #87
  18 0020 8C30C2E5 		strb	r3, [r2, #140]
  19 0024 AB3083E2 		add	r3, r3, #171
  20 0028 8C30C2E5 		strb	r3, [r2, #140]
  21 002c 04B04CE2 		sub	fp, ip, #4
  22              	.L2:
  23 0030 60519FE5 		ldr	r5, .L16
  24 0034 B838D5E1 		ldrh	r3, [r5, #136]
  25 0038 010B13E3 		tst	r3, #1024
  26 003c 0A00000A 		beq	.L2
  27 0040 0320A0E3 		mov	r2, #3
  28 0044 5530E0E3 		mvn	r3, #85
  29 0048 8020C5E5 		strb	r2, [r5, #128]
  30 004c 8C30C5E5 		strb	r3, [r5, #140]
  31 0050 AB3083E2 		add	r3, r3, #171
  32 0054 8C30C5E5 		strb	r3, [r5, #140]
  33 0058 3C119FE5 		ldr	r1, .L16+4
  34 005c 0040A0E3 		mov	r4, #0
  35 0060 02C0A0E3 		mov	ip, #2
  36 0064 AB3083E2 		add	r3, r3, #171
  37 0068 0420C5E5 		strb	r2, [r5, #4]
  38 006c 01E0A0E3 		mov	lr, #1
  39 0070 00C0C5E5 		strb	ip, [r5, #0]
  40 0074 0420C5E5 		strb	r2, [r5, #4]
  41 0078 00C0C5E5 		strb	ip, [r5, #0]
  42 007c 0340C5E7 		strb	r4, [r5, r3]
  43 0080 0030E0E3 		mvn	r3, #0
  44 0084 40E0C5E5 		strb	lr, [r5, #64]
  45 0088 10019FE5 		ldr	r0, .L16+8
  46 008c 143081E5 		str	r3, [r1, #20]
  47 0090 0C319FE5 		ldr	r3, .L16+12
  48 0094 0C4081E5 		str	r4, [r1, #12]
  49 0098 343081E5 		str	r3, [r1, #52]
  50 009c 04C080E5 		str	ip, [r0, #4]
  51 00a0 0C4080E5 		str	r4, [r0, #12]
  52 00a4 144080E5 		str	r4, [r0, #20]
  53 00a8 284080E5 		str	r4, [r0, #40]
  54 00ac 3C4080E5 		str	r4, [r0, #60]
  55 00b0 04E080E5 		str	lr, [r0, #4]
  56 00b4 0C3091E5 		ldr	r3, [r1, #12]
  57 00b8 1030C3E3 		bic	r3, r3, #16
  58 00bc 0C3081E5 		str	r3, [r1, #12]
  59 00c0 1030A0E3 		mov	r3, #16
  60 00c4 103081E5 		str	r3, [r1, #16]
  61 00c8 143083E2 		add	r3, r3, #20
  62 00cc 043281E5 		str	r3, [r1, #516]
  63 00d0 D0309FE5 		ldr	r3, .L16+16
  64 00d4 D0209FE5 		ldr	r2, .L16+20
  65 00d8 043181E5 		str	r3, [r1, #260]
  66 00dc 183092E5 		ldr	r3, [r2, #24]
  67 00e0 013283E3 		orr	r3, r3, #268435456
  68 00e4 183082E5 		str	r3, [r2, #24]
  69 00e8 0132A0E3 		mov	r3, #268435456
  70 00ec 143082E5 		str	r3, [r2, #20]
  71 00f0 183092E5 		ldr	r3, [r2, #24]
  72 00f4 023783E3 		orr	r3, r3, #524288
  73 00f8 183082E5 		str	r3, [r2, #24]
  74 00fc 0237A0E3 		mov	r3, #524288
  75 0100 143082E5 		str	r3, [r2, #20]
  76 0104 A4309FE5 		ldr	r3, .L16+24
  77 0108 B040C3E1 		strh	r4, [r3, #0]	@ movhi 
  78 010c A0309FE5 		ldr	r3, .L16+28
  79 0110 004083E5 		str	r4, [r3, #0]
  80 0114 FEFFFFEB 		bl	uart0_init_tx
  81 0118 FEFFFFEB 		bl	uart1_init_tx
  82 011c FEFFFFEB 		bl	adc_init
  83 0120 0E00A0E3 		mov	r0, #14
  84 0124 8C109FE5 		ldr	r1, .L16+32
  85 0128 2020A0E3 		mov	r2, #32
  86 012c FEFFFFEB 		bl	adc_buf_channel
  87 0130 FEFFFFEB 		bl	actuators_init
  88              	.L11:
  89 0134 80209FE5 		ldr	r2, .L16+36
  90 0138 8410A0E1 		mov	r1, r4, asl #1
  91 013c 7C309FE5 		ldr	r3, .L16+40
  92 0140 014084E2 		add	r4, r4, #1
  93 0144 B22091E1 		ldrh	r2, [r1, r2]
  94 0148 030054E3 		cmp	r4, #3
  95 014c B32081E1 		strh	r2, [r1, r3]	@ movhi 
  96 0150 4B0000DA 		ble	.L11
  97 0154 68209FE5 		ldr	r2, .L16+44
  98 0158 003092E5 		ldr	r3, [r2, #0]
  99 015c 023A83E3 		orr	r3, r3, #8192
 100 0160 003082E5 		str	r3, [r2, #0]
 101 0164 5C009FE5 		ldr	r0, .L16+48
 102 0168 30309FE5 		ldr	r3, .L16+8
 103 016c 062DA0E3 		mov	r2, #384
 104 0170 282083E5 		str	r2, [r3, #40]
 105 0174 00C090E5 		ldr	ip, [r0, #0]
 106 0178 4C309FE5 		ldr	r3, .L16+52
 107 017c 0010A0E3 		mov	r1, #0
 108 0180 0010C3E5 		strb	r1, [r3, #0]
 109 0184 1110CCE5 		strb	r1, [ip, #17]
 110 0188 003090E5 		ldr	r3, [r0, #0]
 111 018c 1210C3E5 		strb	r1, [r3, #18]
 112 0190 30689DE8 		ldmfd	sp, {r4, r5, fp, sp, lr}
 113 0194 1EFF2FE1 		bx	lr
 114              	.L17:
 115              		.align	2
 116              	.L16:
 117 0198 00C01FE0 		.word	-534790144
 118 019c 00F0FFFF 		.word	-4096
 119 01a0 004000E0 		.word	-536854528
 120 01a4 00000000 		.word	reset
 121 01a8 00000000 		.word	TIMER0_ISR
 122 01ac 008002E0 		.word	-536707072
 123 01b0 00000000 		.word	cpu_time_sec
 124 01b4 00000000 		.word	cpu_time_ticks
 125 01b8 00000000 		.word	vsupply_adc_buf
 126 01bc 00000000 		.word	commands_failsafe
 127 01c0 00000000 		.word	commands
 128 01c4 00C002E0 		.word	-536690688
 129 01c8 00000000 		.word	fbw_state
 130 01cc 00000000 		.word	ppm_valid
 132              		.bss
 133              	avg_cpt.7:
 134 0000 00       		.space	1
 135              		.global	__floatsisf
 136              		.global	__mulsf3
 137              		.global	__fixsfsi
 138              		.text
 139              		.align	2
 140              		.global	event_task_fbw
 142              	event_task_fbw:
 143              		@ Function supports interworking.
 144              		@ args = 0, pretend = 0, frame = 0
 145              		@ frame_needed = 1, uses_anonymous_args = 0
 146 01d0 0DC0A0E1 		mov	ip, sp
 147 01d4 F0DF2DE9 		stmfd	sp!, {r4, r5, r6, r7, r8, r9, sl, fp, ip, lr, pc}
 148 01d8 04B04CE2 		sub	fp, ip, #4
 149 01dc 60C59FE5 		ldr	ip, .L91
 150 01e0 0030DCE5 		ldrb	r3, [ip, #0]	@ zero_extendqisi2
 151 01e4 000053E3 		cmp	r3, #0
 152 01e8 8101000A 		beq	.L19
 153 01ec 54159FE5 		ldr	r1, .L91+4
 154 01f0 54959FE5 		ldr	r9, .L91+8
 155 01f4 0030D1E5 		ldrb	r3, [r1, #0]	@ zero_extendqisi2
 156 01f8 B040D9E1 		ldrh	r4, [r9, #0]
 157 01fc 013083E2 		add	r3, r3, #1
 158 0200 0030C1E5 		strb	r3, [r1, #0]
 159 0204 594C44E2 		sub	r4, r4, #22784
 160 0208 40359FE5 		ldr	r3, .L91+12
 161 020c 0020A0E3 		mov	r2, #0
 162 0210 5B4044E2 		sub	r4, r4, #91
 163 0214 0020C3E5 		strb	r2, [r3, #0]
 164 0218 0448A0E1 		mov	r4, r4, asl #16
 165 021c 30359FE5 		ldr	r3, .L91+16
 166 0220 4448A0E1 		mov	r4, r4, asr #16
 167 0224 0020C3E5 		strb	r2, [r3, #0]
 168 0228 0020CCE5 		strb	r2, [ip, #0]
 169 022c 0400A0E1 		mov	r0, r4
 170 0230 FEFFFFEB 		bl	__floatsisf
 171 0234 000054E3 		cmp	r4, #0
 172 0238 18159FA5 		ldrge	r1, .L91+20
 173 023c 18159FB5 		ldrlt	r1, .L91+24
 174 0240 FEFFFFEB 		bl	__mulsf3
 175 0244 FEFFFFEB 		bl	__fixsfsi
 176 0248 10A59FE5 		ldr	sl, .L91+28
 177 024c B000CAE1 		strh	r0, [sl, #0]	@ movhi 
 178 0250 F030DAE1 		ldrsh	r3, [sl, #0]
 179 0254 960D53E3 		cmp	r3, #9600
 180 0258 961DA0C3 		movgt	r1, #9600	@ movhi
 181 025c B010CAC1 		strgth	r1, [sl, #0]	@ movhi 
 182 0260 9B0000CA 		bgt	.L23
 183 0264 960D73E3 		cmn	r3, #9600
 184 0268 F4249FB5 		ldrlt	r2, .L91+32
 185 026c EC349FB5 		ldrlt	r3, .L91+28
 186 0270 B020C3B1 		strlth	r2, [r3, #0]	@ movhi 
 187              	.L23:
 188 0274 B240D9E1 		ldrh	r4, [r9, #2]
 189 0278 164B44E2 		sub	r4, r4, #22528
 190 027c F24044E2 		sub	r4, r4, #242
 191 0280 0448A0E1 		mov	r4, r4, asl #16
 192 0284 4448A0E1 		mov	r4, r4, asr #16
 193 0288 0400A0E1 		mov	r0, r4
 194 028c FEFFFFEB 		bl	__floatsisf
 195 0290 000054E3 		cmp	r4, #0
 196 0294 CC149FA5 		ldrge	r1, .L91+36
 197 0298 CC149FB5 		ldrlt	r1, .L91+40
 198 029c FEFFFFEB 		bl	__mulsf3
 199 02a0 FEFFFFEB 		bl	__fixsfsi
 200 02a4 B4349FE5 		ldr	r3, .L91+28
 201 02a8 B200C3E1 		strh	r0, [r3, #2]	@ movhi 
 202 02ac F230DAE1 		ldrsh	r3, [sl, #2]
 203 02b0 960D53E3 		cmp	r3, #9600
 204 02b4 962DA0C3 		movgt	r2, #9600	@ movhi
 205 02b8 B220CAC1 		strgth	r2, [sl, #2]	@ movhi 
 206 02bc B20000CA 		bgt	.L28
 207 02c0 960D73E3 		cmn	r3, #9600
 208 02c4 98249FB5 		ldrlt	r2, .L91+32
 209 02c8 90349FB5 		ldrlt	r3, .L91+28
 210 02cc B220C3B1 		strlth	r2, [r3, #2]	@ movhi 
 211              	.L28:
 212 02d0 B400D9E1 		ldrh	r0, [r9, #4]
 213 02d4 710C40E2 		sub	r0, r0, #28928
 214 02d8 AC0040E2 		sub	r0, r0, #172
 215 02dc 0008A0E1 		mov	r0, r0, asl #16
 216 02e0 4008A0E1 		mov	r0, r0, asr #16
 217 02e4 FEFFFFEB 		bl	__floatsisf
 218 02e8 80149FE5 		ldr	r1, .L91+44
 219 02ec FEFFFFEB 		bl	__mulsf3
 220 02f0 FEFFFFEB 		bl	__fixsfsi
 221 02f4 B400CAE1 		strh	r0, [sl, #4]	@ movhi 
 222 02f8 F430DAE1 		ldrsh	r3, [sl, #4]
 223 02fc 960D53E3 		cmp	r3, #9600
 224 0300 963DA0C3 		movgt	r3, #9600	@ movhi
 225 0304 B430CAC1 		strgth	r3, [sl, #4]	@ movhi 
 226 0308 C50000CA 		bgt	.L31
 227 030c 000053E3 		cmp	r3, #0
 228 0310 48349FB5 		ldrlt	r3, .L91+28
 229 0314 0010A0B3 		movlt	r1, #0	@ movhi
 230 0318 B410C3B1 		strlth	r1, [r3, #4]	@ movhi 
 231              	.L31:
 232 031c B640D9E1 		ldrh	r4, [r9, #6]
 233 0320 574C44E2 		sub	r4, r4, #22272
 234 0324 C64044E2 		sub	r4, r4, #198
 235 0328 0448A0E1 		mov	r4, r4, asl #16
 236 032c 4448A0E1 		mov	r4, r4, asr #16
 237 0330 0400A0E1 		mov	r0, r4
 238 0334 FEFFFFEB 		bl	__floatsisf
 239 0338 000054E3 		cmp	r4, #0
 240 033c 30149FA5 		ldrge	r1, .L91+48
 241 0340 30149FB5 		ldrlt	r1, .L91+52
 242 0344 FEFFFFEB 		bl	__mulsf3
 243 0348 FEFFFFEB 		bl	__fixsfsi
 244 034c 0C349FE5 		ldr	r3, .L91+28
 245 0350 B600C3E1 		strh	r0, [r3, #6]	@ movhi 
 246 0354 F630DAE1 		ldrsh	r3, [sl, #6]
 247 0358 960D53E3 		cmp	r3, #9600
 248 035c 962DA0C3 		movgt	r2, #9600	@ movhi
 249 0360 B620CAC1 		strgth	r2, [sl, #6]	@ movhi 
 250 0364 DC0000CA 		bgt	.L36
 251 0368 960D73E3 		cmn	r3, #9600
 252 036c F0239FB5 		ldrlt	r2, .L91+32
 253 0370 E8339FB5 		ldrlt	r3, .L91+28
 254 0374 B620C3B1 		strlth	r2, [r3, #6]	@ movhi 
 255              	.L36:
 256 0378 FC839FE5 		ldr	r8, .L91+56
 257 037c 0030D8E5 		ldrb	r3, [r8, #0]	@ zero_extendqisi2
 258 0380 013083E2 		add	r3, r3, #1
 259 0384 F4739FE5 		ldr	r7, .L91+60
 260 0388 0030C8E5 		strb	r3, [r8, #0]
 261 038c 105097E5 		ldr	r5, [r7, #16]
 262 0390 143097E5 		ldr	r3, [r7, #20]
 263 0394 182097E5 		ldr	r2, [r7, #24]
 264 0398 1C1097E5 		ldr	r1, [r7, #28]
 265 039c BE60D9E1 		ldrh	r6, [r9, #14]
 266 03a0 B800D9E1 		ldrh	r0, [r9, #8]
 267 03a4 BAC0D9E1 		ldrh	ip, [r9, #10]
 268 03a8 BCE0D9E1 		ldrh	lr, [r9, #12]
 269 03ac 0040D8E5 		ldrb	r4, [r8, #0]	@ zero_extendqisi2
 270 03b0 005085E0 		add	r5, r5, r0
 271 03b4 0C3083E0 		add	r3, r3, ip
 272 03b8 0E2082E0 		add	r2, r2, lr
 273 03bc 061081E0 		add	r1, r1, r6
 274 03c0 080054E3 		cmp	r4, #8
 275 03c4 143087E5 		str	r3, [r7, #20]
 276 03c8 182087E5 		str	r2, [r7, #24]
 277 03cc 1C1087E5 		str	r1, [r7, #28]
 278 03d0 105087E5 		str	r5, [r7, #16]
 279 03d4 6801001A 		bne	.L59
 280 03d8 C54FA0E1 		mov	r4, r5, asr #31
 281 03dc A44E85E0 		add	r4, r5, r4, lsr #29
 282 03e0 C441A0E1 		mov	r4, r4, asr #3
 283 03e4 594C44E2 		sub	r4, r4, #22784
 284 03e8 5B4044E2 		sub	r4, r4, #91
 285 03ec 0448A0E1 		mov	r4, r4, asl #16
 286 03f0 4448A0E1 		mov	r4, r4, asr #16
 287 03f4 0030A0E3 		mov	r3, #0
 288 03f8 0400A0E1 		mov	r0, r4
 289 03fc 0030C8E5 		strb	r3, [r8, #0]
 290 0400 FEFFFFEB 		bl	__floatsisf
 291 0404 000054E3 		cmp	r4, #0
 292 0408 74139FA5 		ldrge	r1, .L91+64
 293 040c 74139FB5 		ldrlt	r1, .L91+68
 294 0410 FEFFFFEB 		bl	__mulsf3
 295 0414 FEFFFFEB 		bl	__fixsfsi
 296 0418 40339FE5 		ldr	r3, .L91+28
 297 041c B800C3E1 		strh	r0, [r3, #8]	@ movhi 
 298 0420 F820DAE1 		ldrsh	r2, [sl, #8]
 299 0424 0030A0E3 		mov	r3, #0
 300 0428 960D52E3 		cmp	r2, #9600
 301 042c 103087E5 		str	r3, [r7, #16]
 302 0430 963DA0C3 		movgt	r3, #9600	@ movhi
 303 0434 B830CAC1 		strgth	r3, [sl, #8]	@ movhi 
 304 0438 110100CA 		bgt	.L42
 305 043c 960D72E3 		cmn	r2, #9600
 306 0440 1C239FB5 		ldrlt	r2, .L91+32
 307 0444 14339FB5 		ldrlt	r3, .L91+28
 308 0448 B820C3B1 		strlth	r2, [r3, #8]	@ movhi 
 309              	.L42:
 310 044c 144097E5 		ldr	r4, [r7, #20]
 311 0450 C43FA0E1 		mov	r3, r4, asr #31
 312 0454 A34E84E0 		add	r4, r4, r3, lsr #29
 313 0458 C441A0E1 		mov	r4, r4, asr #3
 314 045c 594C44E2 		sub	r4, r4, #22784
 315 0460 104044E2 		sub	r4, r4, #16
 316 0464 0448A0E1 		mov	r4, r4, asl #16
 317 0468 4448A0E1 		mov	r4, r4, asr #16
 318 046c 0400A0E1 		mov	r0, r4
 319 0470 FEFFFFEB 		bl	__floatsisf
 320 0474 000054E3 		cmp	r4, #0
 321 0478 0C139FA5 		ldrge	r1, .L91+72
 322 047c 0C139FB5 		ldrlt	r1, .L91+76
 323 0480 FEFFFFEB 		bl	__mulsf3
 324 0484 FEFFFFEB 		bl	__fixsfsi
 325 0488 D0329FE5 		ldr	r3, .L91+28
 326 048c BA00C3E1 		strh	r0, [r3, #10]	@ movhi 
 327 0490 FA20DAE1 		ldrsh	r2, [sl, #10]
 328 0494 960D52E3 		cmp	r2, #9600
 329 0498 0030A0E3 		mov	r3, #0
 330 049c 961DA0C3 		movgt	r1, #9600	@ movhi
 331 04a0 143087E5 		str	r3, [r7, #20]
 332 04a4 BA10CAC1 		strgth	r1, [sl, #10]	@ movhi 
 333 04a8 2D0100CA 		bgt	.L47
 334 04ac 960D72E3 		cmn	r2, #9600
 335 04b0 AC229FB5 		ldrlt	r2, .L91+32
 336 04b4 A4329FB5 		ldrlt	r3, .L91+28
 337 04b8 BA20C3B1 		strlth	r2, [r3, #10]	@ movhi 
 338              	.L47:
 339 04bc 184097E5 		ldr	r4, [r7, #24]
 340 04c0 C43FA0E1 		mov	r3, r4, asr #31
 341 04c4 A34E84E0 		add	r4, r4, r3, lsr #29
 342 04c8 C441A0E1 		mov	r4, r4, asr #3
 343 04cc 164B44E2 		sub	r4, r4, #22528
 344 04d0 F24044E2 		sub	r4, r4, #242
 345 04d4 0448A0E1 		mov	r4, r4, asl #16
 346 04d8 4448A0E1 		mov	r4, r4, asr #16
 347 04dc 0400A0E1 		mov	r0, r4
 348 04e0 FEFFFFEB 		bl	__floatsisf
 349 04e4 000054E3 		cmp	r4, #0
 350 04e8 A4129FA5 		ldrge	r1, .L91+80
 351 04ec A4129FB5 		ldrlt	r1, .L91+84
 352 04f0 FEFFFFEB 		bl	__mulsf3
 353 04f4 FEFFFFEB 		bl	__fixsfsi
 354 04f8 60329FE5 		ldr	r3, .L91+28
 355 04fc BC00C3E1 		strh	r0, [r3, #12]	@ movhi 
 356 0500 FC20DAE1 		ldrsh	r2, [sl, #12]
 357 0504 960D52E3 		cmp	r2, #9600
 358 0508 0030A0E3 		mov	r3, #0
 359 050c 962DA0C3 		movgt	r2, #9600	@ movhi
 360 0510 183087E5 		str	r3, [r7, #24]
 361 0514 BC20CAC1 		strgth	r2, [sl, #12]	@ movhi 
 362 0518 490100CA 		bgt	.L52
 363 051c 960D72E3 		cmn	r2, #9600
 364 0520 3C229FB5 		ldrlt	r2, .L91+32
 365 0524 34329FB5 		ldrlt	r3, .L91+28
 366 0528 BC20C3B1 		strlth	r2, [r3, #12]	@ movhi 
 367              	.L52:
 368 052c 1C4097E5 		ldr	r4, [r7, #28]
 369 0530 C43FA0E1 		mov	r3, r4, asr #31
 370 0534 A34E84E0 		add	r4, r4, r3, lsr #29
 371 0538 C441A0E1 		mov	r4, r4, asr #3
 372 053c 594C44E2 		sub	r4, r4, #22784
 373 0540 6A4044E2 		sub	r4, r4, #106
 374 0544 0448A0E1 		mov	r4, r4, asl #16
 375 0548 4448A0E1 		mov	r4, r4, asr #16
 376 054c 0400A0E1 		mov	r0, r4
 377 0550 FEFFFFEB 		bl	__floatsisf
 378 0554 000054E3 		cmp	r4, #0
 379 0558 3C129FA5 		ldrge	r1, .L91+88
 380 055c 3C129FB5 		ldrlt	r1, .L91+92
 381 0560 FEFFFFEB 		bl	__mulsf3
 382 0564 FEFFFFEB 		bl	__fixsfsi
 383 0568 F0319FE5 		ldr	r3, .L91+28
 384 056c BE00C3E1 		strh	r0, [r3, #14]	@ movhi 
 385 0570 FE20DAE1 		ldrsh	r2, [sl, #14]
 386 0574 0030A0E3 		mov	r3, #0
 387 0578 960D52E3 		cmp	r2, #9600
 388 057c 1C3087E5 		str	r3, [r7, #28]
 389 0580 963DA0C3 		movgt	r3, #9600	@ movhi
 390 0584 BE30CAC1 		strgth	r3, [sl, #14]	@ movhi 
 391 0588 650100CA 		bgt	.L57
 392 058c 960D72E3 		cmn	r2, #9600
 393 0590 CC219FB5 		ldrlt	r2, .L91+32
 394 0594 C4319FB5 		ldrlt	r3, .L91+28
 395 0598 BE20C3B1 		strlth	r2, [r3, #14]	@ movhi 
 396              	.L57:
 397 059c 00329FE5 		ldr	r3, .L91+96
 398 05a0 0120A0E3 		mov	r2, #1
 399 05a4 0020C3E5 		strb	r2, [r3, #0]
 400              	.L59:
 401 05a8 F4319FE5 		ldr	r3, .L91+96
 402 05ac 0030D3E5 		ldrb	r3, [r3, #0]	@ zero_extendqisi2
 403 05b0 000053E3 		cmp	r3, #0
 404 05b4 7301000A 		beq	.L60
 405 05b8 A0319FE5 		ldr	r3, .L91+28
 406 05bc FE30D3E1 		ldrsh	r3, [r3, #14]
 407 05c0 E0219FE5 		ldr	r2, .L91+100
 408 05c4 4B0D73E3 		cmn	r3, #4800
 409 05c8 0030A0B3 		movlt	r3, #0
 410 05cc 0130A0A3 		movge	r3, #1
 411 05d0 0030C2E5 		strb	r3, [r2, #0]
 412              	.L60:
 413 05d4 CC319FE5 		ldr	r3, .L91+100
 414 05d8 0030D3E5 		ldrb	r3, [r3, #0]	@ zero_extendqisi2
 415 05dc 000053E3 		cmp	r3, #0
 416 05e0 8101001A 		bne	.L19
 417 05e4 74319FE5 		ldr	r3, .L91+28
 418 05e8 BC219FE5 		ldr	r2, .L91+104
 419 05ec B610D3E1 		ldrh	r1, [r3, #6]
 420 05f0 B610C2E1 		strh	r1, [r2, #6]	@ movhi 
 421 05f4 B410D3E1 		ldrh	r1, [r3, #4]
 422 05f8 B010C2E1 		strh	r1, [r2, #0]	@ movhi 
 423 05fc B010D3E1 		ldrh	r1, [r3, #0]
 424 0600 B230D3E1 		ldrh	r3, [r3, #2]
 425 0604 B210C2E1 		strh	r1, [r2, #2]	@ movhi 
 426 0608 B430C2E1 		strh	r3, [r2, #4]	@ movhi 
 427              	.L19:
 428 060c 9C019FE5 		ldr	r0, .L91+108
 429 0610 0030D0E5 		ldrb	r3, [r0, #0]	@ zero_extendqisi2
 430 0614 000053E3 		cmp	r3, #0
 431 0618 CD01000A 		beq	.L18
 432 061c 84E19FE5 		ldr	lr, .L91+100
 433 0620 0030DEE5 		ldrb	r3, [lr, #0]	@ zero_extendqisi2
 434 0624 010053E3 		cmp	r3, #1
 435 0628 84319FE5 		ldr	r3, .L91+112
 436 062c 0010A0E3 		mov	r1, #0
 437 0630 0120A0E3 		mov	r2, #1
 438 0634 0010C0E5 		strb	r1, [r0, #0]
 439 0638 0020C3E5 		strb	r2, [r3, #0]
 440 063c 74319FE5 		ldr	r3, .L91+116
 441 0640 0010C3E5 		strb	r1, [r3, #0]
 442 0644 70319FE5 		ldr	r3, .L91+120
 443 0648 0020C3E5 		strb	r2, [r3, #0]
 444 064c 9C01001A 		bne	.L64
 445 0650 0100A0E1 		mov	r0, r1
 446              	.L68:
 447 0654 64319FE5 		ldr	r3, .L91+124
 448 0658 001093E5 		ldr	r1, [r3, #0]
 449 065c 8020A0E1 		mov	r2, r0, asl #1
 450 0660 44319FE5 		ldr	r3, .L91+104
 451 0664 010080E2 		add	r0, r0, #1
 452 0668 B11092E1 		ldrh	r1, [r2, r1]
 453 066c 030050E3 		cmp	r0, #3
 454 0670 B31082E1 		strh	r1, [r2, r3]	@ movhi 
 455 0674 930100DA 		ble	.L68
 456              	.L64:
 457 0678 0010A0E3 		mov	r1, #0
 458              	.L72:
 459 067c 013081E2 		add	r3, r1, #1
 460 0680 8120A0E1 		mov	r2, r1, asl #1
 461 0684 38C19FE5 		ldr	ip, .L91+128
 462 0688 FF1003E2 		and	r1, r3, #255
 463 068c CC309FE5 		ldr	r3, .L91+28
 464 0690 00009CE5 		ldr	r0, [ip, #0]
 465 0694 B33092E1 		ldrh	r3, [r2, r3]
 466 0698 070051E3 		cmp	r1, #7
 467 069c B03082E1 		strh	r3, [r2, r0]	@ movhi 
 468 06a0 9D01009A 		bls	.L72
 469 06a4 1C319FE5 		ldr	r3, .L91+132
 470 06a8 0030D3E5 		ldrb	r3, [r3, #0]	@ zero_extendqisi2
 471 06ac 1030C0E5 		strb	r3, [r0, #16]
 472 06b0 98309FE5 		ldr	r3, .L91+12
 473 06b4 0030D3E5 		ldrb	r3, [r3, #0]	@ zero_extendqisi2
 474 06b8 012073E2 		rsbs	r2, r3, #1
 475 06bc 0020A033 		movcc	r2, #0
 476 06c0 020053E3 		cmp	r3, #2
 477 06c4 FF200212 		andne	r2, r2, #255
 478 06c8 B401001A 		bne	.L74
 479 06cc 000052E3 		cmp	r2, #0
 480 06d0 0320A013 		movne	r2, #3
 481 06d4 0220A003 		moveq	r2, #2
 482              	.L74:
 483 06d8 0030DEE5 		ldrb	r3, [lr, #0]	@ zero_extendqisi2
 484 06dc 010053E3 		cmp	r3, #1
 485 06e0 0030DEE5 		ldrb	r3, [lr, #0]	@ zero_extendqisi2
 486 06e4 04208203 		orreq	r2, r2, #4
 487 06e8 FF200212 		andne	r2, r2, #255
 488 06ec 020053E3 		cmp	r3, #2
 489 06f0 00309CE5 		ldr	r3, [ip, #0]
 490 06f4 08208203 		orreq	r2, r2, #8
 491 06f8 FF200212 		andne	r2, r2, #255
 492 06fc 1120C3E5 		strb	r2, [r3, #17]
 493 0700 9C109FE5 		ldr	r1, .L91+96
 494 0704 0030D1E5 		ldrb	r3, [r1, #0]	@ zero_extendqisi2
 495 0708 000053E3 		cmp	r3, #0
 496 070c C801000A 		beq	.L79
 497 0710 00309CE5 		ldr	r3, [ip, #0]
 498 0714 1120D3E5 		ldrb	r2, [r3, #17]	@ zero_extendqisi2
 499 0718 102082E3 		orr	r2, r2, #16
 500 071c 1120C3E5 		strb	r2, [r3, #17]
 501 0720 0030A0E3 		mov	r3, #0
 502 0724 0030C1E5 		strb	r3, [r1, #0]
 503              	.L79:
 504 0728 94309FE5 		ldr	r3, .L91+128
 505 072c 002093E5 		ldr	r2, [r3, #0]
 506 0730 94309FE5 		ldr	r3, .L91+136
 507 0734 0030D3E5 		ldrb	r3, [r3, #0]	@ zero_extendqisi2
 508 0738 1330C2E5 		strb	r3, [r2, #19]
 509              	.L18:
 510 073c F06F9DE8 		ldmfd	sp, {r4, r5, r6, r7, r8, r9, sl, fp, sp, lr}
 511 0740 1EFF2FE1 		bx	lr
 512              	.L92:
 513              		.align	2
 514              	.L91:
 515 0744 00000000 		.word	ppm_valid
 516 0748 00000000 		.word	ppm_cpt
 517 074c 00000000 		.word	ppm_pulses
 518 0750 00000000 		.word	rc_status
 519 0754 00000000 		.word	time_since_last_ppm
 520 0758 E059C7BF 		.word	-1077454368
 521 075c D8DFC5BF 		.word	-1077551144
 522 0760 00000000 		.word	rc_values
 523 0764 80DAFFFF 		.word	-9600
 524 0768 5C83C33F 		.word	1069777756
 525 076c 79CEC93F 		.word	1070190201
 526 0770 289C46BF 		.word	-1085891544
 527 0774 76EDD5BF 		.word	-1076499082
 528 0778 E156B9BF 		.word	-1078372639
 529 077c 00000000 		.word	avg_cpt.7
 530 0780 00000000 		.word	avg_rc_values
 531 0784 165B93BF 		.word	-1080861930
 532 0788 869A93BF 		.word	-1080845690
 533 078c 5FCF923F 		.word	1066585951
 534 0790 A9F6943F 		.word	1066727081
 535 0794 238C923F 		.word	1066568739
 536 0798 DA81953F 		.word	1066762714
 537 079c 9A4D92BF 		.word	-1080930918
 538 07a0 2F2394BF 		.word	-1080810705
 539 07a4 00000000 		.word	rc_values_contains_avg_channels
 540 07a8 00000000 		.word	fbw_mode
 541 07ac 00000000 		.word	commands
 542 07b0 00000000 		.word	inter_mcu_received_ap
 543 07b4 00000000 		.word	inter_mcu_received_fbw
 544 07b8 00000000 		.word	time_since_last_ap
 545 07bc 00000000 		.word	ap_ok
 546 07c0 00000000 		.word	ap_state
 547 07c4 00000000 		.word	fbw_state
 548 07c8 00000000 		.word	last_ppm_cpt
 549 07cc 00000000 		.word	fbw_vsupply_decivolt
 551              		.bss
 552              	_10Hz.0:
 553 0001 00       		.space	1
 554              	_1Hz.1:
 555 0002 00       		.space	1
 556              	i60.2:
 557 0003 00       		.space	1
 558              		.align	1
 559              	i300.3:
 560 0004 0000     		.space	2
 561              	i30.4:
 562 0006 00       		.space	1
 563              	i60.5:
 564 0007 00       		.space	1
 565              		.align	1
 566              	i300.6:
 567 0008 0000     		.space	2
 568              		.global	__divsi3
 569              		.global	__floatsidf
 570              		.global	__muldf3
 571              		.global	__fixunsdfsi
 572              		.global	__subsf3
 573              		.global	__extendsfdf2
 574              		.global	__gtsf2
 575              		.global	__truncdfsf2
 576              		.global	__adddf3
 577              		.global	__fixdfsi
 578              		.text
 579              		.align	2
 580              		.global	periodic_task_fbw
 582              	periodic_task_fbw:
 583              		@ Function supports interworking.
 584              		@ args = 0, pretend = 0, frame = 0
 585              		@ frame_needed = 1, uses_anonymous_args = 0
 586 07d0 0DC0A0E1 		mov	ip, sp
 587 07d4 F0DF2DE9 		stmfd	sp!, {r4, r5, r6, r7, r8, r9, sl, fp, ip, lr, pc}
 588 07d8 789D9FE5 		ldr	r9, .L197+56
 589 07dc 0030D9E5 		ldrb	r3, [r9, #0]	@ zero_extendqisi2
 590 07e0 013083E2 		add	r3, r3, #1
 591 07e4 0030C9E5 		strb	r3, [r9, #0]
 592 07e8 0030D9E5 		ldrb	r3, [r9, #0]	@ zero_extendqisi2
 593 07ec 04B04CE2 		sub	fp, ip, #4
 594 07f0 050053E3 		cmp	r3, #5
 595 07f4 60CD9FE5 		ldr	ip, .L197+60
 596 07f8 0030A083 		movhi	r3, #0
 597 07fc 0030C985 		strhib	r3, [r9, #0]
 598 0800 0030DCE5 		ldrb	r3, [ip, #0]	@ zero_extendqisi2
 599 0804 013083E2 		add	r3, r3, #1
 600 0808 0030CCE5 		strb	r3, [ip, #0]
 601 080c 0030DCE5 		ldrb	r3, [ip, #0]	@ zero_extendqisi2
 602 0810 3B0053E3 		cmp	r3, #59
 603 0814 0B02009A 		bls	.L95
 604 0818 400D9FE5 		ldr	r0, .L197+64
 605 081c 403D9FE5 		ldr	r3, .L197+68
 606 0820 0010D0E5 		ldrb	r1, [r0, #0]	@ zero_extendqisi2
 607 0824 0020A0E3 		mov	r2, #0
 608 0828 0010C3E5 		strb	r1, [r3, #0]
 609 082c 0020C0E5 		strb	r2, [r0, #0]
 610 0830 0020CCE5 		strb	r2, [ip, #0]
 611              	.L95:
 612 0834 2C0D9FE5 		ldr	r0, .L197+72
 613 0838 0010D0E5 		ldrb	r1, [r0, #0]	@ zero_extendqisi2
 614 083c FF3001E2 		and	r3, r1, #255
 615 0840 3B0053E3 		cmp	r3, #59
 616 0844 203D9F85 		ldrhi	r3, .L197+76
 617 0848 0220A083 		movhi	r2, #2
 618 084c 0020C385 		strhib	r2, [r3, #0]
 619 0850 1902008A 		bhi	.L99
 620 0854 1D0053E3 		cmp	r3, #29
 621 0858 0C3D9F85 		ldrhi	r3, .L197+76
 622 085c 0120A083 		movhi	r2, #1
 623 0860 0020C385 		strhib	r2, [r3, #0]
 624 0864 013081E2 		add	r3, r1, #1
 625 0868 0030C0E5 		strb	r3, [r0, #0]
 626              	.L99:
 627 086c FC7C9FE5 		ldr	r7, .L197+80
 628 0870 0030D7E5 		ldrb	r3, [r7, #0]	@ zero_extendqisi2
 629 0874 000053E3 		cmp	r3, #0
 630 0878 2202001A 		bne	.L100
 631 087c E83C9FE5 		ldr	r3, .L197+76
 632 0880 0030D3E5 		ldrb	r3, [r3, #0]	@ zero_extendqisi2
 633 0884 020053E3 		cmp	r3, #2
 634 0888 01304302 		subeq	r3, r3, #1
 635 088c 0030C705 		streqb	r3, [r7, #0]
 636              	.L100:
 637 0890 E42C9FE5 		ldr	r2, .L197+92
 638 0894 0030D2E5 		ldrb	r3, [r2, #0]	@ zero_extendqisi2
 639 0898 1D0053E3 		cmp	r3, #29
 640 089c DC3C9F85 		ldrhi	r3, .L197+96
 641 08a0 01308392 		addls	r3, r3, #1
 642 08a4 0020A083 		movhi	r2, #0
 643 08a8 0020C385 		strhib	r2, [r3, #0]
 644 08ac 0030C295 		strlsb	r3, [r2, #0]
 645 08b0 0030D7E5 		ldrb	r3, [r7, #0]	@ zero_extendqisi2
 646 08b4 010053E3 		cmp	r3, #1
 647 08b8 3C02001A 		bne	.L104
 648 08bc BC3C9FE5 		ldr	r3, .L197+96
 649 08c0 0010D3E5 		ldrb	r1, [r3, #0]	@ zero_extendqisi2
 650 08c4 000051E3 		cmp	r1, #0
 651 08c8 3C02001A 		bne	.L104
 652 08cc 0230A0E3 		mov	r3, #2
 653 08d0 0030C7E5 		strb	r3, [r7, #0]
 654 08d4 0100A0E1 		mov	r0, r1
 655              	.L108:
 656 08d8 A42C9FE5 		ldr	r2, .L197+100
 657 08dc 8010A0E1 		mov	r1, r0, asl #1
 658 08e0 A03C9FE5 		ldr	r3, .L197+104
 659 08e4 010080E2 		add	r0, r0, #1
 660 08e8 B22091E1 		ldrh	r2, [r1, r2]
 661 08ec 030050E3 		cmp	r0, #3
 662 08f0 B32081E1 		strh	r2, [r1, r3]	@ movhi 
 663 08f4 340200DA 		ble	.L108
 664              	.L104:
 665 08f8 8CAC9FE5 		ldr	sl, .L197+108
 666 08fc 0020DAE5 		ldrb	r2, [sl, #0]	@ zero_extendqisi2
 667 0900 000052E3 		cmp	r2, #0
 668 0904 1803001A 		bne	.L110
 669 0908 801C9FE5 		ldr	r1, .L197+112
 670 090c 0030D1E5 		ldrb	r3, [r1, #0]	@ zero_extendqisi2
 671 0910 013083E2 		add	r3, r3, #1
 672 0914 0030C1E5 		strb	r3, [r1, #0]
 673 0918 748C9FE5 		ldr	r8, .L197+116
 674 091c 0030D1E5 		ldrb	r3, [r1, #0]	@ zero_extendqisi2
 675 0920 3B0053E3 		cmp	r3, #59
 676 0924 B030D8E1 		ldrh	r3, [r8, #0]
 677 0928 013083E2 		add	r3, r3, #1
 678 092c B030C8E1 		strh	r3, [r8, #0]	@ movhi 
 679 0930 0020C185 		strhib	r2, [r1, #0]
 680 0934 B030D8E1 		ldrh	r3, [r8, #0]
 681 0938 0040D1E5 		ldrb	r4, [r1, #0]	@ zero_extendqisi2
 682 093c 4B0F53E3 		cmp	r3, #300
 683 0940 B020C821 		strcsh	r2, [r8, #0]	@ movhi 
 684 0944 000054E3 		cmp	r4, #0
 685 0948 9002001A 		bne	.L113
 686 094c 0F00A0E3 		mov	r0, #15
 687 0950 FEFFFFEB 		bl	uart0_check_free_space
 688 0954 FF0010E3 		tst	r0, #255
 689 0958 CE02000A 		beq	.L122
 690 095c 9900A0E3 		mov	r0, #153
 691 0960 305C9FE5 		ldr	r5, .L197+120
 692 0964 FEFFFFEB 		bl	uart0_transmit
 693 0968 0F00A0E3 		mov	r0, #15
 694 096c FEFFFFEB 		bl	uart0_transmit
 695 0970 246C9FE5 		ldr	r6, .L197+124
 696 0974 1830A0E3 		mov	r3, #24
 697 0978 0030C5E5 		strb	r3, [r5, #0]
 698 097c 0F3083E2 		add	r3, r3, #15
 699 0980 0900A0E3 		mov	r0, #9
 700 0984 0030C6E5 		strb	r3, [r6, #0]
 701 0988 FEFFFFEB 		bl	uart0_transmit
 702 098c 0030D5E5 		ldrb	r3, [r5, #0]	@ zero_extendqisi2
 703 0990 663083E2 		add	r3, r3, #102
 704 0994 0030C5E5 		strb	r3, [r5, #0]
 705 0998 0030D6E5 		ldrb	r3, [r6, #0]	@ zero_extendqisi2
 706 099c 0020D5E5 		ldrb	r2, [r5, #0]	@ zero_extendqisi2
 707 09a0 023083E0 		add	r3, r3, r2
 708 09a4 6600A0E3 		mov	r0, #102
 709 09a8 0030C6E5 		strb	r3, [r6, #0]
 710 09ac FEFFFFEB 		bl	uart0_transmit
 711 09b0 0030D5E5 		ldrb	r3, [r5, #0]	@ zero_extendqisi2
 712 09b4 043083E2 		add	r3, r3, #4
 713 09b8 0030C5E5 		strb	r3, [r5, #0]
 714 09bc 0030D6E5 		ldrb	r3, [r6, #0]	@ zero_extendqisi2
 715 09c0 0020D5E5 		ldrb	r2, [r5, #0]	@ zero_extendqisi2
 716 09c4 023083E0 		add	r3, r3, r2
 717 09c8 0400A0E3 		mov	r0, #4
 718 09cc 0030C6E5 		strb	r3, [r6, #0]
 719 09d0 FEFFFFEB 		bl	uart0_transmit
 720 09d4 0470A0E1 		mov	r7, r4
 721              	.L118:
 722 09d8 A84B9FE5 		ldr	r4, .L197+104
 723 09dc 0030D5E5 		ldrb	r3, [r5, #0]	@ zero_extendqisi2
 724 09e0 8700D4E7 		ldrb	r0, [r4, r7, asl #1]	@ zero_extendqisi2
 725 09e4 033080E0 		add	r3, r0, r3
 726 09e8 0030C5E5 		strb	r3, [r5, #0]
 727 09ec 0030D6E5 		ldrb	r3, [r6, #0]	@ zero_extendqisi2
 728 09f0 0020D5E5 		ldrb	r2, [r5, #0]	@ zero_extendqisi2
 729 09f4 023083E0 		add	r3, r3, r2
 730 09f8 0030C6E5 		strb	r3, [r6, #0]
 731 09fc 014084E2 		add	r4, r4, #1
 732 0a00 FEFFFFEB 		bl	uart0_transmit
 733 0a04 8700D4E7 		ldrb	r0, [r4, r7, asl #1]	@ zero_extendqisi2
 734 0a08 0030D5E5 		ldrb	r3, [r5, #0]	@ zero_extendqisi2
 735 0a0c 033080E0 		add	r3, r0, r3
 736 0a10 0030C5E5 		strb	r3, [r5, #0]
 737 0a14 0030D6E5 		ldrb	r3, [r6, #0]	@ zero_extendqisi2
 738 0a18 0020D5E5 		ldrb	r2, [r5, #0]	@ zero_extendqisi2
 739 0a1c 023083E0 		add	r3, r3, r2
 740 0a20 0030C6E5 		strb	r3, [r6, #0]
 741 0a24 FEFFFFEB 		bl	uart0_transmit
 742 0a28 013087E2 		add	r3, r7, #1
 743 0a2c FF7003E2 		and	r7, r3, #255
 744 0a30 030057E3 		cmp	r7, #3
 745 0a34 7402009A 		bls	.L118
 746 0a38 0000D5E5 		ldrb	r0, [r5, #0]	@ zero_extendqisi2
 747 0a3c FEFFFFEB 		bl	uart0_transmit
 748 0a40 0000D6E5 		ldrb	r0, [r6, #0]	@ zero_extendqisi2
 749 0a44 CC0200EA 		b	.L194
 750              	.L113:
 751 0a48 060054E3 		cmp	r4, #6
 752 0a4c D202001A 		bne	.L120
 753 0a50 0900A0E3 		mov	r0, #9
 754 0a54 FEFFFFEB 		bl	uart0_check_free_space
 755 0a58 FF0010E3 		tst	r0, #255
 756 0a5c CE02000A 		beq	.L122
 757 0a60 0960A0E3 		mov	r6, #9
 758 0a64 9900A0E3 		mov	r0, #153
 759 0a68 284B9FE5 		ldr	r4, .L197+120
 760 0a6c FEFFFFEB 		bl	uart0_transmit
 761 0a70 0600A0E1 		mov	r0, r6
 762 0a74 205B9FE5 		ldr	r5, .L197+124
 763 0a78 FEFFFFEB 		bl	uart0_transmit
 764 0a7c 1230A0E3 		mov	r3, #18
 765 0a80 0030C4E5 		strb	r3, [r4, #0]
 766 0a84 063083E0 		add	r3, r3, r6
 767 0a88 0600A0E1 		mov	r0, r6
 768 0a8c 0030C5E5 		strb	r3, [r5, #0]
 769 0a90 FEFFFFEB 		bl	uart0_transmit
 770 0a94 0030D4E5 		ldrb	r3, [r4, #0]	@ zero_extendqisi2
 771 0a98 673083E2 		add	r3, r3, #103
 772 0a9c 0030C4E5 		strb	r3, [r4, #0]
 773 0aa0 0030D5E5 		ldrb	r3, [r5, #0]	@ zero_extendqisi2
 774 0aa4 0020D4E5 		ldrb	r2, [r4, #0]	@ zero_extendqisi2
 775 0aa8 023083E0 		add	r3, r3, r2
 776 0aac 6700A0E3 		mov	r0, #103
 777 0ab0 0030C5E5 		strb	r3, [r5, #0]
 778 0ab4 FEFFFFEB 		bl	uart0_transmit
 779 0ab8 AC3A9FE5 		ldr	r3, .L197+76
 780 0abc 0000D3E5 		ldrb	r0, [r3, #0]	@ zero_extendqisi2
 781 0ac0 0030D4E5 		ldrb	r3, [r4, #0]	@ zero_extendqisi2
 782 0ac4 033080E0 		add	r3, r0, r3
 783 0ac8 0030C4E5 		strb	r3, [r4, #0]
 784 0acc 0030D5E5 		ldrb	r3, [r5, #0]	@ zero_extendqisi2
 785 0ad0 0020D4E5 		ldrb	r2, [r4, #0]	@ zero_extendqisi2
 786 0ad4 023083E0 		add	r3, r3, r2
 787 0ad8 0030C5E5 		strb	r3, [r5, #0]
 788 0adc FEFFFFEB 		bl	uart0_transmit
 789 0ae0 0000D7E5 		ldrb	r0, [r7, #0]	@ zero_extendqisi2
 790 0ae4 0030D4E5 		ldrb	r3, [r4, #0]	@ zero_extendqisi2
 791 0ae8 033080E0 		add	r3, r0, r3
 792 0aec 0030C4E5 		strb	r3, [r4, #0]
 793 0af0 0030D5E5 		ldrb	r3, [r5, #0]	@ zero_extendqisi2
 794 0af4 0020D4E5 		ldrb	r2, [r4, #0]	@ zero_extendqisi2
 795 0af8 023083E0 		add	r3, r3, r2
 796 0afc 0030C5E5 		strb	r3, [r5, #0]
 797 0b00 FEFFFFEB 		bl	uart0_transmit
 798 0b04 943A9FE5 		ldr	r3, .L197+128
 799 0b08 0000D3E5 		ldrb	r0, [r3, #0]	@ zero_extendqisi2
 800 0b0c 0030D4E5 		ldrb	r3, [r4, #0]	@ zero_extendqisi2
 801 0b10 033080E0 		add	r3, r0, r3
 802 0b14 0030C4E5 		strb	r3, [r4, #0]
 803 0b18 0030D5E5 		ldrb	r3, [r5, #0]	@ zero_extendqisi2
 804 0b1c 0020D4E5 		ldrb	r2, [r4, #0]	@ zero_extendqisi2
 805 0b20 023083E0 		add	r3, r3, r2
 806 0b24 0030C5E5 		strb	r3, [r5, #0]
 807 0b28 FEFFFFEB 		bl	uart0_transmit
 808 0b2c 0000D4E5 		ldrb	r0, [r4, #0]	@ zero_extendqisi2
 809 0b30 FEFFFFEB 		bl	uart0_transmit
 810 0b34 0000D5E5 		ldrb	r0, [r5, #0]	@ zero_extendqisi2
 811              	.L194:
 812 0b38 FEFFFFEB 		bl	uart0_transmit
 813 0b3c D20200EA 		b	.L120
 814              	.L122:
 815 0b40 5C2A9FE5 		ldr	r2, .L197+132
 816 0b44 0030D2E5 		ldrb	r3, [r2, #0]	@ zero_extendqisi2
 817 0b48 013083E2 		add	r3, r3, #1
 818 0b4c 0030C2E5 		strb	r3, [r2, #0]
 819              	.L120:
 820 0b50 B030D8E1 		ldrh	r3, [r8, #0]
 821 0b54 0C0053E3 		cmp	r3, #12
 822 0b58 1803001A 		bne	.L110
 823 0b5c 1100A0E3 		mov	r0, #17
 824 0b60 FEFFFFEB 		bl	uart0_check_free_space
 825 0b64 FF0010E3 		tst	r0, #255
 826 0b68 342A9F05 		ldreq	r2, .L197+132
 827 0b6c 0030D205 		ldreqb	r3, [r2, #0]	@ zero_extendqisi2
 828 0b70 01308302 		addeq	r3, r3, #1
 829 0b74 0030C205 		streqb	r3, [r2, #0]
 830 0b78 1803000A 		beq	.L110
 831 0b7c 9900A0E3 		mov	r0, #153
 832 0b80 105A9FE5 		ldr	r5, .L197+120
 833 0b84 FEFFFFEB 		bl	uart0_transmit
 834 0b88 1100A0E3 		mov	r0, #17
 835 0b8c FEFFFFEB 		bl	uart0_transmit
 836 0b90 046A9FE5 		ldr	r6, .L197+124
 837 0b94 1A30A0E3 		mov	r3, #26
 838 0b98 0030C5E5 		strb	r3, [r5, #0]
 839 0b9c 113083E2 		add	r3, r3, #17
 840 0ba0 0900A0E3 		mov	r0, #9
 841 0ba4 0030C6E5 		strb	r3, [r6, #0]
 842 0ba8 FEFFFFEB 		bl	uart0_transmit
 843 0bac 0030D5E5 		ldrb	r3, [r5, #0]	@ zero_extendqisi2
 844 0bb0 693083E2 		add	r3, r3, #105
 845 0bb4 0030C5E5 		strb	r3, [r5, #0]
 846 0bb8 0030D6E5 		ldrb	r3, [r6, #0]	@ zero_extendqisi2
 847 0bbc 0020D5E5 		ldrb	r2, [r5, #0]	@ zero_extendqisi2
 848 0bc0 023083E0 		add	r3, r3, r2
 849 0bc4 6900A0E3 		mov	r0, #105
 850 0bc8 0030C6E5 		strb	r3, [r6, #0]
 851 0bcc FEFFFFEB 		bl	uart0_transmit
 852 0bd0 0030D5E5 		ldrb	r3, [r5, #0]	@ zero_extendqisi2
 853 0bd4 053083E2 		add	r3, r3, #5
 854 0bd8 0030C5E5 		strb	r3, [r5, #0]
 855 0bdc 0030D6E5 		ldrb	r3, [r6, #0]	@ zero_extendqisi2
 856 0be0 0020D5E5 		ldrb	r2, [r5, #0]	@ zero_extendqisi2
 857 0be4 023083E0 		add	r3, r3, r2
 858 0be8 0500A0E3 		mov	r0, #5
 859 0bec 0030C6E5 		strb	r3, [r6, #0]
 860 0bf0 FEFFFFEB 		bl	uart0_transmit
 861 0bf4 0070A0E3 		mov	r7, #0
 862              	.L129:
 863 0bf8 A8499FE5 		ldr	r4, .L197+136
 864 0bfc 0030D5E5 		ldrb	r3, [r5, #0]	@ zero_extendqisi2
 865 0c00 8700D4E7 		ldrb	r0, [r4, r7, asl #1]	@ zero_extendqisi2
 866 0c04 033080E0 		add	r3, r0, r3
 867 0c08 0030C5E5 		strb	r3, [r5, #0]
 868 0c0c 0030D6E5 		ldrb	r3, [r6, #0]	@ zero_extendqisi2
 869 0c10 0020D5E5 		ldrb	r2, [r5, #0]	@ zero_extendqisi2
 870 0c14 023083E0 		add	r3, r3, r2
 871 0c18 0030C6E5 		strb	r3, [r6, #0]
 872 0c1c 014084E2 		add	r4, r4, #1
 873 0c20 FEFFFFEB 		bl	uart0_transmit
 874 0c24 8700D4E7 		ldrb	r0, [r4, r7, asl #1]	@ zero_extendqisi2
 875 0c28 0030D5E5 		ldrb	r3, [r5, #0]	@ zero_extendqisi2
 876 0c2c 033080E0 		add	r3, r0, r3
 877 0c30 0030C5E5 		strb	r3, [r5, #0]
 878 0c34 0030D6E5 		ldrb	r3, [r6, #0]	@ zero_extendqisi2
 879 0c38 0020D5E5 		ldrb	r2, [r5, #0]	@ zero_extendqisi2
 880 0c3c 023083E0 		add	r3, r3, r2
 881 0c40 0030C6E5 		strb	r3, [r6, #0]
 882 0c44 FEFFFFEB 		bl	uart0_transmit
 883 0c48 013087E2 		add	r3, r7, #1
 884 0c4c FF7003E2 		and	r7, r3, #255
 885 0c50 040057E3 		cmp	r7, #4
 886 0c54 FC02009A 		bls	.L129
 887 0c58 0000D5E5 		ldrb	r0, [r5, #0]	@ zero_extendqisi2
 888 0c5c FEFFFFEB 		bl	uart0_transmit
 889 0c60 0000D6E5 		ldrb	r0, [r6, #0]	@ zero_extendqisi2
 890 0c64 FEFFFFEB 		bl	uart0_transmit
 891              	.L110:
 892 0c68 0030DAE5 		ldrb	r3, [sl, #0]	@ zero_extendqisi2
 893 0c6c 010053E3 		cmp	r3, #1
 894 0c70 7E04001A 		bne	.L168
 895 0c74 30299FE5 		ldr	r2, .L197+140
 896 0c78 0030D2E5 		ldrb	r3, [r2, #0]	@ zero_extendqisi2
 897 0c7c 013083E2 		add	r3, r3, #1
 898 0c80 0030C2E5 		strb	r3, [r2, #0]
 899 0c84 0030D2E5 		ldrb	r3, [r2, #0]	@ zero_extendqisi2
 900 0c88 20899FE5 		ldr	r8, .L197+144
 901 0c8c 1D0053E3 		cmp	r3, #29
 902 0c90 0030A083 		movhi	r3, #0
 903 0c94 0030C285 		strhib	r3, [r2, #0]
 904 0c98 0030D8E5 		ldrb	r3, [r8, #0]	@ zero_extendqisi2
 905 0c9c 013083E2 		add	r3, r3, #1
 906 0ca0 0030C8E5 		strb	r3, [r8, #0]
 907 0ca4 0030D8E5 		ldrb	r3, [r8, #0]	@ zero_extendqisi2
 908 0ca8 04A99FE5 		ldr	sl, .L197+148
 909 0cac 3B0053E3 		cmp	r3, #59
 910 0cb0 0030A083 		movhi	r3, #0
 911 0cb4 0030C885 		strhib	r3, [r8, #0]
 912 0cb8 B030DAE1 		ldrh	r3, [sl, #0]
 913 0cbc 013083E2 		add	r3, r3, #1
 914 0cc0 B030CAE1 		strh	r3, [sl, #0]	@ movhi 
 915 0cc4 B030DAE1 		ldrh	r3, [sl, #0]
 916 0cc8 0040D2E5 		ldrb	r4, [r2, #0]	@ zero_extendqisi2
 917 0ccc 4B0F53E3 		cmp	r3, #300
 918 0cd0 0030A023 		movcs	r3, #0	@ movhi
 919 0cd4 B030CA21 		strcsh	r3, [sl, #0]	@ movhi 
 920 0cd8 000054E3 		cmp	r4, #0
 921 0cdc 7203001A 		bne	.L135
 922 0ce0 1700A0E3 		mov	r0, #23
 923 0ce4 FEFFFFEB 		bl	uart0_check_free_space
 924 0ce8 FF0010E3 		tst	r0, #255
 925 0cec F203000A 		beq	.L152
 926 0cf0 9900A0E3 		mov	r0, #153
 927 0cf4 9C589FE5 		ldr	r5, .L197+120
 928 0cf8 FEFFFFEB 		bl	uart0_transmit
 929 0cfc 1700A0E3 		mov	r0, #23
 930 0d00 FEFFFFEB 		bl	uart0_transmit
 931 0d04 90689FE5 		ldr	r6, .L197+124
 932 0d08 2030A0E3 		mov	r3, #32
 933 0d0c 0030C5E5 		strb	r3, [r5, #0]
 934 0d10 173083E2 		add	r3, r3, #23
 935 0d14 0900A0E3 		mov	r0, #9
 936 0d18 0030C6E5 		strb	r3, [r6, #0]
 937 0d1c FEFFFFEB 		bl	uart0_transmit
 938 0d20 0030D5E5 		ldrb	r3, [r5, #0]	@ zero_extendqisi2
 939 0d24 643083E2 		add	r3, r3, #100
 940 0d28 0030C5E5 		strb	r3, [r5, #0]
 941 0d2c 0030D6E5 		ldrb	r3, [r6, #0]	@ zero_extendqisi2
 942 0d30 0020D5E5 		ldrb	r2, [r5, #0]	@ zero_extendqisi2
 943 0d34 023083E0 		add	r3, r3, r2
 944 0d38 6400A0E3 		mov	r0, #100
 945 0d3c 0030C6E5 		strb	r3, [r6, #0]
 946 0d40 FEFFFFEB 		bl	uart0_transmit
 947 0d44 0030D5E5 		ldrb	r3, [r5, #0]	@ zero_extendqisi2
 948 0d48 083083E2 		add	r3, r3, #8
 949 0d4c 0030C5E5 		strb	r3, [r5, #0]
 950 0d50 0030D6E5 		ldrb	r3, [r6, #0]	@ zero_extendqisi2
 951 0d54 0020D5E5 		ldrb	r2, [r5, #0]	@ zero_extendqisi2
 952 0d58 023083E0 		add	r3, r3, r2
 953 0d5c 0800A0E3 		mov	r0, #8
 954 0d60 0030C6E5 		strb	r3, [r6, #0]
 955 0d64 FEFFFFEB 		bl	uart0_transmit
 956 0d68 0470A0E1 		mov	r7, r4
 957              	.L140:
 958 0d6c 44489FE5 		ldr	r4, .L197+152
 959 0d70 0030D5E5 		ldrb	r3, [r5, #0]	@ zero_extendqisi2
 960 0d74 8700D4E7 		ldrb	r0, [r4, r7, asl #1]	@ zero_extendqisi2
 961 0d78 033080E0 		add	r3, r0, r3
 962 0d7c 0030C5E5 		strb	r3, [r5, #0]
 963 0d80 0030D6E5 		ldrb	r3, [r6, #0]	@ zero_extendqisi2
 964 0d84 0020D5E5 		ldrb	r2, [r5, #0]	@ zero_extendqisi2
 965 0d88 023083E0 		add	r3, r3, r2
 966 0d8c 0030C6E5 		strb	r3, [r6, #0]
 967 0d90 014084E2 		add	r4, r4, #1
 968 0d94 FEFFFFEB 		bl	uart0_transmit
 969 0d98 8700D4E7 		ldrb	r0, [r4, r7, asl #1]	@ zero_extendqisi2
 970 0d9c 0030D5E5 		ldrb	r3, [r5, #0]	@ zero_extendqisi2
 971 0da0 033080E0 		add	r3, r0, r3
 972 0da4 0030C5E5 		strb	r3, [r5, #0]
 973 0da8 0030D6E5 		ldrb	r3, [r6, #0]	@ zero_extendqisi2
 974 0dac 0020D5E5 		ldrb	r2, [r5, #0]	@ zero_extendqisi2
 975 0db0 023083E0 		add	r3, r3, r2
 976 0db4 0030C6E5 		strb	r3, [r6, #0]
 977 0db8 FEFFFFEB 		bl	uart0_transmit
 978 0dbc 013087E2 		add	r3, r7, #1
 979 0dc0 FF7003E2 		and	r7, r3, #255
 980 0dc4 070057E3 		cmp	r7, #7
 981 0dc8 5903009A 		bls	.L140
 982 0dcc ED0300EA 		b	.L195
 983              	.L135:
 984 0dd0 060054E3 		cmp	r4, #6
 985 0dd4 B003001A 		bne	.L143
 986 0dd8 1700A0E3 		mov	r0, #23
 987 0ddc FEFFFFEB 		bl	uart0_check_free_space
 988 0de0 FF0010E3 		tst	r0, #255
 989 0de4 F203000A 		beq	.L152
 990 0de8 9900A0E3 		mov	r0, #153
 991 0dec A4579FE5 		ldr	r5, .L197+120
 992 0df0 FEFFFFEB 		bl	uart0_transmit
 993 0df4 1700A0E3 		mov	r0, #23
 994 0df8 FEFFFFEB 		bl	uart0_transmit
 995 0dfc 98679FE5 		ldr	r6, .L197+124
 996 0e00 2030A0E3 		mov	r3, #32
 997 0e04 0030C5E5 		strb	r3, [r5, #0]
 998 0e08 173083E2 		add	r3, r3, #23
 999 0e0c 0900A0E3 		mov	r0, #9
 1000 0e10 0030C6E5 		strb	r3, [r6, #0]
 1001 0e14 FEFFFFEB 		bl	uart0_transmit
 1002 0e18 0030D5E5 		ldrb	r3, [r5, #0]	@ zero_extendqisi2
 1003 0e1c 653083E2 		add	r3, r3, #101
 1004 0e20 0030C5E5 		strb	r3, [r5, #0]
 1005 0e24 0030D6E5 		ldrb	r3, [r6, #0]	@ zero_extendqisi2
 1006 0e28 0020D5E5 		ldrb	r2, [r5, #0]	@ zero_extendqisi2
 1007 0e2c 023083E0 		add	r3, r3, r2
 1008 0e30 6500A0E3 		mov	r0, #101
 1009 0e34 0030C6E5 		strb	r3, [r6, #0]
 1010 0e38 FEFFFFEB 		bl	uart0_transmit
 1011 0e3c 0030D5E5 		ldrb	r3, [r5, #0]	@ zero_extendqisi2
 1012 0e40 083083E2 		add	r3, r3, #8
 1013 0e44 0030C5E5 		strb	r3, [r5, #0]
 1014 0e48 0030D6E5 		ldrb	r3, [r6, #0]	@ zero_extendqisi2
 1015 0e4c 0020D5E5 		ldrb	r2, [r5, #0]	@ zero_extendqisi2
 1016 0e50 023083E0 		add	r3, r3, r2
 1017 0e54 0800A0E3 		mov	r0, #8
 1018 0e58 0030C6E5 		strb	r3, [r6, #0]
 1019 0e5c FEFFFFEB 		bl	uart0_transmit
 1020 0e60 0070A0E3 		mov	r7, #0
 1021              	.L148:
 1022 0e64 50479FE5 		ldr	r4, .L197+156
 1023 0e68 0030D5E5 		ldrb	r3, [r5, #0]	@ zero_extendqisi2
 1024 0e6c 8700D4E7 		ldrb	r0, [r4, r7, asl #1]	@ zero_extendqisi2
 1025 0e70 033080E0 		add	r3, r0, r3
 1026 0e74 0030C5E5 		strb	r3, [r5, #0]
 1027 0e78 0030D6E5 		ldrb	r3, [r6, #0]	@ zero_extendqisi2
 1028 0e7c 0020D5E5 		ldrb	r2, [r5, #0]	@ zero_extendqisi2
 1029 0e80 023083E0 		add	r3, r3, r2
 1030 0e84 0030C6E5 		strb	r3, [r6, #0]
 1031 0e88 014084E2 		add	r4, r4, #1
 1032 0e8c FEFFFFEB 		bl	uart0_transmit
 1033 0e90 8700D4E7 		ldrb	r0, [r4, r7, asl #1]	@ zero_extendqisi2
 1034 0e94 0030D5E5 		ldrb	r3, [r5, #0]	@ zero_extendqisi2
 1035 0e98 033080E0 		add	r3, r0, r3
 1036 0e9c 0030C5E5 		strb	r3, [r5, #0]
 1037 0ea0 0030D6E5 		ldrb	r3, [r6, #0]	@ zero_extendqisi2
 1038 0ea4 0020D5E5 		ldrb	r2, [r5, #0]	@ zero_extendqisi2
 1039 0ea8 023083E0 		add	r3, r3, r2
 1040 0eac 0030C6E5 		strb	r3, [r6, #0]
 1041 0eb0 FEFFFFEB 		bl	uart0_transmit
 1042 0eb4 013087E2 		add	r3, r7, #1
 1043 0eb8 FF7003E2 		and	r7, r3, #255
 1044 0ebc 070057E3 		cmp	r7, #7
 1045 0ec0 9703009A 		bls	.L148
 1046 0ec4 ED0300EA 		b	.L195
 1047              	.L143:
 1048 0ec8 0C0054E3 		cmp	r4, #12
 1049 0ecc F603001A 		bne	.L142
 1050 0ed0 0F00A0E3 		mov	r0, #15
 1051 0ed4 FEFFFFEB 		bl	uart0_check_free_space
 1052 0ed8 FF0010E3 		tst	r0, #255
 1053 0edc F203000A 		beq	.L152
 1054 0ee0 9900A0E3 		mov	r0, #153
 1055 0ee4 AC569FE5 		ldr	r5, .L197+120
 1056 0ee8 FEFFFFEB 		bl	uart0_transmit
 1057 0eec 0F00A0E3 		mov	r0, #15
 1058 0ef0 FEFFFFEB 		bl	uart0_transmit
 1059 0ef4 A0669FE5 		ldr	r6, .L197+124
 1060 0ef8 1830A0E3 		mov	r3, #24
 1061 0efc 0030C5E5 		strb	r3, [r5, #0]
 1062 0f00 0F3083E2 		add	r3, r3, #15
 1063 0f04 0900A0E3 		mov	r0, #9
 1064 0f08 0030C6E5 		strb	r3, [r6, #0]
 1065 0f0c FEFFFFEB 		bl	uart0_transmit
 1066 0f10 0030D5E5 		ldrb	r3, [r5, #0]	@ zero_extendqisi2
 1067 0f14 663083E2 		add	r3, r3, #102
 1068 0f18 0030C5E5 		strb	r3, [r5, #0]
 1069 0f1c 0030D6E5 		ldrb	r3, [r6, #0]	@ zero_extendqisi2
 1070 0f20 0020D5E5 		ldrb	r2, [r5, #0]	@ zero_extendqisi2
 1071 0f24 023083E0 		add	r3, r3, r2
 1072 0f28 6600A0E3 		mov	r0, #102
 1073 0f2c 0030C6E5 		strb	r3, [r6, #0]
 1074 0f30 FEFFFFEB 		bl	uart0_transmit
 1075 0f34 0030D5E5 		ldrb	r3, [r5, #0]	@ zero_extendqisi2
 1076 0f38 043083E2 		add	r3, r3, #4
 1077 0f3c 0030C5E5 		strb	r3, [r5, #0]
 1078 0f40 0030D6E5 		ldrb	r3, [r6, #0]	@ zero_extendqisi2
 1079 0f44 0020D5E5 		ldrb	r2, [r5, #0]	@ zero_extendqisi2
 1080 0f48 023083E0 		add	r3, r3, r2
 1081 0f4c 0400A0E3 		mov	r0, #4
 1082 0f50 0030C6E5 		strb	r3, [r6, #0]
 1083 0f54 FEFFFFEB 		bl	uart0_transmit
 1084 0f58 0070A0E3 		mov	r7, #0
 1085              	.L156:
 1086 0f5c 24469FE5 		ldr	r4, .L197+104
 1087 0f60 0030D5E5 		ldrb	r3, [r5, #0]	@ zero_extendqisi2
 1088 0f64 8700D4E7 		ldrb	r0, [r4, r7, asl #1]	@ zero_extendqisi2
 1089 0f68 033080E0 		add	r3, r0, r3
 1090 0f6c 0030C5E5 		strb	r3, [r5, #0]
 1091 0f70 0030D6E5 		ldrb	r3, [r6, #0]	@ zero_extendqisi2
 1092 0f74 0020D5E5 		ldrb	r2, [r5, #0]	@ zero_extendqisi2
 1093 0f78 023083E0 		add	r3, r3, r2
 1094 0f7c 0030C6E5 		strb	r3, [r6, #0]
 1095 0f80 014084E2 		add	r4, r4, #1
 1096 0f84 FEFFFFEB 		bl	uart0_transmit
 1097 0f88 8700D4E7 		ldrb	r0, [r4, r7, asl #1]	@ zero_extendqisi2
 1098 0f8c 0030D5E5 		ldrb	r3, [r5, #0]	@ zero_extendqisi2
 1099 0f90 033080E0 		add	r3, r0, r3
 1100 0f94 0030C5E5 		strb	r3, [r5, #0]
 1101 0f98 0030D6E5 		ldrb	r3, [r6, #0]	@ zero_extendqisi2
 1102 0f9c 0020D5E5 		ldrb	r2, [r5, #0]	@ zero_extendqisi2
 1103 0fa0 023083E0 		add	r3, r3, r2
 1104 0fa4 0030C6E5 		strb	r3, [r6, #0]
 1105 0fa8 FEFFFFEB 		bl	uart0_transmit
 1106 0fac 013087E2 		add	r3, r7, #1
 1107 0fb0 FF7003E2 		and	r7, r3, #255
 1108 0fb4 030057E3 		cmp	r7, #3
 1109 0fb8 D503009A 		bls	.L156
 1110              	.L195:
 1111 0fbc 0000D5E5 		ldrb	r0, [r5, #0]	@ zero_extendqisi2
 1112 0fc0 FEFFFFEB 		bl	uart0_transmit
 1113 0fc4 0000D6E5 		ldrb	r0, [r6, #0]	@ zero_extendqisi2
 1114 0fc8 FEFFFFEB 		bl	uart0_transmit
 1115 0fcc F60300EA 		b	.L142
 1116              	.L152:
 1117 0fd0 CC259FE5 		ldr	r2, .L197+132
 1118 0fd4 0030D2E5 		ldrb	r3, [r2, #0]	@ zero_extendqisi2
 1119 0fd8 013083E2 		add	r3, r3, #1
 1120 0fdc 0030C2E5 		strb	r3, [r2, #0]
 1121              	.L142:
 1122 0fe0 0070D8E5 		ldrb	r7, [r8, #0]	@ zero_extendqisi2
 1123 0fe4 120057E3 		cmp	r7, #18
 1124 0fe8 3804001A 		bne	.L158
 1125 0fec 0900A0E3 		mov	r0, #9
 1126 0ff0 FEFFFFEB 		bl	uart0_check_free_space
 1127 0ff4 FF0010E3 		tst	r0, #255
 1128 0ff8 A4259F05 		ldreq	r2, .L197+132
 1129 0ffc 0030D205 		ldreqb	r3, [r2, #0]	@ zero_extendqisi2
 1130 1000 01308302 		addeq	r3, r3, #1
 1131 1004 0030C205 		streqb	r3, [r2, #0]
 1132 1008 3804000A 		beq	.L158
 1133 100c 0960A0E3 		mov	r6, #9
 1134 1010 9900A0E3 		mov	r0, #153
 1135 1014 7C459FE5 		ldr	r4, .L197+120
 1136 1018 7C559FE5 		ldr	r5, .L197+124
 1137 101c FEFFFFEB 		bl	uart0_transmit
 1138 1020 0600A0E1 		mov	r0, r6
 1139 1024 FEFFFFEB 		bl	uart0_transmit
 1140 1028 1B30A0E3 		mov	r3, #27
 1141 102c 0600A0E1 		mov	r0, r6
 1142 1030 0030C5E5 		strb	r3, [r5, #0]
 1143 1034 0070C4E5 		strb	r7, [r4, #0]
 1144 1038 FEFFFFEB 		bl	uart0_transmit
 1145 103c 0030D4E5 		ldrb	r3, [r4, #0]	@ zero_extendqisi2
 1146 1040 673083E2 		add	r3, r3, #103
 1147 1044 0030C4E5 		strb	r3, [r4, #0]
 1148 1048 0030D5E5 		ldrb	r3, [r5, #0]	@ zero_extendqisi2
 1149 104c 0020D4E5 		ldrb	r2, [r4, #0]	@ zero_extendqisi2
 1150 1050 023083E0 		add	r3, r3, r2
 1151 1054 6700A0E3 		mov	r0, #103
 1152 1058 0030C5E5 		strb	r3, [r5, #0]
 1153 105c FEFFFFEB 		bl	uart0_transmit
 1154 1060 04359FE5 		ldr	r3, .L197+76
 1155 1064 0000D3E5 		ldrb	r0, [r3, #0]	@ zero_extendqisi2
 1156 1068 0030D4E5 		ldrb	r3, [r4, #0]	@ zero_extendqisi2
 1157 106c 033080E0 		add	r3, r0, r3
 1158 1070 0030C4E5 		strb	r3, [r4, #0]
 1159 1074 0030D5E5 		ldrb	r3, [r5, #0]	@ zero_extendqisi2
 1160 1078 0020D4E5 		ldrb	r2, [r4, #0]	@ zero_extendqisi2
 1161 107c 023083E0 		add	r3, r3, r2
 1162 1080 0030C5E5 		strb	r3, [r5, #0]
 1163 1084 FEFFFFEB 		bl	uart0_transmit
 1164 1088 E0349FE5 		ldr	r3, .L197+80
 1165 108c 0000D3E5 		ldrb	r0, [r3, #0]	@ zero_extendqisi2
 1166 1090 0030D4E5 		ldrb	r3, [r4, #0]	@ zero_extendqisi2
 1167 1094 033080E0 		add	r3, r0, r3
 1168 1098 0030C4E5 		strb	r3, [r4, #0]
 1169 109c 0030D5E5 		ldrb	r3, [r5, #0]	@ zero_extendqisi2
 1170 10a0 0020D4E5 		ldrb	r2, [r4, #0]	@ zero_extendqisi2
 1171 10a4 023083E0 		add	r3, r3, r2
 1172 10a8 0030C5E5 		strb	r3, [r5, #0]
 1173 10ac FEFFFFEB 		bl	uart0_transmit
 1174 10b0 E8349FE5 		ldr	r3, .L197+128
 1175 10b4 0000D3E5 		ldrb	r0, [r3, #0]	@ zero_extendqisi2
 1176 10b8 0030D4E5 		ldrb	r3, [r4, #0]	@ zero_extendqisi2
 1177 10bc 033080E0 		add	r3, r0, r3
 1178 10c0 0030C4E5 		strb	r3, [r4, #0]
 1179 10c4 0030D5E5 		ldrb	r3, [r5, #0]	@ zero_extendqisi2
 1180 10c8 0020D4E5 		ldrb	r2, [r4, #0]	@ zero_extendqisi2
 1181 10cc 023083E0 		add	r3, r3, r2
 1182 10d0 0030C5E5 		strb	r3, [r5, #0]
 1183 10d4 FEFFFFEB 		bl	uart0_transmit
 1184 10d8 0000D4E5 		ldrb	r0, [r4, #0]	@ zero_extendqisi2
 1185 10dc FEFFFFEB 		bl	uart0_transmit
 1186 10e0 0000D5E5 		ldrb	r0, [r5, #0]	@ zero_extendqisi2
 1187 10e4 FEFFFFEB 		bl	uart0_transmit
 1188              	.L158:
 1189 10e8 B030DAE1 		ldrh	r3, [sl, #0]
 1190 10ec 180053E3 		cmp	r3, #24
 1191 10f0 7E04001A 		bne	.L168
 1192 10f4 1100A0E3 		mov	r0, #17
 1193 10f8 FEFFFFEB 		bl	uart0_check_free_space
 1194 10fc FF0010E3 		tst	r0, #255
 1195 1100 9C249F05 		ldreq	r2, .L197+132
 1196 1104 0030D205 		ldreqb	r3, [r2, #0]	@ zero_extendqisi2
 1197 1108 01308302 		addeq	r3, r3, #1
 1198 110c 0030C205 		streqb	r3, [r2, #0]
 1199 1110 7E04000A 		beq	.L168
 1200 1114 9900A0E3 		mov	r0, #153
 1201 1118 78549FE5 		ldr	r5, .L197+120
 1202 111c FEFFFFEB 		bl	uart0_transmit
 1203 1120 1100A0E3 		mov	r0, #17
 1204 1124 FEFFFFEB 		bl	uart0_transmit
 1205 1128 6C649FE5 		ldr	r6, .L197+124
 1206 112c 1A30A0E3 		mov	r3, #26
 1207 1130 0030C5E5 		strb	r3, [r5, #0]
 1208 1134 113083E2 		add	r3, r3, #17
 1209 1138 0900A0E3 		mov	r0, #9
 1210 113c 0030C6E5 		strb	r3, [r6, #0]
 1211 1140 FEFFFFEB 		bl	uart0_transmit
 1212 1144 0030D5E5 		ldrb	r3, [r5, #0]	@ zero_extendqisi2
 1213 1148 693083E2 		add	r3, r3, #105
 1214 114c 0030C5E5 		strb	r3, [r5, #0]
 1215 1150 0030D6E5 		ldrb	r3, [r6, #0]	@ zero_extendqisi2
 1216 1154 0020D5E5 		ldrb	r2, [r5, #0]	@ zero_extendqisi2
 1217 1158 023083E0 		add	r3, r3, r2
 1218 115c 6900A0E3 		mov	r0, #105
 1219 1160 0030C6E5 		strb	r3, [r6, #0]
 1220 1164 FEFFFFEB 		bl	uart0_transmit
 1221 1168 0030D5E5 		ldrb	r3, [r5, #0]	@ zero_extendqisi2
 1222 116c 053083E2 		add	r3, r3, #5
 1223 1170 0030C5E5 		strb	r3, [r5, #0]
 1224 1174 0030D6E5 		ldrb	r3, [r6, #0]	@ zero_extendqisi2
 1225 1178 0020D5E5 		ldrb	r2, [r5, #0]	@ zero_extendqisi2
 1226 117c 023083E0 		add	r3, r3, r2
 1227 1180 0500A0E3 		mov	r0, #5
 1228 1184 0030C6E5 		strb	r3, [r6, #0]
 1229 1188 FEFFFFEB 		bl	uart0_transmit
 1230 118c 0070A0E3 		mov	r7, #0
 1231              	.L166:
 1232 1190 10449FE5 		ldr	r4, .L197+136
 1233 1194 0030D5E5 		ldrb	r3, [r5, #0]	@ zero_extendqisi2
 1234 1198 8700D4E7 		ldrb	r0, [r4, r7, asl #1]	@ zero_extendqisi2
 1235 119c 033080E0 		add	r3, r0, r3
 1236 11a0 0030C5E5 		strb	r3, [r5, #0]
 1237 11a4 0030D6E5 		ldrb	r3, [r6, #0]	@ zero_extendqisi2
 1238 11a8 0020D5E5 		ldrb	r2, [r5, #0]	@ zero_extendqisi2
 1239 11ac 023083E0 		add	r3, r3, r2
 1240 11b0 0030C6E5 		strb	r3, [r6, #0]
 1241 11b4 014084E2 		add	r4, r4, #1
 1242 11b8 FEFFFFEB 		bl	uart0_transmit
 1243 11bc 8700D4E7 		ldrb	r0, [r4, r7, asl #1]	@ zero_extendqisi2
 1244 11c0 0030D5E5 		ldrb	r3, [r5, #0]	@ zero_extendqisi2
 1245 11c4 033080E0 		add	r3, r0, r3
 1246 11c8 0030C5E5 		strb	r3, [r5, #0]
 1247 11cc 0030D6E5 		ldrb	r3, [r6, #0]	@ zero_extendqisi2
 1248 11d0 0020D5E5 		ldrb	r2, [r5, #0]	@ zero_extendqisi2
 1249 11d4 023083E0 		add	r3, r3, r2
 1250 11d8 0030C6E5 		strb	r3, [r6, #0]
 1251 11dc FEFFFFEB 		bl	uart0_transmit
 1252 11e0 013087E2 		add	r3, r7, #1
 1253 11e4 FF7003E2 		and	r7, r3, #255
 1254 11e8 040057E3 		cmp	r7, #4
 1255 11ec 6204009A 		bls	.L166
 1256 11f0 0000D5E5 		ldrb	r0, [r5, #0]	@ zero_extendqisi2
 1257 11f4 FEFFFFEB 		bl	uart0_transmit
 1258 11f8 0000D6E5 		ldrb	r0, [r6, #0]	@ zero_extendqisi2
 1259 11fc FEFFFFEB 		bl	uart0_transmit
 1260              	.L168:
 1261 1200 0030D9E5 		ldrb	r3, [r9, #0]	@ zero_extendqisi2
 1262 1204 000053E3 		cmp	r3, #0
 1263 1208 8E04001A 		bne	.L169
 1264 120c AC339FE5 		ldr	r3, .L197+160
 1265 1210 4310D3E5 		ldrb	r1, [r3, #67]	@ zero_extendqisi2
 1266 1214 B000D3E1 		ldrh	r0, [r3, #0]
 1267 1218 FEFFFFEB 		bl	__divsi3
 1268 121c 000180E0 		add	r0, r0, r0, asl #2
 1269 1220 8000A0E1 		mov	r0, r0, asl #1
 1270 1224 FEFFFFEB 		bl	__floatsidf
 1271 1228 2F2E8FE2 		adr	r2, .L197
 1272 122c 0C0092E8 		ldmia	r2, {r2-r3}
 1273 1230 FEFFFFEB 		bl	__muldf3
 1274 1234 FEFFFFEB 		bl	__fixunsdfsi
 1275 1238 60339FE5 		ldr	r3, .L197+128
 1276 123c 0000C3E5 		strb	r0, [r3, #0]
 1277              	.L169:
 1278 1240 40A39FE5 		ldr	sl, .L197+104
 1279 1244 F000DAE1 		ldrsh	r0, [sl, #0]
 1280 1248 FEFFFFEB 		bl	__floatsisf
 1281 124c 70339FE5 		ldr	r3, .L197+164
 1282 1250 0050A0E1 		mov	r5, r0
 1283 1254 0000D3E5 		ldrb	r0, [r3, #0]	@ zero_extendqisi2
 1284 1258 FEFFFFEB 		bl	__floatsisf
 1285 125c 64139FE5 		ldr	r1, .L197+168
 1286 1260 FEFFFFEB 		bl	__subsf3
 1287 1264 60339FE5 		ldr	r3, .L197+172
 1288 1268 0040A0E1 		mov	r4, r0
 1289 126c 0000D3E5 		ldrb	r0, [r3, #0]	@ zero_extendqisi2
 1290 1270 FEFFFFEB 		bl	__floatsisf
 1291 1274 0010A0E1 		mov	r1, r0
 1292 1278 0400A0E1 		mov	r0, r4
 1293 127c FEFFFFEB 		bl	__mulsf3
 1294 1280 0010A0E1 		mov	r1, r0
 1295 1284 0500A0E1 		mov	r0, r5
 1296 1288 FEFFFFEB 		bl	__subsf3
 1297 128c 0040A0E1 		mov	r4, r0
 1298 1290 FEFFFFEB 		bl	__extendsfdf2
 1299 1294 0160A0E1 		mov	r6, r1
 1300 1298 0050A0E1 		mov	r5, r0
 1301 129c 0400A0E1 		mov	r0, r4
 1302 12a0 0010A0E3 		mov	r1, #0
 1303 12a4 FEFFFFEB 		bl	__gtsf2
 1304 12a8 000050E3 		cmp	r0, #0
 1305 12ac 9D2F8FC2 		adrgt	r2, .L197+8
 1306 12b0 0C0092C8 		ldmgtia	r2, {r2-r3}
 1307 12b4 0610A0C1 		movgt	r1, r6
 1308 12b8 0500A0C1 		movgt	r0, r5
 1309              	.L170:
 1310 12bc 9B2F8FD2 		adrle	r2, .L197+16
 1311 12c0 0C0092D8 		ldmleia	r2, {r2-r3}
 1312 12c4 0610A0D1 		movle	r1, r6
 1313 12c8 0500A0D1 		movle	r0, r5
 1314              	.L196:
 1315 12cc FEFFFFEB 		bl	__muldf3
 1316 12d0 FEFFFFEB 		bl	__truncdfsf2
 1317 12d4 FEFFFFEB 		bl	__fixsfsi
 1318 12d8 4B0E80E2 		add	r0, r0, #1200
 1319 12dc EC329FE5 		ldr	r3, .L197+176
 1320 12e0 0008A0E1 		mov	r0, r0, asl #16
 1321 12e4 2008A0E1 		mov	r0, r0, lsr #16
 1322 12e8 030050E1 		cmp	r0, r3
 1323 12ec B4729FE5 		ldr	r7, .L197+136
 1324 12f0 DC329F95 		ldrls	r3, .L197+180
 1325 12f4 BF04009A 		bls	.L174
 1326 12f8 7D0E50E3 		cmp	r0, #2000
 1327 12fc 0030A031 		movcc	r3, r0
 1328 1300 7D3EA023 		movcs	r3, #2000
 1329              	.L174:
 1330 1304 B630C7E1 		strh	r3, [r7, #6]	@ movhi 
 1331 1308 B600D7E1 		ldrh	r0, [r7, #6]
 1332 130c FEFFFFEB 		bl	__floatsidf
 1333 1310 222E8FE2 		adr	r2, .L197+24
 1334 1314 0C0092E8 		ldmia	r2, {r2-r3}
 1335 1318 FEFFFFEB 		bl	__muldf3
 1336 131c 872F8FE2 		adr	r2, .L197+32
 1337 1320 0C0092E8 		ldmia	r2, {r2-r3}
 1338 1324 FEFFFFEB 		bl	__muldf3
 1339 1328 862F8FE2 		adr	r2, .L197+40
 1340 132c 0C0092E8 		ldmia	r2, {r2-r3}
 1341 1330 FEFFFFEB 		bl	__adddf3
 1342 1334 FEFFFFEB 		bl	__fixunsdfsi
 1343 1338 B430DAE1 		ldrh	r3, [sl, #4]
 1344 133c B220DAE1 		ldrh	r2, [sl, #2]
 1345 1340 0348A0E1 		mov	r4, r3, asl #16
 1346 1344 8C829FE5 		ldr	r8, .L197+184
 1347 1348 0268A0E1 		mov	r6, r2, asl #16
 1348 134c 4438A0E1 		mov	r3, r4, asr #16
 1349 1350 B600C8E1 		strh	r0, [r8, #6]	@ movhi 
 1350 1354 460883E0 		add	r0, r3, r6, asr #16
 1351 1358 FEFFFFEB 		bl	__floatsisf
 1352 135c FEFFFFEB 		bl	__extendsfdf2
 1353 1360 7A2F8FE2 		adr	r2, .L197+48
 1354 1364 0C0092E8 		ldmia	r2, {r2-r3}
 1355 1368 FEFFFFEB 		bl	__muldf3
 1356 136c FEFFFFEB 		bl	__truncdfsf2
 1357 1370 FEFFFFEB 		bl	__fixsfsi
 1358 1374 5D0E80E2 		add	r0, r0, #1488
 1359 1378 0C0080E2 		add	r0, r0, #12
 1360 137c 0008A0E1 		mov	r0, r0, asl #16
 1361 1380 2008A0E1 		mov	r0, r0, lsr #16
 1362 1384 FA0F50E3 		cmp	r0, #1000
 1363 1388 FA2FA033 		movcc	r2, #1000	@ movhi
 1364 138c E504003A 		bcc	.L176
 1365 1390 7D0E50E3 		cmp	r0, #2000
 1366 1394 0020A031 		movcc	r2, r0
 1367 1398 7D2EA023 		movcs	r2, #2000
 1368              	.L176:
 1369 139c 04329FE5 		ldr	r3, .L197+136
 1370 13a0 B020C3E1 		strh	r2, [r3, #0]	@ movhi 
 1371 13a4 B000D7E1 		ldrh	r0, [r7, #0]
 1372 13a8 FEFFFFEB 		bl	__floatsidf
 1373 13ac 612F8FE2 		adr	r2, .L197+24
 1374 13b0 0C0092E8 		ldmia	r2, {r2-r3}
 1375 13b4 FEFFFFEB 		bl	__muldf3
 1376 13b8 062D8FE2 		adr	r2, .L197+32
 1377 13bc 0C0092E8 		ldmia	r2, {r2-r3}
 1378 13c0 FEFFFFEB 		bl	__muldf3
 1379 13c4 5F2F8FE2 		adr	r2, .L197+40
 1380 13c8 0C0092E8 		ldmia	r2, {r2-r3}
 1381 13cc FEFFFFEB 		bl	__adddf3
 1382 13d0 FEFFFFEB 		bl	__fixunsdfsi
 1383 13d4 4438A0E1 		mov	r3, r4, asr #16
 1384 13d8 B000C8E1 		strh	r0, [r8, #0]	@ movhi 
 1385 13dc 460863E0 		rsb	r0, r3, r6, asr #16
 1386 13e0 FEFFFFEB 		bl	__floatsisf
 1387 13e4 FEFFFFEB 		bl	__extendsfdf2
 1388 13e8 162E8FE2 		adr	r2, .L197+48
 1389 13ec 0C0092E8 		ldmia	r2, {r2-r3}
 1390 13f0 FEFFFFEB 		bl	__muldf3
 1391 13f4 FEFFFFEB 		bl	__truncdfsf2
 1392 13f8 FEFFFFEB 		bl	__fixsfsi
 1393 13fc 5D0E80E2 		add	r0, r0, #1488
 1394 1400 0C0080E2 		add	r0, r0, #12
 1395 1404 0008A0E1 		mov	r0, r0, asl #16
 1396 1408 2008A0E1 		mov	r0, r0, lsr #16
 1397 140c FA0F50E3 		cmp	r0, #1000
 1398 1410 FA2FA033 		movcc	r2, #1000	@ movhi
 1399 1414 0705003A 		bcc	.L178
 1400 1418 7D0E50E3 		cmp	r0, #2000
 1401 141c 0020A031 		movcc	r2, r0
 1402 1420 7D2EA023 		movcs	r2, #2000
 1403              	.L178:
 1404 1424 7C319FE5 		ldr	r3, .L197+136
 1405 1428 B220C3E1 		strh	r2, [r3, #2]	@ movhi 
 1406 142c B200D7E1 		ldrh	r0, [r7, #2]
 1407 1430 FEFFFFEB 		bl	__floatsidf
 1408 1434 FC208FE2 		adr	r2, .L197+24
 1409 1438 0C0092E8 		ldmia	r2, {r2-r3}
 1410 143c FEFFFFEB 		bl	__muldf3
 1411 1440 F8208FE2 		adr	r2, .L197+32
 1412 1444 0C0092E8 		ldmia	r2, {r2-r3}
 1413 1448 FEFFFFEB 		bl	__muldf3
 1414 144c F4208FE2 		adr	r2, .L197+40
 1415 1450 0C0092E8 		ldmia	r2, {r2-r3}
 1416 1454 FEFFFFEB 		bl	__adddf3
 1417 1458 FEFFFFEB 		bl	__fixunsdfsi
 1418 145c B200C8E1 		strh	r0, [r8, #2]	@ movhi 
 1419 1460 F600DAE1 		ldrsh	r0, [sl, #6]
 1420 1464 FEFFFFEB 		bl	__floatsidf
 1421 1468 0150A0E1 		mov	r5, r1
 1422 146c 0040A0E1 		mov	r4, r0
 1423 1470 4608A0E1 		mov	r0, r6, asr #16
 1424 1474 FEFFFFEB 		bl	__floatsidf
 1425 1478 F4208FE2 		adr	r2, .L197+84
 1426 147c 0C0092E8 		ldmia	r2, {r2-r3}
 1427 1480 FEFFFFEB 		bl	__muldf3
 1428 1484 0130A0E1 		mov	r3, r1
 1429 1488 0020A0E1 		mov	r2, r0
 1430 148c 0510A0E1 		mov	r1, r5
 1431 1490 0400A0E1 		mov	r0, r4
 1432 1494 FEFFFFEB 		bl	__adddf3
 1433 1498 FEFFFFEB 		bl	__truncdfsf2
 1434 149c FEFFFFEB 		bl	__extendsfdf2
 1435 14a0 A8208FE2 		adr	r2, .L197+48
 1436 14a4 0C0092E8 		ldmia	r2, {r2-r3}
 1437 14a8 FEFFFFEB 		bl	__muldf3
 1438 14ac FEFFFFEB 		bl	__truncdfsf2
 1439 14b0 FEFFFFEB 		bl	__fixsfsi
 1440 14b4 5D0E80E2 		add	r0, r0, #1488
 1441 14b8 0C0080E2 		add	r0, r0, #12
 1442 14bc 0008A0E1 		mov	r0, r0, asl #16
 1443 14c0 2008A0E1 		mov	r0, r0, lsr #16
 1444 14c4 FA0F50E3 		cmp	r0, #1000
 1445 14c8 FA2FA033 		movcc	r2, #1000	@ movhi
 1446 14cc 3505003A 		bcc	.L180
 1447 14d0 7D0E50E3 		cmp	r0, #2000
 1448 14d4 0020A031 		movcc	r2, r0
 1449 14d8 7D2EA023 		movcs	r2, #2000
 1450              	.L180:
 1451 14dc C4309FE5 		ldr	r3, .L197+136
 1452 14e0 B820C3E1 		strh	r2, [r3, #8]	@ movhi 
 1453 14e4 B800D7E1 		ldrh	r0, [r7, #8]
 1454 14e8 FEFFFFEB 		bl	__floatsidf
 1455 14ec 44208FE2 		adr	r2, .L197+24
 1456 14f0 0C0092E8 		ldmia	r2, {r2-r3}
 1457 14f4 FEFFFFEB 		bl	__muldf3
 1458 14f8 40208FE2 		adr	r2, .L197+32
 1459 14fc 0C0092E8 		ldmia	r2, {r2-r3}
 1460 1500 FEFFFFEB 		bl	__muldf3
 1461 1504 3C208FE2 		adr	r2, .L197+40
 1462 1508 0C0092E8 		ldmia	r2, {r2-r3}
 1463 150c FEFFFFEB 		bl	__adddf3
 1464 1510 FEFFFFEB 		bl	__fixunsdfsi
 1465 1514 B800C8E1 		strh	r0, [r8, #8]	@ movhi 
 1466 1518 F06F9DE8 		ldmfd	sp, {r4, r5, r6, r7, r8, r9, sl, fp, sp, lr}
 1467 151c 1EFF2FE1 		bx	lr
 1468              	.L198:
 1469              		.align	2
 1470              	.L197:
 1471 1520 CC4C923F 		.word	1066552524
 1472 1524 CDCCCCCC 		.word	-858993459
 1473 1528 5555B53F 		.word	1068848469
 1474 152c F34B5555 		.word	1431653363
 1475 1530 5555853F 		.word	1065702741
 1476 1534 65A05555 		.word	1431674981
 1477 1538 F7C6B03E 		.word	1051772663
 1478 153c 8DEDB5A0 		.word	-1598689907
 1479 1540 389C6C41 		.word	1097636920
 1480 1544 00000000 		.word	0
 1481 1548 0000E03F 		.word	1071644672
 1482 154c 00000000 		.word	0
 1483 1550 AAAAAA3F 		.word	1068149418
 1484 1554 E797AAAA 		.word	-1431660569
 1485 1558 01000000 		.word	_10Hz.0
 1486 155c 02000000 		.word	_1Hz.1
 1487 1560 00000000 		.word	ppm_cpt
 1488 1564 00000000 		.word	last_ppm_cpt
 1489 1568 00000000 		.word	time_since_last_ppm
 1490 156c 00000000 		.word	rc_status
 1491 1570 00000000 		.word	fbw_mode
 1492 1574 00000000 		.word	0
 1493 1578 00000000 		.word	0
 1494 157c 00000000 		.word	time_since_last_ap
 1495 1580 00000000 		.word	ap_ok
 1496 1584 00000000 		.word	commands_failsafe
 1497 1588 00000000 		.word	commands
 1498 158c 00000000 		.word	telemetry_mode_Fbw
 1499 1590 03000000 		.word	i60.2
 1500 1594 04000000 		.word	i300.3
 1501 1598 00000000 		.word	ck_a
 1502 159c 00000000 		.word	ck_b
 1503 15a0 00000000 		.word	fbw_vsupply_decivolt
 1504 15a4 00000000 		.word	downlink_nb_ovrn
 1505 15a8 00000000 		.word	actuators
 1506 15ac 06000000 		.word	i30.4
 1507 15b0 07000000 		.word	i60.5
 1508 15b4 08000000 		.word	i300.6
 1509 15b8 00000000 		.word	ppm_pulses
 1510 15bc 00000000 		.word	rc_values
 1511 15c0 00000000 		.word	vsupply_adc_buf
 1512 15c4 00000000 		.word	vsupply
 1513 15c8 0000DC42 		.word	1121714176
 1514 15cc 00000000 		.word	vdrop2throt_coeff
 1515 15d0 4B040000 		.word	1099
 1516 15d4 4C040000 		.word	1100
 1517 15d8 00000000 		.word	servos_values
 1519              		.comm	fbw_mode,1,1
 1520              		.comm	fbw_vsupply_decivolt,1,1
 1521              		.comm	vsupply_adc_buf,68,4
 1522              		.bss
 1523 000a 0000     		.align	2
 1524              	last_periodic_event:
 1525 000c 00000000 		.space	4
 1526              		.ident	"GCC: (GNU) 3.4.4"
DEFINED SYMBOLS
                            *ABS*:00000000 main_fbw.c
     /tmp/ccPqgKWJ.s:6      .text:00000000 init_fbw
     /tmp/ccPqgKWJ.s:10     .text:00000000 $a
     /tmp/ccPqgKWJ.s:117    .text:00000198 $d
                            *COM*:00000044 vsupply_adc_buf
     /tmp/ccPqgKWJ.s:133    .bss:00000000 avg_cpt.7
     /tmp/ccPqgKWJ.s:142    .text:000001d0 event_task_fbw
     /tmp/ccPqgKWJ.s:146    .text:000001d0 $a
     /tmp/ccPqgKWJ.s:515    .text:00000744 $d
                            *COM*:00000001 fbw_mode
                            *COM*:00000001 fbw_vsupply_decivolt
     /tmp/ccPqgKWJ.s:552    .bss:00000001 _10Hz.0
     /tmp/ccPqgKWJ.s:554    .bss:00000002 _1Hz.1
     /tmp/ccPqgKWJ.s:556    .bss:00000003 i60.2
     /tmp/ccPqgKWJ.s:559    .bss:00000004 i300.3
     /tmp/ccPqgKWJ.s:561    .bss:00000006 i30.4
     /tmp/ccPqgKWJ.s:563    .bss:00000007 i60.5
     /tmp/ccPqgKWJ.s:566    .bss:00000008 i300.6
     /tmp/ccPqgKWJ.s:582    .text:000007d0 periodic_task_fbw
     /tmp/ccPqgKWJ.s:586    .text:000007d0 $a
     /tmp/ccPqgKWJ.s:1471   .text:00001520 $d
     /tmp/ccPqgKWJ.s:1524   .bss:0000000c last_periodic_event

UNDEFINED SYMBOLS
uart0_init_tx
uart1_init_tx
adc_init
adc_buf_channel
actuators_init
reset
TIMER0_ISR
cpu_time_sec
cpu_time_ticks
commands_failsafe
commands
fbw_state
ppm_valid
__floatsisf
__mulsf3
__fixsfsi
ppm_cpt
ppm_pulses
rc_status
time_since_last_ppm
rc_values
avg_rc_values
rc_values_contains_avg_channels
inter_mcu_received_ap
inter_mcu_received_fbw
time_since_last_ap
ap_ok
ap_state
last_ppm_cpt
__divsi3
__floatsidf
__muldf3
__fixunsdfsi
__subsf3
__extendsfdf2
__gtsf2
__truncdfsf2
__adddf3
__fixdfsi
uart0_check_free_space
uart0_transmit
telemetry_mode_Fbw
ck_a
ck_b
downlink_nb_ovrn
actuators
vsupply
vdrop2throt_coeff
servos_values
