   1              		.file	"main_fbw.c"
   2              		.text
   3              		.align	2
   4              		.global	init_fbw
   6              	init_fbw:
   7              		@ Function supports interworking.
   8              		@ args = 0, pretend = 0, frame = 0
   9              		@ frame_needed = 1, uses_anonymous_args = 0
  10 0000 A4219FE5 		ldr	r2, .L16
  11 0004 0DC0A0E1 		mov	ip, sp
  12 0008 2430A0E3 		mov	r3, #36
  13 000c 30D82DE9 		stmfd	sp!, {r4, r5, fp, ip, lr, pc}
  14 0010 8430C2E5 		strb	r3, [r2, #132]
  15 0014 233043E2 		sub	r3, r3, #35
  16 0018 8030C2E5 		strb	r3, [r2, #128]
  17 001c 573043E2 		sub	r3, r3, #87
  18 0020 8C30C2E5 		strb	r3, [r2, #140]
  19 0024 AB3083E2 		add	r3, r3, #171
  20 0028 8C30C2E5 		strb	r3, [r2, #140]
  21 002c 04B04CE2 		sub	fp, ip, #4
  22              	.L2:
  23 0030 74519FE5 		ldr	r5, .L16
  24 0034 B838D5E1 		ldrh	r3, [r5, #136]
  25 0038 010B13E3 		tst	r3, #1024
  26 003c 0A00000A 		beq	.L2
  27 0040 0320A0E3 		mov	r2, #3
  28 0044 5530E0E3 		mvn	r3, #85
  29 0048 8020C5E5 		strb	r2, [r5, #128]
  30 004c 8C30C5E5 		strb	r3, [r5, #140]
  31 0050 AB3083E2 		add	r3, r3, #171
  32 0054 8C30C5E5 		strb	r3, [r5, #140]
  33 0058 50119FE5 		ldr	r1, .L16+4
  34 005c 0040A0E3 		mov	r4, #0
  35 0060 02C0A0E3 		mov	ip, #2
  36 0064 AB3083E2 		add	r3, r3, #171
  37 0068 0420C5E5 		strb	r2, [r5, #4]
  38 006c 01E0A0E3 		mov	lr, #1
  39 0070 00C0C5E5 		strb	ip, [r5, #0]
  40 0074 0420C5E5 		strb	r2, [r5, #4]
  41 0078 00C0C5E5 		strb	ip, [r5, #0]
  42 007c 0340C5E7 		strb	r4, [r5, r3]
  43 0080 0030E0E3 		mvn	r3, #0
  44 0084 40E0C5E5 		strb	lr, [r5, #64]
  45 0088 24019FE5 		ldr	r0, .L16+8
  46 008c 143081E5 		str	r3, [r1, #20]
  47 0090 20319FE5 		ldr	r3, .L16+12
  48 0094 0C4081E5 		str	r4, [r1, #12]
  49 0098 343081E5 		str	r3, [r1, #52]
  50 009c 04C080E5 		str	ip, [r0, #4]
  51 00a0 0C4080E5 		str	r4, [r0, #12]
  52 00a4 144080E5 		str	r4, [r0, #20]
  53 00a8 284080E5 		str	r4, [r0, #40]
  54 00ac 3C4080E5 		str	r4, [r0, #60]
  55 00b0 04E080E5 		str	lr, [r0, #4]
  56 00b4 0C3091E5 		ldr	r3, [r1, #12]
  57 00b8 1030C3E3 		bic	r3, r3, #16
  58 00bc 0C3081E5 		str	r3, [r1, #12]
  59 00c0 1030A0E3 		mov	r3, #16
  60 00c4 103081E5 		str	r3, [r1, #16]
  61 00c8 143083E2 		add	r3, r3, #20
  62 00cc 043281E5 		str	r3, [r1, #516]
  63 00d0 E4309FE5 		ldr	r3, .L16+16
  64 00d4 E4209FE5 		ldr	r2, .L16+20
  65 00d8 043181E5 		str	r3, [r1, #260]
  66 00dc 183092E5 		ldr	r3, [r2, #24]
  67 00e0 013283E3 		orr	r3, r3, #268435456
  68 00e4 183082E5 		str	r3, [r2, #24]
  69 00e8 0132A0E3 		mov	r3, #268435456
  70 00ec 143082E5 		str	r3, [r2, #20]
  71 00f0 183092E5 		ldr	r3, [r2, #24]
  72 00f4 023783E3 		orr	r3, r3, #524288
  73 00f8 183082E5 		str	r3, [r2, #24]
  74 00fc 0237A0E3 		mov	r3, #524288
  75 0100 143082E5 		str	r3, [r2, #20]
  76 0104 B8309FE5 		ldr	r3, .L16+24
  77 0108 081092E5 		ldr	r1, [r2, #8]
  78 010c B040C3E1 		strh	r4, [r3, #0]	@ movhi 
  79 0110 B0309FE5 		ldr	r3, .L16+28
  80 0114 021B81E3 		orr	r1, r1, #2048
  81 0118 004083E5 		str	r4, [r3, #0]
  82 011c 023BA0E3 		mov	r3, #2048
  83 0120 081082E5 		str	r1, [r2, #8]
  84 0124 043082E5 		str	r3, [r2, #4]
  85 0128 FEFFFFEB 		bl	uart0_init_tx
  86 012c FEFFFFEB 		bl	uart1_init_tx
  87 0130 FEFFFFEB 		bl	adc_init
  88 0134 0E00A0E3 		mov	r0, #14
  89 0138 8C109FE5 		ldr	r1, .L16+32
  90 013c 2020A0E3 		mov	r2, #32
  91 0140 FEFFFFEB 		bl	adc_buf_channel
  92 0144 FEFFFFEB 		bl	actuators_init
  93              	.L11:
  94 0148 80209FE5 		ldr	r2, .L16+36
  95 014c 8410A0E1 		mov	r1, r4, asl #1
  96 0150 7C309FE5 		ldr	r3, .L16+40
  97 0154 014084E2 		add	r4, r4, #1
  98 0158 B22091E1 		ldrh	r2, [r1, r2]
  99 015c 050054E3 		cmp	r4, #5
 100 0160 B32081E1 		strh	r2, [r1, r3]	@ movhi 
 101 0164 500000DA 		ble	.L11
 102 0168 68209FE5 		ldr	r2, .L16+44
 103 016c 003092E5 		ldr	r3, [r2, #0]
 104 0170 023A83E3 		orr	r3, r3, #8192
 105 0174 003082E5 		str	r3, [r2, #0]
 106 0178 5C009FE5 		ldr	r0, .L16+48
 107 017c 30309FE5 		ldr	r3, .L16+8
 108 0180 062DA0E3 		mov	r2, #384
 109 0184 282083E5 		str	r2, [r3, #40]
 110 0188 00C090E5 		ldr	ip, [r0, #0]
 111 018c 4C309FE5 		ldr	r3, .L16+52
 112 0190 0010A0E3 		mov	r1, #0
 113 0194 0010C3E5 		strb	r1, [r3, #0]
 114 0198 1110CCE5 		strb	r1, [ip, #17]
 115 019c 003090E5 		ldr	r3, [r0, #0]
 116 01a0 1210C3E5 		strb	r1, [r3, #18]
 117 01a4 30689DE8 		ldmfd	sp, {r4, r5, fp, sp, lr}
 118 01a8 1EFF2FE1 		bx	lr
 119              	.L17:
 120              		.align	2
 121              	.L16:
 122 01ac 00C01FE0 		.word	-534790144
 123 01b0 00F0FFFF 		.word	-4096
 124 01b4 004000E0 		.word	-536854528
 125 01b8 00000000 		.word	reset
 126 01bc 00000000 		.word	TIMER0_ISR
 127 01c0 008002E0 		.word	-536707072
 128 01c4 00000000 		.word	cpu_time_sec
 129 01c8 00000000 		.word	cpu_time_ticks
 130 01cc 00000000 		.word	vsupply_adc_buf
 131 01d0 00000000 		.word	commands_failsafe
 132 01d4 00000000 		.word	commands
 133 01d8 00C002E0 		.word	-536690688
 134 01dc 00000000 		.word	fbw_state
 135 01e0 00000000 		.word	ppm_valid
 137              		.bss
 138              	avg_cpt.7:
 139 0000 00       		.space	1
 140              		.global	__floatsisf
 141              		.global	__mulsf3
 142              		.global	__fixsfsi
 143              		.text
 144              		.align	2
 145              		.global	event_task_fbw
 147              	event_task_fbw:
 148              		@ Function supports interworking.
 149              		@ args = 0, pretend = 0, frame = 0
 150              		@ frame_needed = 1, uses_anonymous_args = 0
 151 01e4 0DC0A0E1 		mov	ip, sp
 152 01e8 F0DF2DE9 		stmfd	sp!, {r4, r5, r6, r7, r8, r9, sl, fp, ip, lr, pc}
 153 01ec 04B04CE2 		sub	fp, ip, #4
 154 01f0 58C59FE5 		ldr	ip, .L91
 155 01f4 0030DCE5 		ldrb	r3, [ip, #0]	@ zero_extendqisi2
 156 01f8 000053E3 		cmp	r3, #0
 157 01fc 8401000A 		beq	.L19
 158 0200 4C159FE5 		ldr	r1, .L91+4
 159 0204 4C959FE5 		ldr	r9, .L91+8
 160 0208 0030D1E5 		ldrb	r3, [r1, #0]	@ zero_extendqisi2
 161 020c B040D9E1 		ldrh	r4, [r9, #0]
 162 0210 013083E2 		add	r3, r3, #1
 163 0214 0030C1E5 		strb	r3, [r1, #0]
 164 0218 594C44E2 		sub	r4, r4, #22784
 165 021c 38359FE5 		ldr	r3, .L91+12
 166 0220 0020A0E3 		mov	r2, #0
 167 0224 5B4044E2 		sub	r4, r4, #91
 168 0228 0020C3E5 		strb	r2, [r3, #0]
 169 022c 0448A0E1 		mov	r4, r4, asl #16
 170 0230 28359FE5 		ldr	r3, .L91+16
 171 0234 4448A0E1 		mov	r4, r4, asr #16
 172 0238 0020C3E5 		strb	r2, [r3, #0]
 173 023c 0020CCE5 		strb	r2, [ip, #0]
 174 0240 0400A0E1 		mov	r0, r4
 175 0244 FEFFFFEB 		bl	__floatsisf
 176 0248 000054E3 		cmp	r4, #0
 177 024c 10159FA5 		ldrge	r1, .L91+20
 178 0250 10159FB5 		ldrlt	r1, .L91+24
 179 0254 FEFFFFEB 		bl	__mulsf3
 180 0258 FEFFFFEB 		bl	__fixsfsi
 181 025c 08A59FE5 		ldr	sl, .L91+28
 182 0260 B000CAE1 		strh	r0, [sl, #0]	@ movhi 
 183 0264 F030DAE1 		ldrsh	r3, [sl, #0]
 184 0268 960D53E3 		cmp	r3, #9600
 185 026c 961DA0C3 		movgt	r1, #9600	@ movhi
 186 0270 B010CAC1 		strgth	r1, [sl, #0]	@ movhi 
 187 0274 A00000CA 		bgt	.L23
 188 0278 960D73E3 		cmn	r3, #9600
 189 027c EC249FB5 		ldrlt	r2, .L91+32
 190 0280 E4349FB5 		ldrlt	r3, .L91+28
 191 0284 B020C3B1 		strlth	r2, [r3, #0]	@ movhi 
 192              	.L23:
 193 0288 B240D9E1 		ldrh	r4, [r9, #2]
 194 028c 164B44E2 		sub	r4, r4, #22528
 195 0290 F24044E2 		sub	r4, r4, #242
 196 0294 0448A0E1 		mov	r4, r4, asl #16
 197 0298 4448A0E1 		mov	r4, r4, asr #16
 198 029c 0400A0E1 		mov	r0, r4
 199 02a0 FEFFFFEB 		bl	__floatsisf
 200 02a4 000054E3 		cmp	r4, #0
 201 02a8 C4149FA5 		ldrge	r1, .L91+36
 202 02ac C4149FB5 		ldrlt	r1, .L91+40
 203 02b0 FEFFFFEB 		bl	__mulsf3
 204 02b4 FEFFFFEB 		bl	__fixsfsi
 205 02b8 AC349FE5 		ldr	r3, .L91+28
 206 02bc B200C3E1 		strh	r0, [r3, #2]	@ movhi 
 207 02c0 F230DAE1 		ldrsh	r3, [sl, #2]
 208 02c4 960D53E3 		cmp	r3, #9600
 209 02c8 962DA0C3 		movgt	r2, #9600	@ movhi
 210 02cc B220CAC1 		strgth	r2, [sl, #2]	@ movhi 
 211 02d0 B70000CA 		bgt	.L28
 212 02d4 960D73E3 		cmn	r3, #9600
 213 02d8 90249FB5 		ldrlt	r2, .L91+32
 214 02dc 88349FB5 		ldrlt	r3, .L91+28
 215 02e0 B220C3B1 		strlth	r2, [r3, #2]	@ movhi 
 216              	.L28:
 217 02e4 B400D9E1 		ldrh	r0, [r9, #4]
 218 02e8 710C40E2 		sub	r0, r0, #28928
 219 02ec AC0040E2 		sub	r0, r0, #172
 220 02f0 0008A0E1 		mov	r0, r0, asl #16
 221 02f4 4008A0E1 		mov	r0, r0, asr #16
 222 02f8 FEFFFFEB 		bl	__floatsisf
 223 02fc 78149FE5 		ldr	r1, .L91+44
 224 0300 FEFFFFEB 		bl	__mulsf3
 225 0304 FEFFFFEB 		bl	__fixsfsi
 226 0308 B400CAE1 		strh	r0, [sl, #4]	@ movhi 
 227 030c F430DAE1 		ldrsh	r3, [sl, #4]
 228 0310 960D53E3 		cmp	r3, #9600
 229 0314 963DA0C3 		movgt	r3, #9600	@ movhi
 230 0318 B430CAC1 		strgth	r3, [sl, #4]	@ movhi 
 231 031c CA0000CA 		bgt	.L31
 232 0320 000053E3 		cmp	r3, #0
 233 0324 40349FB5 		ldrlt	r3, .L91+28
 234 0328 0010A0B3 		movlt	r1, #0	@ movhi
 235 032c B410C3B1 		strlth	r1, [r3, #4]	@ movhi 
 236              	.L31:
 237 0330 B640D9E1 		ldrh	r4, [r9, #6]
 238 0334 574C44E2 		sub	r4, r4, #22272
 239 0338 C64044E2 		sub	r4, r4, #198
 240 033c 0448A0E1 		mov	r4, r4, asl #16
 241 0340 4448A0E1 		mov	r4, r4, asr #16
 242 0344 0400A0E1 		mov	r0, r4
 243 0348 FEFFFFEB 		bl	__floatsisf
 244 034c 000054E3 		cmp	r4, #0
 245 0350 28149FA5 		ldrge	r1, .L91+48
 246 0354 28149FB5 		ldrlt	r1, .L91+52
 247 0358 FEFFFFEB 		bl	__mulsf3
 248 035c FEFFFFEB 		bl	__fixsfsi
 249 0360 04349FE5 		ldr	r3, .L91+28
 250 0364 B600C3E1 		strh	r0, [r3, #6]	@ movhi 
 251 0368 F630DAE1 		ldrsh	r3, [sl, #6]
 252 036c 960D53E3 		cmp	r3, #9600
 253 0370 962DA0C3 		movgt	r2, #9600	@ movhi
 254 0374 B620CAC1 		strgth	r2, [sl, #6]	@ movhi 
 255 0378 E10000CA 		bgt	.L36
 256 037c 960D73E3 		cmn	r3, #9600
 257 0380 E8239FB5 		ldrlt	r2, .L91+32
 258 0384 E0339FB5 		ldrlt	r3, .L91+28
 259 0388 B620C3B1 		strlth	r2, [r3, #6]	@ movhi 
 260              	.L36:
 261 038c F4839FE5 		ldr	r8, .L91+56
 262 0390 0030D8E5 		ldrb	r3, [r8, #0]	@ zero_extendqisi2
 263 0394 013083E2 		add	r3, r3, #1
 264 0398 EC739FE5 		ldr	r7, .L91+60
 265 039c 0030C8E5 		strb	r3, [r8, #0]
 266 03a0 105097E5 		ldr	r5, [r7, #16]
 267 03a4 143097E5 		ldr	r3, [r7, #20]
 268 03a8 182097E5 		ldr	r2, [r7, #24]
 269 03ac 1C1097E5 		ldr	r1, [r7, #28]
 270 03b0 BE60D9E1 		ldrh	r6, [r9, #14]
 271 03b4 B800D9E1 		ldrh	r0, [r9, #8]
 272 03b8 BAC0D9E1 		ldrh	ip, [r9, #10]
 273 03bc BCE0D9E1 		ldrh	lr, [r9, #12]
 274 03c0 0040D8E5 		ldrb	r4, [r8, #0]	@ zero_extendqisi2
 275 03c4 005085E0 		add	r5, r5, r0
 276 03c8 0C3083E0 		add	r3, r3, ip
 277 03cc 0E2082E0 		add	r2, r2, lr
 278 03d0 061081E0 		add	r1, r1, r6
 279 03d4 080054E3 		cmp	r4, #8
 280 03d8 143087E5 		str	r3, [r7, #20]
 281 03dc 182087E5 		str	r2, [r7, #24]
 282 03e0 1C1087E5 		str	r1, [r7, #28]
 283 03e4 105087E5 		str	r5, [r7, #16]
 284 03e8 6D01001A 		bne	.L59
 285 03ec C54FA0E1 		mov	r4, r5, asr #31
 286 03f0 A44E85E0 		add	r4, r5, r4, lsr #29
 287 03f4 C441A0E1 		mov	r4, r4, asr #3
 288 03f8 594C44E2 		sub	r4, r4, #22784
 289 03fc 5B4044E2 		sub	r4, r4, #91
 290 0400 0448A0E1 		mov	r4, r4, asl #16
 291 0404 4448A0E1 		mov	r4, r4, asr #16
 292 0408 0030A0E3 		mov	r3, #0
 293 040c 0400A0E1 		mov	r0, r4
 294 0410 0030C8E5 		strb	r3, [r8, #0]
 295 0414 FEFFFFEB 		bl	__floatsisf
 296 0418 000054E3 		cmp	r4, #0
 297 041c 6C139FA5 		ldrge	r1, .L91+64
 298 0420 6C139FB5 		ldrlt	r1, .L91+68
 299 0424 FEFFFFEB 		bl	__mulsf3
 300 0428 FEFFFFEB 		bl	__fixsfsi
 301 042c 38339FE5 		ldr	r3, .L91+28
 302 0430 B800C3E1 		strh	r0, [r3, #8]	@ movhi 
 303 0434 F820DAE1 		ldrsh	r2, [sl, #8]
 304 0438 0030A0E3 		mov	r3, #0
 305 043c 960D52E3 		cmp	r2, #9600
 306 0440 103087E5 		str	r3, [r7, #16]
 307 0444 963DA0C3 		movgt	r3, #9600	@ movhi
 308 0448 B830CAC1 		strgth	r3, [sl, #8]	@ movhi 
 309 044c 160100CA 		bgt	.L42
 310 0450 960D72E3 		cmn	r2, #9600
 311 0454 14239FB5 		ldrlt	r2, .L91+32
 312 0458 0C339FB5 		ldrlt	r3, .L91+28
 313 045c B820C3B1 		strlth	r2, [r3, #8]	@ movhi 
 314              	.L42:
 315 0460 144097E5 		ldr	r4, [r7, #20]
 316 0464 C43FA0E1 		mov	r3, r4, asr #31
 317 0468 A34E84E0 		add	r4, r4, r3, lsr #29
 318 046c C441A0E1 		mov	r4, r4, asr #3
 319 0470 594C44E2 		sub	r4, r4, #22784
 320 0474 104044E2 		sub	r4, r4, #16
 321 0478 0448A0E1 		mov	r4, r4, asl #16
 322 047c 4448A0E1 		mov	r4, r4, asr #16
 323 0480 0400A0E1 		mov	r0, r4
 324 0484 FEFFFFEB 		bl	__floatsisf
 325 0488 000054E3 		cmp	r4, #0
 326 048c 04139FA5 		ldrge	r1, .L91+72
 327 0490 04139FB5 		ldrlt	r1, .L91+76
 328 0494 FEFFFFEB 		bl	__mulsf3
 329 0498 FEFFFFEB 		bl	__fixsfsi
 330 049c C8329FE5 		ldr	r3, .L91+28
 331 04a0 BA00C3E1 		strh	r0, [r3, #10]	@ movhi 
 332 04a4 FA20DAE1 		ldrsh	r2, [sl, #10]
 333 04a8 960D52E3 		cmp	r2, #9600
 334 04ac 0030A0E3 		mov	r3, #0
 335 04b0 961DA0C3 		movgt	r1, #9600	@ movhi
 336 04b4 143087E5 		str	r3, [r7, #20]
 337 04b8 BA10CAC1 		strgth	r1, [sl, #10]	@ movhi 
 338 04bc 320100CA 		bgt	.L47
 339 04c0 960D72E3 		cmn	r2, #9600
 340 04c4 A4229FB5 		ldrlt	r2, .L91+32
 341 04c8 9C329FB5 		ldrlt	r3, .L91+28
 342 04cc BA20C3B1 		strlth	r2, [r3, #10]	@ movhi 
 343              	.L47:
 344 04d0 184097E5 		ldr	r4, [r7, #24]
 345 04d4 C43FA0E1 		mov	r3, r4, asr #31
 346 04d8 A34E84E0 		add	r4, r4, r3, lsr #29
 347 04dc C441A0E1 		mov	r4, r4, asr #3
 348 04e0 164B44E2 		sub	r4, r4, #22528
 349 04e4 F24044E2 		sub	r4, r4, #242
 350 04e8 0448A0E1 		mov	r4, r4, asl #16
 351 04ec 4448A0E1 		mov	r4, r4, asr #16
 352 04f0 0400A0E1 		mov	r0, r4
 353 04f4 FEFFFFEB 		bl	__floatsisf
 354 04f8 000054E3 		cmp	r4, #0
 355 04fc 9C129FA5 		ldrge	r1, .L91+80
 356 0500 9C129FB5 		ldrlt	r1, .L91+84
 357 0504 FEFFFFEB 		bl	__mulsf3
 358 0508 FEFFFFEB 		bl	__fixsfsi
 359 050c 58329FE5 		ldr	r3, .L91+28
 360 0510 BC00C3E1 		strh	r0, [r3, #12]	@ movhi 
 361 0514 FC20DAE1 		ldrsh	r2, [sl, #12]
 362 0518 960D52E3 		cmp	r2, #9600
 363 051c 0030A0E3 		mov	r3, #0
 364 0520 962DA0C3 		movgt	r2, #9600	@ movhi
 365 0524 183087E5 		str	r3, [r7, #24]
 366 0528 BC20CAC1 		strgth	r2, [sl, #12]	@ movhi 
 367 052c 4E0100CA 		bgt	.L52
 368 0530 960D72E3 		cmn	r2, #9600
 369 0534 34229FB5 		ldrlt	r2, .L91+32
 370 0538 2C329FB5 		ldrlt	r3, .L91+28
 371 053c BC20C3B1 		strlth	r2, [r3, #12]	@ movhi 
 372              	.L52:
 373 0540 1C4097E5 		ldr	r4, [r7, #28]
 374 0544 C43FA0E1 		mov	r3, r4, asr #31
 375 0548 A34E84E0 		add	r4, r4, r3, lsr #29
 376 054c C441A0E1 		mov	r4, r4, asr #3
 377 0550 594C44E2 		sub	r4, r4, #22784
 378 0554 6A4044E2 		sub	r4, r4, #106
 379 0558 0448A0E1 		mov	r4, r4, asl #16
 380 055c 4448A0E1 		mov	r4, r4, asr #16
 381 0560 0400A0E1 		mov	r0, r4
 382 0564 FEFFFFEB 		bl	__floatsisf
 383 0568 000054E3 		cmp	r4, #0
 384 056c 34129FA5 		ldrge	r1, .L91+88
 385 0570 34129FB5 		ldrlt	r1, .L91+92
 386 0574 FEFFFFEB 		bl	__mulsf3
 387 0578 FEFFFFEB 		bl	__fixsfsi
 388 057c E8319FE5 		ldr	r3, .L91+28
 389 0580 BE00C3E1 		strh	r0, [r3, #14]	@ movhi 
 390 0584 FE20DAE1 		ldrsh	r2, [sl, #14]
 391 0588 0030A0E3 		mov	r3, #0
 392 058c 960D52E3 		cmp	r2, #9600
 393 0590 1C3087E5 		str	r3, [r7, #28]
 394 0594 963DA0C3 		movgt	r3, #9600	@ movhi
 395 0598 BE30CAC1 		strgth	r3, [sl, #14]	@ movhi 
 396 059c 6A0100CA 		bgt	.L57
 397 05a0 960D72E3 		cmn	r2, #9600
 398 05a4 C4219FB5 		ldrlt	r2, .L91+32
 399 05a8 BC319FB5 		ldrlt	r3, .L91+28
 400 05ac BE20C3B1 		strlth	r2, [r3, #14]	@ movhi 
 401              	.L57:
 402 05b0 F8319FE5 		ldr	r3, .L91+96
 403 05b4 0120A0E3 		mov	r2, #1
 404 05b8 0020C3E5 		strb	r2, [r3, #0]
 405              	.L59:
 406 05bc EC319FE5 		ldr	r3, .L91+96
 407 05c0 0030D3E5 		ldrb	r3, [r3, #0]	@ zero_extendqisi2
 408 05c4 000053E3 		cmp	r3, #0
 409 05c8 7801000A 		beq	.L60
 410 05cc 98319FE5 		ldr	r3, .L91+28
 411 05d0 FE30D3E1 		ldrsh	r3, [r3, #14]
 412 05d4 D8219FE5 		ldr	r2, .L91+100
 413 05d8 4B0D73E3 		cmn	r3, #4800
 414 05dc 0030A0B3 		movlt	r3, #0
 415 05e0 0130A0A3 		movge	r3, #1
 416 05e4 0030C2E5 		strb	r3, [r2, #0]
 417              	.L60:
 418 05e8 C4319FE5 		ldr	r3, .L91+100
 419 05ec 0030D3E5 		ldrb	r3, [r3, #0]	@ zero_extendqisi2
 420 05f0 000053E3 		cmp	r3, #0
 421 05f4 8401001A 		bne	.L19
 422 05f8 6C319FE5 		ldr	r3, .L91+28
 423 05fc B4219FE5 		ldr	r2, .L91+104
 424 0600 B210D3E1 		ldrh	r1, [r3, #2]
 425 0604 B410C2E1 		strh	r1, [r2, #4]	@ movhi 
 426 0608 B410D3E1 		ldrh	r1, [r3, #4]
 427 060c B030D3E1 		ldrh	r3, [r3, #0]
 428 0610 B010C2E1 		strh	r1, [r2, #0]	@ movhi 
 429 0614 B230C2E1 		strh	r3, [r2, #2]	@ movhi 
 430              	.L19:
 431 0618 9C019FE5 		ldr	r0, .L91+108
 432 061c 0030D0E5 		ldrb	r3, [r0, #0]	@ zero_extendqisi2
 433 0620 000053E3 		cmp	r3, #0
 434 0624 D001000A 		beq	.L18
 435 0628 84E19FE5 		ldr	lr, .L91+100
 436 062c 0030DEE5 		ldrb	r3, [lr, #0]	@ zero_extendqisi2
 437 0630 010053E3 		cmp	r3, #1
 438 0634 84319FE5 		ldr	r3, .L91+112
 439 0638 0010A0E3 		mov	r1, #0
 440 063c 0120A0E3 		mov	r2, #1
 441 0640 0010C0E5 		strb	r1, [r0, #0]
 442 0644 0020C3E5 		strb	r2, [r3, #0]
 443 0648 74319FE5 		ldr	r3, .L91+116
 444 064c 0010C3E5 		strb	r1, [r3, #0]
 445 0650 70319FE5 		ldr	r3, .L91+120
 446 0654 0020C3E5 		strb	r2, [r3, #0]
 447 0658 9F01001A 		bne	.L64
 448 065c 0100A0E1 		mov	r0, r1
 449              	.L68:
 450 0660 64319FE5 		ldr	r3, .L91+124
 451 0664 001093E5 		ldr	r1, [r3, #0]
 452 0668 8020A0E1 		mov	r2, r0, asl #1
 453 066c 44319FE5 		ldr	r3, .L91+104
 454 0670 010080E2 		add	r0, r0, #1
 455 0674 B11092E1 		ldrh	r1, [r2, r1]
 456 0678 050050E3 		cmp	r0, #5
 457 067c B31082E1 		strh	r1, [r2, r3]	@ movhi 
 458 0680 960100DA 		ble	.L68
 459              	.L64:
 460 0684 0010A0E3 		mov	r1, #0
 461              	.L72:
 462 0688 013081E2 		add	r3, r1, #1
 463 068c 8120A0E1 		mov	r2, r1, asl #1
 464 0690 38C19FE5 		ldr	ip, .L91+128
 465 0694 FF1003E2 		and	r1, r3, #255
 466 0698 CC309FE5 		ldr	r3, .L91+28
 467 069c 00009CE5 		ldr	r0, [ip, #0]
 468 06a0 B33092E1 		ldrh	r3, [r2, r3]
 469 06a4 070051E3 		cmp	r1, #7
 470 06a8 B03082E1 		strh	r3, [r2, r0]	@ movhi 
 471 06ac A001009A 		bls	.L72
 472 06b0 1C319FE5 		ldr	r3, .L91+132
 473 06b4 0030D3E5 		ldrb	r3, [r3, #0]	@ zero_extendqisi2
 474 06b8 1030C0E5 		strb	r3, [r0, #16]
 475 06bc 98309FE5 		ldr	r3, .L91+12
 476 06c0 0030D3E5 		ldrb	r3, [r3, #0]	@ zero_extendqisi2
 477 06c4 012073E2 		rsbs	r2, r3, #1
 478 06c8 0020A033 		movcc	r2, #0
 479 06cc 020053E3 		cmp	r3, #2
 480 06d0 FF200212 		andne	r2, r2, #255
 481 06d4 B701001A 		bne	.L74
 482 06d8 000052E3 		cmp	r2, #0
 483 06dc 0320A013 		movne	r2, #3
 484 06e0 0220A003 		moveq	r2, #2
 485              	.L74:
 486 06e4 0030DEE5 		ldrb	r3, [lr, #0]	@ zero_extendqisi2
 487 06e8 010053E3 		cmp	r3, #1
 488 06ec 0030DEE5 		ldrb	r3, [lr, #0]	@ zero_extendqisi2
 489 06f0 04208203 		orreq	r2, r2, #4
 490 06f4 FF200212 		andne	r2, r2, #255
 491 06f8 020053E3 		cmp	r3, #2
 492 06fc 00309CE5 		ldr	r3, [ip, #0]
 493 0700 08208203 		orreq	r2, r2, #8
 494 0704 FF200212 		andne	r2, r2, #255
 495 0708 1120C3E5 		strb	r2, [r3, #17]
 496 070c 9C109FE5 		ldr	r1, .L91+96
 497 0710 0030D1E5 		ldrb	r3, [r1, #0]	@ zero_extendqisi2
 498 0714 000053E3 		cmp	r3, #0
 499 0718 CB01000A 		beq	.L79
 500 071c 00309CE5 		ldr	r3, [ip, #0]
 501 0720 1120D3E5 		ldrb	r2, [r3, #17]	@ zero_extendqisi2
 502 0724 102082E3 		orr	r2, r2, #16
 503 0728 1120C3E5 		strb	r2, [r3, #17]
 504 072c 0030A0E3 		mov	r3, #0
 505 0730 0030C1E5 		strb	r3, [r1, #0]
 506              	.L79:
 507 0734 94309FE5 		ldr	r3, .L91+128
 508 0738 002093E5 		ldr	r2, [r3, #0]
 509 073c 94309FE5 		ldr	r3, .L91+136
 510 0740 0030D3E5 		ldrb	r3, [r3, #0]	@ zero_extendqisi2
 511 0744 1330C2E5 		strb	r3, [r2, #19]
 512              	.L18:
 513 0748 F06F9DE8 		ldmfd	sp, {r4, r5, r6, r7, r8, r9, sl, fp, sp, lr}
 514 074c 1EFF2FE1 		bx	lr
 515              	.L92:
 516              		.align	2
 517              	.L91:
 518 0750 00000000 		.word	ppm_valid
 519 0754 00000000 		.word	ppm_cpt
 520 0758 00000000 		.word	ppm_pulses
 521 075c 00000000 		.word	rc_status
 522 0760 00000000 		.word	time_since_last_ppm
 523 0764 E059C7BF 		.word	-1077454368
 524 0768 D8DFC5BF 		.word	-1077551144
 525 076c 00000000 		.word	rc_values
 526 0770 80DAFFFF 		.word	-9600
 527 0774 5C83C33F 		.word	1069777756
 528 0778 79CEC93F 		.word	1070190201
 529 077c 289C46BF 		.word	-1085891544
 530 0780 76EDD5BF 		.word	-1076499082
 531 0784 E156B9BF 		.word	-1078372639
 532 0788 00000000 		.word	avg_cpt.7
 533 078c 00000000 		.word	avg_rc_values
 534 0790 165B93BF 		.word	-1080861930
 535 0794 869A93BF 		.word	-1080845690
 536 0798 5FCF923F 		.word	1066585951
 537 079c A9F6943F 		.word	1066727081
 538 07a0 238C923F 		.word	1066568739
 539 07a4 DA81953F 		.word	1066762714
 540 07a8 9A4D92BF 		.word	-1080930918
 541 07ac 2F2394BF 		.word	-1080810705
 542 07b0 00000000 		.word	rc_values_contains_avg_channels
 543 07b4 00000000 		.word	fbw_mode
 544 07b8 00000000 		.word	commands
 545 07bc 00000000 		.word	inter_mcu_received_ap
 546 07c0 00000000 		.word	inter_mcu_received_fbw
 547 07c4 00000000 		.word	time_since_last_ap
 548 07c8 00000000 		.word	ap_ok
 549 07cc 00000000 		.word	ap_state
 550 07d0 00000000 		.word	fbw_state
 551 07d4 00000000 		.word	last_ppm_cpt
 552 07d8 00000000 		.word	fbw_vsupply_decivolt
 554              		.bss
 555              	_10Hz.0:
 556 0001 00       		.space	1
 557              	_1Hz.1:
 558 0002 00       		.space	1
 559              	i60.2:
 560 0003 00       		.space	1
 561              		.align	1
 562              	i300.3:
 563 0004 0000     		.space	2
 564              	i30.4:
 565 0006 00       		.space	1
 566              	i60.5:
 567 0007 00       		.space	1
 568              		.align	1
 569              	i300.6:
 570 0008 0000     		.space	2
 571              		.global	__divsi3
 572              		.global	__floatsidf
 573              		.global	__muldf3
 574              		.global	__fixunsdfsi
 575              		.global	__extendsfdf2
 576              		.global	__gtsf2
 577              		.global	__truncdfsf2
 578              		.global	__adddf3
 579              		.global	__fixdfsi
 580              		.text
 581              		.align	2
 582              		.global	periodic_task_fbw
 584              	periodic_task_fbw:
 585              		@ Function supports interworking.
 586              		@ args = 0, pretend = 0, frame = 0
 587              		@ frame_needed = 1, uses_anonymous_args = 0
 588 07dc 0DC0A0E1 		mov	ip, sp
 589 07e0 F0DF2DE9 		stmfd	sp!, {r4, r5, r6, r7, r8, r9, sl, fp, ip, lr, pc}
 590 07e4 5C9D9FE5 		ldr	r9, .L197+72
 591 07e8 0030D9E5 		ldrb	r3, [r9, #0]	@ zero_extendqisi2
 592 07ec 013083E2 		add	r3, r3, #1
 593 07f0 0030C9E5 		strb	r3, [r9, #0]
 594 07f4 0030D9E5 		ldrb	r3, [r9, #0]	@ zero_extendqisi2
 595 07f8 04B04CE2 		sub	fp, ip, #4
 596 07fc 050053E3 		cmp	r3, #5
 597 0800 44CD9FE5 		ldr	ip, .L197+76
 598 0804 0030A083 		movhi	r3, #0
 599 0808 0030C985 		strhib	r3, [r9, #0]
 600 080c 0030DCE5 		ldrb	r3, [ip, #0]	@ zero_extendqisi2
 601 0810 013083E2 		add	r3, r3, #1
 602 0814 0030CCE5 		strb	r3, [ip, #0]
 603 0818 0030DCE5 		ldrb	r3, [ip, #0]	@ zero_extendqisi2
 604 081c 3B0053E3 		cmp	r3, #59
 605 0820 0E02009A 		bls	.L95
 606 0824 240D9FE5 		ldr	r0, .L197+80
 607 0828 243D9FE5 		ldr	r3, .L197+84
 608 082c 0010D0E5 		ldrb	r1, [r0, #0]	@ zero_extendqisi2
 609 0830 0020A0E3 		mov	r2, #0
 610 0834 0010C3E5 		strb	r1, [r3, #0]
 611 0838 0020C0E5 		strb	r2, [r0, #0]
 612 083c 0020CCE5 		strb	r2, [ip, #0]
 613              	.L95:
 614 0840 100D9FE5 		ldr	r0, .L197+88
 615 0844 0010D0E5 		ldrb	r1, [r0, #0]	@ zero_extendqisi2
 616 0848 FF3001E2 		and	r3, r1, #255
 617 084c 3B0053E3 		cmp	r3, #59
 618 0850 043D9F85 		ldrhi	r3, .L197+92
 619 0854 0220A083 		movhi	r2, #2
 620 0858 0020C385 		strhib	r2, [r3, #0]
 621 085c 1C02008A 		bhi	.L99
 622 0860 1D0053E3 		cmp	r3, #29
 623 0864 F03C9F85 		ldrhi	r3, .L197+92
 624 0868 0120A083 		movhi	r2, #1
 625 086c 0020C385 		strhib	r2, [r3, #0]
 626 0870 013081E2 		add	r3, r1, #1
 627 0874 0030C0E5 		strb	r3, [r0, #0]
 628              	.L99:
 629 0878 E06C9FE5 		ldr	r6, .L197+96
 630 087c 0030D6E5 		ldrb	r3, [r6, #0]	@ zero_extendqisi2
 631 0880 000053E3 		cmp	r3, #0
 632 0884 2502001A 		bne	.L100
 633 0888 CC3C9FE5 		ldr	r3, .L197+92
 634 088c 0030D3E5 		ldrb	r3, [r3, #0]	@ zero_extendqisi2
 635 0890 020053E3 		cmp	r3, #2
 636 0894 01304302 		subeq	r3, r3, #1
 637 0898 0030C605 		streqb	r3, [r6, #0]
 638              	.L100:
 639 089c C82C9FE5 		ldr	r2, .L197+108
 640 08a0 0030D2E5 		ldrb	r3, [r2, #0]	@ zero_extendqisi2
 641 08a4 1D0053E3 		cmp	r3, #29
 642 08a8 C03C9F85 		ldrhi	r3, .L197+112
 643 08ac 01308392 		addls	r3, r3, #1
 644 08b0 0020A083 		movhi	r2, #0
 645 08b4 0020C385 		strhib	r2, [r3, #0]
 646 08b8 0030C295 		strlsb	r3, [r2, #0]
 647 08bc 0030D6E5 		ldrb	r3, [r6, #0]	@ zero_extendqisi2
 648 08c0 010053E3 		cmp	r3, #1
 649 08c4 3F02001A 		bne	.L104
 650 08c8 A03C9FE5 		ldr	r3, .L197+112
 651 08cc 0010D3E5 		ldrb	r1, [r3, #0]	@ zero_extendqisi2
 652 08d0 000051E3 		cmp	r1, #0
 653 08d4 3F02001A 		bne	.L104
 654 08d8 0230A0E3 		mov	r3, #2
 655 08dc 0030C6E5 		strb	r3, [r6, #0]
 656 08e0 0100A0E1 		mov	r0, r1
 657              	.L108:
 658 08e4 882C9FE5 		ldr	r2, .L197+116
 659 08e8 8010A0E1 		mov	r1, r0, asl #1
 660 08ec 843C9FE5 		ldr	r3, .L197+120
 661 08f0 010080E2 		add	r0, r0, #1
 662 08f4 B22091E1 		ldrh	r2, [r1, r2]
 663 08f8 050050E3 		cmp	r0, #5
 664 08fc B32081E1 		strh	r2, [r1, r3]	@ movhi 
 665 0900 370200DA 		ble	.L108
 666              	.L104:
 667 0904 70AC9FE5 		ldr	sl, .L197+124
 668 0908 0020DAE5 		ldrb	r2, [sl, #0]	@ zero_extendqisi2
 669 090c 000052E3 		cmp	r2, #0
 670 0910 1A03001A 		bne	.L110
 671 0914 641C9FE5 		ldr	r1, .L197+128
 672 0918 0030D1E5 		ldrb	r3, [r1, #0]	@ zero_extendqisi2
 673 091c 013083E2 		add	r3, r3, #1
 674 0920 0030C1E5 		strb	r3, [r1, #0]
 675 0924 588C9FE5 		ldr	r8, .L197+132
 676 0928 0030D1E5 		ldrb	r3, [r1, #0]	@ zero_extendqisi2
 677 092c 3B0053E3 		cmp	r3, #59
 678 0930 B030D8E1 		ldrh	r3, [r8, #0]
 679 0934 013083E2 		add	r3, r3, #1
 680 0938 B030C8E1 		strh	r3, [r8, #0]	@ movhi 
 681 093c 0020C185 		strhib	r2, [r1, #0]
 682 0940 B030D8E1 		ldrh	r3, [r8, #0]
 683 0944 0040D1E5 		ldrb	r4, [r1, #0]	@ zero_extendqisi2
 684 0948 4B0F53E3 		cmp	r3, #300
 685 094c B020C821 		strcsh	r2, [r8, #0]	@ movhi 
 686 0950 000054E3 		cmp	r4, #0
 687 0954 9302001A 		bne	.L113
 688 0958 1300A0E3 		mov	r0, #19
 689 095c FEFFFFEB 		bl	uart0_check_free_space
 690 0960 FF0010E3 		tst	r0, #255
 691 0964 D002000A 		beq	.L122
 692 0968 9900A0E3 		mov	r0, #153
 693 096c 145C9FE5 		ldr	r5, .L197+136
 694 0970 FEFFFFEB 		bl	uart0_transmit
 695 0974 1300A0E3 		mov	r0, #19
 696 0978 FEFFFFEB 		bl	uart0_transmit
 697 097c 086C9FE5 		ldr	r6, .L197+140
 698 0980 3930A0E3 		mov	r3, #57
 699 0984 0030C5E5 		strb	r3, [r5, #0]
 700 0988 133083E2 		add	r3, r3, #19
 701 098c 2600A0E3 		mov	r0, #38
 702 0990 0030C6E5 		strb	r3, [r6, #0]
 703 0994 FEFFFFEB 		bl	uart0_transmit
 704 0998 0030D5E5 		ldrb	r3, [r5, #0]	@ zero_extendqisi2
 705 099c 663083E2 		add	r3, r3, #102
 706 09a0 0030C5E5 		strb	r3, [r5, #0]
 707 09a4 0030D6E5 		ldrb	r3, [r6, #0]	@ zero_extendqisi2
 708 09a8 0020D5E5 		ldrb	r2, [r5, #0]	@ zero_extendqisi2
 709 09ac 023083E0 		add	r3, r3, r2
 710 09b0 6600A0E3 		mov	r0, #102
 711 09b4 0030C6E5 		strb	r3, [r6, #0]
 712 09b8 FEFFFFEB 		bl	uart0_transmit
 713 09bc 0030D5E5 		ldrb	r3, [r5, #0]	@ zero_extendqisi2
 714 09c0 063083E2 		add	r3, r3, #6
 715 09c4 0030C5E5 		strb	r3, [r5, #0]
 716 09c8 0030D6E5 		ldrb	r3, [r6, #0]	@ zero_extendqisi2
 717 09cc 0020D5E5 		ldrb	r2, [r5, #0]	@ zero_extendqisi2
 718 09d0 023083E0 		add	r3, r3, r2
 719 09d4 0600A0E3 		mov	r0, #6
 720 09d8 0030C6E5 		strb	r3, [r6, #0]
 721 09dc FEFFFFEB 		bl	uart0_transmit
 722 09e0 0470A0E1 		mov	r7, r4
 723              	.L118:
 724 09e4 8C4B9FE5 		ldr	r4, .L197+120
 725 09e8 0030D5E5 		ldrb	r3, [r5, #0]	@ zero_extendqisi2
 726 09ec 8700D4E7 		ldrb	r0, [r4, r7, asl #1]	@ zero_extendqisi2
 727 09f0 033080E0 		add	r3, r0, r3
 728 09f4 0030C5E5 		strb	r3, [r5, #0]
 729 09f8 0030D6E5 		ldrb	r3, [r6, #0]	@ zero_extendqisi2
 730 09fc 0020D5E5 		ldrb	r2, [r5, #0]	@ zero_extendqisi2
 731 0a00 023083E0 		add	r3, r3, r2
 732 0a04 0030C6E5 		strb	r3, [r6, #0]
 733 0a08 014084E2 		add	r4, r4, #1
 734 0a0c FEFFFFEB 		bl	uart0_transmit
 735 0a10 8700D4E7 		ldrb	r0, [r4, r7, asl #1]	@ zero_extendqisi2
 736 0a14 0030D5E5 		ldrb	r3, [r5, #0]	@ zero_extendqisi2
 737 0a18 033080E0 		add	r3, r0, r3
 738 0a1c 0030C5E5 		strb	r3, [r5, #0]
 739 0a20 0030D6E5 		ldrb	r3, [r6, #0]	@ zero_extendqisi2
 740 0a24 0020D5E5 		ldrb	r2, [r5, #0]	@ zero_extendqisi2
 741 0a28 023083E0 		add	r3, r3, r2
 742 0a2c 0030C6E5 		strb	r3, [r6, #0]
 743 0a30 FEFFFFEB 		bl	uart0_transmit
 744 0a34 013087E2 		add	r3, r7, #1
 745 0a38 FF7003E2 		and	r7, r3, #255
 746 0a3c 050057E3 		cmp	r7, #5
 747 0a40 7702009A 		bls	.L118
 748 0a44 0000D5E5 		ldrb	r0, [r5, #0]	@ zero_extendqisi2
 749 0a48 FEFFFFEB 		bl	uart0_transmit
 750 0a4c 0000D6E5 		ldrb	r0, [r6, #0]	@ zero_extendqisi2
 751 0a50 CE0200EA 		b	.L194
 752              	.L113:
 753 0a54 060054E3 		cmp	r4, #6
 754 0a58 D402001A 		bne	.L120
 755 0a5c 0900A0E3 		mov	r0, #9
 756 0a60 FEFFFFEB 		bl	uart0_check_free_space
 757 0a64 FF0010E3 		tst	r0, #255
 758 0a68 D002000A 		beq	.L122
 759 0a6c 9900A0E3 		mov	r0, #153
 760 0a70 104B9FE5 		ldr	r4, .L197+136
 761 0a74 FEFFFFEB 		bl	uart0_transmit
 762 0a78 0900A0E3 		mov	r0, #9
 763 0a7c 085B9FE5 		ldr	r5, .L197+140
 764 0a80 FEFFFFEB 		bl	uart0_transmit
 765 0a84 2F30A0E3 		mov	r3, #47
 766 0a88 0030C4E5 		strb	r3, [r4, #0]
 767 0a8c 093083E2 		add	r3, r3, #9
 768 0a90 2600A0E3 		mov	r0, #38
 769 0a94 0030C5E5 		strb	r3, [r5, #0]
 770 0a98 FEFFFFEB 		bl	uart0_transmit
 771 0a9c 0030D4E5 		ldrb	r3, [r4, #0]	@ zero_extendqisi2
 772 0aa0 673083E2 		add	r3, r3, #103
 773 0aa4 0030C4E5 		strb	r3, [r4, #0]
 774 0aa8 0030D5E5 		ldrb	r3, [r5, #0]	@ zero_extendqisi2
 775 0aac 0020D4E5 		ldrb	r2, [r4, #0]	@ zero_extendqisi2
 776 0ab0 023083E0 		add	r3, r3, r2
 777 0ab4 6700A0E3 		mov	r0, #103
 778 0ab8 0030C5E5 		strb	r3, [r5, #0]
 779 0abc FEFFFFEB 		bl	uart0_transmit
 780 0ac0 943A9FE5 		ldr	r3, .L197+92
 781 0ac4 0000D3E5 		ldrb	r0, [r3, #0]	@ zero_extendqisi2
 782 0ac8 0030D4E5 		ldrb	r3, [r4, #0]	@ zero_extendqisi2
 783 0acc 033080E0 		add	r3, r0, r3
 784 0ad0 0030C4E5 		strb	r3, [r4, #0]
 785 0ad4 0030D5E5 		ldrb	r3, [r5, #0]	@ zero_extendqisi2
 786 0ad8 0020D4E5 		ldrb	r2, [r4, #0]	@ zero_extendqisi2
 787 0adc 023083E0 		add	r3, r3, r2
 788 0ae0 0030C5E5 		strb	r3, [r5, #0]
 789 0ae4 FEFFFFEB 		bl	uart0_transmit
 790 0ae8 0000D6E5 		ldrb	r0, [r6, #0]	@ zero_extendqisi2
 791 0aec 0030D4E5 		ldrb	r3, [r4, #0]	@ zero_extendqisi2
 792 0af0 033080E0 		add	r3, r0, r3
 793 0af4 0030C4E5 		strb	r3, [r4, #0]
 794 0af8 0030D5E5 		ldrb	r3, [r5, #0]	@ zero_extendqisi2
 795 0afc 0020D4E5 		ldrb	r2, [r4, #0]	@ zero_extendqisi2
 796 0b00 023083E0 		add	r3, r3, r2
 797 0b04 0030C5E5 		strb	r3, [r5, #0]
 798 0b08 FEFFFFEB 		bl	uart0_transmit
 799 0b0c 7C3A9FE5 		ldr	r3, .L197+144
 800 0b10 0000D3E5 		ldrb	r0, [r3, #0]	@ zero_extendqisi2
 801 0b14 0030D4E5 		ldrb	r3, [r4, #0]	@ zero_extendqisi2
 802 0b18 033080E0 		add	r3, r0, r3
 803 0b1c 0030C4E5 		strb	r3, [r4, #0]
 804 0b20 0030D5E5 		ldrb	r3, [r5, #0]	@ zero_extendqisi2
 805 0b24 0020D4E5 		ldrb	r2, [r4, #0]	@ zero_extendqisi2
 806 0b28 023083E0 		add	r3, r3, r2
 807 0b2c 0030C5E5 		strb	r3, [r5, #0]
 808 0b30 FEFFFFEB 		bl	uart0_transmit
 809 0b34 0000D4E5 		ldrb	r0, [r4, #0]	@ zero_extendqisi2
 810 0b38 FEFFFFEB 		bl	uart0_transmit
 811 0b3c 0000D5E5 		ldrb	r0, [r5, #0]	@ zero_extendqisi2
 812              	.L194:
 813 0b40 FEFFFFEB 		bl	uart0_transmit
 814 0b44 D40200EA 		b	.L120
 815              	.L122:
 816 0b48 442A9FE5 		ldr	r2, .L197+148
 817 0b4c 0030D2E5 		ldrb	r3, [r2, #0]	@ zero_extendqisi2
 818 0b50 013083E2 		add	r3, r3, #1
 819 0b54 0030C2E5 		strb	r3, [r2, #0]
 820              	.L120:
 821 0b58 B030D8E1 		ldrh	r3, [r8, #0]
 822 0b5c 0C0053E3 		cmp	r3, #12
 823 0b60 1A03001A 		bne	.L110
 824 0b64 1300A0E3 		mov	r0, #19
 825 0b68 FEFFFFEB 		bl	uart0_check_free_space
 826 0b6c FF0010E3 		tst	r0, #255
 827 0b70 1C2A9F05 		ldreq	r2, .L197+148
 828 0b74 0030D205 		ldreqb	r3, [r2, #0]	@ zero_extendqisi2
 829 0b78 01308302 		addeq	r3, r3, #1
 830 0b7c 0030C205 		streqb	r3, [r2, #0]
 831 0b80 1A03000A 		beq	.L110
 832 0b84 9900A0E3 		mov	r0, #153
 833 0b88 F8599FE5 		ldr	r5, .L197+136
 834 0b8c FEFFFFEB 		bl	uart0_transmit
 835 0b90 1300A0E3 		mov	r0, #19
 836 0b94 FEFFFFEB 		bl	uart0_transmit
 837 0b98 EC699FE5 		ldr	r6, .L197+140
 838 0b9c 3930A0E3 		mov	r3, #57
 839 0ba0 0030C5E5 		strb	r3, [r5, #0]
 840 0ba4 133083E2 		add	r3, r3, #19
 841 0ba8 2600A0E3 		mov	r0, #38
 842 0bac 0030C6E5 		strb	r3, [r6, #0]
 843 0bb0 FEFFFFEB 		bl	uart0_transmit
 844 0bb4 0030D5E5 		ldrb	r3, [r5, #0]	@ zero_extendqisi2
 845 0bb8 693083E2 		add	r3, r3, #105
 846 0bbc 0030C5E5 		strb	r3, [r5, #0]
 847 0bc0 0030D6E5 		ldrb	r3, [r6, #0]	@ zero_extendqisi2
 848 0bc4 0020D5E5 		ldrb	r2, [r5, #0]	@ zero_extendqisi2
 849 0bc8 023083E0 		add	r3, r3, r2
 850 0bcc 6900A0E3 		mov	r0, #105
 851 0bd0 0030C6E5 		strb	r3, [r6, #0]
 852 0bd4 FEFFFFEB 		bl	uart0_transmit
 853 0bd8 0030D5E5 		ldrb	r3, [r5, #0]	@ zero_extendqisi2
 854 0bdc 063083E2 		add	r3, r3, #6
 855 0be0 0030C5E5 		strb	r3, [r5, #0]
 856 0be4 0030D6E5 		ldrb	r3, [r6, #0]	@ zero_extendqisi2
 857 0be8 0020D5E5 		ldrb	r2, [r5, #0]	@ zero_extendqisi2
 858 0bec 023083E0 		add	r3, r3, r2
 859 0bf0 0600A0E3 		mov	r0, #6
 860 0bf4 0030C6E5 		strb	r3, [r6, #0]
 861 0bf8 FEFFFFEB 		bl	uart0_transmit
 862 0bfc 0070A0E3 		mov	r7, #0
 863              	.L129:
 864 0c00 90499FE5 		ldr	r4, .L197+152
 865 0c04 0030D5E5 		ldrb	r3, [r5, #0]	@ zero_extendqisi2
 866 0c08 8700D4E7 		ldrb	r0, [r4, r7, asl #1]	@ zero_extendqisi2
 867 0c0c 033080E0 		add	r3, r0, r3
 868 0c10 0030C5E5 		strb	r3, [r5, #0]
 869 0c14 0030D6E5 		ldrb	r3, [r6, #0]	@ zero_extendqisi2
 870 0c18 0020D5E5 		ldrb	r2, [r5, #0]	@ zero_extendqisi2
 871 0c1c 023083E0 		add	r3, r3, r2
 872 0c20 0030C6E5 		strb	r3, [r6, #0]
 873 0c24 014084E2 		add	r4, r4, #1
 874 0c28 FEFFFFEB 		bl	uart0_transmit
 875 0c2c 8700D4E7 		ldrb	r0, [r4, r7, asl #1]	@ zero_extendqisi2
 876 0c30 0030D5E5 		ldrb	r3, [r5, #0]	@ zero_extendqisi2
 877 0c34 033080E0 		add	r3, r0, r3
 878 0c38 0030C5E5 		strb	r3, [r5, #0]
 879 0c3c 0030D6E5 		ldrb	r3, [r6, #0]	@ zero_extendqisi2
 880 0c40 0020D5E5 		ldrb	r2, [r5, #0]	@ zero_extendqisi2
 881 0c44 023083E0 		add	r3, r3, r2
 882 0c48 0030C6E5 		strb	r3, [r6, #0]
 883 0c4c FEFFFFEB 		bl	uart0_transmit
 884 0c50 013087E2 		add	r3, r7, #1
 885 0c54 FF7003E2 		and	r7, r3, #255
 886 0c58 050057E3 		cmp	r7, #5
 887 0c5c FE02009A 		bls	.L129
 888 0c60 0000D5E5 		ldrb	r0, [r5, #0]	@ zero_extendqisi2
 889 0c64 FEFFFFEB 		bl	uart0_transmit
 890 0c68 0000D6E5 		ldrb	r0, [r6, #0]	@ zero_extendqisi2
 891 0c6c FEFFFFEB 		bl	uart0_transmit
 892              	.L110:
 893 0c70 0030DAE5 		ldrb	r3, [sl, #0]	@ zero_extendqisi2
 894 0c74 010053E3 		cmp	r3, #1
 895 0c78 8004001A 		bne	.L168
 896 0c7c 18299FE5 		ldr	r2, .L197+156
 897 0c80 0030D2E5 		ldrb	r3, [r2, #0]	@ zero_extendqisi2
 898 0c84 013083E2 		add	r3, r3, #1
 899 0c88 0030C2E5 		strb	r3, [r2, #0]
 900 0c8c 0030D2E5 		ldrb	r3, [r2, #0]	@ zero_extendqisi2
 901 0c90 08899FE5 		ldr	r8, .L197+160
 902 0c94 1D0053E3 		cmp	r3, #29
 903 0c98 0030A083 		movhi	r3, #0
 904 0c9c 0030C285 		strhib	r3, [r2, #0]
 905 0ca0 0030D8E5 		ldrb	r3, [r8, #0]	@ zero_extendqisi2
 906 0ca4 013083E2 		add	r3, r3, #1
 907 0ca8 0030C8E5 		strb	r3, [r8, #0]
 908 0cac 0030D8E5 		ldrb	r3, [r8, #0]	@ zero_extendqisi2
 909 0cb0 ECA89FE5 		ldr	sl, .L197+164
 910 0cb4 3B0053E3 		cmp	r3, #59
 911 0cb8 0030A083 		movhi	r3, #0
 912 0cbc 0030C885 		strhib	r3, [r8, #0]
 913 0cc0 B030DAE1 		ldrh	r3, [sl, #0]
 914 0cc4 013083E2 		add	r3, r3, #1
 915 0cc8 B030CAE1 		strh	r3, [sl, #0]	@ movhi 
 916 0ccc B030DAE1 		ldrh	r3, [sl, #0]
 917 0cd0 0040D2E5 		ldrb	r4, [r2, #0]	@ zero_extendqisi2
 918 0cd4 4B0F53E3 		cmp	r3, #300
 919 0cd8 0030A023 		movcs	r3, #0	@ movhi
 920 0cdc B030CA21 		strcsh	r3, [sl, #0]	@ movhi 
 921 0ce0 000054E3 		cmp	r4, #0
 922 0ce4 7403001A 		bne	.L135
 923 0ce8 1700A0E3 		mov	r0, #23
 924 0cec FEFFFFEB 		bl	uart0_check_free_space
 925 0cf0 FF0010E3 		tst	r0, #255
 926 0cf4 F403000A 		beq	.L152
 927 0cf8 9900A0E3 		mov	r0, #153
 928 0cfc 84589FE5 		ldr	r5, .L197+136
 929 0d00 FEFFFFEB 		bl	uart0_transmit
 930 0d04 1700A0E3 		mov	r0, #23
 931 0d08 FEFFFFEB 		bl	uart0_transmit
 932 0d0c 78689FE5 		ldr	r6, .L197+140
 933 0d10 3D30A0E3 		mov	r3, #61
 934 0d14 0030C5E5 		strb	r3, [r5, #0]
 935 0d18 173083E2 		add	r3, r3, #23
 936 0d1c 2600A0E3 		mov	r0, #38
 937 0d20 0030C6E5 		strb	r3, [r6, #0]
 938 0d24 FEFFFFEB 		bl	uart0_transmit
 939 0d28 0030D5E5 		ldrb	r3, [r5, #0]	@ zero_extendqisi2
 940 0d2c 643083E2 		add	r3, r3, #100
 941 0d30 0030C5E5 		strb	r3, [r5, #0]
 942 0d34 0030D6E5 		ldrb	r3, [r6, #0]	@ zero_extendqisi2
 943 0d38 0020D5E5 		ldrb	r2, [r5, #0]	@ zero_extendqisi2
 944 0d3c 023083E0 		add	r3, r3, r2
 945 0d40 6400A0E3 		mov	r0, #100
 946 0d44 0030C6E5 		strb	r3, [r6, #0]
 947 0d48 FEFFFFEB 		bl	uart0_transmit
 948 0d4c 0030D5E5 		ldrb	r3, [r5, #0]	@ zero_extendqisi2
 949 0d50 083083E2 		add	r3, r3, #8
 950 0d54 0030C5E5 		strb	r3, [r5, #0]
 951 0d58 0030D6E5 		ldrb	r3, [r6, #0]	@ zero_extendqisi2
 952 0d5c 0020D5E5 		ldrb	r2, [r5, #0]	@ zero_extendqisi2
 953 0d60 023083E0 		add	r3, r3, r2
 954 0d64 0800A0E3 		mov	r0, #8
 955 0d68 0030C6E5 		strb	r3, [r6, #0]
 956 0d6c FEFFFFEB 		bl	uart0_transmit
 957 0d70 0470A0E1 		mov	r7, r4
 958              	.L140:
 959 0d74 2C489FE5 		ldr	r4, .L197+168
 960 0d78 0030D5E5 		ldrb	r3, [r5, #0]	@ zero_extendqisi2
 961 0d7c 8700D4E7 		ldrb	r0, [r4, r7, asl #1]	@ zero_extendqisi2
 962 0d80 033080E0 		add	r3, r0, r3
 963 0d84 0030C5E5 		strb	r3, [r5, #0]
 964 0d88 0030D6E5 		ldrb	r3, [r6, #0]	@ zero_extendqisi2
 965 0d8c 0020D5E5 		ldrb	r2, [r5, #0]	@ zero_extendqisi2
 966 0d90 023083E0 		add	r3, r3, r2
 967 0d94 0030C6E5 		strb	r3, [r6, #0]
 968 0d98 014084E2 		add	r4, r4, #1
 969 0d9c FEFFFFEB 		bl	uart0_transmit
 970 0da0 8700D4E7 		ldrb	r0, [r4, r7, asl #1]	@ zero_extendqisi2
 971 0da4 0030D5E5 		ldrb	r3, [r5, #0]	@ zero_extendqisi2
 972 0da8 033080E0 		add	r3, r0, r3
 973 0dac 0030C5E5 		strb	r3, [r5, #0]
 974 0db0 0030D6E5 		ldrb	r3, [r6, #0]	@ zero_extendqisi2
 975 0db4 0020D5E5 		ldrb	r2, [r5, #0]	@ zero_extendqisi2
 976 0db8 023083E0 		add	r3, r3, r2
 977 0dbc 0030C6E5 		strb	r3, [r6, #0]
 978 0dc0 FEFFFFEB 		bl	uart0_transmit
 979 0dc4 013087E2 		add	r3, r7, #1
 980 0dc8 FF7003E2 		and	r7, r3, #255
 981 0dcc 070057E3 		cmp	r7, #7
 982 0dd0 5B03009A 		bls	.L140
 983 0dd4 EF0300EA 		b	.L195
 984              	.L135:
 985 0dd8 060054E3 		cmp	r4, #6
 986 0ddc B203001A 		bne	.L143
 987 0de0 1700A0E3 		mov	r0, #23
 988 0de4 FEFFFFEB 		bl	uart0_check_free_space
 989 0de8 FF0010E3 		tst	r0, #255
 990 0dec F403000A 		beq	.L152
 991 0df0 9900A0E3 		mov	r0, #153
 992 0df4 8C579FE5 		ldr	r5, .L197+136
 993 0df8 FEFFFFEB 		bl	uart0_transmit
 994 0dfc 1700A0E3 		mov	r0, #23
 995 0e00 FEFFFFEB 		bl	uart0_transmit
 996 0e04 80679FE5 		ldr	r6, .L197+140
 997 0e08 3D30A0E3 		mov	r3, #61
 998 0e0c 0030C5E5 		strb	r3, [r5, #0]
 999 0e10 173083E2 		add	r3, r3, #23
 1000 0e14 2600A0E3 		mov	r0, #38
 1001 0e18 0030C6E5 		strb	r3, [r6, #0]
 1002 0e1c FEFFFFEB 		bl	uart0_transmit
 1003 0e20 0030D5E5 		ldrb	r3, [r5, #0]	@ zero_extendqisi2
 1004 0e24 653083E2 		add	r3, r3, #101
 1005 0e28 0030C5E5 		strb	r3, [r5, #0]
 1006 0e2c 0030D6E5 		ldrb	r3, [r6, #0]	@ zero_extendqisi2
 1007 0e30 0020D5E5 		ldrb	r2, [r5, #0]	@ zero_extendqisi2
 1008 0e34 023083E0 		add	r3, r3, r2
 1009 0e38 6500A0E3 		mov	r0, #101
 1010 0e3c 0030C6E5 		strb	r3, [r6, #0]
 1011 0e40 FEFFFFEB 		bl	uart0_transmit
 1012 0e44 0030D5E5 		ldrb	r3, [r5, #0]	@ zero_extendqisi2
 1013 0e48 083083E2 		add	r3, r3, #8
 1014 0e4c 0030C5E5 		strb	r3, [r5, #0]
 1015 0e50 0030D6E5 		ldrb	r3, [r6, #0]	@ zero_extendqisi2
 1016 0e54 0020D5E5 		ldrb	r2, [r5, #0]	@ zero_extendqisi2
 1017 0e58 023083E0 		add	r3, r3, r2
 1018 0e5c 0800A0E3 		mov	r0, #8
 1019 0e60 0030C6E5 		strb	r3, [r6, #0]
 1020 0e64 FEFFFFEB 		bl	uart0_transmit
 1021 0e68 0070A0E3 		mov	r7, #0
 1022              	.L148:
 1023 0e6c 38479FE5 		ldr	r4, .L197+172
 1024 0e70 0030D5E5 		ldrb	r3, [r5, #0]	@ zero_extendqisi2
 1025 0e74 8700D4E7 		ldrb	r0, [r4, r7, asl #1]	@ zero_extendqisi2
 1026 0e78 033080E0 		add	r3, r0, r3
 1027 0e7c 0030C5E5 		strb	r3, [r5, #0]
 1028 0e80 0030D6E5 		ldrb	r3, [r6, #0]	@ zero_extendqisi2
 1029 0e84 0020D5E5 		ldrb	r2, [r5, #0]	@ zero_extendqisi2
 1030 0e88 023083E0 		add	r3, r3, r2
 1031 0e8c 0030C6E5 		strb	r3, [r6, #0]
 1032 0e90 014084E2 		add	r4, r4, #1
 1033 0e94 FEFFFFEB 		bl	uart0_transmit
 1034 0e98 8700D4E7 		ldrb	r0, [r4, r7, asl #1]	@ zero_extendqisi2
 1035 0e9c 0030D5E5 		ldrb	r3, [r5, #0]	@ zero_extendqisi2
 1036 0ea0 033080E0 		add	r3, r0, r3
 1037 0ea4 0030C5E5 		strb	r3, [r5, #0]
 1038 0ea8 0030D6E5 		ldrb	r3, [r6, #0]	@ zero_extendqisi2
 1039 0eac 0020D5E5 		ldrb	r2, [r5, #0]	@ zero_extendqisi2
 1040 0eb0 023083E0 		add	r3, r3, r2
 1041 0eb4 0030C6E5 		strb	r3, [r6, #0]
 1042 0eb8 FEFFFFEB 		bl	uart0_transmit
 1043 0ebc 013087E2 		add	r3, r7, #1
 1044 0ec0 FF7003E2 		and	r7, r3, #255
 1045 0ec4 070057E3 		cmp	r7, #7
 1046 0ec8 9903009A 		bls	.L148
 1047 0ecc EF0300EA 		b	.L195
 1048              	.L143:
 1049 0ed0 0C0054E3 		cmp	r4, #12
 1050 0ed4 F803001A 		bne	.L142
 1051 0ed8 1300A0E3 		mov	r0, #19
 1052 0edc FEFFFFEB 		bl	uart0_check_free_space
 1053 0ee0 FF0010E3 		tst	r0, #255
 1054 0ee4 F403000A 		beq	.L152
 1055 0ee8 9900A0E3 		mov	r0, #153
 1056 0eec 94569FE5 		ldr	r5, .L197+136
 1057 0ef0 FEFFFFEB 		bl	uart0_transmit
 1058 0ef4 1300A0E3 		mov	r0, #19
 1059 0ef8 FEFFFFEB 		bl	uart0_transmit
 1060 0efc 88669FE5 		ldr	r6, .L197+140
 1061 0f00 3930A0E3 		mov	r3, #57
 1062 0f04 0030C5E5 		strb	r3, [r5, #0]
 1063 0f08 133083E2 		add	r3, r3, #19
 1064 0f0c 2600A0E3 		mov	r0, #38
 1065 0f10 0030C6E5 		strb	r3, [r6, #0]
 1066 0f14 FEFFFFEB 		bl	uart0_transmit
 1067 0f18 0030D5E5 		ldrb	r3, [r5, #0]	@ zero_extendqisi2
 1068 0f1c 663083E2 		add	r3, r3, #102
 1069 0f20 0030C5E5 		strb	r3, [r5, #0]
 1070 0f24 0030D6E5 		ldrb	r3, [r6, #0]	@ zero_extendqisi2
 1071 0f28 0020D5E5 		ldrb	r2, [r5, #0]	@ zero_extendqisi2
 1072 0f2c 023083E0 		add	r3, r3, r2
 1073 0f30 6600A0E3 		mov	r0, #102
 1074 0f34 0030C6E5 		strb	r3, [r6, #0]
 1075 0f38 FEFFFFEB 		bl	uart0_transmit
 1076 0f3c 0030D5E5 		ldrb	r3, [r5, #0]	@ zero_extendqisi2
 1077 0f40 063083E2 		add	r3, r3, #6
 1078 0f44 0030C5E5 		strb	r3, [r5, #0]
 1079 0f48 0030D6E5 		ldrb	r3, [r6, #0]	@ zero_extendqisi2
 1080 0f4c 0020D5E5 		ldrb	r2, [r5, #0]	@ zero_extendqisi2
 1081 0f50 023083E0 		add	r3, r3, r2
 1082 0f54 0600A0E3 		mov	r0, #6
 1083 0f58 0030C6E5 		strb	r3, [r6, #0]
 1084 0f5c FEFFFFEB 		bl	uart0_transmit
 1085 0f60 0070A0E3 		mov	r7, #0
 1086              	.L156:
 1087 0f64 0C469FE5 		ldr	r4, .L197+120
 1088 0f68 0030D5E5 		ldrb	r3, [r5, #0]	@ zero_extendqisi2
 1089 0f6c 8700D4E7 		ldrb	r0, [r4, r7, asl #1]	@ zero_extendqisi2
 1090 0f70 033080E0 		add	r3, r0, r3
 1091 0f74 0030C5E5 		strb	r3, [r5, #0]
 1092 0f78 0030D6E5 		ldrb	r3, [r6, #0]	@ zero_extendqisi2
 1093 0f7c 0020D5E5 		ldrb	r2, [r5, #0]	@ zero_extendqisi2
 1094 0f80 023083E0 		add	r3, r3, r2
 1095 0f84 0030C6E5 		strb	r3, [r6, #0]
 1096 0f88 014084E2 		add	r4, r4, #1
 1097 0f8c FEFFFFEB 		bl	uart0_transmit
 1098 0f90 8700D4E7 		ldrb	r0, [r4, r7, asl #1]	@ zero_extendqisi2
 1099 0f94 0030D5E5 		ldrb	r3, [r5, #0]	@ zero_extendqisi2
 1100 0f98 033080E0 		add	r3, r0, r3
 1101 0f9c 0030C5E5 		strb	r3, [r5, #0]
 1102 0fa0 0030D6E5 		ldrb	r3, [r6, #0]	@ zero_extendqisi2
 1103 0fa4 0020D5E5 		ldrb	r2, [r5, #0]	@ zero_extendqisi2
 1104 0fa8 023083E0 		add	r3, r3, r2
 1105 0fac 0030C6E5 		strb	r3, [r6, #0]
 1106 0fb0 FEFFFFEB 		bl	uart0_transmit
 1107 0fb4 013087E2 		add	r3, r7, #1
 1108 0fb8 FF7003E2 		and	r7, r3, #255
 1109 0fbc 050057E3 		cmp	r7, #5
 1110 0fc0 D703009A 		bls	.L156
 1111              	.L195:
 1112 0fc4 0000D5E5 		ldrb	r0, [r5, #0]	@ zero_extendqisi2
 1113 0fc8 FEFFFFEB 		bl	uart0_transmit
 1114 0fcc 0000D6E5 		ldrb	r0, [r6, #0]	@ zero_extendqisi2
 1115 0fd0 FEFFFFEB 		bl	uart0_transmit
 1116 0fd4 F80300EA 		b	.L142
 1117              	.L152:
 1118 0fd8 B4259FE5 		ldr	r2, .L197+148
 1119 0fdc 0030D2E5 		ldrb	r3, [r2, #0]	@ zero_extendqisi2
 1120 0fe0 013083E2 		add	r3, r3, #1
 1121 0fe4 0030C2E5 		strb	r3, [r2, #0]
 1122              	.L142:
 1123 0fe8 0030D8E5 		ldrb	r3, [r8, #0]	@ zero_extendqisi2
 1124 0fec 120053E3 		cmp	r3, #18
 1125 0ff0 3A04001A 		bne	.L158
 1126 0ff4 0900A0E3 		mov	r0, #9
 1127 0ff8 FEFFFFEB 		bl	uart0_check_free_space
 1128 0ffc FF0010E3 		tst	r0, #255
 1129 1000 8C259F05 		ldreq	r2, .L197+148
 1130 1004 0030D205 		ldreqb	r3, [r2, #0]	@ zero_extendqisi2
 1131 1008 01308302 		addeq	r3, r3, #1
 1132 100c 0030C205 		streqb	r3, [r2, #0]
 1133 1010 3A04000A 		beq	.L158
 1134 1014 9900A0E3 		mov	r0, #153
 1135 1018 68459FE5 		ldr	r4, .L197+136
 1136 101c FEFFFFEB 		bl	uart0_transmit
 1137 1020 0900A0E3 		mov	r0, #9
 1138 1024 60559FE5 		ldr	r5, .L197+140
 1139 1028 FEFFFFEB 		bl	uart0_transmit
 1140 102c 2F30A0E3 		mov	r3, #47
 1141 1030 0030C4E5 		strb	r3, [r4, #0]
 1142 1034 093083E2 		add	r3, r3, #9
 1143 1038 2600A0E3 		mov	r0, #38
 1144 103c 0030C5E5 		strb	r3, [r5, #0]
 1145 1040 FEFFFFEB 		bl	uart0_transmit
 1146 1044 0030D4E5 		ldrb	r3, [r4, #0]	@ zero_extendqisi2
 1147 1048 673083E2 		add	r3, r3, #103
 1148 104c 0030C4E5 		strb	r3, [r4, #0]
 1149 1050 0030D5E5 		ldrb	r3, [r5, #0]	@ zero_extendqisi2
 1150 1054 0020D4E5 		ldrb	r2, [r4, #0]	@ zero_extendqisi2
 1151 1058 023083E0 		add	r3, r3, r2
 1152 105c 6700A0E3 		mov	r0, #103
 1153 1060 0030C5E5 		strb	r3, [r5, #0]
 1154 1064 FEFFFFEB 		bl	uart0_transmit
 1155 1068 EC349FE5 		ldr	r3, .L197+92
 1156 106c 0000D3E5 		ldrb	r0, [r3, #0]	@ zero_extendqisi2
 1157 1070 0030D4E5 		ldrb	r3, [r4, #0]	@ zero_extendqisi2
 1158 1074 033080E0 		add	r3, r0, r3
 1159 1078 0030C4E5 		strb	r3, [r4, #0]
 1160 107c 0030D5E5 		ldrb	r3, [r5, #0]	@ zero_extendqisi2
 1161 1080 0020D4E5 		ldrb	r2, [r4, #0]	@ zero_extendqisi2
 1162 1084 023083E0 		add	r3, r3, r2
 1163 1088 0030C5E5 		strb	r3, [r5, #0]
 1164 108c FEFFFFEB 		bl	uart0_transmit
 1165 1090 C8349FE5 		ldr	r3, .L197+96
 1166 1094 0000D3E5 		ldrb	r0, [r3, #0]	@ zero_extendqisi2
 1167 1098 0030D4E5 		ldrb	r3, [r4, #0]	@ zero_extendqisi2
 1168 109c 033080E0 		add	r3, r0, r3
 1169 10a0 0030C4E5 		strb	r3, [r4, #0]
 1170 10a4 0030D5E5 		ldrb	r3, [r5, #0]	@ zero_extendqisi2
 1171 10a8 0020D4E5 		ldrb	r2, [r4, #0]	@ zero_extendqisi2
 1172 10ac 023083E0 		add	r3, r3, r2
 1173 10b0 0030C5E5 		strb	r3, [r5, #0]
 1174 10b4 FEFFFFEB 		bl	uart0_transmit
 1175 10b8 D0349FE5 		ldr	r3, .L197+144
 1176 10bc 0000D3E5 		ldrb	r0, [r3, #0]	@ zero_extendqisi2
 1177 10c0 0030D4E5 		ldrb	r3, [r4, #0]	@ zero_extendqisi2
 1178 10c4 033080E0 		add	r3, r0, r3
 1179 10c8 0030C4E5 		strb	r3, [r4, #0]
 1180 10cc 0030D5E5 		ldrb	r3, [r5, #0]	@ zero_extendqisi2
 1181 10d0 0020D4E5 		ldrb	r2, [r4, #0]	@ zero_extendqisi2
 1182 10d4 023083E0 		add	r3, r3, r2
 1183 10d8 0030C5E5 		strb	r3, [r5, #0]
 1184 10dc FEFFFFEB 		bl	uart0_transmit
 1185 10e0 0000D4E5 		ldrb	r0, [r4, #0]	@ zero_extendqisi2
 1186 10e4 FEFFFFEB 		bl	uart0_transmit
 1187 10e8 0000D5E5 		ldrb	r0, [r5, #0]	@ zero_extendqisi2
 1188 10ec FEFFFFEB 		bl	uart0_transmit
 1189              	.L158:
 1190 10f0 B030DAE1 		ldrh	r3, [sl, #0]
 1191 10f4 180053E3 		cmp	r3, #24
 1192 10f8 8004001A 		bne	.L168
 1193 10fc 1300A0E3 		mov	r0, #19
 1194 1100 FEFFFFEB 		bl	uart0_check_free_space
 1195 1104 FF0010E3 		tst	r0, #255
 1196 1108 84249F05 		ldreq	r2, .L197+148
 1197 110c 0030D205 		ldreqb	r3, [r2, #0]	@ zero_extendqisi2
 1198 1110 01308302 		addeq	r3, r3, #1
 1199 1114 0030C205 		streqb	r3, [r2, #0]
 1200 1118 8004000A 		beq	.L168
 1201 111c 9900A0E3 		mov	r0, #153
 1202 1120 60549FE5 		ldr	r5, .L197+136
 1203 1124 FEFFFFEB 		bl	uart0_transmit
 1204 1128 1300A0E3 		mov	r0, #19
 1205 112c FEFFFFEB 		bl	uart0_transmit
 1206 1130 54649FE5 		ldr	r6, .L197+140
 1207 1134 3930A0E3 		mov	r3, #57
 1208 1138 0030C5E5 		strb	r3, [r5, #0]
 1209 113c 133083E2 		add	r3, r3, #19
 1210 1140 2600A0E3 		mov	r0, #38
 1211 1144 0030C6E5 		strb	r3, [r6, #0]
 1212 1148 FEFFFFEB 		bl	uart0_transmit
 1213 114c 0030D5E5 		ldrb	r3, [r5, #0]	@ zero_extendqisi2
 1214 1150 693083E2 		add	r3, r3, #105
 1215 1154 0030C5E5 		strb	r3, [r5, #0]
 1216 1158 0030D6E5 		ldrb	r3, [r6, #0]	@ zero_extendqisi2
 1217 115c 0020D5E5 		ldrb	r2, [r5, #0]	@ zero_extendqisi2
 1218 1160 023083E0 		add	r3, r3, r2
 1219 1164 6900A0E3 		mov	r0, #105
 1220 1168 0030C6E5 		strb	r3, [r6, #0]
 1221 116c FEFFFFEB 		bl	uart0_transmit
 1222 1170 0030D5E5 		ldrb	r3, [r5, #0]	@ zero_extendqisi2
 1223 1174 063083E2 		add	r3, r3, #6
 1224 1178 0030C5E5 		strb	r3, [r5, #0]
 1225 117c 0030D6E5 		ldrb	r3, [r6, #0]	@ zero_extendqisi2
 1226 1180 0020D5E5 		ldrb	r2, [r5, #0]	@ zero_extendqisi2
 1227 1184 023083E0 		add	r3, r3, r2
 1228 1188 0600A0E3 		mov	r0, #6
 1229 118c 0030C6E5 		strb	r3, [r6, #0]
 1230 1190 FEFFFFEB 		bl	uart0_transmit
 1231 1194 0070A0E3 		mov	r7, #0
 1232              	.L166:
 1233 1198 F8439FE5 		ldr	r4, .L197+152
 1234 119c 0030D5E5 		ldrb	r3, [r5, #0]	@ zero_extendqisi2
 1235 11a0 8700D4E7 		ldrb	r0, [r4, r7, asl #1]	@ zero_extendqisi2
 1236 11a4 033080E0 		add	r3, r0, r3
 1237 11a8 0030C5E5 		strb	r3, [r5, #0]
 1238 11ac 0030D6E5 		ldrb	r3, [r6, #0]	@ zero_extendqisi2
 1239 11b0 0020D5E5 		ldrb	r2, [r5, #0]	@ zero_extendqisi2
 1240 11b4 023083E0 		add	r3, r3, r2
 1241 11b8 0030C6E5 		strb	r3, [r6, #0]
 1242 11bc 014084E2 		add	r4, r4, #1
 1243 11c0 FEFFFFEB 		bl	uart0_transmit
 1244 11c4 8700D4E7 		ldrb	r0, [r4, r7, asl #1]	@ zero_extendqisi2
 1245 11c8 0030D5E5 		ldrb	r3, [r5, #0]	@ zero_extendqisi2
 1246 11cc 033080E0 		add	r3, r0, r3
 1247 11d0 0030C5E5 		strb	r3, [r5, #0]
 1248 11d4 0030D6E5 		ldrb	r3, [r6, #0]	@ zero_extendqisi2
 1249 11d8 0020D5E5 		ldrb	r2, [r5, #0]	@ zero_extendqisi2
 1250 11dc 023083E0 		add	r3, r3, r2
 1251 11e0 0030C6E5 		strb	r3, [r6, #0]
 1252 11e4 FEFFFFEB 		bl	uart0_transmit
 1253 11e8 013087E2 		add	r3, r7, #1
 1254 11ec FF7003E2 		and	r7, r3, #255
 1255 11f0 050057E3 		cmp	r7, #5
 1256 11f4 6404009A 		bls	.L166
 1257 11f8 0000D5E5 		ldrb	r0, [r5, #0]	@ zero_extendqisi2
 1258 11fc FEFFFFEB 		bl	uart0_transmit
 1259 1200 0000D6E5 		ldrb	r0, [r6, #0]	@ zero_extendqisi2
 1260 1204 FEFFFFEB 		bl	uart0_transmit
 1261              	.L168:
 1262 1208 0030D9E5 		ldrb	r3, [r9, #0]	@ zero_extendqisi2
 1263 120c 000053E3 		cmp	r3, #0
 1264 1210 9004001A 		bne	.L169
 1265 1214 94339FE5 		ldr	r3, .L197+176
 1266 1218 4310D3E5 		ldrb	r1, [r3, #67]	@ zero_extendqisi2
 1267 121c B000D3E1 		ldrh	r0, [r3, #0]
 1268 1220 FEFFFFEB 		bl	__divsi3
 1269 1224 000180E0 		add	r0, r0, r0, asl #2
 1270 1228 8000A0E1 		mov	r0, r0, asl #1
 1271 122c FEFFFFEB 		bl	__floatsidf
 1272 1230 B22F8FE2 		adr	r2, .L197
 1273 1234 0C0092E8 		ldmia	r2, {r2-r3}
 1274 1238 FEFFFFEB 		bl	__muldf3
 1275 123c FEFFFFEB 		bl	__fixunsdfsi
 1276 1240 48339FE5 		ldr	r3, .L197+144
 1277 1244 0000C3E5 		strb	r0, [r3, #0]
 1278              	.L169:
 1279 1248 28739FE5 		ldr	r7, .L197+120
 1280 124c F000D7E1 		ldrsh	r0, [r7, #0]
 1281 1250 FEFFFFEB 		bl	__floatsisf
 1282 1254 0040A0E1 		mov	r4, r0
 1283 1258 FEFFFFEB 		bl	__extendsfdf2
 1284 125c 0160A0E1 		mov	r6, r1
 1285 1260 0050A0E1 		mov	r5, r0
 1286 1264 0400A0E1 		mov	r0, r4
 1287 1268 0010A0E3 		mov	r1, #0
 1288 126c FEFFFFEB 		bl	__gtsf2
 1289 1270 000050E3 		cmp	r0, #0
 1290 1274 A32F8FC2 		adrgt	r2, .L197+8
 1291 1278 0C0092C8 		ldmgtia	r2, {r2-r3}
 1292 127c 0610A0C1 		movgt	r1, r6
 1293 1280 0500A0C1 		movgt	r0, r5
 1294              	.L170:
 1295 1284 A12F8FD2 		adrle	r2, .L197+16
 1296 1288 0C0092D8 		ldmleia	r2, {r2-r3}
 1297 128c 0610A0D1 		movle	r1, r6
 1298 1290 0500A0D1 		movle	r0, r5
 1299              	.L196:
 1300 1294 FEFFFFEB 		bl	__muldf3
 1301 1298 FEFFFFEB 		bl	__truncdfsf2
 1302 129c FEFFFFEB 		bl	__fixsfsi
 1303 12a0 4B0E80E2 		add	r0, r0, #1200
 1304 12a4 08339FE5 		ldr	r3, .L197+180
 1305 12a8 0008A0E1 		mov	r0, r0, asl #16
 1306 12ac 2008A0E1 		mov	r0, r0, lsr #16
 1307 12b0 030050E1 		cmp	r0, r3
 1308 12b4 DC629FE5 		ldr	r6, .L197+152
 1309 12b8 F8329F95 		ldrls	r3, .L197+184
 1310 12bc B104009A 		bls	.L174
 1311 12c0 7D0E50E3 		cmp	r0, #2000
 1312 12c4 0030A031 		movcc	r3, r0
 1313 12c8 7D3EA023 		movcs	r3, #2000
 1314              	.L174:
 1315 12cc B630C6E1 		strh	r3, [r6, #6]	@ movhi 
 1316 12d0 B600D6E1 		ldrh	r0, [r6, #6]
 1317 12d4 FEFFFFEB 		bl	__floatsidf
 1318 12d8 8E2F8FE2 		adr	r2, .L197+24
 1319 12dc 0C0092E8 		ldmia	r2, {r2-r3}
 1320 12e0 FEFFFFEB 		bl	__muldf3
 1321 12e4 8D2F8FE2 		adr	r2, .L197+32
 1322 12e8 0C0092E8 		ldmia	r2, {r2-r3}
 1323 12ec FEFFFFEB 		bl	__muldf3
 1324 12f0 232E8FE2 		adr	r2, .L197+40
 1325 12f4 0C0092E8 		ldmia	r2, {r2-r3}
 1326 12f8 FEFFFFEB 		bl	__adddf3
 1327 12fc FEFFFFEB 		bl	__fixunsdfsi
 1328 1300 B4829FE5 		ldr	r8, .L197+188
 1329 1304 B600C8E1 		strh	r0, [r8, #6]	@ movhi 
 1330 1308 F000D7E1 		ldrsh	r0, [r7, #0]
 1331 130c FEFFFFEB 		bl	__floatsidf
 1332 1310 862F8FE2 		adr	r2, .L197+48
 1333 1314 0C0092E8 		ldmia	r2, {r2-r3}
 1334 1318 0150A0E1 		mov	r5, r1
 1335 131c 0040A0E1 		mov	r4, r0
 1336 1320 FEFFFFEB 		bl	__muldf3
 1337 1324 FEFFFFEB 		bl	__fixdfsi
 1338 1328 822F8FE2 		adr	r2, .L197+56
 1339 132c 0C0092E8 		ldmia	r2, {r2-r3}
 1340 1330 00C8A0E1 		mov	ip, r0, asl #16
 1341 1334 0510A0E1 		mov	r1, r5
 1342 1338 0400A0E1 		mov	r0, r4
 1343 133c 2C58A0E1 		mov	r5, ip, lsr #16
 1344 1340 FEFFFFEB 		bl	__muldf3
 1345 1344 FEFFFFEB 		bl	__fixdfsi
 1346 1348 B430D7E1 		ldrh	r3, [r7, #4]
 1347 134c 0008A0E1 		mov	r0, r0, asl #16
 1348 1350 0338A0E1 		mov	r3, r3, asl #16
 1349 1354 4008A0E1 		mov	r0, r0, asr #16
 1350 1358 430880E0 		add	r0, r0, r3, asr #16
 1351 135c FEFFFFEB 		bl	__floatsisf
 1352 1360 FEFFFFEB 		bl	__extendsfdf2
 1353 1364 752F8FE2 		adr	r2, .L197+64
 1354 1368 0C0092E8 		ldmia	r2, {r2-r3}
 1355 136c FEFFFFEB 		bl	__muldf3
 1356 1370 FEFFFFEB 		bl	__truncdfsf2
 1357 1374 FEFFFFEB 		bl	__fixsfsi
 1358 1378 5D0E80E2 		add	r0, r0, #1488
 1359 137c 0C0080E2 		add	r0, r0, #12
 1360 1380 0008A0E1 		mov	r0, r0, asl #16
 1361 1384 2008A0E1 		mov	r0, r0, lsr #16
 1362 1388 FA0F50E3 		cmp	r0, #1000
 1363 138c B240D7E1 		ldrh	r4, [r7, #2]
 1364 1390 FA2FA033 		movcc	r2, #1000	@ movhi
 1365 1394 E704003A 		bcc	.L176
 1366 1398 7D0E50E3 		cmp	r0, #2000
 1367 139c 0020A031 		movcc	r2, r0
 1368 13a0 7D2EA023 		movcs	r2, #2000
 1369              	.L176:
 1370 13a4 EC319FE5 		ldr	r3, .L197+152
 1371 13a8 B020C3E1 		strh	r2, [r3, #0]	@ movhi 
 1372 13ac B000D6E1 		ldrh	r0, [r6, #0]
 1373 13b0 FEFFFFEB 		bl	__floatsidf
 1374 13b4 572F8FE2 		adr	r2, .L197+24
 1375 13b8 0C0092E8 		ldmia	r2, {r2-r3}
 1376 13bc FEFFFFEB 		bl	__muldf3
 1377 13c0 562F8FE2 		adr	r2, .L197+32
 1378 13c4 0C0092E8 		ldmia	r2, {r2-r3}
 1379 13c8 FEFFFFEB 		bl	__muldf3
 1380 13cc 552F8FE2 		adr	r2, .L197+40
 1381 13d0 0C0092E8 		ldmia	r2, {r2-r3}
 1382 13d4 FEFFFFEB 		bl	__adddf3
 1383 13d8 FEFFFFEB 		bl	__fixunsdfsi
 1384 13dc 0538A0E1 		mov	r3, r5, asl #16
 1385 13e0 4338A0E1 		mov	r3, r3, asr #16
 1386 13e4 0428A0E1 		mov	r2, r4, asl #16
 1387 13e8 B000C8E1 		strh	r0, [r8, #0]	@ movhi 
 1388 13ec 420883E0 		add	r0, r3, r2, asr #16
 1389 13f0 FEFFFFEB 		bl	__floatsisf
 1390 13f4 FEFFFFEB 		bl	__extendsfdf2
 1391 13f8 052D8FE2 		adr	r2, .L197+64
 1392 13fc 0C0092E8 		ldmia	r2, {r2-r3}
 1393 1400 FEFFFFEB 		bl	__muldf3
 1394 1404 FEFFFFEB 		bl	__truncdfsf2
 1395 1408 FEFFFFEB 		bl	__fixsfsi
 1396 140c 5D0E80E2 		add	r0, r0, #1488
 1397 1410 0C0080E2 		add	r0, r0, #12
 1398 1414 0008A0E1 		mov	r0, r0, asl #16
 1399 1418 2008A0E1 		mov	r0, r0, lsr #16
 1400 141c FA0F50E3 		cmp	r0, #1000
 1401 1420 FA2FA033 		movcc	r2, #1000	@ movhi
 1402 1424 0B05003A 		bcc	.L178
 1403 1428 7D0E50E3 		cmp	r0, #2000
 1404 142c 0020A031 		movcc	r2, r0
 1405 1430 7D2EA023 		movcs	r2, #2000
 1406              	.L178:
 1407 1434 5C319FE5 		ldr	r3, .L197+152
 1408 1438 B220C3E1 		strh	r2, [r3, #2]	@ movhi 
 1409 143c B200D6E1 		ldrh	r0, [r6, #2]
 1410 1440 FEFFFFEB 		bl	__floatsidf
 1411 1444 CC208FE2 		adr	r2, .L197+24
 1412 1448 0C0092E8 		ldmia	r2, {r2-r3}
 1413 144c FEFFFFEB 		bl	__muldf3
 1414 1450 C8208FE2 		adr	r2, .L197+32
 1415 1454 0C0092E8 		ldmia	r2, {r2-r3}
 1416 1458 FEFFFFEB 		bl	__muldf3
 1417 145c C4208FE2 		adr	r2, .L197+40
 1418 1460 0C0092E8 		ldmia	r2, {r2-r3}
 1419 1464 FEFFFFEB 		bl	__adddf3
 1420 1468 FEFFFFEB 		bl	__fixunsdfsi
 1421 146c B200C8E1 		strh	r0, [r8, #2]	@ movhi 
 1422 1470 F600D7E1 		ldrsh	r0, [r7, #6]
 1423 1474 FEFFFFEB 		bl	__floatsisf
 1424 1478 FEFFFFEB 		bl	__extendsfdf2
 1425 147c E0208FE2 		adr	r2, .L197+100
 1426 1480 0C0092E8 		ldmia	r2, {r2-r3}
 1427 1484 FEFFFFEB 		bl	__muldf3
 1428 1488 FEFFFFEB 		bl	__truncdfsf2
 1429 148c FEFFFFEB 		bl	__fixsfsi
 1430 1490 060C80E2 		add	r0, r0, #1536
 1431 1494 0E0080E2 		add	r0, r0, #14
 1432 1498 0008A0E1 		mov	r0, r0, asl #16
 1433 149c 2008A0E1 		mov	r0, r0, lsr #16
 1434 14a0 4B0E50E3 		cmp	r0, #1200
 1435 14a4 4B2EA033 		movcc	r2, #1200	@ movhi
 1436 14a8 2D05003A 		bcc	.L180
 1437 14ac 0C319FE5 		ldr	r3, .L197+192
 1438 14b0 030050E1 		cmp	r0, r3
 1439 14b4 0020A031 		movcc	r2, r0
 1440 14b8 0320A021 		movcs	r2, r3
 1441              	.L180:
 1442 14bc D4309FE5 		ldr	r3, .L197+152
 1443 14c0 BA20C3E1 		strh	r2, [r3, #10]	@ movhi 
 1444 14c4 BA00D6E1 		ldrh	r0, [r6, #10]
 1445 14c8 FEFFFFEB 		bl	__floatsidf
 1446 14cc 44208FE2 		adr	r2, .L197+24
 1447 14d0 0C0092E8 		ldmia	r2, {r2-r3}
 1448 14d4 FEFFFFEB 		bl	__muldf3
 1449 14d8 40208FE2 		adr	r2, .L197+32
 1450 14dc 0C0092E8 		ldmia	r2, {r2-r3}
 1451 14e0 FEFFFFEB 		bl	__muldf3
 1452 14e4 3C208FE2 		adr	r2, .L197+40
 1453 14e8 0C0092E8 		ldmia	r2, {r2-r3}
 1454 14ec FEFFFFEB 		bl	__adddf3
 1455 14f0 FEFFFFEB 		bl	__fixunsdfsi
 1456 14f4 BA00C8E1 		strh	r0, [r8, #10]	@ movhi 
 1457 14f8 F06F9DE8 		ldmfd	sp, {r4, r5, r6, r7, r8, r9, sl, fp, sp, lr}
 1458 14fc 1EFF2FE1 		bx	lr
 1459              	.L198:
 1460              		.align	2
 1461              	.L197:
 1462 1500 CC4C923F 		.word	1066552524
 1463 1504 CDCCCCCC 		.word	-858993459
 1464 1508 5555B53F 		.word	1068848469
 1465 150c F34B5555 		.word	1431653363
 1466 1510 5555853F 		.word	1065702741
 1467 1514 65A05555 		.word	1431674981
 1468 1518 F7C6B03E 		.word	1051772663
 1469 151c 8DEDB5A0 		.word	-1598689907
 1470 1520 389C6C41 		.word	1097636920
 1471 1524 00000000 		.word	0
 1472 1528 0000E03F 		.word	1071644672
 1473 152c 00000000 		.word	0
 1474 1530 E17A743F 		.word	1064598241
 1475 1534 7B14AE47 		.word	1202590843
 1476 1538 00000080 		.word	-2147483648
 1477 153c 00000000 		.word	0
 1478 1540 AAAAAA3F 		.word	1068149418
 1479 1544 E797AAAA 		.word	-1431660569
 1480 1548 01000000 		.word	_10Hz.0
 1481 154c 02000000 		.word	_1Hz.1
 1482 1550 00000000 		.word	ppm_cpt
 1483 1554 00000000 		.word	last_ppm_cpt
 1484 1558 00000000 		.word	time_since_last_ppm
 1485 155c 00000000 		.word	rc_status
 1486 1560 00000000 		.word	fbw_mode
 1487 1564 AAAAA23F 		.word	1067625130
 1488 1568 E797AAAA 		.word	-1431660569
 1489 156c 00000000 		.word	time_since_last_ap
 1490 1570 00000000 		.word	ap_ok
 1491 1574 00000000 		.word	commands_failsafe
 1492 1578 00000000 		.word	commands
 1493 157c 00000000 		.word	telemetry_mode_Fbw
 1494 1580 03000000 		.word	i60.2
 1495 1584 04000000 		.word	i300.3
 1496 1588 00000000 		.word	ck_a
 1497 158c 00000000 		.word	ck_b
 1498 1590 00000000 		.word	fbw_vsupply_decivolt
 1499 1594 00000000 		.word	downlink_nb_ovrn
 1500 1598 00000000 		.word	actuators
 1501 159c 06000000 		.word	i30.4
 1502 15a0 07000000 		.word	i60.5
 1503 15a4 08000000 		.word	i300.6
 1504 15a8 00000000 		.word	ppm_pulses
 1505 15ac 00000000 		.word	rc_values
 1506 15b0 00000000 		.word	vsupply_adc_buf
 1507 15b4 4B040000 		.word	1099
 1508 15b8 4C040000 		.word	1100
 1509 15bc 00000000 		.word	servos_values
 1510 15c0 6C070000 		.word	1900
 1512              		.comm	fbw_mode,1,1
 1513              		.comm	fbw_vsupply_decivolt,1,1
 1514              		.comm	vsupply_adc_buf,68,4
 1515              		.bss
 1516 000a 0000     		.align	2
 1517              	last_periodic_event:
 1518 000c 00000000 		.space	4
 1519              		.ident	"GCC: (GNU) 3.4.4"
DEFINED SYMBOLS
                            *ABS*:00000000 main_fbw.c
     /tmp/cczEvBo4.s:6      .text:00000000 init_fbw
     /tmp/cczEvBo4.s:10     .text:00000000 $a
     /tmp/cczEvBo4.s:122    .text:000001ac $d
                            *COM*:00000044 vsupply_adc_buf
     /tmp/cczEvBo4.s:138    .bss:00000000 avg_cpt.7
     /tmp/cczEvBo4.s:147    .text:000001e4 event_task_fbw
     /tmp/cczEvBo4.s:151    .text:000001e4 $a
     /tmp/cczEvBo4.s:518    .text:00000750 $d
                            *COM*:00000001 fbw_mode
                            *COM*:00000001 fbw_vsupply_decivolt
     /tmp/cczEvBo4.s:555    .bss:00000001 _10Hz.0
     /tmp/cczEvBo4.s:557    .bss:00000002 _1Hz.1
     /tmp/cczEvBo4.s:559    .bss:00000003 i60.2
     /tmp/cczEvBo4.s:562    .bss:00000004 i300.3
     /tmp/cczEvBo4.s:564    .bss:00000006 i30.4
     /tmp/cczEvBo4.s:566    .bss:00000007 i60.5
     /tmp/cczEvBo4.s:569    .bss:00000008 i300.6
     /tmp/cczEvBo4.s:584    .text:000007dc periodic_task_fbw
     /tmp/cczEvBo4.s:588    .text:000007dc $a
     /tmp/cczEvBo4.s:1462   .text:00001500 $d
     /tmp/cczEvBo4.s:1517   .bss:0000000c last_periodic_event

UNDEFINED SYMBOLS
uart0_init_tx
uart1_init_tx
adc_init
adc_buf_channel
actuators_init
reset
TIMER0_ISR
cpu_time_sec
cpu_time_ticks
commands_failsafe
commands
fbw_state
ppm_valid
__floatsisf
__mulsf3
__fixsfsi
ppm_cpt
ppm_pulses
rc_status
time_since_last_ppm
rc_values
avg_rc_values
rc_values_contains_avg_channels
inter_mcu_received_ap
inter_mcu_received_fbw
time_since_last_ap
ap_ok
ap_state
last_ppm_cpt
__divsi3
__floatsidf
__muldf3
__fixunsdfsi
__extendsfdf2
__gtsf2
__truncdfsf2
__adddf3
__fixdfsi
uart0_check_free_space
uart0_transmit
telemetry_mode_Fbw
ck_a
ck_b
downlink_nb_ovrn
actuators
servos_values
