   1              		.file	"accel.c"
   2              		.text
   3              		.align	2
   4              		.global	accel_init
   6              	accel_init:
   7              		@ Function supports interworking.
   8              		@ args = 0, pretend = 0, frame = 0
   9              		@ frame_needed = 1, uses_anonymous_args = 0
  10 0000 0DC0A0E1 		mov	ip, sp
  11 0004 00D82DE9 		stmfd	sp!, {fp, ip, lr, pc}
  12 0008 0600A0E3 		mov	r0, #6
  13 000c 04B04CE2 		sub	fp, ip, #4
  14 0010 6C109FE5 		ldr	r1, .L2
  15 0014 1020A0E3 		mov	r2, #16
  16 0018 FEFFFFEB 		bl	adc_buf_channel
  17 001c 0500A0E3 		mov	r0, #5
  18 0020 60109FE5 		ldr	r1, .L2+4
  19 0024 1020A0E3 		mov	r2, #16
  20 0028 FEFFFFEB 		bl	adc_buf_channel
  21 002c 58109FE5 		ldr	r1, .L2+8
  22 0030 1020A0E3 		mov	r2, #16
  23 0034 0400A0E3 		mov	r0, #4
  24 0038 FEFFFFEB 		bl	adc_buf_channel
  25 003c 4C109FE5 		ldr	r1, .L2+12
  26 0040 4C309FE5 		ldr	r3, .L2+16
  27 0044 4C209FE5 		ldr	r2, .L2+20
  28 0048 001083E5 		str	r1, [r3, #0]	@ float
  29 004c 48309FE5 		ldr	r3, .L2+24
  30 0050 002083E5 		str	r2, [r3, #0]	@ float
  31 0054 44209FE5 		ldr	r2, .L2+28
  32 0058 44309FE5 		ldr	r3, .L2+32
  33 005c 002083E5 		str	r2, [r3, #0]	@ float
  34 0060 40309FE5 		ldr	r3, .L2+36
  35 0064 40209FE5 		ldr	r2, .L2+40
  36 0068 002083E5 		str	r2, [r3, #0]	@ float
  37 006c 3C309FE5 		ldr	r3, .L2+44
  38 0070 001083E5 		str	r1, [r3, #0]	@ float
  39 0074 38309FE5 		ldr	r3, .L2+48
  40 0078 001083E5 		str	r1, [r3, #0]	@ float
  41 007c 00689DE8 		ldmfd	sp, {fp, sp, lr}
  42 0080 1EFF2FE1 		bx	lr
  43              	.L3:
  44              		.align	2
  45              	.L2:
  46 0084 00000000 		.word	buf_accel_ax
  47 0088 44000000 		.word	buf_accel_ay
  48 008c 88000000 		.word	buf_accel_az
  49 0090 8FC2F53C 		.word	1022739087
  50 0094 00000000 		.word	accel_az_scale
  51 0098 0080A343 		.word	1134788608
  52 009c 00000000 		.word	accel_ax_neutral
  53 00a0 00C02644 		.word	1143390208
  54 00a4 00000000 		.word	accel_ay_neutral
  55 00a8 00000000 		.word	accel_az_neutral
  56 00ac 00802444 		.word	1143242752
  57 00b0 00000000 		.word	accel_ax_scale
  58 00b4 00000000 		.word	accel_ay_scale
  60              		.global	__divsi3
  61              		.global	__floatsisf
  62              		.global	__subsf3
  63              		.global	__fixsfsi
  64              		.global	__mulsf3
  65              		.align	2
  66              		.global	accel_update
  68              	accel_update:
  69              		@ Function supports interworking.
  70              		@ args = 0, pretend = 0, frame = 0
  71              		@ frame_needed = 1, uses_anonymous_args = 0
  72 00b8 0DC0A0E1 		mov	ip, sp
  73 00bc 30D82DE9 		stmfd	sp!, {r4, r5, fp, ip, lr, pc}
  74 00c0 F0309FE5 		ldr	r3, .L5
  75 00c4 04B04CE2 		sub	fp, ip, #4
  76 00c8 4310D3E5 		ldrb	r1, [r3, #67]	@ zero_extendqisi2
  77 00cc B000D3E1 		ldrh	r0, [r3, #0]
  78 00d0 FEFFFFEB 		bl	__divsi3
  79 00d4 FEFFFFEB 		bl	__floatsisf
  80 00d8 DC309FE5 		ldr	r3, .L5+4
  81 00dc 001093E5 		ldr	r1, [r3, #0]	@ float
  82 00e0 FEFFFFEB 		bl	__subsf3
  83 00e4 FEFFFFEB 		bl	__fixsfsi
  84 00e8 D0309FE5 		ldr	r3, .L5+8
  85 00ec B000C3E1 		strh	r0, [r3, #0]	@ movhi 
  86 00f0 F000D3E1 		ldrsh	r0, [r3, #0]
  87 00f4 FEFFFFEB 		bl	__floatsisf
  88 00f8 C4309FE5 		ldr	r3, .L5+12
  89 00fc 0010A0E1 		mov	r1, r0
  90 0100 000093E5 		ldr	r0, [r3, #0]	@ float
  91 0104 FEFFFFEB 		bl	__mulsf3
  92 0108 B8309FE5 		ldr	r3, .L5+16
  93 010c 0050A0E1 		mov	r5, r0
  94 0110 4310D3E5 		ldrb	r1, [r3, #67]	@ zero_extendqisi2
  95 0114 B000D3E1 		ldrh	r0, [r3, #0]
  96 0118 FEFFFFEB 		bl	__divsi3
  97 011c FEFFFFEB 		bl	__floatsisf
  98 0120 A4309FE5 		ldr	r3, .L5+20
  99 0124 001093E5 		ldr	r1, [r3, #0]	@ float
 100 0128 FEFFFFEB 		bl	__subsf3
 101 012c FEFFFFEB 		bl	__fixsfsi
 102 0130 98309FE5 		ldr	r3, .L5+24
 103 0134 B000C3E1 		strh	r0, [r3, #0]	@ movhi 
 104 0138 F000D3E1 		ldrsh	r0, [r3, #0]
 105 013c FEFFFFEB 		bl	__floatsisf
 106 0140 8C309FE5 		ldr	r3, .L5+28
 107 0144 0010A0E1 		mov	r1, r0
 108 0148 000093E5 		ldr	r0, [r3, #0]	@ float
 109 014c FEFFFFEB 		bl	__mulsf3
 110 0150 80309FE5 		ldr	r3, .L5+32
 111 0154 0040A0E1 		mov	r4, r0
 112 0158 4310D3E5 		ldrb	r1, [r3, #67]	@ zero_extendqisi2
 113 015c B000D3E1 		ldrh	r0, [r3, #0]
 114 0160 FEFFFFEB 		bl	__divsi3
 115 0164 FEFFFFEB 		bl	__floatsisf
 116 0168 6C309FE5 		ldr	r3, .L5+36
 117 016c 001093E5 		ldr	r1, [r3, #0]	@ float
 118 0170 FEFFFFEB 		bl	__subsf3
 119 0174 FEFFFFEB 		bl	__fixsfsi
 120 0178 60309FE5 		ldr	r3, .L5+40
 121 017c B000C3E1 		strh	r0, [r3, #0]	@ movhi 
 122 0180 F000D3E1 		ldrsh	r0, [r3, #0]
 123 0184 FEFFFFEB 		bl	__floatsisf
 124 0188 54309FE5 		ldr	r3, .L5+44
 125 018c 0010A0E1 		mov	r1, r0
 126 0190 000093E5 		ldr	r0, [r3, #0]	@ float
 127 0194 FEFFFFEB 		bl	__mulsf3
 128 0198 48309FE5 		ldr	r3, .L5+48
 129 019c 005083E5 		str	r5, [r3, #0]	@ float
 130 01a0 44309FE5 		ldr	r3, .L5+52
 131 01a4 004083E5 		str	r4, [r3, #0]	@ float
 132 01a8 40309FE5 		ldr	r3, .L5+56
 133 01ac 000083E5 		str	r0, [r3, #0]	@ float
 134 01b0 30689DE8 		ldmfd	sp, {r4, r5, fp, sp, lr}
 135 01b4 1EFF2FE1 		bx	lr
 136              	.L6:
 137              		.align	2
 138              	.L5:
 139 01b8 00000000 		.word	buf_accel_ax
 140 01bc 00000000 		.word	accel_ax_neutral
 141 01c0 00000000 		.word	accel_ax_adc
 142 01c4 00000000 		.word	accel_ax_scale
 143 01c8 44000000 		.word	buf_accel_ay
 144 01cc 00000000 		.word	accel_ay_neutral
 145 01d0 00000000 		.word	accel_ay_adc
 146 01d4 00000000 		.word	accel_ay_scale
 147 01d8 88000000 		.word	buf_accel_az
 148 01dc 00000000 		.word	accel_az_neutral
 149 01e0 00000000 		.word	accel_az_adc
 150 01e4 00000000 		.word	accel_az_scale
 151 01e8 00000000 		.word	estimator_ax
 152 01ec 00000000 		.word	estimator_ay
 153 01f0 00000000 		.word	estimator_az
 155              		.comm	accel_ax,4,4
 156              		.comm	accel_ay,4,4
 157              		.comm	accel_az,4,4
 158              		.comm	accel_ax_adc,2,2
 159              		.comm	accel_ay_adc,2,2
 160              		.comm	accel_az_adc,2,2
 161              		.comm	accel_ax_scale,4,4
 162              		.comm	accel_ay_scale,4,4
 163              		.comm	accel_az_scale,4,4
 164              		.comm	accel_ax_neutral,4,4
 165              		.comm	accel_ay_neutral,4,4
 166              		.comm	accel_az_neutral,4,4
 167              		.bss
 168              		.align	2
 169              	buf_accel_ax:
 170 0000 00000000 		.space	68
 170      00000000 
 170      00000000 
 170      00000000 
 170      00000000 
 171              		.align	2
 172              	buf_accel_ay:
 173 0044 00000000 		.space	68
 173      00000000 
 173      00000000 
 173      00000000 
 173      00000000 
 174              		.align	2
 175              	buf_accel_az:
 176 0088 00000000 		.space	68
 176      00000000 
 176      00000000 
 176      00000000 
 176      00000000 
 177              		.ident	"GCC: (GNU) 3.4.4"
DEFINED SYMBOLS
                            *ABS*:00000000 accel.c
     /tmp/ccMwaqke.s:6      .text:00000000 accel_init
     /tmp/ccMwaqke.s:10     .text:00000000 $a
     /tmp/ccMwaqke.s:46     .text:00000084 $d
     /tmp/ccMwaqke.s:169    .bss:00000000 buf_accel_ax
     /tmp/ccMwaqke.s:172    .bss:00000044 buf_accel_ay
     /tmp/ccMwaqke.s:175    .bss:00000088 buf_accel_az
                            *COM*:00000004 accel_az_scale
                            *COM*:00000004 accel_ax_neutral
                            *COM*:00000004 accel_ay_neutral
                            *COM*:00000004 accel_az_neutral
                            *COM*:00000004 accel_ax_scale
                            *COM*:00000004 accel_ay_scale
     /tmp/ccMwaqke.s:68     .text:000000b8 accel_update
     /tmp/ccMwaqke.s:72     .text:000000b8 $a
     /tmp/ccMwaqke.s:139    .text:000001b8 $d
                            *COM*:00000002 accel_ax_adc
                            *COM*:00000002 accel_ay_adc
                            *COM*:00000002 accel_az_adc
                            *COM*:00000004 accel_ax
                            *COM*:00000004 accel_ay
                            *COM*:00000004 accel_az

UNDEFINED SYMBOLS
adc_buf_channel
__divsi3
__floatsisf
__subsf3
__fixsfsi
__mulsf3
estimator_ax
estimator_ay
estimator_az
