   1              		.file	"fw_h_ctl.c"
   2              		.text
   3              		.align	2
   4              		.global	h_ctl_init
   6              	h_ctl_init:
   7              		@ Function supports interworking.
   8              		@ args = 0, pretend = 0, frame = 0
   9              		@ frame_needed = 0, uses_anonymous_args = 0
  10 0000 7C319FE5 		ldr	r3, .L2
  11 0004 3F24A0E3 		mov	r2, #1056964608
  12 0008 70402DE9 		stmfd	sp!, {r4, r5, r6, lr}
  13 000c 002083E5 		str	r2, [r3, #0]	@ float
  14 0010 70219FE5 		ldr	r2, .L2+4
  15 0014 70319FE5 		ldr	r3, .L2+8
  16 0018 002083E5 		str	r2, [r3, #0]	@ float
  17 001c 6C219FE5 		ldr	r2, .L2+12
  18 0020 6C319FE5 		ldr	r3, .L2+16
  19 0024 002083E5 		str	r2, [r3, #0]	@ float
  20 0028 68219FE5 		ldr	r2, .L2+20
  21 002c 68319FE5 		ldr	r3, .L2+24
  22 0030 002083E5 		str	r2, [r3, #0]	@ float
  23 0034 64219FE5 		ldr	r2, .L2+28
  24 0038 64319FE5 		ldr	r3, .L2+32
  25 003c 002083E5 		str	r2, [r3, #0]	@ float
  26 0040 60219FE5 		ldr	r2, .L2+36
  27 0044 60319FE5 		ldr	r3, .L2+40
  28 0048 60519FE5 		ldr	r5, .L2+44
  29 004c 002083E5 		str	r2, [r3, #0]	@ float
  30 0050 5C319FE5 		ldr	r3, .L2+48
  31 0054 005083E5 		str	r5, [r3, #0]	@ float
  32 0058 58319FE5 		ldr	r3, .L2+52
  33 005c 0000A0E3 		mov	r0, #0
  34 0060 54C19FE5 		ldr	ip, .L2+56
  35 0064 B000C3E1 		strh	r0, [r3, #0]	@ movhi 
  36 0068 50319FE5 		ldr	r3, .L2+60
  37 006c 00C083E5 		str	ip, [r3, #0]	@ float
  38 0070 4C319FE5 		ldr	r3, .L2+64
  39 0074 0010A0E3 		mov	r1, #0
  40 0078 001083E5 		str	r1, [r3, #0]	@ float
  41 007c 44319FE5 		ldr	r3, .L2+68
  42 0080 001083E5 		str	r1, [r3, #0]	@ float
  43 0084 40319FE5 		ldr	r3, .L2+72
  44 0088 FEE5A0E3 		mov	lr, #1065353216
  45 008c 00E083E5 		str	lr, [r3, #0]	@ float
  46 0090 38319FE5 		ldr	r3, .L2+76
  47 0094 0000C3E5 		strb	r0, [r3, #0]
  48 0098 34319FE5 		ldr	r3, .L2+80
  49 009c 001083E5 		str	r1, [r3, #0]	@ float
  50 00a0 30319FE5 		ldr	r3, .L2+84
  51 00a4 B000C3E1 		strh	r0, [r3, #0]	@ movhi 
  52 00a8 2C319FE5 		ldr	r3, .L2+88
  53 00ac 001083E5 		str	r1, [r3, #0]	@ float
  54 00b0 28319FE5 		ldr	r3, .L2+92
  55 00b4 001083E5 		str	r1, [r3, #0]	@ float
  56 00b8 24319FE5 		ldr	r3, .L2+96
  57 00bc 005083E5 		str	r5, [r3, #0]	@ float
  58 00c0 20319FE5 		ldr	r3, .L2+100
  59 00c4 001083E5 		str	r1, [r3, #0]	@ float
  60 00c8 1C319FE5 		ldr	r3, .L2+104
  61 00cc B000C3E1 		strh	r0, [r3, #0]	@ movhi 
  62 00d0 18319FE5 		ldr	r3, .L2+108
  63 00d4 001083E5 		str	r1, [r3, #0]	@ float
  64 00d8 14319FE5 		ldr	r3, .L2+112
  65 00dc 001083E5 		str	r1, [r3, #0]	@ float
  66 00e0 10319FE5 		ldr	r3, .L2+116
  67 00e4 00E083E5 		str	lr, [r3, #0]	@ float
  68 00e8 0C319FE5 		ldr	r3, .L2+120
  69 00ec FD45A0E3 		mov	r4, #1061158912
  70 00f0 004083E5 		str	r4, [r3, #0]	@ float
  71 00f4 04319FE5 		ldr	r3, .L2+124
  72 00f8 001083E5 		str	r1, [r3, #0]	@ float
  73 00fc 00319FE5 		ldr	r3, .L2+128
  74 0100 001083E5 		str	r1, [r3, #0]	@ float
  75 0104 FC309FE5 		ldr	r3, .L2+132
  76 0108 00C083E5 		str	ip, [r3, #0]	@ float
  77 010c F8309FE5 		ldr	r3, .L2+136
  78 0110 00C083E5 		str	ip, [r3, #0]	@ float
  79 0114 F4309FE5 		ldr	r3, .L2+140
  80 0118 00E083E5 		str	lr, [r3, #0]	@ float
  81 011c F0309FE5 		ldr	r3, .L2+144
  82 0120 004083E5 		str	r4, [r3, #0]	@ float
  83 0124 EC309FE5 		ldr	r3, .L2+148
  84 0128 001083E5 		str	r1, [r3, #0]	@ float
  85 012c E8309FE5 		ldr	r3, .L2+152
  86 0130 001083E5 		str	r1, [r3, #0]	@ float
  87 0134 E4309FE5 		ldr	r3, .L2+156
  88 0138 00C083E5 		str	ip, [r3, #0]	@ float
  89 013c E0309FE5 		ldr	r3, .L2+160
  90 0140 00E083E5 		str	lr, [r3, #0]	@ float
  91 0144 DC309FE5 		ldr	r3, .L2+164
  92 0148 004083E5 		str	r4, [r3, #0]	@ float
  93 014c D8309FE5 		ldr	r3, .L2+168
  94 0150 D8609FE5 		ldr	r6, .L2+172
  95 0154 001083E5 		str	r1, [r3, #0]	@ float
  96 0158 D4309FE5 		ldr	r3, .L2+176
  97 015c 006083E5 		str	r6, [r3, #0]	@ float
  98 0160 D0309FE5 		ldr	r3, .L2+180
  99 0164 0120A0E3 		mov	r2, #1
 100 0168 0020C3E5 		strb	r2, [r3, #0]
 101 016c C8309FE5 		ldr	r3, .L2+184
 102 0170 001083E5 		str	r1, [r3, #0]	@ float
 103 0174 C4309FE5 		ldr	r3, .L2+188
 104 0178 006083E5 		str	r6, [r3, #0]	@ float
 105 017c 7040BDE8 		ldmfd	sp!, {r4, r5, r6, lr}
 106 0180 1EFF2FE1 		bx	lr
 107              	.L3:
 108              		.align	2
 109              	.L2:
 110 0184 00000000 		.word	h_ctl_course_pgain
 111 0188 C2B8323E 		.word	1043511490
 112 018c 00000000 		.word	h_ctl_roll_max_setpoint
 113 0190 920A063F 		.word	1057360530
 114 0194 00000000 		.word	h_ctl_pitch_max_setpoint
 115 0198 C2B832BE 		.word	-1103972158
 116 019c 00000000 		.word	h_ctl_pitch_min_setpoint
 117 01a0 C2B8B23E 		.word	1051900098
 118 01a4 00000000 		.word	h_ctl_yaw_max_setpoint
 119 01a8 00803BC6 		.word	-969179136
 120 01ac 00000000 		.word	h_ctl_roll_pgain
 121 01b0 00B83A46 		.word	1178253312
 122 01b4 00000000 		.word	h_ctl_yaw_pgain
 123 01b8 00000000 		.word	h_ctl_rudder_setpoint
 124 01bc 00409C46 		.word	1184645120
 125 01c0 00000000 		.word	h_ctl_lo_throttle_pitch_rate_pgain
 126 01c4 00000000 		.word	h_ctl_course_setpoint
 127 01c8 00000000 		.word	h_ctl_course_pre_bank
 128 01cc 00000000 		.word	h_ctl_course_pre_bank_correction
 129 01d0 00000000 		.word	h_ctl_disabled
 130 01d4 00000000 		.word	h_ctl_roll_setpoint
 131 01d8 00000000 		.word	h_ctl_aileron_setpoint
 132 01dc 00000000 		.word	h_ctl_aileron_of_throttle
 133 01e0 00000000 		.word	h_ctl_pitch_setpoint
 134 01e4 00000000 		.word	h_ctl_pitch_pgain
 135 01e8 00000000 		.word	h_ctl_pitch_dgain
 136 01ec 00000000 		.word	h_ctl_elevator_setpoint
 137 01f0 00000000 		.word	h_ctl_elevator_of_roll
 138 01f4 00000000 		.word	h_ctl_yaw_setpoint
 139 01f8 00000000 		.word	h_ctl_roll_rate_mode
 140 01fc 00000000 		.word	h_ctl_roll_rate_setpoint_pgain
 141 0200 00000000 		.word	h_ctl_roll_rate_igain
 142 0204 00000000 		.word	h_ctl_roll_rate_dgain
 143 0208 00000000 		.word	h_ctl_hi_throttle_roll_rate_pgain
 144 020c 00000000 		.word	h_ctl_lo_throttle_roll_rate_pgain
 145 0210 00000000 		.word	h_ctl_pitch_rate_mode
 146 0214 00000000 		.word	h_ctl_pitch_rate_setpoint_pgain
 147 0218 00000000 		.word	h_ctl_pitch_rate_igain
 148 021c 00000000 		.word	h_ctl_pitch_rate_dgain
 149 0220 00000000 		.word	h_ctl_hi_throttle_pitch_rate_pgain
 150 0224 00000000 		.word	h_ctl_yaw_rate_mode
 151 0228 00000000 		.word	h_ctl_yaw_rate_setpoint_pgain
 152 022c 00000000 		.word	h_ctl_yaw_rate_dgain
 153 0230 00401C46 		.word	1176256512
 154 0234 00000000 		.word	h_ctl_lo_throttle_yaw_rate_pgain
 155 0238 00000000 		.word	h_ctl_attitude_enabled
 156 023c 00000000 		.word	h_ctl_yaw_rate_igain
 157 0240 00000000 		.word	h_ctl_hi_throttle_yaw_rate_pgain
 159              		.global	__subsf3
 160              		.global	__extendsfdf2
 161              		.global	__gtdf2
 162              		.global	__subdf3
 163              		.global	__truncdfsf2
 164              		.global	__ltdf2
 165              		.global	__adddf3
 166              		.global	__divsf3
 167              		.global	__gtsf2
 168              		.global	__mulsf3
 169              		.global	__ltsf2
 170              		.global	__muldf3
 171              		.align	2
 172              		.global	h_ctl_course_loop
 174              	h_ctl_course_loop:
 175              		@ Function supports interworking.
 176              		@ args = 0, pretend = 0, frame = 0
 177              		@ frame_needed = 1, uses_anonymous_args = 0
 178 0244 0DC0A0E1 		mov	ip, sp
 179 0248 F0D92DE9 		stmfd	sp!, {r4, r5, r6, r7, r8, fp, ip, lr, pc}
 180 024c 68329FE5 		ldr	r3, .L34+40
 181 0250 000093E5 		ldr	r0, [r3, #0]	@ float
 182 0254 64329FE5 		ldr	r3, .L34+44
 183 0258 04B04CE2 		sub	fp, ip, #4
 184 025c 001093E5 		ldr	r1, [r3, #0]	@ float
 185 0260 FEFFFFEB 		bl	__subsf3
 186 0264 9A0000EA 		b	.L31
 187              	.L8:
 188 0268 FEFFFFEB 		bl	__subdf3
 189 026c FEFFFFEB 		bl	__truncdfsf2
 190              	.L31:
 191 0270 0060A0E1 		mov	r6, r0
 192 0274 FEFFFFEB 		bl	__extendsfdf2
 193 0278 852F8FE2 		adr	r2, .L34
 194 027c 0C0092E8 		ldmia	r2, {r2-r3}
 195 0280 0150A0E1 		mov	r5, r1
 196 0284 0040A0E1 		mov	r4, r0
 197 0288 FEFFFFEB 		bl	__gtdf2
 198 028c 000050E3 		cmp	r0, #0
 199 0290 812F8FE2 		adr	r2, .L34+8
 200 0294 0C0092E8 		ldmia	r2, {r2-r3}
 201 0298 0510A0E1 		mov	r1, r5
 202 029c 0400A0E1 		mov	r0, r4
 203 02a0 980000CA 		bgt	.L8
 204 02a4 AB0000EA 		b	.L9
 205              	.L12:
 206 02a8 FEFFFFEB 		bl	__adddf3
 207 02ac FEFFFFEB 		bl	__truncdfsf2
 208 02b0 0060A0E1 		mov	r6, r0
 209              	.L9:
 210 02b4 0600A0E1 		mov	r0, r6
 211 02b8 FEFFFFEB 		bl	__extendsfdf2
 212 02bc 1E2E8FE2 		adr	r2, .L34+16
 213 02c0 0C0092E8 		ldmia	r2, {r2-r3}
 214 02c4 0150A0E1 		mov	r5, r1
 215 02c8 0040A0E1 		mov	r4, r0
 216 02cc FEFFFFEB 		bl	__ltdf2
 217 02d0 000050E3 		cmp	r0, #0
 218 02d4 072D8FE2 		adr	r2, .L34+8
 219 02d8 0C0092E8 		ldmia	r2, {r2-r3}
 220 02dc 0510A0E1 		mov	r1, r5
 221 02e0 0400A0E1 		mov	r0, r4
 222 02e4 A80000BA 		blt	.L12
 223 02e8 D4319FE5 		ldr	r3, .L34+48
 224 02ec D4119FE5 		ldr	r1, .L34+52
 225 02f0 000093E5 		ldr	r0, [r3, #0]	@ float
 226 02f4 FEFFFFEB 		bl	__divsf3
 227 02f8 FF15A0E3 		mov	r1, #1069547520
 228 02fc 0070A0E1 		mov	r7, r0
 229 0300 FEFFFFEB 		bl	__gtsf2
 230 0304 000050E3 		cmp	r0, #0
 231 0308 FF75A0C3 		movgt	r7, #1069547520
 232 030c CA0000CA 		bgt	.L15
 233 0310 0700A0E1 		mov	r0, r7
 234 0314 FEFFFFEB 		bl	__extendsfdf2
 235 0318 632F8FE2 		adr	r2, .L34+24
 236 031c 0C0092E8 		ldmia	r2, {r2-r3}
 237 0320 FEFFFFEB 		bl	__ltdf2
 238 0324 A0319FE5 		ldr	r3, .L34+56
 239 0328 000050E3 		cmp	r0, #0
 240 032c 0370A0B1 		movlt	r7, r3
 241              	.L15:
 242 0330 98319FE5 		ldr	r3, .L34+60
 243 0334 0610A0E1 		mov	r1, r6
 244 0338 000093E5 		ldr	r0, [r3, #0]	@ float
 245 033c FEFFFFEB 		bl	__mulsf3
 246 0340 8C319FE5 		ldr	r3, .L34+64
 247 0344 0030D3E5 		ldrb	r3, [r3, #0]	@ zero_extendqisi2
 248 0348 010053E3 		cmp	r3, #1
 249 034c 0050A0E1 		mov	r5, r0
 250 0350 ED00001A 		bne	.L18
 251 0354 7C319FE5 		ldr	r3, .L34+68
 252 0358 000093E5 		ldr	r0, [r3, #0]	@ float
 253 035c 78319FE5 		ldr	r3, .L34+72
 254 0360 001093E5 		ldr	r1, [r3, #0]	@ float
 255 0364 FEFFFFEB 		bl	__subsf3
 256 0368 0040A0E1 		mov	r4, r0
 257 036c 0500A0E1 		mov	r0, r5
 258 0370 FEFFFFEB 		bl	__extendsfdf2
 259 0374 0160A0E1 		mov	r6, r1
 260 0378 0050A0E1 		mov	r5, r0
 261 037c 0400A0E1 		mov	r0, r4
 262 0380 0010A0E3 		mov	r1, #0
 263 0384 FEFFFFEB 		bl	__ltsf2
 264 0388 000050E3 		cmp	r0, #0
 265 038c E90000AA 		bge	.L19
 266 0390 0610A0E1 		mov	r1, r6
 267 0394 0500A0E1 		mov	r0, r5
 268 0398 452F8FE2 		adr	r2, .L34+32
 269 039c 0C0092E8 		ldmia	r2, {r2-r3}
 270 03a0 FEFFFFEB 		bl	__muldf3
 271 03a4 0160A0E1 		mov	r6, r1
 272 03a8 0050A0E1 		mov	r5, r0
 273              	.L19:
 274 03ac 0610A0E1 		mov	r1, r6
 275 03b0 0500A0E1 		mov	r0, r5
 276 03b4 FEFFFFEB 		bl	__truncdfsf2
 277 03b8 0050A0E1 		mov	r5, r0
 278              	.L18:
 279 03bc 1C319FE5 		ldr	r3, .L34+76
 280 03c0 1C819FE5 		ldr	r8, .L34+80
 281 03c4 006093E5 		ldr	r6, [r3, #0]	@ float
 282 03c8 0710A0E1 		mov	r1, r7
 283 03cc 0600A0E1 		mov	r0, r6
 284 03d0 005088E5 		str	r5, [r8, #0]	@ float
 285 03d4 FEFFFFEB 		bl	__mulsf3
 286 03d8 0040A0E1 		mov	r4, r0
 287 03dc 0410A0E1 		mov	r1, r4
 288 03e0 0500A0E1 		mov	r0, r5
 289 03e4 FEFFFFEB 		bl	__gtsf2
 290 03e8 000050E3 		cmp	r0, #0
 291 03ec 030100CA 		bgt	.L32
 292 03f0 0710A0E1 		mov	r1, r7
 293 03f4 020126E2 		eor	r0, r6, #-2147483648
 294 03f8 FEFFFFEB 		bl	__mulsf3
 295 03fc 0040A0E1 		mov	r4, r0
 296 0400 0410A0E1 		mov	r1, r4
 297 0404 0500A0E1 		mov	r0, r5
 298 0408 FEFFFFEB 		bl	__ltsf2
 299 040c 000050E3 		cmp	r0, #0
 300 0410 040100AA 		bge	.L23
 301              	.L32:
 302 0414 004088E5 		str	r4, [r8, #0]	@ float
 303              	.L23:
 304 0418 C8309FE5 		ldr	r3, .L34+84
 305 041c 000093E5 		ldr	r0, [r3, #0]	@ float
 306 0420 C4309FE5 		ldr	r3, .L34+88
 307 0424 001093E5 		ldr	r1, [r3, #0]	@ float
 308 0428 FEFFFFEB 		bl	__mulsf3
 309 042c BC309FE5 		ldr	r3, .L34+92
 310 0430 BC809FE5 		ldr	r8, .L34+96
 311 0434 006093E5 		ldr	r6, [r3, #0]	@ float
 312 0438 0050A0E1 		mov	r5, r0
 313 043c 0710A0E1 		mov	r1, r7
 314 0440 0600A0E1 		mov	r0, r6
 315 0444 005088E5 		str	r5, [r8, #0]	@ float
 316 0448 FEFFFFEB 		bl	__mulsf3
 317 044c 0040A0E1 		mov	r4, r0
 318 0450 0410A0E1 		mov	r1, r4
 319 0454 0500A0E1 		mov	r0, r5
 320 0458 FEFFFFEB 		bl	__gtsf2
 321 045c 000050E3 		cmp	r0, #0
 322 0460 200100CA 		bgt	.L33
 323 0464 0710A0E1 		mov	r1, r7
 324 0468 020126E2 		eor	r0, r6, #-2147483648
 325 046c FEFFFFEB 		bl	__mulsf3
 326 0470 0040A0E1 		mov	r4, r0
 327 0474 0410A0E1 		mov	r1, r4
 328 0478 0500A0E1 		mov	r0, r5
 329 047c FEFFFFEB 		bl	__ltsf2
 330 0480 000050E3 		cmp	r0, #0
 331 0484 210100AA 		bge	.L4
 332              	.L33:
 333 0488 004088E5 		str	r4, [r8, #0]	@ float
 334              	.L4:
 335 048c F0699DE8 		ldmfd	sp, {r4, r5, r6, r7, r8, fp, sp, lr}
 336 0490 1EFF2FE1 		bx	lr
 337              	.L35:
 338              		.align	2
 339              	.L34:
 340 0494 FB210940 		.word	1074340347
 341 0498 182D4454 		.word	1413754136
 342 049c FB211940 		.word	1075388923
 343 04a0 182D4454 		.word	1413754136
 344 04a4 FB2109C0 		.word	-1073143301
 345 04a8 182D4454 		.word	1413754136
 346 04ac B81EE53F 		.word	1071980216
 347 04b0 1F85EB51 		.word	1374389535
 348 04b4 9999E93F 		.word	1072273817
 349 04b8 9A999999 		.word	-1717986918
 350 04bc 00000000 		.word	estimator_hspeed_dir
 351 04c0 00000000 		.word	h_ctl_course_setpoint
 352 04c4 00000000 		.word	estimator_hspeed_mod
 353 04c8 0000E040 		.word	1088421888
 354 04cc C3F5283F 		.word	1059648963
 355 04d0 00000000 		.word	h_ctl_course_pgain
 356 04d4 00000000 		.word	v_ctl_auto_throttle_submode
 357 04d8 00000000 		.word	estimator_z
 358 04dc 00000000 		.word	v_ctl_altitude_setpoint
 359 04e0 00000000 		.word	h_ctl_yaw_max_setpoint
 360 04e4 00000000 		.word	h_ctl_yaw_setpoint
 361 04e8 00000000 		.word	h_ctl_course_pre_bank_correction
 362 04ec 00000000 		.word	h_ctl_course_pre_bank
 363 04f0 00000000 		.word	h_ctl_roll_max_setpoint
 364 04f4 00000000 		.word	h_ctl_roll_setpoint
 366              		.global	__floatsisf
 367              		.global	__addsf3
 368              		.global	__divdf3
 369              		.global	__fixsfsi
 370              		.bss
 371              		.align	2
 372              	roll_rate_sum_err.0:
 373 0000 00000000 		.space	4
 374              	roll_rate_sum_idx.1:
 375 0004 00       		.space	1
 376 0005 000000   		.align	2
 377              	roll_rate_sum_values.2:
 378 0008 00000000 		.space	64
 378      00000000 
 378      00000000 
 378      00000000 
 378      00000000 
 379              		.align	2
 380              	last_err.3:
 381 0048 00000000 		.space	4
 382              		.align	2
 383              	last_err.4:
 384 004c 00000000 		.space	4
 385              		.align	2
 386              	last_err.5:
 387 0050 00000000 		.space	4
 388              		.text
 389              		.align	2
 390              		.global	h_ctl_attitude_loop
 392              	h_ctl_attitude_loop:
 393              		@ Function supports interworking.
 394              		@ args = 0, pretend = 0, frame = 4
 395              		@ frame_needed = 1, uses_anonymous_args = 0
 396 04f8 0DC0A0E1 		mov	ip, sp
 397 04fc F0DF2DE9 		stmfd	sp!, {r4, r5, r6, r7, r8, r9, sl, fp, ip, lr, pc}
 398 0500 94349FE5 		ldr	r3, .L112+16
 399 0504 04B04CE2 		sub	fp, ip, #4
 400 0508 04D04DE2 		sub	sp, sp, #4
 401 050c 0030D3E5 		ldrb	r3, [r3, #0]	@ zero_extendqisi2
 402 0510 000053E3 		cmp	r3, #0
 403 0514 6B03001A 		bne	.L36
 404 0518 00259FE5 		ldr	r2, .L112+148
 405 051c F000D2E1 		ldrsh	r0, [r2, #0]
 406 0520 FEFFFFEB 		bl	__floatsisf
 407 0524 08159FE5 		ldr	r1, .L112+168
 408 0528 FEFFFFEB 		bl	__divsf3
 409 052c 6C349FE5 		ldr	r3, .L112+20
 410 0530 001093E5 		ldr	r1, [r3, #0]	@ float
 411 0534 0040A0E1 		mov	r4, r0
 412 0538 FEFFFFEB 		bl	__mulsf3
 413 053c 0410A0E1 		mov	r1, r4
 414 0540 0050A0E1 		mov	r5, r0
 415 0544 FE05A0E3 		mov	r0, #1065353216
 416 0548 FEFFFFEB 		bl	__subsf3
 417 054c 50249FE5 		ldr	r2, .L112+24
 418 0550 001092E5 		ldr	r1, [r2, #0]	@ float
 419 0554 FEFFFFEB 		bl	__mulsf3
 420 0558 0010A0E1 		mov	r1, r0
 421 055c 0500A0E1 		mov	r0, r5
 422 0560 FEFFFFEB 		bl	__addsf3
 423 0564 3C249FE5 		ldr	r2, .L112+28
 424 0568 0030D2E5 		ldrb	r3, [r2, #0]	@ zero_extendqisi2
 425 056c 000053E3 		cmp	r3, #0
 426 0570 0040A0E1 		mov	r4, r0
 427 0574 30049FE5 		ldr	r0, .L112+32
 428 0578 6601000A 		beq	.L38
 429 057c 2C349FE5 		ldr	r3, .L112+36
 430 0580 000090E5 		ldr	r0, [r0, #0]	@ float
 431 0584 001093E5 		ldr	r1, [r3, #0]	@ float
 432 0588 FEFFFFEB 		bl	__subsf3
 433 058c 0050A0E1 		mov	r5, r0
 434 0590 0510A0E1 		mov	r1, r5
 435 0594 0400A0E1 		mov	r0, r4
 436 0598 FEFFFFEB 		bl	__mulsf3
 437 059c 700100EA 		b	.L106
 438              	.L38:
 439 05a0 005090E5 		ldr	r5, [r0, #0]	@ float
 440 05a4 0500A0E1 		mov	r0, r5
 441 05a8 FEFFFFEB 		bl	__extendsfdf2
 442 05ac F62F8FE2 		adr	r2, .L112
 443 05b0 0C0092E8 		ldmia	r2, {r2-r3}
 444 05b4 FEFFFFEB 		bl	__divdf3
 445 05b8 F52F8FE2 		adr	r2, .L112+8
 446 05bc 0C0092E8 		ldmia	r2, {r2-r3}
 447 05c0 FEFFFFEB 		bl	__muldf3
 448 05c4 FEFFFFEB 		bl	__truncdfsf2
 449              	.L106:
 450 05c8 5C149FE5 		ldr	r1, .L112+160
 451 05cc 0040A0E1 		mov	r4, r0
 452 05d0 FEFFFFEB 		bl	__ltsf2
 453 05d4 000050E3 		cmp	r0, #0
 454 05d8 50349FB5 		ldrlt	r3, .L112+164
 455 05dc D0939FE5 		ldr	r9, .L112+40
 456 05e0 0300A0B1 		movlt	r0, r3	@ movhi
 457 05e4 7F0100BA 		blt	.L41
 458 05e8 0400A0E1 		mov	r0, r4
 459 05ec 40149FE5 		ldr	r1, .L112+168
 460 05f0 FEFFFFEB 		bl	__gtsf2
 461 05f4 000050E3 		cmp	r0, #0
 462 05f8 960DA0C3 		movgt	r0, #9600	@ movhi
 463 05fc 0400A0D1 		movle	r0, r4
 464 0600 FEFFFFDB 		blle	__fixsfsi
 465              	.L41:
 466 0604 9C239FE5 		ldr	r2, .L112+28
 467 0608 0030D2E5 		ldrb	r3, [r2, #0]	@ zero_extendqisi2
 468 060c 000053E3 		cmp	r3, #0
 469 0610 B000C9E1 		strh	r0, [r9, #0]	@ movhi 
 470 0614 9C739FE5 		ldr	r7, .L112+44
 471 0618 9C639FE5 		ldr	r6, .L112+48
 472 061c 8A01000A 		beq	.L46
 473 0620 000096E5 		ldr	r0, [r6, #0]	@ float
 474 0624 0510A0E1 		mov	r1, r5
 475 0628 FEFFFFEB 		bl	__mulsf3
 476 062c 9A0100EA 		b	.L107
 477              	.L46:
 478 0630 74339FE5 		ldr	r3, .L112+32
 479 0634 000093E5 		ldr	r0, [r3, #0]	@ float
 480 0638 FEFFFFEB 		bl	__extendsfdf2
 481 063c D22F8FE2 		adr	r2, .L112
 482 0640 0C0092E8 		ldmia	r2, {r2-r3}
 483 0644 FEFFFFEB 		bl	__divdf3
 484 0648 0150A0E1 		mov	r5, r1
 485 064c 0040A0E1 		mov	r4, r0
 486 0650 000096E5 		ldr	r0, [r6, #0]	@ float
 487 0654 FEFFFFEB 		bl	__extendsfdf2
 488 0658 0130A0E1 		mov	r3, r1
 489 065c 0020A0E1 		mov	r2, r0
 490 0660 0510A0E1 		mov	r1, r5
 491 0664 0400A0E1 		mov	r0, r4
 492 0668 FEFFFFEB 		bl	__muldf3
 493 066c FEFFFFEB 		bl	__truncdfsf2
 494              	.L107:
 495 0670 000087E5 		str	r0, [r7, #0]	@ float
 496 0674 3C539FE5 		ldr	r5, .L112+44
 497 0678 004095E5 		ldr	r4, [r5, #0]	@ float
 498 067c 90139FE5 		ldr	r1, .L112+136
 499 0680 0400A0E1 		mov	r0, r4
 500 0684 FEFFFFEB 		bl	__gtsf2
 501 0688 000050E3 		cmp	r0, #0
 502 068c 80339FC5 		ldrgt	r3, .L112+136
 503 0690 A90100CA 		bgt	.L108
 504 0694 0400A0E1 		mov	r0, r4
 505 0698 78139FE5 		ldr	r1, .L112+140
 506 069c FEFFFFEB 		bl	__ltsf2
 507 06a0 000050E3 		cmp	r0, #0
 508 06a4 AA0100AA 		bge	.L50
 509 06a8 68339FE5 		ldr	r3, .L112+140
 510              	.L108:
 511 06ac 003085E5 		str	r3, [r5, #0]	@ float
 512              	.L50:
 513 06b0 F000D9E1 		ldrsh	r0, [r9, #0]
 514 06b4 FEFFFFEB 		bl	__floatsisf
 515 06b8 00339FE5 		ldr	r3, .L112+52
 516 06bc 2C000BE5 		str	r0, [fp, #-44]	@ float
 517 06c0 001093E5 		ldr	r1, [r3, #0]	@ float
 518 06c4 000095E5 		ldr	r0, [r5, #0]	@ float
 519 06c8 FEFFFFEB 		bl	__subsf3
 520 06cc F0829FE5 		ldr	r8, .L112+56
 521 06d0 0040D8E5 		ldrb	r4, [r8, #0]	@ zero_extendqisi2
 522 06d4 EC729FE5 		ldr	r7, .L112+60
 523 06d8 EC629FE5 		ldr	r6, .L112+64
 524 06dc FF5004E2 		and	r5, r4, #255
 525 06e0 00A0A0E1 		mov	sl, r0
 526 06e4 051196E7 		ldr	r1, [r6, r5, asl #2]	@ float
 527 06e8 000097E5 		ldr	r0, [r7, #0]	@ float
 528 06ec FEFFFFEB 		bl	__subsf3
 529 06f0 0A10A0E1 		mov	r1, sl
 530 06f4 05A186E7 		str	sl, [r6, r5, asl #2]	@ float
 531 06f8 FEFFFFEB 		bl	__addsf3
 532 06fc 014084E2 		add	r4, r4, #1
 533 0700 0040C8E5 		strb	r4, [r8, #0]
 534 0704 0030D8E5 		ldrb	r3, [r8, #0]	@ zero_extendqisi2
 535 0708 0F0053E3 		cmp	r3, #15
 536 070c 0030A083 		movhi	r3, #0
 537 0710 0030C885 		strhib	r3, [r8, #0]
 538 0714 04339FE5 		ldr	r3, .L112+148
 539 0718 000087E5 		str	r0, [r7, #0]	@ float
 540 071c F000D3E1 		ldrsh	r0, [r3, #0]
 541 0720 A8329FE5 		ldr	r3, .L112+68
 542 0724 00A083E5 		str	sl, [r3, #0]	@ float
 543 0728 FEFFFFEB 		bl	__floatsisf
 544 072c 00139FE5 		ldr	r1, .L112+168
 545 0730 FEFFFFEB 		bl	__divsf3
 546 0734 64229FE5 		ldr	r2, .L112+20
 547 0738 001092E5 		ldr	r1, [r2, #0]	@ float
 548 073c 0040A0E1 		mov	r4, r0
 549 0740 FEFFFFEB 		bl	__mulsf3
 550 0744 0410A0E1 		mov	r1, r4
 551 0748 0050A0E1 		mov	r5, r0
 552 074c FE05A0E3 		mov	r0, #1065353216
 553 0750 FEFFFFEB 		bl	__subsf3
 554 0754 48329FE5 		ldr	r3, .L112+24
 555 0758 001093E5 		ldr	r1, [r3, #0]	@ float
 556 075c FEFFFFEB 		bl	__mulsf3
 557 0760 0010A0E1 		mov	r1, r0
 558 0764 0500A0E1 		mov	r0, r5
 559 0768 FEFFFFEB 		bl	__addsf3
 560 076c 0A10A0E1 		mov	r1, sl
 561 0770 FEFFFFEB 		bl	__mulsf3
 562 0774 B0129FE5 		ldr	r1, .L112+160
 563 0778 0040A0E1 		mov	r4, r0
 564 077c FEFFFFEB 		bl	__ltsf2
 565 0780 000050E3 		cmp	r0, #0
 566 0784 A4329FB5 		ldrlt	r3, .L112+164
 567 0788 0300A0B1 		movlt	r0, r3	@ movhi
 568 078c E90100BA 		blt	.L55
 569 0790 0400A0E1 		mov	r0, r4
 570 0794 98129FE5 		ldr	r1, .L112+168
 571 0798 FEFFFFEB 		bl	__gtsf2
 572 079c 000050E3 		cmp	r0, #0
 573 07a0 960DA0C3 		movgt	r0, #9600	@ movhi
 574 07a4 0400A0D1 		movle	r0, r4
 575 07a8 FEFFFFDB 		blle	__fixsfsi
 576              	.L55:
 577 07ac 00329FE5 		ldr	r3, .L112+40
 578 07b0 B000C3E1 		strh	r0, [r3, #0]	@ movhi 
 579 07b4 F000D9E1 		ldrsh	r0, [r9, #0]
 580 07b8 FEFFFFEB 		bl	__floatsisf
 581 07bc 10329FE5 		ldr	r3, .L112+72
 582 07c0 004093E5 		ldr	r4, [r3, #0]	@ float
 583 07c4 0010A0E1 		mov	r1, r0
 584 07c8 0400A0E1 		mov	r0, r4
 585 07cc FEFFFFEB 		bl	__mulsf3
 586 07d0 0410A0E1 		mov	r1, r4
 587 07d4 0050A0E1 		mov	r5, r0
 588 07d8 FE05A0E3 		mov	r0, #1065353216
 589 07dc FEFFFFEB 		bl	__subsf3
 590 07e0 2C101BE5 		ldr	r1, [fp, #-44]	@ float
 591 07e4 FEFFFFEB 		bl	__mulsf3
 592 07e8 0010A0E1 		mov	r1, r0
 593 07ec 0500A0E1 		mov	r0, r5
 594 07f0 FEFFFFEB 		bl	__addsf3
 595 07f4 FEFFFFEB 		bl	__fixsfsi
 596 07f8 D8A19FE5 		ldr	sl, .L112+76
 597 07fc B000C9E1 		strh	r0, [r9, #0]	@ movhi 
 598 0800 0010A0E3 		mov	r1, #0
 599 0804 00009AE5 		ldr	r0, [sl, #0]	@ float
 600 0808 FEFFFFEB 		bl	__ltsf2
 601 080c 0C229FE5 		ldr	r2, .L112+148
 602 0810 000050E3 		cmp	r0, #0
 603 0814 0030A0B3 		movlt	r3, #0
 604 0818 00308AB5 		strlt	r3, [sl, #0]	@ float
 605 081c F000D2E1 		ldrsh	r0, [r2, #0]
 606 0820 FEFFFFEB 		bl	__floatsisf
 607 0824 08129FE5 		ldr	r1, .L112+168
 608 0828 FEFFFFEB 		bl	__divsf3
 609 082c A8919FE5 		ldr	r9, .L112+80
 610 0830 001099E5 		ldr	r1, [r9, #0]	@ float
 611 0834 0040A0E1 		mov	r4, r0
 612 0838 FEFFFFEB 		bl	__mulsf3
 613 083c 0410A0E1 		mov	r1, r4
 614 0840 0050A0E1 		mov	r5, r0
 615 0844 FE05A0E3 		mov	r0, #1065353216
 616 0848 FEFFFFEB 		bl	__subsf3
 617 084c AC319FE5 		ldr	r3, .L112+116
 618 0850 001093E5 		ldr	r1, [r3, #0]	@ float
 619 0854 FEFFFFEB 		bl	__mulsf3
 620 0858 0010A0E1 		mov	r1, r0
 621 085c 0500A0E1 		mov	r0, r5
 622 0860 FEFFFFEB 		bl	__addsf3
 623 0864 3C219FE5 		ldr	r2, .L112+28
 624 0868 0030D2E5 		ldrb	r3, [r2, #0]	@ zero_extendqisi2
 625 086c 0050A0E1 		mov	r5, r0
 626 0870 78019FE5 		ldr	r0, .L112+100
 627 0874 000053E3 		cmp	r3, #0
 628 0878 00809005 		ldreq	r8, [r0, #0]	@ float
 629 087c 5702000A 		beq	.L71
 630 0880 58319FE5 		ldr	r3, .L112+84
 631 0884 000090E5 		ldr	r0, [r0, #0]	@ float
 632 0888 001093E5 		ldr	r1, [r3, #0]	@ float
 633 088c FEFFFFEB 		bl	__subsf3
 634 0890 4C419FE5 		ldr	r4, .L112+88
 635 0894 001094E5 		ldr	r1, [r4, #0]	@ float
 636 0898 0080A0E1 		mov	r8, r0
 637 089c FEFFFFEB 		bl	__subsf3
 638 08a0 40319FE5 		ldr	r3, .L112+92
 639 08a4 0010A0E1 		mov	r1, r0
 640 08a8 008084E5 		str	r8, [r4, #0]	@ float
 641 08ac 000093E5 		ldr	r0, [r3, #0]	@ float
 642 08b0 FEFFFFEB 		bl	__mulsf3
 643 08b4 0010A0E1 		mov	r1, r0
 644 08b8 0800A0E1 		mov	r0, r8
 645 08bc FEFFFFEB 		bl	__addsf3
 646 08c0 0010A0E1 		mov	r1, r0
 647 08c4 0500A0E1 		mov	r0, r5
 648 08c8 FEFFFFEB 		bl	__mulsf3
 649 08cc FEFFFFEB 		bl	__extendsfdf2
 650 08d0 0170A0E1 		mov	r7, r1
 651 08d4 0060A0E1 		mov	r6, r0
 652 08d8 00009AE5 		ldr	r0, [sl, #0]	@ float
 653 08dc FEFFFFEB 		bl	__extendsfdf2
 654 08e0 C8309FE5 		ldr	r3, .L112+36
 655 08e4 003093E5 		ldr	r3, [r3, #0]
 656 08e8 0150A0E1 		mov	r5, r1
 657 08ec 0040A0E1 		mov	r4, r0
 658 08f0 0201C3E3 		bic	r0, r3, #-2147483648
 659 08f4 FEFFFFEB 		bl	__extendsfdf2
 660 08f8 0130A0E1 		mov	r3, r1
 661 08fc 0020A0E1 		mov	r2, r0
 662 0900 0510A0E1 		mov	r1, r5
 663 0904 0400A0E1 		mov	r0, r4
 664 0908 FEFFFFEB 		bl	__muldf3
 665 090c 0130A0E1 		mov	r3, r1
 666 0910 0020A0E1 		mov	r2, r0
 667 0914 0710A0E1 		mov	r1, r7
 668 0918 0600A0E1 		mov	r0, r6
 669 091c FEFFFFEB 		bl	__adddf3
 670 0920 FEFFFFEB 		bl	__truncdfsf2
 671 0924 00119FE5 		ldr	r1, .L112+160
 672 0928 0040A0E1 		mov	r4, r0
 673 092c FEFFFFEB 		bl	__ltsf2
 674 0930 000050E3 		cmp	r0, #0
 675 0934 F4309FB5 		ldrlt	r3, .L112+164
 676 0938 0300A0B1 		movlt	r0, r3	@ movhi
 677 093c 550200BA 		blt	.L66
 678 0940 0400A0E1 		mov	r0, r4
 679 0944 E8109FE5 		ldr	r1, .L112+168
 680 0948 FEFFFFEB 		bl	__gtsf2
 681 094c 000050E3 		cmp	r0, #0
 682 0950 960DA0C3 		movgt	r0, #9600	@ movhi
 683 0954 0400A0D1 		movle	r0, r4
 684 0958 FEFFFFDB 		blle	__fixsfsi
 685              	.L66:
 686 095c 94309FE5 		ldr	r3, .L112+108
 687 0960 B000C3E1 		strh	r0, [r3, #0]	@ movhi 
 688              	.L71:
 689 0964 3C209FE5 		ldr	r2, .L112+28
 690 0968 0030D2E5 		ldrb	r3, [r2, #0]	@ zero_extendqisi2
 691 096c 000053E3 		cmp	r3, #0
 692 0970 7C709FE5 		ldr	r7, .L112+104
 693 0974 70609FE5 		ldr	r6, .L112+96
 694 0978 9402000A 		beq	.L72
 695 097c 000096E5 		ldr	r0, [r6, #0]	@ float
 696 0980 0810A0E1 		mov	r1, r8
 697 0984 FEFFFFEB 		bl	__mulsf3
 698 0988 A40200EA 		b	.L109
 699              	.L113:
 700              		.align	2
 701              	.L112:
 702 098c 52C1E03F 		.word	1071694162
 703 0990 65732D38 		.word	942502757
 704 0994 00C0C240 		.word	1086504960
 705 0998 00000000 		.word	0
 706 099c 00000000 		.word	h_ctl_disabled
 707 09a0 00000000 		.word	h_ctl_hi_throttle_roll_rate_pgain
 708 09a4 00000000 		.word	h_ctl_lo_throttle_roll_rate_pgain
 709 09a8 00000000 		.word	h_ctl_attitude_enabled
 710 09ac 00000000 		.word	h_ctl_roll_setpoint
 711 09b0 00000000 		.word	estimator_phi
 712 09b4 00000000 		.word	h_ctl_aileron_setpoint
 713 09b8 00000000 		.word	h_ctl_roll_rate_setpoint
 714 09bc 00000000 		.word	h_ctl_roll_rate_setpoint_pgain
 715 09c0 00000000 		.word	estimator_p
 716 09c4 04000000 		.word	roll_rate_sum_idx.1
 717 09c8 00000000 		.word	roll_rate_sum_err.0
 718 09cc 08000000 		.word	roll_rate_sum_values.2
 719 09d0 48000000 		.word	last_err.3
 720 09d4 00000000 		.word	h_ctl_roll_rate_mode
 721 09d8 00000000 		.word	h_ctl_elevator_of_roll
 722 09dc 00000000 		.word	h_ctl_hi_throttle_pitch_rate_pgain
 723 09e0 00000000 		.word	estimator_theta
 724 09e4 4C000000 		.word	last_err.4
 725 09e8 00000000 		.word	h_ctl_pitch_dgain
 726 09ec 00000000 		.word	h_ctl_pitch_rate_setpoint_pgain
 727 09f0 00000000 		.word	h_ctl_pitch_setpoint
 728 09f4 00000000 		.word	h_ctl_pitch_rate_setpoint
 729 09f8 00000000 		.word	h_ctl_elevator_setpoint
 730 09fc 00000000 		.word	estimator_q
 731 0a00 00000000 		.word	h_ctl_lo_throttle_pitch_rate_pgain
 732 0a04 00000000 		.word	h_ctl_pitch_rate_mode
 733 0a08 00000000 		.word	h_ctl_yaw_setpoint
 734 0a0c 00000000 		.word	h_ctl_yaw_rate_setpoint_pgain
 735 0a10 00000000 		.word	h_ctl_yaw_rate_setpoint
 736 0a14 00002041 		.word	1092616192
 737 0a18 000020C1 		.word	-1054867456
 738 0a1c 00000000 		.word	estimator_r
 739 0a20 00000000 		.word	v_ctl_throttle_setpoint
 740 0a24 00000000 		.word	h_ctl_hi_throttle_yaw_rate_pgain
 741 0a28 00000000 		.word	h_ctl_lo_throttle_yaw_rate_pgain
 742 0a2c 000016C6 		.word	-971636736
 743 0a30 80DAFFFF 		.word	-9600
 744 0a34 00001646 		.word	1175846912
 745 0a38 00000000 		.word	h_ctl_rudder_setpoint
 746 0a3c 00000000 		.word	h_ctl_yaw_rate_mode
 747 0a40 FB21E93F 		.word	1072243195
 748 0a44 182D4454 		.word	1413754136
 749 0a48 00C0C240 		.word	1086504960
 750 0a4c 00000000 		.word	0
 751 0a50 52C1E03F 		.word	1071694162
 752 0a54 65732D38 		.word	942502757
 753              	.L72:
 754 0a58 70301FE5 		ldr	r3, .L112+100
 755 0a5c 000093E5 		ldr	r0, [r3, #0]	@ float
 756 0a60 FEFFFFEB 		bl	__extendsfdf2
 757 0a64 2C204FE2 		adr	r2, .L112+180
 758 0a68 0C0092E8 		ldmia	r2, {r2-r3}
 759 0a6c FEFFFFEB 		bl	__divdf3
 760 0a70 0150A0E1 		mov	r5, r1
 761 0a74 0040A0E1 		mov	r4, r0
 762 0a78 000096E5 		ldr	r0, [r6, #0]	@ float
 763 0a7c FEFFFFEB 		bl	__extendsfdf2
 764 0a80 0130A0E1 		mov	r3, r1
 765 0a84 0020A0E1 		mov	r2, r0
 766 0a88 0510A0E1 		mov	r1, r5
 767 0a8c 0400A0E1 		mov	r0, r4
 768 0a90 FEFFFFEB 		bl	__muldf3
 769 0a94 FEFFFFEB 		bl	__truncdfsf2
 770              	.L109:
 771 0a98 000087E5 		str	r0, [r7, #0]	@ float
 772 0a9c B0501FE5 		ldr	r5, .L112+104
 773 0aa0 004095E5 		ldr	r4, [r5, #0]	@ float
 774 0aa4 98101FE5 		ldr	r1, .L112+136
 775 0aa8 0400A0E1 		mov	r0, r4
 776 0aac FEFFFFEB 		bl	__gtsf2
 777 0ab0 000050E3 		cmp	r0, #0
 778 0ab4 A8301FC5 		ldrgt	r3, .L112+136
 779 0ab8 B30200CA 		bgt	.L110
 780 0abc 0400A0E1 		mov	r0, r4
 781 0ac0 B0101FE5 		ldr	r1, .L112+140
 782 0ac4 FEFFFFEB 		bl	__ltsf2
 783 0ac8 000050E3 		cmp	r0, #0
 784 0acc B40200AA 		bge	.L76
 785 0ad0 C0301FE5 		ldr	r3, .L112+140
 786              	.L110:
 787 0ad4 003085E5 		str	r3, [r5, #0]	@ float
 788              	.L76:
 789 0ad8 E8701FE5 		ldr	r7, .L112+108
 790 0adc F000D7E1 		ldrsh	r0, [r7, #0]
 791 0ae0 FEFFFFEB 		bl	__floatsisf
 792 0ae4 F0301FE5 		ldr	r3, .L112+112
 793 0ae8 0080A0E1 		mov	r8, r0
 794 0aec 001093E5 		ldr	r1, [r3, #0]	@ float
 795 0af0 000095E5 		ldr	r0, [r5, #0]	@ float
 796 0af4 FEFFFFEB 		bl	__subsf3
 797 0af8 E0301FE5 		ldr	r3, .L112+148
 798 0afc 0060A0E1 		mov	r6, r0
 799 0b00 F000D3E1 		ldrsh	r0, [r3, #0]
 800 0b04 FEFFFFEB 		bl	__floatsisf
 801 0b08 DC101FE5 		ldr	r1, .L112+168
 802 0b0c FEFFFFEB 		bl	__divsf3
 803 0b10 001099E5 		ldr	r1, [r9, #0]	@ float
 804 0b14 0040A0E1 		mov	r4, r0
 805 0b18 FEFFFFEB 		bl	__mulsf3
 806 0b1c 0410A0E1 		mov	r1, r4
 807 0b20 0050A0E1 		mov	r5, r0
 808 0b24 FE05A0E3 		mov	r0, #1065353216
 809 0b28 FEFFFFEB 		bl	__subsf3
 810 0b2c 34211FE5 		ldr	r2, .L112+116
 811 0b30 001092E5 		ldr	r1, [r2, #0]	@ float
 812 0b34 FEFFFFEB 		bl	__mulsf3
 813 0b38 0010A0E1 		mov	r1, r0
 814 0b3c 0500A0E1 		mov	r0, r5
 815 0b40 FEFFFFEB 		bl	__addsf3
 816 0b44 0610A0E1 		mov	r1, r6
 817 0b48 FEFFFFEB 		bl	__mulsf3
 818 0b4c 28111FE5 		ldr	r1, .L112+160
 819 0b50 0040A0E1 		mov	r4, r0
 820 0b54 FEFFFFEB 		bl	__ltsf2
 821 0b58 000050E3 		cmp	r0, #0
 822 0b5c 34311FB5 		ldrlt	r3, .L112+164
 823 0b60 0300A0B1 		movlt	r0, r3	@ movhi
 824 0b64 DF0200BA 		blt	.L80
 825 0b68 0400A0E1 		mov	r0, r4
 826 0b6c 40111FE5 		ldr	r1, .L112+168
 827 0b70 FEFFFFEB 		bl	__gtsf2
 828 0b74 000050E3 		cmp	r0, #0
 829 0b78 960DA0C3 		movgt	r0, #9600	@ movhi
 830 0b7c 0400A0D1 		movle	r0, r4
 831 0b80 FEFFFFDB 		blle	__fixsfsi
 832              	.L80:
 833 0b84 B000C7E1 		strh	r0, [r7, #0]	@ movhi 
 834 0b88 F000D7E1 		ldrsh	r0, [r7, #0]
 835 0b8c FEFFFFEB 		bl	__floatsisf
 836 0b90 94311FE5 		ldr	r3, .L112+120
 837 0b94 004093E5 		ldr	r4, [r3, #0]	@ float
 838 0b98 0010A0E1 		mov	r1, r0
 839 0b9c 0400A0E1 		mov	r0, r4
 840 0ba0 FEFFFFEB 		bl	__mulsf3
 841 0ba4 0410A0E1 		mov	r1, r4
 842 0ba8 0050A0E1 		mov	r5, r0
 843 0bac FE05A0E3 		mov	r0, #1065353216
 844 0bb0 FEFFFFEB 		bl	__subsf3
 845 0bb4 0810A0E1 		mov	r1, r8
 846 0bb8 FEFFFFEB 		bl	__mulsf3
 847 0bbc 0010A0E1 		mov	r1, r0
 848 0bc0 0500A0E1 		mov	r0, r5
 849 0bc4 FEFFFFEB 		bl	__addsf3
 850 0bc8 FEFFFFEB 		bl	__fixsfsi
 851 0bcc CC511FE5 		ldr	r5, .L112+124
 852 0bd0 B000C7E1 		strh	r0, [r7, #0]	@ movhi 
 853 0bd4 000095E5 		ldr	r0, [r5, #0]	@ float
 854 0bd8 FEFFFFEB 		bl	__extendsfdf2
 855 0bdc 652F4FE2 		adr	r2, .L112+196
 856 0be0 0C0092E8 		ldmia	r2, {r2-r3}
 857 0be4 FEFFFFEB 		bl	__divdf3
 858 0be8 6A2F4FE2 		adr	r2, .L112+188
 859 0bec 0C0092E8 		ldmia	r2, {r2-r3}
 860 0bf0 FEFFFFEB 		bl	__muldf3
 861 0bf4 FEFFFFEB 		bl	__truncdfsf2
 862 0bf8 D4111FE5 		ldr	r1, .L112+160
 863 0bfc 0040A0E1 		mov	r4, r0
 864 0c00 FEFFFFEB 		bl	__ltsf2
 865 0c04 000050E3 		cmp	r0, #0
 866 0c08 D8711FE5 		ldr	r7, .L112+172
 867 0c0c E4311FB5 		ldrlt	r3, .L112+164
 868 0c10 0C0300BA 		blt	.L88
 869 0c14 0400A0E1 		mov	r0, r4
 870 0c18 EC111FE5 		ldr	r1, .L112+168
 871 0c1c FEFFFFEB 		bl	__gtsf2
 872 0c20 000050E3 		cmp	r0, #0
 873 0c24 963DA0C3 		movgt	r3, #9600	@ movhi
 874 0c28 0C0300CA 		bgt	.L88
 875 0c2c 0400A0E1 		mov	r0, r4
 876 0c30 FEFFFFEB 		bl	__fixsfsi
 877 0c34 0030A0E1 		mov	r3, r0	@ movhi
 878              	.L88:
 879 0c38 000095E5 		ldr	r0, [r5, #0]	@ float
 880 0c3c B030C7E1 		strh	r3, [r7, #0]	@ movhi 
 881 0c40 FEFFFFEB 		bl	__extendsfdf2
 882 0c44 7F2F4FE2 		adr	r2, .L112+196
 883 0c48 0C0092E8 		ldmia	r2, {r2-r3}
 884 0c4c FEFFFFEB 		bl	__divdf3
 885 0c50 4C321FE5 		ldr	r3, .L112+128
 886 0c54 0150A0E1 		mov	r5, r1
 887 0c58 0040A0E1 		mov	r4, r0
 888 0c5c 000093E5 		ldr	r0, [r3, #0]	@ float
 889 0c60 FEFFFFEB 		bl	__extendsfdf2
 890 0c64 0130A0E1 		mov	r3, r1
 891 0c68 0020A0E1 		mov	r2, r0
 892 0c6c 0510A0E1 		mov	r1, r5
 893 0c70 0400A0E1 		mov	r0, r4
 894 0c74 FEFFFFEB 		bl	__muldf3
 895 0c78 FEFFFFEB 		bl	__truncdfsf2
 896 0c7c 74521FE5 		ldr	r5, .L112+132
 897 0c80 0040A0E1 		mov	r4, r0
 898 0c84 78121FE5 		ldr	r1, .L112+136
 899 0c88 004085E5 		str	r4, [r5, #0]	@ float
 900 0c8c FEFFFFEB 		bl	__gtsf2
 901 0c90 000050E3 		cmp	r0, #0
 902 0c94 88321FC5 		ldrgt	r3, .L112+136
 903 0c98 2B0300CA 		bgt	.L111
 904 0c9c 0400A0E1 		mov	r0, r4
 905 0ca0 90121FE5 		ldr	r1, .L112+140
 906 0ca4 FEFFFFEB 		bl	__ltsf2
 907 0ca8 000050E3 		cmp	r0, #0
 908 0cac 2C0300AA 		bge	.L95
 909 0cb0 A0321FE5 		ldr	r3, .L112+140
 910              	.L111:
 911 0cb4 003085E5 		str	r3, [r5, #0]	@ float
 912              	.L95:
 913 0cb8 F000D7E1 		ldrsh	r0, [r7, #0]
 914 0cbc FEFFFFEB 		bl	__floatsisf
 915 0cc0 AC321FE5 		ldr	r3, .L112+144
 916 0cc4 0080A0E1 		mov	r8, r0
 917 0cc8 001093E5 		ldr	r1, [r3, #0]	@ float
 918 0ccc 000095E5 		ldr	r0, [r5, #0]	@ float
 919 0cd0 FEFFFFEB 		bl	__subsf3
 920 0cd4 BC321FE5 		ldr	r3, .L112+148
 921 0cd8 0060A0E1 		mov	r6, r0
 922 0cdc F000D3E1 		ldrsh	r0, [r3, #0]
 923 0ce0 FEFFFFEB 		bl	__floatsisf
 924 0ce4 B8121FE5 		ldr	r1, .L112+168
 925 0ce8 FEFFFFEB 		bl	__divsf3
 926 0cec D0321FE5 		ldr	r3, .L112+152
 927 0cf0 001093E5 		ldr	r1, [r3, #0]	@ float
 928 0cf4 0040A0E1 		mov	r4, r0
 929 0cf8 FEFFFFEB 		bl	__mulsf3
 930 0cfc 0410A0E1 		mov	r1, r4
 931 0d00 0050A0E1 		mov	r5, r0
 932 0d04 FE05A0E3 		mov	r0, #1065353216
 933 0d08 FEFFFFEB 		bl	__subsf3
 934 0d0c EC321FE5 		ldr	r3, .L112+156
 935 0d10 001093E5 		ldr	r1, [r3, #0]	@ float
 936 0d14 FEFFFFEB 		bl	__mulsf3
 937 0d18 0010A0E1 		mov	r1, r0
 938 0d1c 0500A0E1 		mov	r0, r5
 939 0d20 FEFFFFEB 		bl	__addsf3
 940 0d24 0610A0E1 		mov	r1, r6
 941 0d28 FEFFFFEB 		bl	__mulsf3
 942 0d2c 08131FE5 		ldr	r1, .L112+160
 943 0d30 0040A0E1 		mov	r4, r0
 944 0d34 FEFFFFEB 		bl	__ltsf2
 945 0d38 000050E3 		cmp	r0, #0
 946 0d3c 14331FB5 		ldrlt	r3, .L112+164
 947 0d40 0300A0B1 		movlt	r0, r3	@ movhi
 948 0d44 570300BA 		blt	.L99
 949 0d48 0400A0E1 		mov	r0, r4
 950 0d4c 20131FE5 		ldr	r1, .L112+168
 951 0d50 FEFFFFEB 		bl	__gtsf2
 952 0d54 000050E3 		cmp	r0, #0
 953 0d58 960DA0C3 		movgt	r0, #9600	@ movhi
 954 0d5c 0400A0D1 		movle	r0, r4
 955 0d60 FEFFFFDB 		blle	__fixsfsi
 956              	.L99:
 957 0d64 34331FE5 		ldr	r3, .L112+172
 958 0d68 B000C3E1 		strh	r0, [r3, #0]	@ movhi 
 959 0d6c F000D7E1 		ldrsh	r0, [r7, #0]
 960 0d70 FEFFFFEB 		bl	__floatsisf
 961 0d74 40331FE5 		ldr	r3, .L112+176
 962 0d78 004093E5 		ldr	r4, [r3, #0]	@ float
 963 0d7c 0010A0E1 		mov	r1, r0
 964 0d80 0400A0E1 		mov	r0, r4
 965 0d84 FEFFFFEB 		bl	__mulsf3
 966 0d88 0410A0E1 		mov	r1, r4
 967 0d8c 0050A0E1 		mov	r5, r0
 968 0d90 FE05A0E3 		mov	r0, #1065353216
 969 0d94 FEFFFFEB 		bl	__subsf3
 970 0d98 0810A0E1 		mov	r1, r8
 971 0d9c FEFFFFEB 		bl	__mulsf3
 972 0da0 0010A0E1 		mov	r1, r0
 973 0da4 0500A0E1 		mov	r0, r5
 974 0da8 FEFFFFEB 		bl	__addsf3
 975 0dac FEFFFFEB 		bl	__fixsfsi
 976 0db0 B000C7E1 		strh	r0, [r7, #0]	@ movhi 
 977              	.L36:
 978 0db4 28D04BE2 		sub	sp, fp, #40
 979 0db8 F06F9DE8 		ldmfd	sp, {r4, r5, r6, r7, r8, r9, sl, fp, sp, lr}
 980 0dbc 1EFF2FE1 		bx	lr
 982              		.comm	h_ctl_course_setpoint,4,4
 983              		.comm	h_ctl_course_pre_bank,4,4
 984              		.comm	h_ctl_course_pre_bank_correction,4,4
 985              		.comm	h_ctl_course_pgain,4,4
 986              		.comm	h_ctl_roll_max_setpoint,4,4
 987              		.comm	h_ctl_pitch_max_setpoint,4,4
 988              		.comm	h_ctl_pitch_min_setpoint,4,4
 989              		.comm	h_ctl_yaw_max_setpoint,4,4
 990              		.comm	h_ctl_disabled,1,1
 991              		.comm	h_ctl_auto1_rate,1,1
 992              		.comm	h_ctl_attitude_enabled,1,1
 993              		.comm	h_ctl_roll_setpoint,4,4
 994              		.comm	h_ctl_roll_pgain,4,4
 995              		.comm	h_ctl_aileron_setpoint,2,2
 996              		.comm	h_ctl_pitch_setpoint,4,4
 997              		.comm	h_ctl_pitch_pgain,4,4
 998              		.comm	h_ctl_pitch_dgain,4,4
 999              		.comm	h_ctl_elevator_setpoint,2,2
 1000              		.comm	h_ctl_yaw_setpoint,4,4
 1001              		.comm	h_ctl_yaw_pgain,4,4
 1002              		.comm	h_ctl_yaw_dgain,4,4
 1003              		.comm	h_ctl_rudder_setpoint,2,2
 1004              		.comm	h_ctl_aileron_of_throttle,4,4
 1005              		.comm	h_ctl_elevator_of_roll,4,4
 1006              		.comm	h_ctl_roll_rate_setpoint,4,4
 1007              		.comm	h_ctl_roll_rate_mode,4,4
 1008              		.comm	h_ctl_roll_rate_setpoint_pgain,4,4
 1009              		.comm	h_ctl_hi_throttle_roll_rate_pgain,4,4
 1010              		.comm	h_ctl_lo_throttle_roll_rate_pgain,4,4
 1011              		.comm	h_ctl_roll_rate_igain,4,4
 1012              		.comm	h_ctl_roll_rate_dgain,4,4
 1013              		.comm	h_ctl_pitch_rate_setpoint,4,4
 1014              		.comm	h_ctl_pitch_rate_mode,4,4
 1015              		.comm	h_ctl_pitch_rate_setpoint_pgain,4,4
 1016              		.comm	h_ctl_hi_throttle_pitch_rate_pgain,4,4
 1017              		.comm	h_ctl_lo_throttle_pitch_rate_pgain,4,4
 1018              		.comm	h_ctl_pitch_rate_igain,4,4
 1019              		.comm	h_ctl_pitch_rate_dgain,4,4
 1020              		.comm	h_ctl_yaw_rate_setpoint,4,4
 1021              		.comm	h_ctl_yaw_rate_mode,4,4
 1022              		.comm	h_ctl_yaw_rate_setpoint_pgain,4,4
 1023              		.comm	h_ctl_hi_throttle_yaw_rate_pgain,4,4
 1024              		.comm	h_ctl_lo_throttle_yaw_rate_pgain,4,4
 1025              		.comm	h_ctl_yaw_rate_igain,4,4
 1026              		.comm	h_ctl_yaw_rate_dgain,4,4
 1027              		.ident	"GCC: (GNU) 3.4.4"
DEFINED SYMBOLS
                            *ABS*:00000000 fw_h_ctl.c
     /tmp/ccJgYHo6.s:6      .text:00000000 h_ctl_init
     /tmp/ccJgYHo6.s:10     .text:00000000 $a
     /tmp/ccJgYHo6.s:110    .text:00000184 $d
                            *COM*:00000004 h_ctl_course_pgain
                            *COM*:00000004 h_ctl_roll_max_setpoint
                            *COM*:00000004 h_ctl_pitch_max_setpoint
                            *COM*:00000004 h_ctl_pitch_min_setpoint
                            *COM*:00000004 h_ctl_yaw_max_setpoint
                            *COM*:00000004 h_ctl_roll_pgain
                            *COM*:00000004 h_ctl_yaw_pgain
                            *COM*:00000002 h_ctl_rudder_setpoint
                            *COM*:00000004 h_ctl_lo_throttle_pitch_rate_pgain
                            *COM*:00000004 h_ctl_course_setpoint
                            *COM*:00000004 h_ctl_course_pre_bank
                            *COM*:00000004 h_ctl_course_pre_bank_correction
                            *COM*:00000001 h_ctl_disabled
                            *COM*:00000004 h_ctl_roll_setpoint
                            *COM*:00000002 h_ctl_aileron_setpoint
                            *COM*:00000004 h_ctl_aileron_of_throttle
                            *COM*:00000004 h_ctl_pitch_setpoint
                            *COM*:00000004 h_ctl_pitch_pgain
                            *COM*:00000004 h_ctl_pitch_dgain
                            *COM*:00000002 h_ctl_elevator_setpoint
                            *COM*:00000004 h_ctl_elevator_of_roll
                            *COM*:00000004 h_ctl_yaw_setpoint
                            *COM*:00000004 h_ctl_roll_rate_mode
                            *COM*:00000004 h_ctl_roll_rate_setpoint_pgain
                            *COM*:00000004 h_ctl_roll_rate_igain
                            *COM*:00000004 h_ctl_roll_rate_dgain
                            *COM*:00000004 h_ctl_hi_throttle_roll_rate_pgain
                            *COM*:00000004 h_ctl_lo_throttle_roll_rate_pgain
                            *COM*:00000004 h_ctl_pitch_rate_mode
                            *COM*:00000004 h_ctl_pitch_rate_setpoint_pgain
                            *COM*:00000004 h_ctl_pitch_rate_igain
                            *COM*:00000004 h_ctl_pitch_rate_dgain
                            *COM*:00000004 h_ctl_hi_throttle_pitch_rate_pgain
                            *COM*:00000004 h_ctl_yaw_rate_mode
                            *COM*:00000004 h_ctl_yaw_rate_setpoint_pgain
                            *COM*:00000004 h_ctl_yaw_rate_dgain
                            *COM*:00000004 h_ctl_lo_throttle_yaw_rate_pgain
                            *COM*:00000001 h_ctl_attitude_enabled
                            *COM*:00000004 h_ctl_yaw_rate_igain
                            *COM*:00000004 h_ctl_hi_throttle_yaw_rate_pgain
     /tmp/ccJgYHo6.s:174    .text:00000244 h_ctl_course_loop
     /tmp/ccJgYHo6.s:178    .text:00000244 $a
     /tmp/ccJgYHo6.s:340    .text:00000494 $d
     /tmp/ccJgYHo6.s:372    .bss:00000000 roll_rate_sum_err.0
     /tmp/ccJgYHo6.s:374    .bss:00000004 roll_rate_sum_idx.1
     /tmp/ccJgYHo6.s:377    .bss:00000008 roll_rate_sum_values.2
     /tmp/ccJgYHo6.s:380    .bss:00000048 last_err.3
     /tmp/ccJgYHo6.s:383    .bss:0000004c last_err.4
     /tmp/ccJgYHo6.s:386    .bss:00000050 last_err.5
     /tmp/ccJgYHo6.s:392    .text:000004f8 h_ctl_attitude_loop
     /tmp/ccJgYHo6.s:396    .text:000004f8 $a
     /tmp/ccJgYHo6.s:702    .text:0000098c $d
                            *COM*:00000004 h_ctl_roll_rate_setpoint
                            *COM*:00000004 h_ctl_pitch_rate_setpoint
                            *COM*:00000004 h_ctl_yaw_rate_setpoint
     /tmp/ccJgYHo6.s:754    .text:00000a58 $a
                            *COM*:00000001 h_ctl_auto1_rate
                            *COM*:00000004 h_ctl_yaw_dgain

UNDEFINED SYMBOLS
__subsf3
__extendsfdf2
__gtdf2
__subdf3
__truncdfsf2
__ltdf2
__adddf3
__divsf3
__gtsf2
__mulsf3
__ltsf2
__muldf3
estimator_hspeed_dir
estimator_hspeed_mod
v_ctl_auto_throttle_submode
estimator_z
v_ctl_altitude_setpoint
__floatsisf
__addsf3
__divdf3
__fixsfsi
estimator_phi
estimator_p
estimator_theta
estimator_q
estimator_r
v_ctl_throttle_setpoint
