   1              		.file	"main_fbw.c"
   2              		.text
   3              		.align	2
   4              		.global	init_fbw
   6              	init_fbw:
   7              		@ Function supports interworking.
   8              		@ args = 0, pretend = 0, frame = 0
   9              		@ frame_needed = 1, uses_anonymous_args = 0
  10 0000 90219FE5 		ldr	r2, .L16
  11 0004 0DC0A0E1 		mov	ip, sp
  12 0008 2430A0E3 		mov	r3, #36
  13 000c 30D82DE9 		stmfd	sp!, {r4, r5, fp, ip, lr, pc}
  14 0010 8430C2E5 		strb	r3, [r2, #132]
  15 0014 233043E2 		sub	r3, r3, #35
  16 0018 8030C2E5 		strb	r3, [r2, #128]
  17 001c 573043E2 		sub	r3, r3, #87
  18 0020 8C30C2E5 		strb	r3, [r2, #140]
  19 0024 AB3083E2 		add	r3, r3, #171
  20 0028 8C30C2E5 		strb	r3, [r2, #140]
  21 002c 04B04CE2 		sub	fp, ip, #4
  22              	.L2:
  23 0030 60519FE5 		ldr	r5, .L16
  24 0034 B838D5E1 		ldrh	r3, [r5, #136]
  25 0038 010B13E3 		tst	r3, #1024
  26 003c 0A00000A 		beq	.L2
  27 0040 0320A0E3 		mov	r2, #3
  28 0044 5530E0E3 		mvn	r3, #85
  29 0048 8020C5E5 		strb	r2, [r5, #128]
  30 004c 8C30C5E5 		strb	r3, [r5, #140]
  31 0050 AB3083E2 		add	r3, r3, #171
  32 0054 8C30C5E5 		strb	r3, [r5, #140]
  33 0058 3C119FE5 		ldr	r1, .L16+4
  34 005c 0040A0E3 		mov	r4, #0
  35 0060 02C0A0E3 		mov	ip, #2
  36 0064 AB3083E2 		add	r3, r3, #171
  37 0068 0420C5E5 		strb	r2, [r5, #4]
  38 006c 01E0A0E3 		mov	lr, #1
  39 0070 00C0C5E5 		strb	ip, [r5, #0]
  40 0074 0420C5E5 		strb	r2, [r5, #4]
  41 0078 00C0C5E5 		strb	ip, [r5, #0]
  42 007c 0340C5E7 		strb	r4, [r5, r3]
  43 0080 0030E0E3 		mvn	r3, #0
  44 0084 40E0C5E5 		strb	lr, [r5, #64]
  45 0088 10019FE5 		ldr	r0, .L16+8
  46 008c 143081E5 		str	r3, [r1, #20]
  47 0090 0C319FE5 		ldr	r3, .L16+12
  48 0094 0C4081E5 		str	r4, [r1, #12]
  49 0098 343081E5 		str	r3, [r1, #52]
  50 009c 04C080E5 		str	ip, [r0, #4]
  51 00a0 0C4080E5 		str	r4, [r0, #12]
  52 00a4 144080E5 		str	r4, [r0, #20]
  53 00a8 284080E5 		str	r4, [r0, #40]
  54 00ac 3C4080E5 		str	r4, [r0, #60]
  55 00b0 04E080E5 		str	lr, [r0, #4]
  56 00b4 0C3091E5 		ldr	r3, [r1, #12]
  57 00b8 1030C3E3 		bic	r3, r3, #16
  58 00bc 0C3081E5 		str	r3, [r1, #12]
  59 00c0 1030A0E3 		mov	r3, #16
  60 00c4 103081E5 		str	r3, [r1, #16]
  61 00c8 143083E2 		add	r3, r3, #20
  62 00cc 043281E5 		str	r3, [r1, #516]
  63 00d0 D0309FE5 		ldr	r3, .L16+16
  64 00d4 D0209FE5 		ldr	r2, .L16+20
  65 00d8 043181E5 		str	r3, [r1, #260]
  66 00dc 183092E5 		ldr	r3, [r2, #24]
  67 00e0 013283E3 		orr	r3, r3, #268435456
  68 00e4 183082E5 		str	r3, [r2, #24]
  69 00e8 0132A0E3 		mov	r3, #268435456
  70 00ec 143082E5 		str	r3, [r2, #20]
  71 00f0 183092E5 		ldr	r3, [r2, #24]
  72 00f4 023783E3 		orr	r3, r3, #524288
  73 00f8 183082E5 		str	r3, [r2, #24]
  74 00fc 0237A0E3 		mov	r3, #524288
  75 0100 143082E5 		str	r3, [r2, #20]
  76 0104 A4309FE5 		ldr	r3, .L16+24
  77 0108 B040C3E1 		strh	r4, [r3, #0]	@ movhi 
  78 010c A0309FE5 		ldr	r3, .L16+28
  79 0110 004083E5 		str	r4, [r3, #0]
  80 0114 FEFFFFEB 		bl	uart0_init_tx
  81 0118 FEFFFFEB 		bl	uart1_init_tx
  82 011c FEFFFFEB 		bl	adc_init
  83 0120 0E00A0E3 		mov	r0, #14
  84 0124 8C109FE5 		ldr	r1, .L16+32
  85 0128 2020A0E3 		mov	r2, #32
  86 012c FEFFFFEB 		bl	adc_buf_channel
  87 0130 FEFFFFEB 		bl	actuators_init
  88              	.L11:
  89 0134 80209FE5 		ldr	r2, .L16+36
  90 0138 8410A0E1 		mov	r1, r4, asl #1
  91 013c 7C309FE5 		ldr	r3, .L16+40
  92 0140 014084E2 		add	r4, r4, #1
  93 0144 B22091E1 		ldrh	r2, [r1, r2]
  94 0148 020054E3 		cmp	r4, #2
  95 014c B32081E1 		strh	r2, [r1, r3]	@ movhi 
  96 0150 4B0000DA 		ble	.L11
  97 0154 68209FE5 		ldr	r2, .L16+44
  98 0158 003092E5 		ldr	r3, [r2, #0]
  99 015c 023A83E3 		orr	r3, r3, #8192
 100 0160 003082E5 		str	r3, [r2, #0]
 101 0164 5C009FE5 		ldr	r0, .L16+48
 102 0168 30309FE5 		ldr	r3, .L16+8
 103 016c 062DA0E3 		mov	r2, #384
 104 0170 282083E5 		str	r2, [r3, #40]
 105 0174 00C090E5 		ldr	ip, [r0, #0]
 106 0178 4C309FE5 		ldr	r3, .L16+52
 107 017c 0010A0E3 		mov	r1, #0
 108 0180 0010C3E5 		strb	r1, [r3, #0]
 109 0184 1110CCE5 		strb	r1, [ip, #17]
 110 0188 003090E5 		ldr	r3, [r0, #0]
 111 018c 1210C3E5 		strb	r1, [r3, #18]
 112 0190 30689DE8 		ldmfd	sp, {r4, r5, fp, sp, lr}
 113 0194 1EFF2FE1 		bx	lr
 114              	.L17:
 115              		.align	2
 116              	.L16:
 117 0198 00C01FE0 		.word	-534790144
 118 019c 00F0FFFF 		.word	-4096
 119 01a0 004000E0 		.word	-536854528
 120 01a4 00000000 		.word	reset
 121 01a8 00000000 		.word	TIMER0_ISR
 122 01ac 008002E0 		.word	-536707072
 123 01b0 00000000 		.word	cpu_time_sec
 124 01b4 00000000 		.word	cpu_time_ticks
 125 01b8 00000000 		.word	vsupply_adc_buf
 126 01bc 00000000 		.word	commands_failsafe
 127 01c0 00000000 		.word	commands
 128 01c4 00C002E0 		.word	-536690688
 129 01c8 00000000 		.word	fbw_state
 130 01cc 00000000 		.word	ppm_valid
 132              		.bss
 133              	avg_cpt.7:
 134 0000 00       		.space	1
 135              		.global	__floatsisf
 136              		.global	__mulsf3
 137              		.global	__fixsfsi
 138              		.text
 139              		.align	2
 140              		.global	event_task_fbw
 142              	event_task_fbw:
 143              		@ Function supports interworking.
 144              		@ args = 0, pretend = 0, frame = 0
 145              		@ frame_needed = 1, uses_anonymous_args = 0
 146 01d0 0DC0A0E1 		mov	ip, sp
 147 01d4 F0DF2DE9 		stmfd	sp!, {r4, r5, r6, r7, r8, r9, sl, fp, ip, lr, pc}
 148 01d8 04B04CE2 		sub	fp, ip, #4
 149 01dc 58C59FE5 		ldr	ip, .L91
 150 01e0 0030DCE5 		ldrb	r3, [ip, #0]	@ zero_extendqisi2
 151 01e4 000053E3 		cmp	r3, #0
 152 01e8 7F01000A 		beq	.L19
 153 01ec 4C159FE5 		ldr	r1, .L91+4
 154 01f0 4C959FE5 		ldr	r9, .L91+8
 155 01f4 0030D1E5 		ldrb	r3, [r1, #0]	@ zero_extendqisi2
 156 01f8 B040D9E1 		ldrh	r4, [r9, #0]
 157 01fc 013083E2 		add	r3, r3, #1
 158 0200 0030C1E5 		strb	r3, [r1, #0]
 159 0204 594C44E2 		sub	r4, r4, #22784
 160 0208 38359FE5 		ldr	r3, .L91+12
 161 020c 0020A0E3 		mov	r2, #0
 162 0210 5B4044E2 		sub	r4, r4, #91
 163 0214 0020C3E5 		strb	r2, [r3, #0]
 164 0218 0448A0E1 		mov	r4, r4, asl #16
 165 021c 28359FE5 		ldr	r3, .L91+16
 166 0220 4448A0E1 		mov	r4, r4, asr #16
 167 0224 0020C3E5 		strb	r2, [r3, #0]
 168 0228 0020CCE5 		strb	r2, [ip, #0]
 169 022c 0400A0E1 		mov	r0, r4
 170 0230 FEFFFFEB 		bl	__floatsisf
 171 0234 000054E3 		cmp	r4, #0
 172 0238 10159FA5 		ldrge	r1, .L91+20
 173 023c 10159FB5 		ldrlt	r1, .L91+24
 174 0240 FEFFFFEB 		bl	__mulsf3
 175 0244 FEFFFFEB 		bl	__fixsfsi
 176 0248 08A59FE5 		ldr	sl, .L91+28
 177 024c B000CAE1 		strh	r0, [sl, #0]	@ movhi 
 178 0250 F030DAE1 		ldrsh	r3, [sl, #0]
 179 0254 960D53E3 		cmp	r3, #9600
 180 0258 961DA0C3 		movgt	r1, #9600	@ movhi
 181 025c B010CAC1 		strgth	r1, [sl, #0]	@ movhi 
 182 0260 9B0000CA 		bgt	.L23
 183 0264 960D73E3 		cmn	r3, #9600
 184 0268 EC249FB5 		ldrlt	r2, .L91+32
 185 026c E4349FB5 		ldrlt	r3, .L91+28
 186 0270 B020C3B1 		strlth	r2, [r3, #0]	@ movhi 
 187              	.L23:
 188 0274 B240D9E1 		ldrh	r4, [r9, #2]
 189 0278 164B44E2 		sub	r4, r4, #22528
 190 027c F24044E2 		sub	r4, r4, #242
 191 0280 0448A0E1 		mov	r4, r4, asl #16
 192 0284 4448A0E1 		mov	r4, r4, asr #16
 193 0288 0400A0E1 		mov	r0, r4
 194 028c FEFFFFEB 		bl	__floatsisf
 195 0290 000054E3 		cmp	r4, #0
 196 0294 C4149FA5 		ldrge	r1, .L91+36
 197 0298 C4149FB5 		ldrlt	r1, .L91+40
 198 029c FEFFFFEB 		bl	__mulsf3
 199 02a0 FEFFFFEB 		bl	__fixsfsi
 200 02a4 AC349FE5 		ldr	r3, .L91+28
 201 02a8 B200C3E1 		strh	r0, [r3, #2]	@ movhi 
 202 02ac F230DAE1 		ldrsh	r3, [sl, #2]
 203 02b0 960D53E3 		cmp	r3, #9600
 204 02b4 962DA0C3 		movgt	r2, #9600	@ movhi
 205 02b8 B220CAC1 		strgth	r2, [sl, #2]	@ movhi 
 206 02bc B20000CA 		bgt	.L28
 207 02c0 960D73E3 		cmn	r3, #9600
 208 02c4 90249FB5 		ldrlt	r2, .L91+32
 209 02c8 88349FB5 		ldrlt	r3, .L91+28
 210 02cc B220C3B1 		strlth	r2, [r3, #2]	@ movhi 
 211              	.L28:
 212 02d0 B400D9E1 		ldrh	r0, [r9, #4]
 213 02d4 710C40E2 		sub	r0, r0, #28928
 214 02d8 AC0040E2 		sub	r0, r0, #172
 215 02dc 0008A0E1 		mov	r0, r0, asl #16
 216 02e0 4008A0E1 		mov	r0, r0, asr #16
 217 02e4 FEFFFFEB 		bl	__floatsisf
 218 02e8 78149FE5 		ldr	r1, .L91+44
 219 02ec FEFFFFEB 		bl	__mulsf3
 220 02f0 FEFFFFEB 		bl	__fixsfsi
 221 02f4 B400CAE1 		strh	r0, [sl, #4]	@ movhi 
 222 02f8 F430DAE1 		ldrsh	r3, [sl, #4]
 223 02fc 960D53E3 		cmp	r3, #9600
 224 0300 963DA0C3 		movgt	r3, #9600	@ movhi
 225 0304 B430CAC1 		strgth	r3, [sl, #4]	@ movhi 
 226 0308 C50000CA 		bgt	.L31
 227 030c 000053E3 		cmp	r3, #0
 228 0310 40349FB5 		ldrlt	r3, .L91+28
 229 0314 0010A0B3 		movlt	r1, #0	@ movhi
 230 0318 B410C3B1 		strlth	r1, [r3, #4]	@ movhi 
 231              	.L31:
 232 031c B640D9E1 		ldrh	r4, [r9, #6]
 233 0320 574C44E2 		sub	r4, r4, #22272
 234 0324 C64044E2 		sub	r4, r4, #198
 235 0328 0448A0E1 		mov	r4, r4, asl #16
 236 032c 4448A0E1 		mov	r4, r4, asr #16
 237 0330 0400A0E1 		mov	r0, r4
 238 0334 FEFFFFEB 		bl	__floatsisf
 239 0338 000054E3 		cmp	r4, #0
 240 033c 28149FA5 		ldrge	r1, .L91+48
 241 0340 28149FB5 		ldrlt	r1, .L91+52
 242 0344 FEFFFFEB 		bl	__mulsf3
 243 0348 FEFFFFEB 		bl	__fixsfsi
 244 034c 04349FE5 		ldr	r3, .L91+28
 245 0350 B600C3E1 		strh	r0, [r3, #6]	@ movhi 
 246 0354 F630DAE1 		ldrsh	r3, [sl, #6]
 247 0358 960D53E3 		cmp	r3, #9600
 248 035c 962DA0C3 		movgt	r2, #9600	@ movhi
 249 0360 B620CAC1 		strgth	r2, [sl, #6]	@ movhi 
 250 0364 DC0000CA 		bgt	.L36
 251 0368 960D73E3 		cmn	r3, #9600
 252 036c E8239FB5 		ldrlt	r2, .L91+32
 253 0370 E0339FB5 		ldrlt	r3, .L91+28
 254 0374 B620C3B1 		strlth	r2, [r3, #6]	@ movhi 
 255              	.L36:
 256 0378 F4839FE5 		ldr	r8, .L91+56
 257 037c 0030D8E5 		ldrb	r3, [r8, #0]	@ zero_extendqisi2
 258 0380 013083E2 		add	r3, r3, #1
 259 0384 EC739FE5 		ldr	r7, .L91+60
 260 0388 0030C8E5 		strb	r3, [r8, #0]
 261 038c 105097E5 		ldr	r5, [r7, #16]
 262 0390 143097E5 		ldr	r3, [r7, #20]
 263 0394 182097E5 		ldr	r2, [r7, #24]
 264 0398 1C1097E5 		ldr	r1, [r7, #28]
 265 039c BE60D9E1 		ldrh	r6, [r9, #14]
 266 03a0 B800D9E1 		ldrh	r0, [r9, #8]
 267 03a4 BAC0D9E1 		ldrh	ip, [r9, #10]
 268 03a8 BCE0D9E1 		ldrh	lr, [r9, #12]
 269 03ac 0040D8E5 		ldrb	r4, [r8, #0]	@ zero_extendqisi2
 270 03b0 005085E0 		add	r5, r5, r0
 271 03b4 0C3083E0 		add	r3, r3, ip
 272 03b8 0E2082E0 		add	r2, r2, lr
 273 03bc 061081E0 		add	r1, r1, r6
 274 03c0 080054E3 		cmp	r4, #8
 275 03c4 143087E5 		str	r3, [r7, #20]
 276 03c8 182087E5 		str	r2, [r7, #24]
 277 03cc 1C1087E5 		str	r1, [r7, #28]
 278 03d0 105087E5 		str	r5, [r7, #16]
 279 03d4 6801001A 		bne	.L59
 280 03d8 C54FA0E1 		mov	r4, r5, asr #31
 281 03dc A44E85E0 		add	r4, r5, r4, lsr #29
 282 03e0 C441A0E1 		mov	r4, r4, asr #3
 283 03e4 594C44E2 		sub	r4, r4, #22784
 284 03e8 5B4044E2 		sub	r4, r4, #91
 285 03ec 0448A0E1 		mov	r4, r4, asl #16
 286 03f0 4448A0E1 		mov	r4, r4, asr #16
 287 03f4 0030A0E3 		mov	r3, #0
 288 03f8 0400A0E1 		mov	r0, r4
 289 03fc 0030C8E5 		strb	r3, [r8, #0]
 290 0400 FEFFFFEB 		bl	__floatsisf
 291 0404 000054E3 		cmp	r4, #0
 292 0408 6C139FA5 		ldrge	r1, .L91+64
 293 040c 6C139FB5 		ldrlt	r1, .L91+68
 294 0410 FEFFFFEB 		bl	__mulsf3
 295 0414 FEFFFFEB 		bl	__fixsfsi
 296 0418 38339FE5 		ldr	r3, .L91+28
 297 041c B800C3E1 		strh	r0, [r3, #8]	@ movhi 
 298 0420 F820DAE1 		ldrsh	r2, [sl, #8]
 299 0424 0030A0E3 		mov	r3, #0
 300 0428 960D52E3 		cmp	r2, #9600
 301 042c 103087E5 		str	r3, [r7, #16]
 302 0430 963DA0C3 		movgt	r3, #9600	@ movhi
 303 0434 B830CAC1 		strgth	r3, [sl, #8]	@ movhi 
 304 0438 110100CA 		bgt	.L42
 305 043c 960D72E3 		cmn	r2, #9600
 306 0440 14239FB5 		ldrlt	r2, .L91+32
 307 0444 0C339FB5 		ldrlt	r3, .L91+28
 308 0448 B820C3B1 		strlth	r2, [r3, #8]	@ movhi 
 309              	.L42:
 310 044c 144097E5 		ldr	r4, [r7, #20]
 311 0450 C43FA0E1 		mov	r3, r4, asr #31
 312 0454 A34E84E0 		add	r4, r4, r3, lsr #29
 313 0458 C441A0E1 		mov	r4, r4, asr #3
 314 045c 594C44E2 		sub	r4, r4, #22784
 315 0460 104044E2 		sub	r4, r4, #16
 316 0464 0448A0E1 		mov	r4, r4, asl #16
 317 0468 4448A0E1 		mov	r4, r4, asr #16
 318 046c 0400A0E1 		mov	r0, r4
 319 0470 FEFFFFEB 		bl	__floatsisf
 320 0474 000054E3 		cmp	r4, #0
 321 0478 04139FA5 		ldrge	r1, .L91+72
 322 047c 04139FB5 		ldrlt	r1, .L91+76
 323 0480 FEFFFFEB 		bl	__mulsf3
 324 0484 FEFFFFEB 		bl	__fixsfsi
 325 0488 C8329FE5 		ldr	r3, .L91+28
 326 048c BA00C3E1 		strh	r0, [r3, #10]	@ movhi 
 327 0490 FA20DAE1 		ldrsh	r2, [sl, #10]
 328 0494 960D52E3 		cmp	r2, #9600
 329 0498 0030A0E3 		mov	r3, #0
 330 049c 961DA0C3 		movgt	r1, #9600	@ movhi
 331 04a0 143087E5 		str	r3, [r7, #20]
 332 04a4 BA10CAC1 		strgth	r1, [sl, #10]	@ movhi 
 333 04a8 2D0100CA 		bgt	.L47
 334 04ac 960D72E3 		cmn	r2, #9600
 335 04b0 A4229FB5 		ldrlt	r2, .L91+32
 336 04b4 9C329FB5 		ldrlt	r3, .L91+28
 337 04b8 BA20C3B1 		strlth	r2, [r3, #10]	@ movhi 
 338              	.L47:
 339 04bc 184097E5 		ldr	r4, [r7, #24]
 340 04c0 C43FA0E1 		mov	r3, r4, asr #31
 341 04c4 A34E84E0 		add	r4, r4, r3, lsr #29
 342 04c8 C441A0E1 		mov	r4, r4, asr #3
 343 04cc 164B44E2 		sub	r4, r4, #22528
 344 04d0 F24044E2 		sub	r4, r4, #242
 345 04d4 0448A0E1 		mov	r4, r4, asl #16
 346 04d8 4448A0E1 		mov	r4, r4, asr #16
 347 04dc 0400A0E1 		mov	r0, r4
 348 04e0 FEFFFFEB 		bl	__floatsisf
 349 04e4 000054E3 		cmp	r4, #0
 350 04e8 9C129FA5 		ldrge	r1, .L91+80
 351 04ec 9C129FB5 		ldrlt	r1, .L91+84
 352 04f0 FEFFFFEB 		bl	__mulsf3
 353 04f4 FEFFFFEB 		bl	__fixsfsi
 354 04f8 58329FE5 		ldr	r3, .L91+28
 355 04fc BC00C3E1 		strh	r0, [r3, #12]	@ movhi 
 356 0500 FC20DAE1 		ldrsh	r2, [sl, #12]
 357 0504 960D52E3 		cmp	r2, #9600
 358 0508 0030A0E3 		mov	r3, #0
 359 050c 962DA0C3 		movgt	r2, #9600	@ movhi
 360 0510 183087E5 		str	r3, [r7, #24]
 361 0514 BC20CAC1 		strgth	r2, [sl, #12]	@ movhi 
 362 0518 490100CA 		bgt	.L52
 363 051c 960D72E3 		cmn	r2, #9600
 364 0520 34229FB5 		ldrlt	r2, .L91+32
 365 0524 2C329FB5 		ldrlt	r3, .L91+28
 366 0528 BC20C3B1 		strlth	r2, [r3, #12]	@ movhi 
 367              	.L52:
 368 052c 1C4097E5 		ldr	r4, [r7, #28]
 369 0530 C43FA0E1 		mov	r3, r4, asr #31
 370 0534 A34E84E0 		add	r4, r4, r3, lsr #29
 371 0538 C441A0E1 		mov	r4, r4, asr #3
 372 053c 594C44E2 		sub	r4, r4, #22784
 373 0540 6A4044E2 		sub	r4, r4, #106
 374 0544 0448A0E1 		mov	r4, r4, asl #16
 375 0548 4448A0E1 		mov	r4, r4, asr #16
 376 054c 0400A0E1 		mov	r0, r4
 377 0550 FEFFFFEB 		bl	__floatsisf
 378 0554 000054E3 		cmp	r4, #0
 379 0558 34129FA5 		ldrge	r1, .L91+88
 380 055c 34129FB5 		ldrlt	r1, .L91+92
 381 0560 FEFFFFEB 		bl	__mulsf3
 382 0564 FEFFFFEB 		bl	__fixsfsi
 383 0568 E8319FE5 		ldr	r3, .L91+28
 384 056c BE00C3E1 		strh	r0, [r3, #14]	@ movhi 
 385 0570 FE20DAE1 		ldrsh	r2, [sl, #14]
 386 0574 0030A0E3 		mov	r3, #0
 387 0578 960D52E3 		cmp	r2, #9600
 388 057c 1C3087E5 		str	r3, [r7, #28]
 389 0580 963DA0C3 		movgt	r3, #9600	@ movhi
 390 0584 BE30CAC1 		strgth	r3, [sl, #14]	@ movhi 
 391 0588 650100CA 		bgt	.L57
 392 058c 960D72E3 		cmn	r2, #9600
 393 0590 C4219FB5 		ldrlt	r2, .L91+32
 394 0594 BC319FB5 		ldrlt	r3, .L91+28
 395 0598 BE20C3B1 		strlth	r2, [r3, #14]	@ movhi 
 396              	.L57:
 397 059c F8319FE5 		ldr	r3, .L91+96
 398 05a0 0120A0E3 		mov	r2, #1
 399 05a4 0020C3E5 		strb	r2, [r3, #0]
 400              	.L59:
 401 05a8 EC319FE5 		ldr	r3, .L91+96
 402 05ac 0030D3E5 		ldrb	r3, [r3, #0]	@ zero_extendqisi2
 403 05b0 000053E3 		cmp	r3, #0
 404 05b4 7301000A 		beq	.L60
 405 05b8 98319FE5 		ldr	r3, .L91+28
 406 05bc FE30D3E1 		ldrsh	r3, [r3, #14]
 407 05c0 D8219FE5 		ldr	r2, .L91+100
 408 05c4 4B0D73E3 		cmn	r3, #4800
 409 05c8 0030A0B3 		movlt	r3, #0
 410 05cc 0130A0A3 		movge	r3, #1
 411 05d0 0030C2E5 		strb	r3, [r2, #0]
 412              	.L60:
 413 05d4 C4319FE5 		ldr	r3, .L91+100
 414 05d8 0030D3E5 		ldrb	r3, [r3, #0]	@ zero_extendqisi2
 415 05dc 000053E3 		cmp	r3, #0
 416 05e0 7F01001A 		bne	.L19
 417 05e4 6C319FE5 		ldr	r3, .L91+28
 418 05e8 B4219FE5 		ldr	r2, .L91+104
 419 05ec B210D3E1 		ldrh	r1, [r3, #2]
 420 05f0 B410C2E1 		strh	r1, [r2, #4]	@ movhi 
 421 05f4 B410D3E1 		ldrh	r1, [r3, #4]
 422 05f8 B030D3E1 		ldrh	r3, [r3, #0]
 423 05fc B010C2E1 		strh	r1, [r2, #0]	@ movhi 
 424 0600 B230C2E1 		strh	r3, [r2, #2]	@ movhi 
 425              	.L19:
 426 0604 9C019FE5 		ldr	r0, .L91+108
 427 0608 0030D0E5 		ldrb	r3, [r0, #0]	@ zero_extendqisi2
 428 060c 000053E3 		cmp	r3, #0
 429 0610 CB01000A 		beq	.L18
 430 0614 84E19FE5 		ldr	lr, .L91+100
 431 0618 0030DEE5 		ldrb	r3, [lr, #0]	@ zero_extendqisi2
 432 061c 010053E3 		cmp	r3, #1
 433 0620 84319FE5 		ldr	r3, .L91+112
 434 0624 0010A0E3 		mov	r1, #0
 435 0628 0120A0E3 		mov	r2, #1
 436 062c 0010C0E5 		strb	r1, [r0, #0]
 437 0630 0020C3E5 		strb	r2, [r3, #0]
 438 0634 74319FE5 		ldr	r3, .L91+116
 439 0638 0010C3E5 		strb	r1, [r3, #0]
 440 063c 70319FE5 		ldr	r3, .L91+120
 441 0640 0020C3E5 		strb	r2, [r3, #0]
 442 0644 9A01001A 		bne	.L64
 443 0648 0100A0E1 		mov	r0, r1
 444              	.L68:
 445 064c 64319FE5 		ldr	r3, .L91+124
 446 0650 001093E5 		ldr	r1, [r3, #0]
 447 0654 8020A0E1 		mov	r2, r0, asl #1
 448 0658 44319FE5 		ldr	r3, .L91+104
 449 065c 010080E2 		add	r0, r0, #1
 450 0660 B11092E1 		ldrh	r1, [r2, r1]
 451 0664 020050E3 		cmp	r0, #2
 452 0668 B31082E1 		strh	r1, [r2, r3]	@ movhi 
 453 066c 910100DA 		ble	.L68
 454              	.L64:
 455 0670 0010A0E3 		mov	r1, #0
 456              	.L72:
 457 0674 013081E2 		add	r3, r1, #1
 458 0678 8120A0E1 		mov	r2, r1, asl #1
 459 067c 38C19FE5 		ldr	ip, .L91+128
 460 0680 FF1003E2 		and	r1, r3, #255
 461 0684 CC309FE5 		ldr	r3, .L91+28
 462 0688 00009CE5 		ldr	r0, [ip, #0]
 463 068c B33092E1 		ldrh	r3, [r2, r3]
 464 0690 070051E3 		cmp	r1, #7
 465 0694 B03082E1 		strh	r3, [r2, r0]	@ movhi 
 466 0698 9B01009A 		bls	.L72
 467 069c 1C319FE5 		ldr	r3, .L91+132
 468 06a0 0030D3E5 		ldrb	r3, [r3, #0]	@ zero_extendqisi2
 469 06a4 1030C0E5 		strb	r3, [r0, #16]
 470 06a8 98309FE5 		ldr	r3, .L91+12
 471 06ac 0030D3E5 		ldrb	r3, [r3, #0]	@ zero_extendqisi2
 472 06b0 012073E2 		rsbs	r2, r3, #1
 473 06b4 0020A033 		movcc	r2, #0
 474 06b8 020053E3 		cmp	r3, #2
 475 06bc FF200212 		andne	r2, r2, #255
 476 06c0 B201001A 		bne	.L74
 477 06c4 000052E3 		cmp	r2, #0
 478 06c8 0320A013 		movne	r2, #3
 479 06cc 0220A003 		moveq	r2, #2
 480              	.L74:
 481 06d0 0030DEE5 		ldrb	r3, [lr, #0]	@ zero_extendqisi2
 482 06d4 010053E3 		cmp	r3, #1
 483 06d8 0030DEE5 		ldrb	r3, [lr, #0]	@ zero_extendqisi2
 484 06dc 04208203 		orreq	r2, r2, #4
 485 06e0 FF200212 		andne	r2, r2, #255
 486 06e4 020053E3 		cmp	r3, #2
 487 06e8 00309CE5 		ldr	r3, [ip, #0]
 488 06ec 08208203 		orreq	r2, r2, #8
 489 06f0 FF200212 		andne	r2, r2, #255
 490 06f4 1120C3E5 		strb	r2, [r3, #17]
 491 06f8 9C109FE5 		ldr	r1, .L91+96
 492 06fc 0030D1E5 		ldrb	r3, [r1, #0]	@ zero_extendqisi2
 493 0700 000053E3 		cmp	r3, #0
 494 0704 C601000A 		beq	.L79
 495 0708 00309CE5 		ldr	r3, [ip, #0]
 496 070c 1120D3E5 		ldrb	r2, [r3, #17]	@ zero_extendqisi2
 497 0710 102082E3 		orr	r2, r2, #16
 498 0714 1120C3E5 		strb	r2, [r3, #17]
 499 0718 0030A0E3 		mov	r3, #0
 500 071c 0030C1E5 		strb	r3, [r1, #0]
 501              	.L79:
 502 0720 94309FE5 		ldr	r3, .L91+128
 503 0724 002093E5 		ldr	r2, [r3, #0]
 504 0728 94309FE5 		ldr	r3, .L91+136
 505 072c 0030D3E5 		ldrb	r3, [r3, #0]	@ zero_extendqisi2
 506 0730 1330C2E5 		strb	r3, [r2, #19]
 507              	.L18:
 508 0734 F06F9DE8 		ldmfd	sp, {r4, r5, r6, r7, r8, r9, sl, fp, sp, lr}
 509 0738 1EFF2FE1 		bx	lr
 510              	.L92:
 511              		.align	2
 512              	.L91:
 513 073c 00000000 		.word	ppm_valid
 514 0740 00000000 		.word	ppm_cpt
 515 0744 00000000 		.word	ppm_pulses
 516 0748 00000000 		.word	rc_status
 517 074c 00000000 		.word	time_since_last_ppm
 518 0750 E059C7BF 		.word	-1077454368
 519 0754 D8DFC5BF 		.word	-1077551144
 520 0758 00000000 		.word	rc_values
 521 075c 80DAFFFF 		.word	-9600
 522 0760 5C83C33F 		.word	1069777756
 523 0764 79CEC93F 		.word	1070190201
 524 0768 289C46BF 		.word	-1085891544
 525 076c 76EDD5BF 		.word	-1076499082
 526 0770 E156B9BF 		.word	-1078372639
 527 0774 00000000 		.word	avg_cpt.7
 528 0778 00000000 		.word	avg_rc_values
 529 077c 165B93BF 		.word	-1080861930
 530 0780 869A93BF 		.word	-1080845690
 531 0784 5FCF923F 		.word	1066585951
 532 0788 A9F6943F 		.word	1066727081
 533 078c 238C923F 		.word	1066568739
 534 0790 DA81953F 		.word	1066762714
 535 0794 9A4D92BF 		.word	-1080930918
 536 0798 2F2394BF 		.word	-1080810705
 537 079c 00000000 		.word	rc_values_contains_avg_channels
 538 07a0 00000000 		.word	fbw_mode
 539 07a4 00000000 		.word	commands
 540 07a8 00000000 		.word	inter_mcu_received_ap
 541 07ac 00000000 		.word	inter_mcu_received_fbw
 542 07b0 00000000 		.word	time_since_last_ap
 543 07b4 00000000 		.word	ap_ok
 544 07b8 00000000 		.word	ap_state
 545 07bc 00000000 		.word	fbw_state
 546 07c0 00000000 		.word	last_ppm_cpt
 547 07c4 00000000 		.word	fbw_vsupply_decivolt
 549              		.bss
 550              	_10Hz.0:
 551 0001 00       		.space	1
 552              	_1Hz.1:
 553 0002 00       		.space	1
 554              	i60.2:
 555 0003 00       		.space	1
 556              		.align	1
 557              	i300.3:
 558 0004 0000     		.space	2
 559              	i30.4:
 560 0006 00       		.space	1
 561              	i60.5:
 562 0007 00       		.space	1
 563              		.align	1
 564              	i300.6:
 565 0008 0000     		.space	2
 566              		.global	__divsi3
 567              		.global	__floatsidf
 568              		.global	__muldf3
 569              		.global	__fixunsdfsi
 570              		.global	__extendsfdf2
 571              		.global	__gtsf2
 572              		.global	__truncdfsf2
 573              		.global	__adddf3
 574              		.global	__subdf3
 575              		.text
 576              		.align	2
 577              		.global	periodic_task_fbw
 579              	periodic_task_fbw:
 580              		@ Function supports interworking.
 581              		@ args = 0, pretend = 0, frame = 0
 582              		@ frame_needed = 1, uses_anonymous_args = 0
 583 07c8 0DC0A0E1 		mov	ip, sp
 584 07cc F0DD2DE9 		stmfd	sp!, {r4, r5, r6, r7, r8, sl, fp, ip, lr, pc}
 585 07d0 C8AA9FE5 		ldr	sl, .L195+64
 586 07d4 0030DAE5 		ldrb	r3, [sl, #0]	@ zero_extendqisi2
 587 07d8 013083E2 		add	r3, r3, #1
 588 07dc 0030CAE5 		strb	r3, [sl, #0]
 589 07e0 0030DAE5 		ldrb	r3, [sl, #0]	@ zero_extendqisi2
 590 07e4 04B04CE2 		sub	fp, ip, #4
 591 07e8 050053E3 		cmp	r3, #5
 592 07ec B0CA9FE5 		ldr	ip, .L195+68
 593 07f0 0030A083 		movhi	r3, #0
 594 07f4 0030CA85 		strhib	r3, [sl, #0]
 595 07f8 0030DCE5 		ldrb	r3, [ip, #0]	@ zero_extendqisi2
 596 07fc 013083E2 		add	r3, r3, #1
 597 0800 0030CCE5 		strb	r3, [ip, #0]
 598 0804 0030DCE5 		ldrb	r3, [ip, #0]	@ zero_extendqisi2
 599 0808 3B0053E3 		cmp	r3, #59
 600 080c 0902009A 		bls	.L95
 601 0810 900A9FE5 		ldr	r0, .L195+72
 602 0814 903A9FE5 		ldr	r3, .L195+76
 603 0818 0010D0E5 		ldrb	r1, [r0, #0]	@ zero_extendqisi2
 604 081c 0020A0E3 		mov	r2, #0
 605 0820 0010C3E5 		strb	r1, [r3, #0]
 606 0824 0020C0E5 		strb	r2, [r0, #0]
 607 0828 0020CCE5 		strb	r2, [ip, #0]
 608              	.L95:
 609 082c 7C0A9FE5 		ldr	r0, .L195+80
 610 0830 0010D0E5 		ldrb	r1, [r0, #0]	@ zero_extendqisi2
 611 0834 FF3001E2 		and	r3, r1, #255
 612 0838 3B0053E3 		cmp	r3, #59
 613 083c 703A9F85 		ldrhi	r3, .L195+84
 614 0840 0220A083 		movhi	r2, #2
 615 0844 0020C385 		strhib	r2, [r3, #0]
 616 0848 1702008A 		bhi	.L99
 617 084c 1D0053E3 		cmp	r3, #29
 618 0850 5C3A9F85 		ldrhi	r3, .L195+84
 619 0854 0120A083 		movhi	r2, #1
 620 0858 0020C385 		strhib	r2, [r3, #0]
 621 085c 013081E2 		add	r3, r1, #1
 622 0860 0030C0E5 		strb	r3, [r0, #0]
 623              	.L99:
 624 0864 4C5A9FE5 		ldr	r5, .L195+88
 625 0868 0030D5E5 		ldrb	r3, [r5, #0]	@ zero_extendqisi2
 626 086c 000053E3 		cmp	r3, #0
 627 0870 2002001A 		bne	.L100
 628 0874 383A9FE5 		ldr	r3, .L195+84
 629 0878 0030D3E5 		ldrb	r3, [r3, #0]	@ zero_extendqisi2
 630 087c 020053E3 		cmp	r3, #2
 631 0880 01304302 		subeq	r3, r3, #1
 632 0884 0030C505 		streqb	r3, [r5, #0]
 633              	.L100:
 634 0888 2C2A9FE5 		ldr	r2, .L195+92
 635 088c 0030D2E5 		ldrb	r3, [r2, #0]	@ zero_extendqisi2
 636 0890 1D0053E3 		cmp	r3, #29
 637 0894 243A9F85 		ldrhi	r3, .L195+96
 638 0898 01308392 		addls	r3, r3, #1
 639 089c 0020A083 		movhi	r2, #0
 640 08a0 0020C385 		strhib	r2, [r3, #0]
 641 08a4 0030C295 		strlsb	r3, [r2, #0]
 642 08a8 0030D5E5 		ldrb	r3, [r5, #0]	@ zero_extendqisi2
 643 08ac 010053E3 		cmp	r3, #1
 644 08b0 3A02001A 		bne	.L104
 645 08b4 043A9FE5 		ldr	r3, .L195+96
 646 08b8 0010D3E5 		ldrb	r1, [r3, #0]	@ zero_extendqisi2
 647 08bc 000051E3 		cmp	r1, #0
 648 08c0 3A02001A 		bne	.L104
 649 08c4 0230A0E3 		mov	r3, #2
 650 08c8 0030C5E5 		strb	r3, [r5, #0]
 651 08cc 0100A0E1 		mov	r0, r1
 652              	.L108:
 653 08d0 EC299FE5 		ldr	r2, .L195+100
 654 08d4 8010A0E1 		mov	r1, r0, asl #1
 655 08d8 E8399FE5 		ldr	r3, .L195+104
 656 08dc 010080E2 		add	r0, r0, #1
 657 08e0 B22091E1 		ldrh	r2, [r1, r2]
 658 08e4 020050E3 		cmp	r0, #2
 659 08e8 B32081E1 		strh	r2, [r1, r3]	@ movhi 
 660 08ec 320200DA 		ble	.L108
 661              	.L104:
 662 08f0 D4899FE5 		ldr	r8, .L195+108
 663 08f4 0060D8E5 		ldrb	r6, [r8, #0]	@ zero_extendqisi2
 664 08f8 000056E3 		cmp	r6, #0
 665 08fc DA02001A 		bne	.L110
 666 0900 C8299FE5 		ldr	r2, .L195+112
 667 0904 0030D2E5 		ldrb	r3, [r2, #0]	@ zero_extendqisi2
 668 0908 013083E2 		add	r3, r3, #1
 669 090c 0030C2E5 		strb	r3, [r2, #0]
 670 0910 BC799FE5 		ldr	r7, .L195+116
 671 0914 0030D2E5 		ldrb	r3, [r2, #0]	@ zero_extendqisi2
 672 0918 3B0053E3 		cmp	r3, #59
 673 091c B030D7E1 		ldrh	r3, [r7, #0]
 674 0920 013083E2 		add	r3, r3, #1
 675 0924 B030C7E1 		strh	r3, [r7, #0]	@ movhi 
 676 0928 0060C285 		strhib	r6, [r2, #0]
 677 092c B030D7E1 		ldrh	r3, [r7, #0]
 678 0930 4B0F53E3 		cmp	r3, #300
 679 0934 0030D2E5 		ldrb	r3, [r2, #0]	@ zero_extendqisi2
 680 0938 B060C721 		strcsh	r6, [r7, #0]	@ movhi 
 681 093c 000053E3 		cmp	r3, #0
 682 0940 7802001A 		bne	.L113
 683 0944 0E00A0E3 		mov	r0, #14
 684 0948 FEFFFFEB 		bl	uart0_check_free_space
 685 094c FF0010E3 		tst	r0, #255
 686 0950 A302000A 		beq	.L122
 687 0954 7C599FE5 		ldr	r5, .L195+120
 688 0958 0900A0E3 		mov	r0, #9
 689 095c 0060C5E5 		strb	r6, [r5, #0]
 690 0960 FEFFFFEB 		bl	uart0_transmit
 691 0964 0030D5E5 		ldrb	r3, [r5, #0]	@ zero_extendqisi2
 692 0968 273083E2 		add	r3, r3, #39
 693 096c 2700A0E3 		mov	r0, #39
 694 0970 0030C5E5 		strb	r3, [r5, #0]
 695 0974 FEFFFFEB 		bl	uart0_transmit
 696 0978 0030D5E5 		ldrb	r3, [r5, #0]	@ zero_extendqisi2
 697 097c 663083E2 		add	r3, r3, #102
 698 0980 6600A0E3 		mov	r0, #102
 699 0984 0030C5E5 		strb	r3, [r5, #0]
 700 0988 FEFFFFEB 		bl	uart0_transmit
 701 098c 0030D5E5 		ldrb	r3, [r5, #0]	@ zero_extendqisi2
 702 0990 033083E2 		add	r3, r3, #3
 703 0994 0300A0E3 		mov	r0, #3
 704 0998 0030C5E5 		strb	r3, [r5, #0]
 705 099c FEFFFFEB 		bl	uart0_transmit
 706              	.L118:
 707 09a0 20499FE5 		ldr	r4, .L195+104
 708 09a4 0030D5E5 		ldrb	r3, [r5, #0]	@ zero_extendqisi2
 709 09a8 8600D4E7 		ldrb	r0, [r4, r6, asl #1]	@ zero_extendqisi2
 710 09ac 033080E0 		add	r3, r0, r3
 711 09b0 0030C5E5 		strb	r3, [r5, #0]
 712 09b4 014084E2 		add	r4, r4, #1
 713 09b8 FEFFFFEB 		bl	uart0_transmit
 714 09bc 8630D4E7 		ldrb	r3, [r4, r6, asl #1]	@ zero_extendqisi2
 715 09c0 0020D5E5 		ldrb	r2, [r5, #0]	@ zero_extendqisi2
 716 09c4 0300A0E1 		mov	r0, r3
 717 09c8 023083E0 		add	r3, r3, r2
 718 09cc 0030C5E5 		strb	r3, [r5, #0]
 719 09d0 FEFFFFEB 		bl	uart0_transmit
 720 09d4 013086E2 		add	r3, r6, #1
 721 09d8 FF6003E2 		and	r6, r3, #255
 722 09dc 020056E3 		cmp	r6, #2
 723 09e0 6602009A 		bls	.L118
 724 09e4 A00200EA 		b	.L192
 725              	.L113:
 726 09e8 060053E3 		cmp	r3, #6
 727 09ec A702001A 		bne	.L120
 728 09f0 0A00A0E3 		mov	r0, #10
 729 09f4 FEFFFFEB 		bl	uart0_check_free_space
 730 09f8 FF0010E3 		tst	r0, #255
 731 09fc A302000A 		beq	.L122
 732 0a00 D0489FE5 		ldr	r4, .L195+120
 733 0a04 0500A0E3 		mov	r0, #5
 734 0a08 0060C4E5 		strb	r6, [r4, #0]
 735 0a0c FEFFFFEB 		bl	uart0_transmit
 736 0a10 0030D4E5 		ldrb	r3, [r4, #0]	@ zero_extendqisi2
 737 0a14 273083E2 		add	r3, r3, #39
 738 0a18 2700A0E3 		mov	r0, #39
 739 0a1c 0030C4E5 		strb	r3, [r4, #0]
 740 0a20 FEFFFFEB 		bl	uart0_transmit
 741 0a24 0030D4E5 		ldrb	r3, [r4, #0]	@ zero_extendqisi2
 742 0a28 673083E2 		add	r3, r3, #103
 743 0a2c 6700A0E3 		mov	r0, #103
 744 0a30 0030C4E5 		strb	r3, [r4, #0]
 745 0a34 FEFFFFEB 		bl	uart0_transmit
 746 0a38 74389FE5 		ldr	r3, .L195+84
 747 0a3c 0020D4E5 		ldrb	r2, [r4, #0]	@ zero_extendqisi2
 748 0a40 0030D3E5 		ldrb	r3, [r3, #0]	@ zero_extendqisi2
 749 0a44 0300A0E1 		mov	r0, r3
 750 0a48 023083E0 		add	r3, r3, r2
 751 0a4c 0030C4E5 		strb	r3, [r4, #0]
 752 0a50 FEFFFFEB 		bl	uart0_transmit
 753 0a54 0030D5E5 		ldrb	r3, [r5, #0]	@ zero_extendqisi2
 754 0a58 0020D4E5 		ldrb	r2, [r4, #0]	@ zero_extendqisi2
 755 0a5c 0300A0E1 		mov	r0, r3
 756 0a60 023083E0 		add	r3, r3, r2
 757 0a64 0030C4E5 		strb	r3, [r4, #0]
 758 0a68 FEFFFFEB 		bl	uart0_transmit
 759 0a6c 68389FE5 		ldr	r3, .L195+124
 760 0a70 0020D4E5 		ldrb	r2, [r4, #0]	@ zero_extendqisi2
 761 0a74 0030D3E5 		ldrb	r3, [r3, #0]	@ zero_extendqisi2
 762 0a78 0300A0E1 		mov	r0, r3
 763 0a7c 023083E0 		add	r3, r3, r2
 764 0a80 0030C4E5 		strb	r3, [r4, #0]
 765 0a84 FEFFFFEB 		bl	uart0_transmit
 766              	.L192:
 767 0a88 FF00A0E3 		mov	r0, #255
 768 0a8c FEFFFFEB 		bl	uart0_transmit
 769 0a90 A70200EA 		b	.L120
 770              	.L122:
 771 0a94 44289FE5 		ldr	r2, .L195+128
 772 0a98 0030D2E5 		ldrb	r3, [r2, #0]	@ zero_extendqisi2
 773 0a9c 013083E2 		add	r3, r3, #1
 774 0aa0 0030C2E5 		strb	r3, [r2, #0]
 775              	.L120:
 776 0aa4 B030D7E1 		ldrh	r3, [r7, #0]
 777 0aa8 0C0053E3 		cmp	r3, #12
 778 0aac DA02001A 		bne	.L110
 779 0ab0 1000A0E3 		mov	r0, #16
 780 0ab4 FEFFFFEB 		bl	uart0_check_free_space
 781 0ab8 FF0010E3 		tst	r0, #255
 782 0abc 1C289F05 		ldreq	r2, .L195+128
 783 0ac0 0030D205 		ldreqb	r3, [r2, #0]	@ zero_extendqisi2
 784 0ac4 01308302 		addeq	r3, r3, #1
 785 0ac8 0030C205 		streqb	r3, [r2, #0]
 786 0acc DA02000A 		beq	.L110
 787 0ad0 00589FE5 		ldr	r5, .L195+120
 788 0ad4 0040A0E3 		mov	r4, #0
 789 0ad8 0B00A0E3 		mov	r0, #11
 790 0adc 0040C5E5 		strb	r4, [r5, #0]
 791 0ae0 FEFFFFEB 		bl	uart0_transmit
 792 0ae4 0030D5E5 		ldrb	r3, [r5, #0]	@ zero_extendqisi2
 793 0ae8 273083E2 		add	r3, r3, #39
 794 0aec 2700A0E3 		mov	r0, #39
 795 0af0 0030C5E5 		strb	r3, [r5, #0]
 796 0af4 FEFFFFEB 		bl	uart0_transmit
 797 0af8 0030D5E5 		ldrb	r3, [r5, #0]	@ zero_extendqisi2
 798 0afc 693083E2 		add	r3, r3, #105
 799 0b00 6900A0E3 		mov	r0, #105
 800 0b04 0030C5E5 		strb	r3, [r5, #0]
 801 0b08 FEFFFFEB 		bl	uart0_transmit
 802 0b0c 0030D5E5 		ldrb	r3, [r5, #0]	@ zero_extendqisi2
 803 0b10 043083E2 		add	r3, r3, #4
 804 0b14 0400A0E3 		mov	r0, #4
 805 0b18 0030C5E5 		strb	r3, [r5, #0]
 806 0b1c FEFFFFEB 		bl	uart0_transmit
 807 0b20 0460A0E1 		mov	r6, r4
 808              	.L129:
 809 0b24 B8479FE5 		ldr	r4, .L195+132
 810 0b28 0030D5E5 		ldrb	r3, [r5, #0]	@ zero_extendqisi2
 811 0b2c 8600D4E7 		ldrb	r0, [r4, r6, asl #1]	@ zero_extendqisi2
 812 0b30 033080E0 		add	r3, r0, r3
 813 0b34 0030C5E5 		strb	r3, [r5, #0]
 814 0b38 014084E2 		add	r4, r4, #1
 815 0b3c FEFFFFEB 		bl	uart0_transmit
 816 0b40 8630D4E7 		ldrb	r3, [r4, r6, asl #1]	@ zero_extendqisi2
 817 0b44 0020D5E5 		ldrb	r2, [r5, #0]	@ zero_extendqisi2
 818 0b48 0300A0E1 		mov	r0, r3
 819 0b4c 023083E0 		add	r3, r3, r2
 820 0b50 0030C5E5 		strb	r3, [r5, #0]
 821 0b54 FEFFFFEB 		bl	uart0_transmit
 822 0b58 013086E2 		add	r3, r6, #1
 823 0b5c FF6003E2 		and	r6, r3, #255
 824 0b60 030056E3 		cmp	r6, #3
 825 0b64 C702009A 		bls	.L129
 826 0b68 FF00A0E3 		mov	r0, #255
 827 0b6c FEFFFFEB 		bl	uart0_transmit
 828              	.L110:
 829 0b70 0030D8E5 		ldrb	r3, [r8, #0]	@ zero_extendqisi2
 830 0b74 010053E3 		cmp	r3, #1
 831 0b78 E603001A 		bne	.L168
 832 0b7c 64279FE5 		ldr	r2, .L195+136
 833 0b80 0030D2E5 		ldrb	r3, [r2, #0]	@ zero_extendqisi2
 834 0b84 013083E2 		add	r3, r3, #1
 835 0b88 0030C2E5 		strb	r3, [r2, #0]
 836 0b8c 0030D2E5 		ldrb	r3, [r2, #0]	@ zero_extendqisi2
 837 0b90 54779FE5 		ldr	r7, .L195+140
 838 0b94 1D0053E3 		cmp	r3, #29
 839 0b98 0030A083 		movhi	r3, #0
 840 0b9c 0030C285 		strhib	r3, [r2, #0]
 841 0ba0 0030D7E5 		ldrb	r3, [r7, #0]	@ zero_extendqisi2
 842 0ba4 013083E2 		add	r3, r3, #1
 843 0ba8 0030C7E5 		strb	r3, [r7, #0]
 844 0bac 0030D7E5 		ldrb	r3, [r7, #0]	@ zero_extendqisi2
 845 0bb0 38879FE5 		ldr	r8, .L195+144
 846 0bb4 3B0053E3 		cmp	r3, #59
 847 0bb8 0030A083 		movhi	r3, #0
 848 0bbc 0030C785 		strhib	r3, [r7, #0]
 849 0bc0 B030D8E1 		ldrh	r3, [r8, #0]
 850 0bc4 013083E2 		add	r3, r3, #1
 851 0bc8 B030C8E1 		strh	r3, [r8, #0]	@ movhi 
 852 0bcc B030D8E1 		ldrh	r3, [r8, #0]
 853 0bd0 0040D2E5 		ldrb	r4, [r2, #0]	@ zero_extendqisi2
 854 0bd4 4B0F53E3 		cmp	r3, #300
 855 0bd8 0030A023 		movcs	r3, #0	@ movhi
 856 0bdc B030C821 		strcsh	r3, [r8, #0]	@ movhi 
 857 0be0 000054E3 		cmp	r4, #0
 858 0be4 2203001A 		bne	.L135
 859 0be8 1800A0E3 		mov	r0, #24
 860 0bec FEFFFFEB 		bl	uart0_check_free_space
 861 0bf0 FF0010E3 		tst	r0, #255
 862 0bf4 7E03000A 		beq	.L152
 863 0bf8 D8569FE5 		ldr	r5, .L195+120
 864 0bfc 1300A0E3 		mov	r0, #19
 865 0c00 0040C5E5 		strb	r4, [r5, #0]
 866 0c04 FEFFFFEB 		bl	uart0_transmit
 867 0c08 0030D5E5 		ldrb	r3, [r5, #0]	@ zero_extendqisi2
 868 0c0c 273083E2 		add	r3, r3, #39
 869 0c10 2700A0E3 		mov	r0, #39
 870 0c14 0030C5E5 		strb	r3, [r5, #0]
 871 0c18 FEFFFFEB 		bl	uart0_transmit
 872 0c1c 0030D5E5 		ldrb	r3, [r5, #0]	@ zero_extendqisi2
 873 0c20 643083E2 		add	r3, r3, #100
 874 0c24 6400A0E3 		mov	r0, #100
 875 0c28 0030C5E5 		strb	r3, [r5, #0]
 876 0c2c FEFFFFEB 		bl	uart0_transmit
 877 0c30 0030D5E5 		ldrb	r3, [r5, #0]	@ zero_extendqisi2
 878 0c34 083083E2 		add	r3, r3, #8
 879 0c38 0800A0E3 		mov	r0, #8
 880 0c3c 0030C5E5 		strb	r3, [r5, #0]
 881 0c40 FEFFFFEB 		bl	uart0_transmit
 882 0c44 0460A0E1 		mov	r6, r4
 883              	.L140:
 884 0c48 A4469FE5 		ldr	r4, .L195+148
 885 0c4c 0030D5E5 		ldrb	r3, [r5, #0]	@ zero_extendqisi2
 886 0c50 8600D4E7 		ldrb	r0, [r4, r6, asl #1]	@ zero_extendqisi2
 887 0c54 033080E0 		add	r3, r0, r3
 888 0c58 0030C5E5 		strb	r3, [r5, #0]
 889 0c5c 014084E2 		add	r4, r4, #1
 890 0c60 FEFFFFEB 		bl	uart0_transmit
 891 0c64 8630D4E7 		ldrb	r3, [r4, r6, asl #1]	@ zero_extendqisi2
 892 0c68 0020D5E5 		ldrb	r2, [r5, #0]	@ zero_extendqisi2
 893 0c6c 0300A0E1 		mov	r0, r3
 894 0c70 023083E0 		add	r3, r3, r2
 895 0c74 0030C5E5 		strb	r3, [r5, #0]
 896 0c78 FEFFFFEB 		bl	uart0_transmit
 897 0c7c 013086E2 		add	r3, r6, #1
 898 0c80 FF6003E2 		and	r6, r3, #255
 899 0c84 070056E3 		cmp	r6, #7
 900 0c88 1003009A 		bls	.L140
 901 0c8c 7B0300EA 		b	.L193
 902              	.L135:
 903 0c90 060054E3 		cmp	r4, #6
 904 0c94 4F03001A 		bne	.L143
 905 0c98 1800A0E3 		mov	r0, #24
 906 0c9c FEFFFFEB 		bl	uart0_check_free_space
 907 0ca0 FF0010E3 		tst	r0, #255
 908 0ca4 7E03000A 		beq	.L152
 909 0ca8 28569FE5 		ldr	r5, .L195+120
 910 0cac 064044E2 		sub	r4, r4, #6
 911 0cb0 1300A0E3 		mov	r0, #19
 912 0cb4 0040C5E5 		strb	r4, [r5, #0]
 913 0cb8 FEFFFFEB 		bl	uart0_transmit
 914 0cbc 0030D5E5 		ldrb	r3, [r5, #0]	@ zero_extendqisi2
 915 0cc0 273083E2 		add	r3, r3, #39
 916 0cc4 2700A0E3 		mov	r0, #39
 917 0cc8 0030C5E5 		strb	r3, [r5, #0]
 918 0ccc FEFFFFEB 		bl	uart0_transmit
 919 0cd0 0030D5E5 		ldrb	r3, [r5, #0]	@ zero_extendqisi2
 920 0cd4 653083E2 		add	r3, r3, #101
 921 0cd8 6500A0E3 		mov	r0, #101
 922 0cdc 0030C5E5 		strb	r3, [r5, #0]
 923 0ce0 FEFFFFEB 		bl	uart0_transmit
 924 0ce4 0030D5E5 		ldrb	r3, [r5, #0]	@ zero_extendqisi2
 925 0ce8 083083E2 		add	r3, r3, #8
 926 0cec 0800A0E3 		mov	r0, #8
 927 0cf0 0030C5E5 		strb	r3, [r5, #0]
 928 0cf4 FEFFFFEB 		bl	uart0_transmit
 929 0cf8 0460A0E1 		mov	r6, r4
 930              	.L148:
 931 0cfc F4459FE5 		ldr	r4, .L195+152
 932 0d00 0030D5E5 		ldrb	r3, [r5, #0]	@ zero_extendqisi2
 933 0d04 8600D4E7 		ldrb	r0, [r4, r6, asl #1]	@ zero_extendqisi2
 934 0d08 033080E0 		add	r3, r0, r3
 935 0d0c 0030C5E5 		strb	r3, [r5, #0]
 936 0d10 014084E2 		add	r4, r4, #1
 937 0d14 FEFFFFEB 		bl	uart0_transmit
 938 0d18 8630D4E7 		ldrb	r3, [r4, r6, asl #1]	@ zero_extendqisi2
 939 0d1c 0020D5E5 		ldrb	r2, [r5, #0]	@ zero_extendqisi2
 940 0d20 0300A0E1 		mov	r0, r3
 941 0d24 023083E0 		add	r3, r3, r2
 942 0d28 0030C5E5 		strb	r3, [r5, #0]
 943 0d2c FEFFFFEB 		bl	uart0_transmit
 944 0d30 013086E2 		add	r3, r6, #1
 945 0d34 FF6003E2 		and	r6, r3, #255
 946 0d38 070056E3 		cmp	r6, #7
 947 0d3c 3D03009A 		bls	.L148
 948 0d40 7B0300EA 		b	.L193
 949              	.L143:
 950 0d44 0C0054E3 		cmp	r4, #12
 951 0d48 8203001A 		bne	.L142
 952 0d4c 0E00A0E3 		mov	r0, #14
 953 0d50 FEFFFFEB 		bl	uart0_check_free_space
 954 0d54 FF0010E3 		tst	r0, #255
 955 0d58 7E03000A 		beq	.L152
 956 0d5c 74559FE5 		ldr	r5, .L195+120
 957 0d60 0C4044E2 		sub	r4, r4, #12
 958 0d64 0900A0E3 		mov	r0, #9
 959 0d68 0040C5E5 		strb	r4, [r5, #0]
 960 0d6c FEFFFFEB 		bl	uart0_transmit
 961 0d70 0030D5E5 		ldrb	r3, [r5, #0]	@ zero_extendqisi2
 962 0d74 273083E2 		add	r3, r3, #39
 963 0d78 2700A0E3 		mov	r0, #39
 964 0d7c 0030C5E5 		strb	r3, [r5, #0]
 965 0d80 FEFFFFEB 		bl	uart0_transmit
 966 0d84 0030D5E5 		ldrb	r3, [r5, #0]	@ zero_extendqisi2
 967 0d88 663083E2 		add	r3, r3, #102
 968 0d8c 6600A0E3 		mov	r0, #102
 969 0d90 0030C5E5 		strb	r3, [r5, #0]
 970 0d94 FEFFFFEB 		bl	uart0_transmit
 971 0d98 0030D5E5 		ldrb	r3, [r5, #0]	@ zero_extendqisi2
 972 0d9c 033083E2 		add	r3, r3, #3
 973 0da0 0300A0E3 		mov	r0, #3
 974 0da4 0030C5E5 		strb	r3, [r5, #0]
 975 0da8 FEFFFFEB 		bl	uart0_transmit
 976 0dac 0460A0E1 		mov	r6, r4
 977              	.L156:
 978 0db0 10459FE5 		ldr	r4, .L195+104
 979 0db4 0030D5E5 		ldrb	r3, [r5, #0]	@ zero_extendqisi2
 980 0db8 8600D4E7 		ldrb	r0, [r4, r6, asl #1]	@ zero_extendqisi2
 981 0dbc 033080E0 		add	r3, r0, r3
 982 0dc0 0030C5E5 		strb	r3, [r5, #0]
 983 0dc4 014084E2 		add	r4, r4, #1
 984 0dc8 FEFFFFEB 		bl	uart0_transmit
 985 0dcc 8630D4E7 		ldrb	r3, [r4, r6, asl #1]	@ zero_extendqisi2
 986 0dd0 0020D5E5 		ldrb	r2, [r5, #0]	@ zero_extendqisi2
 987 0dd4 0300A0E1 		mov	r0, r3
 988 0dd8 023083E0 		add	r3, r3, r2
 989 0ddc 0030C5E5 		strb	r3, [r5, #0]
 990 0de0 FEFFFFEB 		bl	uart0_transmit
 991 0de4 013086E2 		add	r3, r6, #1
 992 0de8 FF6003E2 		and	r6, r3, #255
 993 0dec 020056E3 		cmp	r6, #2
 994 0df0 6A03009A 		bls	.L156
 995              	.L193:
 996 0df4 FF00A0E3 		mov	r0, #255
 997 0df8 FEFFFFEB 		bl	uart0_transmit
 998 0dfc 820300EA 		b	.L142
 999              	.L152:
 1000 0e00 D8249FE5 		ldr	r2, .L195+128
 1001 0e04 0030D2E5 		ldrb	r3, [r2, #0]	@ zero_extendqisi2
 1002 0e08 013083E2 		add	r3, r3, #1
 1003 0e0c 0030C2E5 		strb	r3, [r2, #0]
 1004              	.L142:
 1005 0e10 0030D7E5 		ldrb	r3, [r7, #0]	@ zero_extendqisi2
 1006 0e14 120053E3 		cmp	r3, #18
 1007 0e18 B303001A 		bne	.L158
 1008 0e1c 0A00A0E3 		mov	r0, #10
 1009 0e20 FEFFFFEB 		bl	uart0_check_free_space
 1010 0e24 FF0010E3 		tst	r0, #255
 1011 0e28 B0249F05 		ldreq	r2, .L195+128
 1012 0e2c 0030D205 		ldreqb	r3, [r2, #0]	@ zero_extendqisi2
 1013 0e30 01308302 		addeq	r3, r3, #1
 1014 0e34 0030C205 		streqb	r3, [r2, #0]
 1015 0e38 B303000A 		beq	.L158
 1016 0e3c 94449FE5 		ldr	r4, .L195+120
 1017 0e40 0030A0E3 		mov	r3, #0
 1018 0e44 0500A0E3 		mov	r0, #5
 1019 0e48 0030C4E5 		strb	r3, [r4, #0]
 1020 0e4c FEFFFFEB 		bl	uart0_transmit
 1021 0e50 0030D4E5 		ldrb	r3, [r4, #0]	@ zero_extendqisi2
 1022 0e54 273083E2 		add	r3, r3, #39
 1023 0e58 2700A0E3 		mov	r0, #39
 1024 0e5c 0030C4E5 		strb	r3, [r4, #0]
 1025 0e60 FEFFFFEB 		bl	uart0_transmit
 1026 0e64 0030D4E5 		ldrb	r3, [r4, #0]	@ zero_extendqisi2
 1027 0e68 673083E2 		add	r3, r3, #103
 1028 0e6c 6700A0E3 		mov	r0, #103
 1029 0e70 0030C4E5 		strb	r3, [r4, #0]
 1030 0e74 FEFFFFEB 		bl	uart0_transmit
 1031 0e78 34349FE5 		ldr	r3, .L195+84
 1032 0e7c 0020D4E5 		ldrb	r2, [r4, #0]	@ zero_extendqisi2
 1033 0e80 0030D3E5 		ldrb	r3, [r3, #0]	@ zero_extendqisi2
 1034 0e84 0300A0E1 		mov	r0, r3
 1035 0e88 023083E0 		add	r3, r3, r2
 1036 0e8c 0030C4E5 		strb	r3, [r4, #0]
 1037 0e90 FEFFFFEB 		bl	uart0_transmit
 1038 0e94 1C349FE5 		ldr	r3, .L195+88
 1039 0e98 0020D4E5 		ldrb	r2, [r4, #0]	@ zero_extendqisi2
 1040 0e9c 0030D3E5 		ldrb	r3, [r3, #0]	@ zero_extendqisi2
 1041 0ea0 0300A0E1 		mov	r0, r3
 1042 0ea4 023083E0 		add	r3, r3, r2
 1043 0ea8 0030C4E5 		strb	r3, [r4, #0]
 1044 0eac FEFFFFEB 		bl	uart0_transmit
 1045 0eb0 24349FE5 		ldr	r3, .L195+124
 1046 0eb4 0020D4E5 		ldrb	r2, [r4, #0]	@ zero_extendqisi2
 1047 0eb8 0030D3E5 		ldrb	r3, [r3, #0]	@ zero_extendqisi2
 1048 0ebc 0300A0E1 		mov	r0, r3
 1049 0ec0 023083E0 		add	r3, r3, r2
 1050 0ec4 0030C4E5 		strb	r3, [r4, #0]
 1051 0ec8 FEFFFFEB 		bl	uart0_transmit
 1052 0ecc FF00A0E3 		mov	r0, #255
 1053 0ed0 FEFFFFEB 		bl	uart0_transmit
 1054              	.L158:
 1055 0ed4 B030D8E1 		ldrh	r3, [r8, #0]
 1056 0ed8 180053E3 		cmp	r3, #24
 1057 0edc E603001A 		bne	.L168
 1058 0ee0 1000A0E3 		mov	r0, #16
 1059 0ee4 FEFFFFEB 		bl	uart0_check_free_space
 1060 0ee8 FF0010E3 		tst	r0, #255
 1061 0eec EC239F05 		ldreq	r2, .L195+128
 1062 0ef0 0030D205 		ldreqb	r3, [r2, #0]	@ zero_extendqisi2
 1063 0ef4 01308302 		addeq	r3, r3, #1
 1064 0ef8 0030C205 		streqb	r3, [r2, #0]
 1065 0efc E603000A 		beq	.L168
 1066 0f00 D0539FE5 		ldr	r5, .L195+120
 1067 0f04 0040A0E3 		mov	r4, #0
 1068 0f08 0B00A0E3 		mov	r0, #11
 1069 0f0c 0040C5E5 		strb	r4, [r5, #0]
 1070 0f10 FEFFFFEB 		bl	uart0_transmit
 1071 0f14 0030D5E5 		ldrb	r3, [r5, #0]	@ zero_extendqisi2
 1072 0f18 273083E2 		add	r3, r3, #39
 1073 0f1c 2700A0E3 		mov	r0, #39
 1074 0f20 0030C5E5 		strb	r3, [r5, #0]
 1075 0f24 FEFFFFEB 		bl	uart0_transmit
 1076 0f28 0030D5E5 		ldrb	r3, [r5, #0]	@ zero_extendqisi2
 1077 0f2c 693083E2 		add	r3, r3, #105
 1078 0f30 6900A0E3 		mov	r0, #105
 1079 0f34 0030C5E5 		strb	r3, [r5, #0]
 1080 0f38 FEFFFFEB 		bl	uart0_transmit
 1081 0f3c 0030D5E5 		ldrb	r3, [r5, #0]	@ zero_extendqisi2
 1082 0f40 043083E2 		add	r3, r3, #4
 1083 0f44 0400A0E3 		mov	r0, #4
 1084 0f48 0030C5E5 		strb	r3, [r5, #0]
 1085 0f4c FEFFFFEB 		bl	uart0_transmit
 1086 0f50 0460A0E1 		mov	r6, r4
 1087              	.L166:
 1088 0f54 88439FE5 		ldr	r4, .L195+132
 1089 0f58 0030D5E5 		ldrb	r3, [r5, #0]	@ zero_extendqisi2
 1090 0f5c 8600D4E7 		ldrb	r0, [r4, r6, asl #1]	@ zero_extendqisi2
 1091 0f60 033080E0 		add	r3, r0, r3
 1092 0f64 0030C5E5 		strb	r3, [r5, #0]
 1093 0f68 014084E2 		add	r4, r4, #1
 1094 0f6c FEFFFFEB 		bl	uart0_transmit
 1095 0f70 8630D4E7 		ldrb	r3, [r4, r6, asl #1]	@ zero_extendqisi2
 1096 0f74 0020D5E5 		ldrb	r2, [r5, #0]	@ zero_extendqisi2
 1097 0f78 0300A0E1 		mov	r0, r3
 1098 0f7c 023083E0 		add	r3, r3, r2
 1099 0f80 0030C5E5 		strb	r3, [r5, #0]
 1100 0f84 FEFFFFEB 		bl	uart0_transmit
 1101 0f88 013086E2 		add	r3, r6, #1
 1102 0f8c FF6003E2 		and	r6, r3, #255
 1103 0f90 030056E3 		cmp	r6, #3
 1104 0f94 D303009A 		bls	.L166
 1105 0f98 FF00A0E3 		mov	r0, #255
 1106 0f9c FEFFFFEB 		bl	uart0_transmit
 1107              	.L168:
 1108 0fa0 0030DAE5 		ldrb	r3, [sl, #0]	@ zero_extendqisi2
 1109 0fa4 000053E3 		cmp	r3, #0
 1110 0fa8 F603001A 		bne	.L169
 1111 0fac 48339FE5 		ldr	r3, .L195+156
 1112 0fb0 4310D3E5 		ldrb	r1, [r3, #67]	@ zero_extendqisi2
 1113 0fb4 B000D3E1 		ldrh	r0, [r3, #0]
 1114 0fb8 FEFFFFEB 		bl	__divsi3
 1115 0fbc 000180E0 		add	r0, r0, r0, asl #2
 1116 0fc0 8000A0E1 		mov	r0, r0, asl #1
 1117 0fc4 FEFFFFEB 		bl	__floatsidf
 1118 0fc8 292E8FE2 		adr	r2, .L195
 1119 0fcc 0C0092E8 		ldmia	r2, {r2-r3}
 1120 0fd0 FEFFFFEB 		bl	__muldf3
 1121 0fd4 FEFFFFEB 		bl	__fixunsdfsi
 1122 0fd8 FC329FE5 		ldr	r3, .L195+124
 1123 0fdc 0000C3E5 		strb	r0, [r3, #0]
 1124              	.L169:
 1125 0fe0 E0729FE5 		ldr	r7, .L195+104
 1126 0fe4 F000D7E1 		ldrsh	r0, [r7, #0]
 1127 0fe8 FEFFFFEB 		bl	__floatsisf
 1128 0fec 0040A0E1 		mov	r4, r0
 1129 0ff0 FEFFFFEB 		bl	__extendsfdf2
 1130 0ff4 0160A0E1 		mov	r6, r1
 1131 0ff8 0050A0E1 		mov	r5, r0
 1132 0ffc 0400A0E1 		mov	r0, r4
 1133 1000 0010A0E3 		mov	r1, #0
 1134 1004 FEFFFFEB 		bl	__gtsf2
 1135 1008 000050E3 		cmp	r0, #0
 1136 100c 952F8FC2 		adrgt	r2, .L195+8
 1137 1010 0C0092C8 		ldmgtia	r2, {r2-r3}
 1138 1014 0610A0C1 		movgt	r1, r6
 1139 1018 0500A0C1 		movgt	r0, r5
 1140              	.L170:
 1141 101c 932F8FD2 		adrle	r2, .L195+16
 1142 1020 0C0092D8 		ldmleia	r2, {r2-r3}
 1143 1024 0610A0D1 		movle	r1, r6
 1144 1028 0500A0D1 		movle	r0, r5
 1145              	.L194:
 1146 102c FEFFFFEB 		bl	__muldf3
 1147 1030 FEFFFFEB 		bl	__truncdfsf2
 1148 1034 FEFFFFEB 		bl	__fixsfsi
 1149 1038 FA0F80E2 		add	r0, r0, #1000
 1150 103c 0008A0E1 		mov	r0, r0, asl #16
 1151 1040 2008A0E1 		mov	r0, r0, lsr #16
 1152 1044 FA0F50E3 		cmp	r0, #1000
 1153 1048 94629FE5 		ldr	r6, .L195+132
 1154 104c FA3FA033 		movcc	r3, #1000	@ movhi
 1155 1050 1604003A 		bcc	.L174
 1156 1054 7D0E50E3 		cmp	r0, #2000
 1157 1058 0030A031 		movcc	r3, r0
 1158 105c 7D3EA023 		movcs	r3, #2000
 1159              	.L174:
 1160 1060 B630C6E1 		strh	r3, [r6, #6]	@ movhi 
 1161 1064 B600D6E1 		ldrh	r0, [r6, #6]
 1162 1068 FEFFFFEB 		bl	__floatsidf
 1163 106c 812F8FE2 		adr	r2, .L195+24
 1164 1070 0C0092E8 		ldmia	r2, {r2-r3}
 1165 1074 FEFFFFEB 		bl	__muldf3
 1166 1078 022C8FE2 		adr	r2, .L195+32
 1167 107c 0C0092E8 		ldmia	r2, {r2-r3}
 1168 1080 FEFFFFEB 		bl	__muldf3
 1169 1084 7F2F8FE2 		adr	r2, .L195+40
 1170 1088 0C0092E8 		ldmia	r2, {r2-r3}
 1171 108c FEFFFFEB 		bl	__adddf3
 1172 1090 FEFFFFEB 		bl	__fixunsdfsi
 1173 1094 64829FE5 		ldr	r8, .L195+160
 1174 1098 F430D7E1 		ldrsh	r3, [r7, #4]
 1175 109c B600C8E1 		strh	r0, [r8, #6]	@ movhi 
 1176 10a0 000063E2 		rsb	r0, r3, #0
 1177 10a4 FEFFFFEB 		bl	__floatsidf
 1178 10a8 0150A0E1 		mov	r5, r1
 1179 10ac 0040A0E1 		mov	r4, r0
 1180 10b0 F000D7E1 		ldrsh	r0, [r7, #0]
 1181 10b4 FEFFFFEB 		bl	__floatsidf
 1182 10b8 1D2E8FE2 		adr	r2, .L195+48
 1183 10bc 0C0092E8 		ldmia	r2, {r2-r3}
 1184 10c0 FEFFFFEB 		bl	__muldf3
 1185 10c4 0130A0E1 		mov	r3, r1
 1186 10c8 0020A0E1 		mov	r2, r0
 1187 10cc 0510A0E1 		mov	r1, r5
 1188 10d0 0400A0E1 		mov	r0, r4
 1189 10d4 FEFFFFEB 		bl	__adddf3
 1190 10d8 0150A0E1 		mov	r5, r1
 1191 10dc 0040A0E1 		mov	r4, r0
 1192 10e0 F200D7E1 		ldrsh	r0, [r7, #2]
 1193 10e4 FEFFFFEB 		bl	__floatsidf
 1194 10e8 0130A0E1 		mov	r3, r1
 1195 10ec 0020A0E1 		mov	r2, r0
 1196 10f0 0510A0E1 		mov	r1, r5
 1197 10f4 0400A0E1 		mov	r0, r4
 1198 10f8 FEFFFFEB 		bl	__subdf3
 1199 10fc FEFFFFEB 		bl	__truncdfsf2
 1200 1100 FEFFFFEB 		bl	__extendsfdf2
 1201 1104 632F8FE2 		adr	r2, .L195+56
 1202 1108 0C0092E8 		ldmia	r2, {r2-r3}
 1203 110c FEFFFFEB 		bl	__muldf3
 1204 1110 FEFFFFEB 		bl	__truncdfsf2
 1205 1114 FEFFFFEB 		bl	__fixsfsi
 1206 1118 5D0E80E2 		add	r0, r0, #1488
 1207 111c 0C0080E2 		add	r0, r0, #12
 1208 1120 0008A0E1 		mov	r0, r0, asl #16
 1209 1124 2008A0E1 		mov	r0, r0, lsr #16
 1210 1128 FA0F50E3 		cmp	r0, #1000
 1211 112c FA2FA033 		movcc	r2, #1000	@ movhi
 1212 1130 4E04003A 		bcc	.L176
 1213 1134 7D0E50E3 		cmp	r0, #2000
 1214 1138 0020A031 		movcc	r2, r0
 1215 113c 7D2EA023 		movcs	r2, #2000
 1216              	.L176:
 1217 1140 9C319FE5 		ldr	r3, .L195+132
 1218 1144 B020C3E1 		strh	r2, [r3, #0]	@ movhi 
 1219 1148 B000D6E1 		ldrh	r0, [r6, #0]
 1220 114c FEFFFFEB 		bl	__floatsidf
 1221 1150 122E8FE2 		adr	r2, .L195+24
 1222 1154 0C0092E8 		ldmia	r2, {r2-r3}
 1223 1158 FEFFFFEB 		bl	__muldf3
 1224 115c 472F8FE2 		adr	r2, .L195+32
 1225 1160 0C0092E8 		ldmia	r2, {r2-r3}
 1226 1164 FEFFFFEB 		bl	__muldf3
 1227 1168 462F8FE2 		adr	r2, .L195+40
 1228 116c 0C0092E8 		ldmia	r2, {r2-r3}
 1229 1170 FEFFFFEB 		bl	__adddf3
 1230 1174 FEFFFFEB 		bl	__fixunsdfsi
 1231 1178 B000C8E1 		strh	r0, [r8, #0]	@ movhi 
 1232 117c F400D7E1 		ldrsh	r0, [r7, #4]
 1233 1180 FEFFFFEB 		bl	__floatsidf
 1234 1184 0150A0E1 		mov	r5, r1
 1235 1188 0040A0E1 		mov	r4, r0
 1236 118c F000D7E1 		ldrsh	r0, [r7, #0]
 1237 1190 FEFFFFEB 		bl	__floatsidf
 1238 1194 F4208FE2 		adr	r2, .L195+48
 1239 1198 0C0092E8 		ldmia	r2, {r2-r3}
 1240 119c FEFFFFEB 		bl	__muldf3
 1241 11a0 0130A0E1 		mov	r3, r1
 1242 11a4 0020A0E1 		mov	r2, r0
 1243 11a8 0510A0E1 		mov	r1, r5
 1244 11ac 0400A0E1 		mov	r0, r4
 1245 11b0 FEFFFFEB 		bl	__subdf3
 1246 11b4 0150A0E1 		mov	r5, r1
 1247 11b8 0040A0E1 		mov	r4, r0
 1248 11bc F200D7E1 		ldrsh	r0, [r7, #2]
 1249 11c0 FEFFFFEB 		bl	__floatsidf
 1250 11c4 0130A0E1 		mov	r3, r1
 1251 11c8 0020A0E1 		mov	r2, r0
 1252 11cc 0510A0E1 		mov	r1, r5
 1253 11d0 0400A0E1 		mov	r0, r4
 1254 11d4 FEFFFFEB 		bl	__subdf3
 1255 11d8 FEFFFFEB 		bl	__truncdfsf2
 1256 11dc FEFFFFEB 		bl	__extendsfdf2
 1257 11e0 B0208FE2 		adr	r2, .L195+56
 1258 11e4 0C0092E8 		ldmia	r2, {r2-r3}
 1259 11e8 FEFFFFEB 		bl	__muldf3
 1260 11ec FEFFFFEB 		bl	__truncdfsf2
 1261 11f0 FEFFFFEB 		bl	__fixsfsi
 1262 11f4 5D0E80E2 		add	r0, r0, #1488
 1263 11f8 0C0080E2 		add	r0, r0, #12
 1264 11fc 0008A0E1 		mov	r0, r0, asl #16
 1265 1200 2008A0E1 		mov	r0, r0, lsr #16
 1266 1204 FA0F50E3 		cmp	r0, #1000
 1267 1208 FA2FA033 		movcc	r2, #1000	@ movhi
 1268 120c 8504003A 		bcc	.L178
 1269 1210 7D0E50E3 		cmp	r0, #2000
 1270 1214 0020A031 		movcc	r2, r0
 1271 1218 7D2EA023 		movcs	r2, #2000
 1272              	.L178:
 1273 121c C0309FE5 		ldr	r3, .L195+132
 1274 1220 B220C3E1 		strh	r2, [r3, #2]	@ movhi 
 1275 1224 B200D6E1 		ldrh	r0, [r6, #2]
 1276 1228 FEFFFFEB 		bl	__floatsidf
 1277 122c 44208FE2 		adr	r2, .L195+24
 1278 1230 0C0092E8 		ldmia	r2, {r2-r3}
 1279 1234 FEFFFFEB 		bl	__muldf3
 1280 1238 40208FE2 		adr	r2, .L195+32
 1281 123c 0C0092E8 		ldmia	r2, {r2-r3}
 1282 1240 FEFFFFEB 		bl	__muldf3
 1283 1244 3C208FE2 		adr	r2, .L195+40
 1284 1248 0C0092E8 		ldmia	r2, {r2-r3}
 1285 124c FEFFFFEB 		bl	__adddf3
 1286 1250 FEFFFFEB 		bl	__fixunsdfsi
 1287 1254 B200C8E1 		strh	r0, [r8, #2]	@ movhi 
 1288 1258 F06D9DE8 		ldmfd	sp, {r4, r5, r6, r7, r8, sl, fp, sp, lr}
 1289 125c 1EFF2FE1 		bx	lr
 1290              	.L196:
 1291              		.align	2
 1292              	.L195:
 1293 1260 CC4C923F 		.word	1066552524
 1294 1264 CDCCCCCC 		.word	-858993459
 1295 1268 AAAABA3F 		.word	1069197994
 1296 126c 7E08ABAA 		.word	-1431631746
 1297 1270 00000000 		.word	0
 1298 1274 00000000 		.word	0
 1299 1278 F7C6B03E 		.word	1051772663
 1300 127c 8DEDB5A0 		.word	-1598689907
 1301 1280 389C6C41 		.word	1097636920
 1302 1284 00000000 		.word	0
 1303 1288 0000E03F 		.word	1071644672
 1304 128c 00000000 		.word	0
 1305 1290 CCCCDC3F 		.word	1071434956
 1306 1294 CDCCCCCC 		.word	-858993459
 1307 1298 AAAAAA3F 		.word	1068149418
 1308 129c E797AAAA 		.word	-1431660569
 1309 12a0 01000000 		.word	_10Hz.0
 1310 12a4 02000000 		.word	_1Hz.1
 1311 12a8 00000000 		.word	ppm_cpt
 1312 12ac 00000000 		.word	last_ppm_cpt
 1313 12b0 00000000 		.word	time_since_last_ppm
 1314 12b4 00000000 		.word	rc_status
 1315 12b8 00000000 		.word	fbw_mode
 1316 12bc 00000000 		.word	time_since_last_ap
 1317 12c0 00000000 		.word	ap_ok
 1318 12c4 00000000 		.word	commands_failsafe
 1319 12c8 00000000 		.word	commands
 1320 12cc 00000000 		.word	telemetry_mode_Fbw
 1321 12d0 03000000 		.word	i60.2
 1322 12d4 04000000 		.word	i300.3
 1323 12d8 00000000 		.word	aerocomm_cs
 1324 12dc 00000000 		.word	fbw_vsupply_decivolt
 1325 12e0 00000000 		.word	downlink_nb_ovrn
 1326 12e4 00000000 		.word	actuators
 1327 12e8 06000000 		.word	i30.4
 1328 12ec 07000000 		.word	i60.5
 1329 12f0 08000000 		.word	i300.6
 1330 12f4 00000000 		.word	ppm_pulses
 1331 12f8 00000000 		.word	rc_values
 1332 12fc 00000000 		.word	vsupply_adc_buf
 1333 1300 00000000 		.word	servos_values
 1335              		.comm	fbw_mode,1,1
 1336              		.comm	fbw_vsupply_decivolt,1,1
 1337              		.comm	vsupply_adc_buf,68,4
 1338              		.bss
 1339 000a 0000     		.align	2
 1340              	last_periodic_event:
 1341 000c 00000000 		.space	4
 1342              		.ident	"GCC: (GNU) 3.4.4"
DEFINED SYMBOLS
                            *ABS*:00000000 main_fbw.c
     /tmp/cc3rYptS.s:6      .text:00000000 init_fbw
     /tmp/cc3rYptS.s:10     .text:00000000 $a
     /tmp/cc3rYptS.s:117    .text:00000198 $d
                            *COM*:00000044 vsupply_adc_buf
     /tmp/cc3rYptS.s:133    .bss:00000000 avg_cpt.7
     /tmp/cc3rYptS.s:142    .text:000001d0 event_task_fbw
     /tmp/cc3rYptS.s:146    .text:000001d0 $a
     /tmp/cc3rYptS.s:513    .text:0000073c $d
                            *COM*:00000001 fbw_mode
                            *COM*:00000001 fbw_vsupply_decivolt
     /tmp/cc3rYptS.s:550    .bss:00000001 _10Hz.0
     /tmp/cc3rYptS.s:552    .bss:00000002 _1Hz.1
     /tmp/cc3rYptS.s:554    .bss:00000003 i60.2
     /tmp/cc3rYptS.s:557    .bss:00000004 i300.3
     /tmp/cc3rYptS.s:559    .bss:00000006 i30.4
     /tmp/cc3rYptS.s:561    .bss:00000007 i60.5
     /tmp/cc3rYptS.s:564    .bss:00000008 i300.6
     /tmp/cc3rYptS.s:579    .text:000007c8 periodic_task_fbw
     /tmp/cc3rYptS.s:583    .text:000007c8 $a
     /tmp/cc3rYptS.s:1293   .text:00001260 $d
     /tmp/cc3rYptS.s:1340   .bss:0000000c last_periodic_event

UNDEFINED SYMBOLS
uart0_init_tx
uart1_init_tx
adc_init
adc_buf_channel
actuators_init
reset
TIMER0_ISR
cpu_time_sec
cpu_time_ticks
commands_failsafe
commands
fbw_state
ppm_valid
__floatsisf
__mulsf3
__fixsfsi
ppm_cpt
ppm_pulses
rc_status
time_since_last_ppm
rc_values
avg_rc_values
rc_values_contains_avg_channels
inter_mcu_received_ap
inter_mcu_received_fbw
time_since_last_ap
ap_ok
ap_state
last_ppm_cpt
__divsi3
__floatsidf
__muldf3
__fixunsdfsi
__extendsfdf2
__gtsf2
__truncdfsf2
__adddf3
__subdf3
uart0_check_free_space
uart0_transmit
telemetry_mode_Fbw
aerocomm_cs
downlink_nb_ovrn
actuators
servos_values
